<?xml version="1.0" encoding="UTF-8"?>
<testsuites name="dev_staging ready" time="118" tests="2" failures="1" errors="0">
   <testsuite name="dev_staging ready" tests="2" failures="1" errors="0" time="118" timestamp="2018-12-13 13:48:24" hostname="alonzomack - 192.168.1.7" id="Test Suites/dev_staging ready">
      <properties>
         <property name="deviceName" value=""/>
         <property name="devicePlatform" value=""/>
         <property name="logFolder" value="/Users/alonzomack/Katalon Studio/Regression/Reports/dev_staging ready/20181213_134821"/>
         <property name="logFiles" value="/Users/alonzomack/Katalon Studio/Regression/Reports/dev_staging ready/20181213_134821/execution0.log"/>
         <property name="attachments" value="/Users/alonzomack/Katalon Studio/Regression/Reports/dev_staging ready/20181213_134821/1544730570055.png"/>
         <property name="hostName" value="alonzomack - 192.168.1.7"/>
         <property name="os" value="Mac OS X 64bit"/>
         <property name="katalonVersion" value="5.9.1.2"/>
         <property name="browser" value="Chrome 70.0.3538.110"/>
         <property name="hostAddress" value="192.168.1.7"/>
         <property name="sessionId" value="dd6fe4ca7035958f7b005e51d0f4bfb9"/>
         <property name="seleniumVersion" value="3.7.1"/>
         <property name="proxyInformation" value="ProxyInformation{proxyOption=NO_PROXY, proxyServerType=HTTP, password=, proxyServerAddress=, proxyServerPort=0}"/>
         <property name="platform" value="Mac OS X"/>
      </properties>
      <testcase name="Test Cases/Admin Console/Account Settings/Languages/Languages - Import" classname="Test Cases/Admin Console/Account Settings/Languages/Languages - Import" status="PASSED">
         <system-out><![CDATA[2018-12-13 13:48:24 - [TEST_CASE][PASSED] - Test Cases/Admin Console/Account Settings/Languages/Languages - Import: Test Cases/Admin Console/Account Settings/Languages/Languages - Import

2018-12-13 13:48:24 - [TEST_STEP][PASSED] - openBrowser(""): Browser is opened with url: ''

2018-12-13 13:48:25 - [MESSAGE][INFO] - Starting 'Chrome' driver

2018-12-13 13:48:25 - [MESSAGE][INFO] - Action delay is set to 0 seconds

2018-12-13 13:48:27 - [MESSAGE][PASSED] - Browser is opened with url: ''

2018-12-13 13:48:27 - [TEST_STEP][PASSED] - navigateToUrl(URL): Navigate to 'https://epulsebeta2.com' successfully

2018-12-13 13:48:29 - [MESSAGE][PASSED] - Navigate to 'https://epulsebeta2.com' successfully

2018-12-13 13:48:29 - [TEST_STEP][PASSED] - setText(findTestObject("Login/Email Address"), User_email): Text 'alonzo.mack@knowink.com' is set on object 'Object Repository/Login/Email Address'

2018-12-13 13:48:30 - [MESSAGE][PASSED] - Text 'alonzo.mack@knowink.com' is set on object 'Object Repository/Login/Email Address'

2018-12-13 13:48:30 - [TEST_STEP][PASSED] - setEncryptedText(findTestObject("Login/Password"), Pswrd): Text ****** has been set on object 'Object Repository/Login/Password'

2018-12-13 13:48:30 - [MESSAGE][PASSED] - Text ****** has been set on object 'Object Repository/Login/Password'

2018-12-13 13:48:30 - [TEST_STEP][PASSED] - click(findTestObject("Login/Sign In")): Object: 'Object Repository/Login/Sign In' is clicked on

2018-12-13 13:48:36 - [MESSAGE][PASSED] - Object: 'Object Repository/Login/Sign In' is clicked on

2018-12-13 13:48:36 - [TEST_STEP][PASSED] - delay(1): Delayed 1 second(s)

2018-12-13 13:48:37 - [MESSAGE][PASSED] - Delayed 1 second(s)

2018-12-13 13:48:37 - [TEST_STEP][PASSED] - navigateToUrl(languages_import, STOP_ON_FAILURE): Navigate to 'https://am-automation-test.epulsebeta2.com/imports/languages' successfully

2018-12-13 13:48:41 - [MESSAGE][PASSED] - Navigate to 'https://am-automation-test.epulsebeta2.com/imports/languages' successfully

2018-12-13 13:48:41 - [TEST_STEP][PASSED] - delay(1): Delayed 1 second(s)

2018-12-13 13:48:42 - [MESSAGE][PASSED] - Delayed 1 second(s)

2018-12-13 13:48:42 - [TEST_STEP][PASSED] - setText(findTestObject("Admin Console ePulse Menu/Account Settings/Prompts/Import Prompts Buttons/Choose File"), "/Users/alonzomack/Downloads/Automation uploads/languages.csv"): Text '/Users/alonzomack/Downloads/Automation uploads/languages.csv' is set on object 'Object Repository/Admin Console ePulse Menu/Account Settings/Prompts/Import Prompts Buttons/Choose File'

2018-12-13 13:48:42 - [MESSAGE][PASSED] - Text '/Users/alonzomack/Downloads/Automation uploads/languages.csv' is set on object 'Object Repository/Admin Console ePulse Menu/Account Settings/Prompts/Import Prompts Buttons/Choose File'

2018-12-13 13:48:42 - [TEST_STEP][PASSED] - click(findTestObject("Admin Console ePulse Menu/Account Settings/Prompts/Import Prompts Buttons/Continue Button")): Object: 'Object Repository/Admin Console ePulse Menu/Account Settings/Prompts/Import Prompts Buttons/Continue Button' is clicked on

2018-12-13 13:48:48 - [MESSAGE][PASSED] - Object: 'Object Repository/Admin Console ePulse Menu/Account Settings/Prompts/Import Prompts Buttons/Continue Button' is clicked on

2018-12-13 13:48:48 - [TEST_STEP][PASSED] - delay(1): Delayed 1 second(s)

2018-12-13 13:48:49 - [MESSAGE][PASSED] - Delayed 1 second(s)

2018-12-13 13:48:49 - [TEST_STEP][PASSED] - click(findTestObject("Admin Console ePulse Menu/Account Settings/Prompts/Import Prompts Buttons/button_Done(working)")): Object: 'Object Repository/Admin Console ePulse Menu/Account Settings/Prompts/Import Prompts Buttons/button_Done(working)' is clicked on

2018-12-13 13:49:02 - [MESSAGE][PASSED] - Object: 'Object Repository/Admin Console ePulse Menu/Account Settings/Prompts/Import Prompts Buttons/button_Done(working)' is clicked on

2018-12-13 13:49:02 - [TEST_STEP][PASSED] - delay(1): Delayed 1 second(s)

2018-12-13 13:49:03 - [MESSAGE][PASSED] - Delayed 1 second(s)

2018-12-13 13:49:03 - [TEST_STEP][PASSED] - closeBrowser(): Browser is closed

2018-12-13 13:49:03 - [MESSAGE][PASSED] - Browser is closed]]></system-out>
         <system-err><![CDATA[]]></system-err>
      </testcase>
      <testcase name="Test Cases/Admin Console/Account Settings/Poll Pad Setup()/Poll Pad Setup - Demo DB" classname="Test Cases/Admin Console/Account Settings/Poll Pad Setup()/Poll Pad Setup - Demo DB" status="FAILED">
         <failure type="FAILED" message="Test Cases/Admin Console/Account Settings/Poll Pad Setup()/Poll Pad Setup - Demo DB FAILED.
Reason:
com.kms.katalon.core.exception.StepFailedException: Unable to click on object 'Object Repository/Admin Console ePulse Menu/Account Settings/Poll Pad Setup/Demo Db' (Root cause: com.kms.katalon.core.webui.exception.WebElementNotFoundException: Web element with id: 'Object Repository/Admin Console ePulse Menu/Account Settings/Poll Pad Setup/Demo Db' located by 'By.xpath: //a[@data-anchor=&quot;#demo_db&quot;]' not found)
	at com.kms.katalon.core.keyword.internal.KeywordMain.stepFailed(KeywordMain.groovy:36)
	at com.kms.katalon.core.webui.keyword.internal.WebUIKeywordMain.stepFailed(WebUIKeywordMain.groovy:65)
	at com.kms.katalon.core.webui.keyword.internal.WebUIKeywordMain.runKeyword(WebUIKeywordMain.groovy:27)
	at com.kms.katalon.core.webui.keyword.builtin.ClickKeyword.click(ClickKeyword.groovy:86)
	at com.kms.katalon.core.webui.keyword.builtin.ClickKeyword.execute(ClickKeyword.groovy:67)
	at com.kms.katalon.core.keyword.internal.KeywordExecutor.executeKeywordForPlatform(KeywordExecutor.groovy:53)
	at com.kms.katalon.core.webui.keyword.WebUiBuiltInKeywords.click(WebUiBuiltInKeywords.groovy:616)
	at com.kms.katalon.core.webui.keyword.WebUiBuiltInKeywords$click$3.call(Unknown Source)
	at Poll Pad Setup - Demo DB.run(Poll Pad Setup - Demo DB:35)
	at com.kms.katalon.core.main.ScriptEngine.run(ScriptEngine.java:194)
	at com.kms.katalon.core.main.ScriptEngine.runScriptAsRawText(ScriptEngine.java:119)
	at com.kms.katalon.core.main.TestCaseExecutor.runScript(TestCaseExecutor.java:321)
	at com.kms.katalon.core.main.TestCaseExecutor.doExecute(TestCaseExecutor.java:312)
	at com.kms.katalon.core.main.TestCaseExecutor.processExecutionPhase(TestCaseExecutor.java:291)
	at com.kms.katalon.core.main.TestCaseExecutor.accessMainPhase(TestCaseExecutor.java:283)
	at com.kms.katalon.core.main.TestCaseExecutor.execute(TestCaseExecutor.java:222)
	at com.kms.katalon.core.main.TestSuiteExecutor.accessTestCaseMainPhase(TestSuiteExecutor.java:129)
	at com.kms.katalon.core.main.TestSuiteExecutor.accessTestSuiteMainPhase(TestSuiteExecutor.java:112)
	at com.kms.katalon.core.main.TestSuiteExecutor.execute(TestSuiteExecutor.java:81)
	at com.kms.katalon.core.main.TestCaseMain.startTestSuite(TestCaseMain.java:149)
	at com.kms.katalon.core.main.TestCaseMain$startTestSuite$0.call(Unknown Source)
	at TempTestSuite1544730502005.run(TempTestSuite1544730502005.groovy:36)
"/>
         <system-out><![CDATA[2018-12-13 13:49:03 - [TEST_CASE][FAILED] - Test Cases/Admin Console/Account Settings/Poll Pad Setup()/Poll Pad Setup - Demo DB: Test Cases/Admin Console/Account Settings/Poll Pad Setup()/Poll Pad Setup - Demo DB FAILED.
Reason:
com.kms.katalon.core.exception.StepFailedException: Unable to click on object 'Object Repository/Admin Console ePulse Menu/Account Settings/Poll Pad Setup/Demo Db' (Root cause: com.kms.katalon.core.webui.exception.WebElementNotFoundException: Web element with id: 'Object Repository/Admin Console ePulse Menu/Account Settings/Poll Pad Setup/Demo Db' located by 'By.xpath: //a[@data-anchor="#demo_db"]' not found)
	at com.kms.katalon.core.keyword.internal.KeywordMain.stepFailed(KeywordMain.groovy:36)
	at com.kms.katalon.core.webui.keyword.internal.WebUIKeywordMain.stepFailed(WebUIKeywordMain.groovy:65)
	at com.kms.katalon.core.webui.keyword.internal.WebUIKeywordMain.runKeyword(WebUIKeywordMain.groovy:27)
	at com.kms.katalon.core.webui.keyword.builtin.ClickKeyword.click(ClickKeyword.groovy:86)
	at com.kms.katalon.core.webui.keyword.builtin.ClickKeyword.execute(ClickKeyword.groovy:67)
	at com.kms.katalon.core.keyword.internal.KeywordExecutor.executeKeywordForPlatform(KeywordExecutor.groovy:53)
	at com.kms.katalon.core.webui.keyword.WebUiBuiltInKeywords.click(WebUiBuiltInKeywords.groovy:616)
	at com.kms.katalon.core.webui.keyword.WebUiBuiltInKeywords$click$3.call(Unknown Source)
	at Poll Pad Setup - Demo DB.run(Poll Pad Setup - Demo DB:35)
	at com.kms.katalon.core.main.ScriptEngine.run(ScriptEngine.java:194)
	at com.kms.katalon.core.main.ScriptEngine.runScriptAsRawText(ScriptEngine.java:119)
	at com.kms.katalon.core.main.TestCaseExecutor.runScript(TestCaseExecutor.java:321)
	at com.kms.katalon.core.main.TestCaseExecutor.doExecute(TestCaseExecutor.java:312)
	at com.kms.katalon.core.main.TestCaseExecutor.processExecutionPhase(TestCaseExecutor.java:291)
	at com.kms.katalon.core.main.TestCaseExecutor.accessMainPhase(TestCaseExecutor.java:283)
	at com.kms.katalon.core.main.TestCaseExecutor.execute(TestCaseExecutor.java:222)
	at com.kms.katalon.core.main.TestSuiteExecutor.accessTestCaseMainPhase(TestSuiteExecutor.java:129)
	at com.kms.katalon.core.main.TestSuiteExecutor.accessTestSuiteMainPhase(TestSuiteExecutor.java:112)
	at com.kms.katalon.core.main.TestSuiteExecutor.execute(TestSuiteExecutor.java:81)
	at com.kms.katalon.core.main.TestCaseMain.startTestSuite(TestCaseMain.java:149)
	at com.kms.katalon.core.main.TestCaseMain$startTestSuite$0.call(Unknown Source)
	at TempTestSuite1544730502005.run(TempTestSuite1544730502005.groovy:36)


2018-12-13 13:49:03 - [TEST_STEP][PASSED] - openBrowser(""): Browser is opened with url: ''

2018-12-13 13:49:03 - [MESSAGE][INFO] - Starting 'Chrome' driver

2018-12-13 13:49:04 - [MESSAGE][PASSED] - Browser is opened with url: ''

2018-12-13 13:49:04 - [TEST_STEP][PASSED] - navigateToUrl(Demo_DB): Navigate to 'https://am-automation-test.beta2.com/account_settings/poll_pad' successfully

2018-12-13 13:49:04 - [MESSAGE][PASSED] - Navigate to 'https://am-automation-test.beta2.com/account_settings/poll_pad' successfully

2018-12-13 13:49:04 - [TEST_STEP][PASSED] - navigateToUrl(URL): Navigate to 'https://epulsebeta2.com' successfully

2018-12-13 13:49:07 - [MESSAGE][PASSED] - Navigate to 'https://epulsebeta2.com' successfully

2018-12-13 13:49:07 - [TEST_STEP][PASSED] - setText(findTestObject("Login/Email Address"), User_email): Text 'alonzo.mack@knowink.com' is set on object 'Object Repository/Login/Email Address'

2018-12-13 13:49:07 - [MESSAGE][PASSED] - Text 'alonzo.mack@knowink.com' is set on object 'Object Repository/Login/Email Address'

2018-12-13 13:49:07 - [TEST_STEP][PASSED] - setEncryptedText(findTestObject("Login/Password"), Pswrd): Text ****** has been set on object 'Object Repository/Login/Password'

2018-12-13 13:49:07 - [MESSAGE][PASSED] - Text ****** has been set on object 'Object Repository/Login/Password'

2018-12-13 13:49:07 - [TEST_STEP][PASSED] - click(findTestObject("Login/Sign In")): Object: 'Object Repository/Login/Sign In' is clicked on

2018-12-13 13:49:13 - [MESSAGE][PASSED] - Object: 'Object Repository/Login/Sign In' is clicked on

2018-12-13 13:49:13 - [TEST_STEP][PASSED] - delay(1): Delayed 1 second(s)

2018-12-13 13:49:14 - [MESSAGE][PASSED] - Delayed 1 second(s)

2018-12-13 13:49:14 - [TEST_STEP][FAILED] - click(findTestObject("Admin Console ePulse Menu/Account Settings/Poll Pad Setup/Demo Db")): click(findTestObject("Admin Console ePulse Menu/Account Settings/Poll Pad Setup/Demo Db")) FAILED.
Reason:
com.kms.katalon.core.exception.StepFailedException: Unable to click on object 'Object Repository/Admin Console ePulse Menu/Account Settings/Poll Pad Setup/Demo Db' (Root cause: com.kms.katalon.core.webui.exception.WebElementNotFoundException: Web element with id: 'Object Repository/Admin Console ePulse Menu/Account Settings/Poll Pad Setup/Demo Db' located by 'By.xpath: //a[@data-anchor="#demo_db"]' not found)
	at com.kms.katalon.core.keyword.internal.KeywordMain.stepFailed(KeywordMain.groovy:36)
	at com.kms.katalon.core.webui.keyword.internal.WebUIKeywordMain.stepFailed(WebUIKeywordMain.groovy:65)
	at com.kms.katalon.core.webui.keyword.internal.WebUIKeywordMain.runKeyword(WebUIKeywordMain.groovy:27)
	at com.kms.katalon.core.webui.keyword.builtin.ClickKeyword.click(ClickKeyword.groovy:86)
	at com.kms.katalon.core.webui.keyword.builtin.ClickKeyword.execute(ClickKeyword.groovy:67)
	at com.kms.katalon.core.keyword.internal.KeywordExecutor.executeKeywordForPlatform(KeywordExecutor.groovy:53)
	at com.kms.katalon.core.webui.keyword.WebUiBuiltInKeywords.click(WebUiBuiltInKeywords.groovy:616)
	at com.kms.katalon.core.webui.keyword.WebUiBuiltInKeywords$click$3.call(Unknown Source)
	at Poll Pad Setup - Demo DB.run(Poll Pad Setup - Demo DB:35)
	at com.kms.katalon.core.main.ScriptEngine.run(ScriptEngine.java:194)
	at com.kms.katalon.core.main.ScriptEngine.runScriptAsRawText(ScriptEngine.java:119)
	at com.kms.katalon.core.main.TestCaseExecutor.runScript(TestCaseExecutor.java:321)
	at com.kms.katalon.core.main.TestCaseExecutor.doExecute(TestCaseExecutor.java:312)
	at com.kms.katalon.core.main.TestCaseExecutor.processExecutionPhase(TestCaseExecutor.java:291)
	at com.kms.katalon.core.main.TestCaseExecutor.accessMainPhase(TestCaseExecutor.java:283)
	at com.kms.katalon.core.main.TestCaseExecutor.execute(TestCaseExecutor.java:222)
	at com.kms.katalon.core.main.TestSuiteExecutor.accessTestCaseMainPhase(TestSuiteExecutor.java:129)
	at com.kms.katalon.core.main.TestSuiteExecutor.accessTestSuiteMainPhase(TestSuiteExecutor.java:112)
	at com.kms.katalon.core.main.TestSuiteExecutor.execute(TestSuiteExecutor.java:81)
	at com.kms.katalon.core.main.TestCaseMain.startTestSuite(TestCaseMain.java:149)
	at com.kms.katalon.core.main.TestCaseMain$startTestSuite$0.call(Unknown Source)
	at TempTestSuite1544730502005.run(TempTestSuite1544730502005.groovy:36)


2018-12-13 13:49:30 - [MESSAGE][INFO] - Unable to find the element located by 'By.xpath: //a[@data-anchor="#demo_db"]'. Please recheck the objects properties to make sure the desired element is located. 

2018-12-13 13:49:30 - [MESSAGE][FAILED] - Unable to click on object 'Object Repository/Admin Console ePulse Menu/Account Settings/Poll Pad Setup/Demo Db' (Root cause: com.kms.katalon.core.webui.exception.WebElementNotFoundException: Web element with id: 'Object Repository/Admin Console ePulse Menu/Account Settings/Poll Pad Setup/Demo Db' located by 'By.xpath: //a[@data-anchor="#demo_db"]' not found)
[[ATTACHMENT|/Users/alonzomack/Katalon Studio/Regression/Reports/dev_staging ready/20181213_134821/1544730570055.png]]

2018-12-13 13:49:30 - [MESSAGE][FAILED] - click(findTestObject("Admin Console ePulse Menu/Account Settings/Poll Pad Setup/Demo Db")) FAILED.
Reason:
com.kms.katalon.core.exception.StepFailedException: Unable to click on object 'Object Repository/Admin Console ePulse Menu/Account Settings/Poll Pad Setup/Demo Db' (Root cause: com.kms.katalon.core.webui.exception.WebElementNotFoundException: Web element with id: 'Object Repository/Admin Console ePulse Menu/Account Settings/Poll Pad Setup/Demo Db' located by 'By.xpath: //a[@data-anchor="#demo_db"]' not found)
	at com.kms.katalon.core.keyword.internal.KeywordMain.stepFailed(KeywordMain.groovy:36)
	at com.kms.katalon.core.webui.keyword.internal.WebUIKeywordMain.stepFailed(WebUIKeywordMain.groovy:65)
	at com.kms.katalon.core.webui.keyword.internal.WebUIKeywordMain.runKeyword(WebUIKeywordMain.groovy:27)
	at com.kms.katalon.core.webui.keyword.builtin.ClickKeyword.click(ClickKeyword.groovy:86)
	at com.kms.katalon.core.webui.keyword.builtin.ClickKeyword.execute(ClickKeyword.groovy:67)
	at com.kms.katalon.core.keyword.internal.KeywordExecutor.executeKeywordForPlatform(KeywordExecutor.groovy:53)
	at com.kms.katalon.core.webui.keyword.WebUiBuiltInKeywords.click(WebUiBuiltInKeywords.groovy:616)
	at com.kms.katalon.core.webui.keyword.WebUiBuiltInKeywords$click$3.call(Unknown Source)
	at Poll Pad Setup - Demo DB.run(Poll Pad Setup - Demo DB:35)
	at com.kms.katalon.core.main.ScriptEngine.run(ScriptEngine.java:194)
	at com.kms.katalon.core.main.ScriptEngine.runScriptAsRawText(ScriptEngine.java:119)
	at com.kms.katalon.core.main.TestCaseExecutor.runScript(TestCaseExecutor.java:321)
	at com.kms.katalon.core.main.TestCaseExecutor.doExecute(TestCaseExecutor.java:312)
	at com.kms.katalon.core.main.TestCaseExecutor.processExecutionPhase(TestCaseExecutor.java:291)
	at com.kms.katalon.core.main.TestCaseExecutor.accessMainPhase(TestCaseExecutor.java:283)
	at com.kms.katalon.core.main.TestCaseExecutor.execute(TestCaseExecutor.java:222)
	at com.kms.katalon.core.main.TestSuiteExecutor.accessTestCaseMainPhase(TestSuiteExecutor.java:129)
	at com.kms.katalon.core.main.TestSuiteExecutor.accessTestSuiteMainPhase(TestSuiteExecutor.java:112)
	at com.kms.katalon.core.main.TestSuiteExecutor.execute(TestSuiteExecutor.java:81)
	at com.kms.katalon.core.main.TestCaseMain.startTestSuite(TestCaseMain.java:149)
	at com.kms.katalon.core.main.TestCaseMain$startTestSuite$0.call(Unknown Source)
	at TempTestSuite1544730502005.run(TempTestSuite1544730502005.groovy:36)]]></system-out>
         <system-err><![CDATA[2018-12-13 13:49:03 - [TEST_CASE][FAILED] - Test Cases/Admin Console/Account Settings/Poll Pad Setup()/Poll Pad Setup - Demo DB: Test Cases/Admin Console/Account Settings/Poll Pad Setup()/Poll Pad Setup - Demo DB FAILED.
Reason:
com.kms.katalon.core.exception.StepFailedException: Unable to click on object 'Object Repository/Admin Console ePulse Menu/Account Settings/Poll Pad Setup/Demo Db' (Root cause: com.kms.katalon.core.webui.exception.WebElementNotFoundException: Web element with id: 'Object Repository/Admin Console ePulse Menu/Account Settings/Poll Pad Setup/Demo Db' located by 'By.xpath: //a[@data-anchor="#demo_db"]' not found)
	at com.kms.katalon.core.keyword.internal.KeywordMain.stepFailed(KeywordMain.groovy:36)
	at com.kms.katalon.core.webui.keyword.internal.WebUIKeywordMain.stepFailed(WebUIKeywordMain.groovy:65)
	at com.kms.katalon.core.webui.keyword.internal.WebUIKeywordMain.runKeyword(WebUIKeywordMain.groovy:27)
	at com.kms.katalon.core.webui.keyword.builtin.ClickKeyword.click(ClickKeyword.groovy:86)
	at com.kms.katalon.core.webui.keyword.builtin.ClickKeyword.execute(ClickKeyword.groovy:67)
	at com.kms.katalon.core.keyword.internal.KeywordExecutor.executeKeywordForPlatform(KeywordExecutor.groovy:53)
	at com.kms.katalon.core.webui.keyword.WebUiBuiltInKeywords.click(WebUiBuiltInKeywords.groovy:616)
	at com.kms.katalon.core.webui.keyword.WebUiBuiltInKeywords$click$3.call(Unknown Source)
	at Poll Pad Setup - Demo DB.run(Poll Pad Setup - Demo DB:35)
	at com.kms.katalon.core.main.ScriptEngine.run(ScriptEngine.java:194)
	at com.kms.katalon.core.main.ScriptEngine.runScriptAsRawText(ScriptEngine.java:119)
	at com.kms.katalon.core.main.TestCaseExecutor.runScript(TestCaseExecutor.java:321)
	at com.kms.katalon.core.main.TestCaseExecutor.doExecute(TestCaseExecutor.java:312)
	at com.kms.katalon.core.main.TestCaseExecutor.processExecutionPhase(TestCaseExecutor.java:291)
	at com.kms.katalon.core.main.TestCaseExecutor.accessMainPhase(TestCaseExecutor.java:283)
	at com.kms.katalon.core.main.TestCaseExecutor.execute(TestCaseExecutor.java:222)
	at com.kms.katalon.core.main.TestSuiteExecutor.accessTestCaseMainPhase(TestSuiteExecutor.java:129)
	at com.kms.katalon.core.main.TestSuiteExecutor.accessTestSuiteMainPhase(TestSuiteExecutor.java:112)
	at com.kms.katalon.core.main.TestSuiteExecutor.execute(TestSuiteExecutor.java:81)
	at com.kms.katalon.core.main.TestCaseMain.startTestSuite(TestCaseMain.java:149)
	at com.kms.katalon.core.main.TestCaseMain$startTestSuite$0.call(Unknown Source)
	at TempTestSuite1544730502005.run(TempTestSuite1544730502005.groovy:36)]]></system-err>
      </testcase>
      <testcase name="Test Cases/Admin Console/Account Settings/Poll Pad Setup()/Poll Pad Setup - ISYNC" classname="Test Cases/Admin Console/Account Settings/Poll Pad Setup()/Poll Pad Setup - ISYNC" status="PASSED">
         <system-out><![CDATA[2018-12-13 13:49:30 - [TEST_CASE][PASSED] - Test Cases/Admin Console/Account Settings/Poll Pad Setup()/Poll Pad Setup - ISYNC: Test Cases/Admin Console/Account Settings/Poll Pad Setup()/Poll Pad Setup - ISYNC

2018-12-13 13:49:30 - [TEST_STEP][PASSED] - openBrowser(""): Browser is opened with url: ''

2018-12-13 13:49:30 - [MESSAGE][WARNING] - A browser is already opened. Closing browser and opening a new one

2018-12-13 13:49:30 - [MESSAGE][INFO] - Starting 'Chrome' driver

2018-12-13 13:49:31 - [MESSAGE][PASSED] - Browser is opened with url: ''

2018-12-13 13:49:31 - [TEST_STEP][PASSED] - navigateToUrl(URL): Navigate to 'https://epulsebeta2.com' successfully

2018-12-13 13:49:34 - [MESSAGE][PASSED] - Navigate to 'https://epulsebeta2.com' successfully

2018-12-13 13:49:34 - [TEST_STEP][PASSED] - setText(findTestObject("Login/Email Address"), User_email): Text 'alonzo.mack@knowink.com' is set on object 'Object Repository/Login/Email Address'

2018-12-13 13:49:34 - [MESSAGE][PASSED] - Text 'alonzo.mack@knowink.com' is set on object 'Object Repository/Login/Email Address'

2018-12-13 13:49:34 - [TEST_STEP][PASSED] - setEncryptedText(findTestObject("Login/Password"), Pswrd): Text ****** has been set on object 'Object Repository/Login/Password'

2018-12-13 13:49:34 - [MESSAGE][PASSED] - Text ****** has been set on object 'Object Repository/Login/Password'

2018-12-13 13:49:34 - [TEST_STEP][PASSED] - click(findTestObject("Login/Sign In")): Object: 'Object Repository/Login/Sign In' is clicked on

2018-12-13 13:49:40 - [MESSAGE][PASSED] - Object: 'Object Repository/Login/Sign In' is clicked on

2018-12-13 13:49:40 - [TEST_STEP][PASSED] - delay(1): Delayed 1 second(s)

2018-12-13 13:49:41 - [MESSAGE][PASSED] - Delayed 1 second(s)

2018-12-13 13:49:41 - [TEST_STEP][PASSED] - navigateToUrl(iSync): Navigate to 'https://am-automation-test.epulsebeta2.com/account_settings/poll_pad' successfully

2018-12-13 13:49:45 - [MESSAGE][PASSED] - Navigate to 'https://am-automation-test.epulsebeta2.com/account_settings/poll_pad' successfully

2018-12-13 13:49:45 - [TEST_STEP][PASSED] - click(findTestObject("Admin Console ePulse Menu/Account Settings/Poll Pad Setup/Isync")): Object: 'Object Repository/Admin Console ePulse Menu/Account Settings/Poll Pad Setup/Isync' is clicked on

2018-12-13 13:49:50 - [MESSAGE][PASSED] - Object: 'Object Repository/Admin Console ePulse Menu/Account Settings/Poll Pad Setup/Isync' is clicked on

2018-12-13 13:49:50 - [TEST_STEP][PASSED] - click(findTestObject("Admin Console ePulse Menu/Account Settings/Poll Pad Setup/ISYNC/Generate New button")): Object: 'Object Repository/Admin Console ePulse Menu/Account Settings/Poll Pad Setup/ISYNC/Generate New button' is clicked on

2018-12-13 13:49:56 - [MESSAGE][PASSED] - Object: 'Object Repository/Admin Console ePulse Menu/Account Settings/Poll Pad Setup/ISYNC/Generate New button' is clicked on

2018-12-13 13:49:56 - [TEST_STEP][PASSED] - delay(10): Delayed 10 second(s)

2018-12-13 13:50:06 - [MESSAGE][PASSED] - Delayed 10 second(s)

2018-12-13 13:50:06 - [TEST_STEP][PASSED] - click(findTestObject("Admin Console ePulse Menu/Account Settings/Poll Pad Setup/ISYNC/DOWNLOAD")): Object: 'Object Repository/Admin Console ePulse Menu/Account Settings/Poll Pad Setup/ISYNC/DOWNLOAD' is clicked on

2018-12-13 13:50:13 - [MESSAGE][PASSED] - Object: 'Object Repository/Admin Console ePulse Menu/Account Settings/Poll Pad Setup/ISYNC/DOWNLOAD' is clicked on

2018-12-13 13:50:13 - [TEST_STEP][PASSED] - delay(2): Delayed 2 second(s)

2018-12-13 13:50:15 - [MESSAGE][PASSED] - Delayed 2 second(s)

2018-12-13 13:50:15 - [TEST_STEP][PASSED] - click(findTestObject("Admin Console ePulse Menu/Account Settings/Poll Pad Setup/ISYNC/Delete Selected Download")): Object: 'Object Repository/Admin Console ePulse Menu/Account Settings/Poll Pad Setup/ISYNC/Delete Selected Download' is clicked on

2018-12-13 13:50:21 - [MESSAGE][PASSED] - Object: 'Object Repository/Admin Console ePulse Menu/Account Settings/Poll Pad Setup/ISYNC/Delete Selected Download' is clicked on

2018-12-13 13:50:21 - [TEST_STEP][PASSED] - acceptAlert(): Alert accepted

2018-12-13 13:50:21 - [MESSAGE][PASSED] - Alert accepted

2018-12-13 13:50:21 - [TEST_STEP][PASSED] - delay(1): Delayed 1 second(s)

2018-12-13 13:50:22 - [MESSAGE][PASSED] - Delayed 1 second(s)

2018-12-13 13:50:22 - [TEST_STEP][PASSED] - closeBrowser(): Browser is closed

2018-12-13 13:50:22 - [MESSAGE][PASSED] - Browser is closed]]></system-out>
         <system-err><![CDATA[]]></system-err>
      </testcase>
      <system-out><![CDATA[2018-12-13 13:48:24 - [TEST_SUITE][FAILED] - dev_staging ready: Test Cases/Admin Console/Account Settings/Poll Pad Setup()/Poll Pad Setup - Demo DB FAILED.
Reason:
com.kms.katalon.core.exception.StepFailedException: Unable to click on object 'Object Repository/Admin Console ePulse Menu/Account Settings/Poll Pad Setup/Demo Db' (Root cause: com.kms.katalon.core.webui.exception.WebElementNotFoundException: Web element with id: 'Object Repository/Admin Console ePulse Menu/Account Settings/Poll Pad Setup/Demo Db' located by 'By.xpath: //a[@data-anchor="#demo_db"]' not found)
	at com.kms.katalon.core.keyword.internal.KeywordMain.stepFailed(KeywordMain.groovy:36)
	at com.kms.katalon.core.webui.keyword.internal.WebUIKeywordMain.stepFailed(WebUIKeywordMain.groovy:65)
	at com.kms.katalon.core.webui.keyword.internal.WebUIKeywordMain.runKeyword(WebUIKeywordMain.groovy:27)
	at com.kms.katalon.core.webui.keyword.builtin.ClickKeyword.click(ClickKeyword.groovy:86)
	at com.kms.katalon.core.webui.keyword.builtin.ClickKeyword.execute(ClickKeyword.groovy:67)
	at com.kms.katalon.core.keyword.internal.KeywordExecutor.executeKeywordForPlatform(KeywordExecutor.groovy:53)
	at com.kms.katalon.core.webui.keyword.WebUiBuiltInKeywords.click(WebUiBuiltInKeywords.groovy:616)
	at com.kms.katalon.core.webui.keyword.WebUiBuiltInKeywords$click$3.call(Unknown Source)
	at Poll Pad Setup - Demo DB.run(Poll Pad Setup - Demo DB:35)
	at com.kms.katalon.core.main.ScriptEngine.run(ScriptEngine.java:194)
	at com.kms.katalon.core.main.ScriptEngine.runScriptAsRawText(ScriptEngine.java:119)
	at com.kms.katalon.core.main.TestCaseExecutor.runScript(TestCaseExecutor.java:321)
	at com.kms.katalon.core.main.TestCaseExecutor.doExecute(TestCaseExecutor.java:312)
	at com.kms.katalon.core.main.TestCaseExecutor.processExecutionPhase(TestCaseExecutor.java:291)
	at com.kms.katalon.core.main.TestCaseExecutor.accessMainPhase(TestCaseExecutor.java:283)
	at com.kms.katalon.core.main.TestCaseExecutor.execute(TestCaseExecutor.java:222)
	at com.kms.katalon.core.main.TestSuiteExecutor.accessTestCaseMainPhase(TestSuiteExecutor.java:129)
	at com.kms.katalon.core.main.TestSuiteExecutor.accessTestSuiteMainPhase(TestSuiteExecutor.java:112)
	at com.kms.katalon.core.main.TestSuiteExecutor.execute(TestSuiteExecutor.java:81)
	at com.kms.katalon.core.main.TestCaseMain.startTestSuite(TestCaseMain.java:149)
	at com.kms.katalon.core.main.TestCaseMain$startTestSuite$0.call(Unknown Source)
	at TempTestSuite1544730502005.run(TempTestSuite1544730502005.groovy:36)]]></system-out>
      <system-err><![CDATA[2018-12-13 13:48:24 - [TEST_SUITE][FAILED] - dev_staging ready: Test Cases/Admin Console/Account Settings/Poll Pad Setup()/Poll Pad Setup - Demo DB FAILED.
Reason:
com.kms.katalon.core.exception.StepFailedException: Unable to click on object 'Object Repository/Admin Console ePulse Menu/Account Settings/Poll Pad Setup/Demo Db' (Root cause: com.kms.katalon.core.webui.exception.WebElementNotFoundException: Web element with id: 'Object Repository/Admin Console ePulse Menu/Account Settings/Poll Pad Setup/Demo Db' located by 'By.xpath: //a[@data-anchor="#demo_db"]' not found)
	at com.kms.katalon.core.keyword.internal.KeywordMain.stepFailed(KeywordMain.groovy:36)
	at com.kms.katalon.core.webui.keyword.internal.WebUIKeywordMain.stepFailed(WebUIKeywordMain.groovy:65)
	at com.kms.katalon.core.webui.keyword.internal.WebUIKeywordMain.runKeyword(WebUIKeywordMain.groovy:27)
	at com.kms.katalon.core.webui.keyword.builtin.ClickKeyword.click(ClickKeyword.groovy:86)
	at com.kms.katalon.core.webui.keyword.builtin.ClickKeyword.execute(ClickKeyword.groovy:67)
	at com.kms.katalon.core.keyword.internal.KeywordExecutor.executeKeywordForPlatform(KeywordExecutor.groovy:53)
	at com.kms.katalon.core.webui.keyword.WebUiBuiltInKeywords.click(WebUiBuiltInKeywords.groovy:616)
	at com.kms.katalon.core.webui.keyword.WebUiBuiltInKeywords$click$3.call(Unknown Source)
	at Poll Pad Setup - Demo DB.run(Poll Pad Setup - Demo DB:35)
	at com.kms.katalon.core.main.ScriptEngine.run(ScriptEngine.java:194)
	at com.kms.katalon.core.main.ScriptEngine.runScriptAsRawText(ScriptEngine.java:119)
	at com.kms.katalon.core.main.TestCaseExecutor.runScript(TestCaseExecutor.java:321)
	at com.kms.katalon.core.main.TestCaseExecutor.doExecute(TestCaseExecutor.java:312)
	at com.kms.katalon.core.main.TestCaseExecutor.processExecutionPhase(TestCaseExecutor.java:291)
	at com.kms.katalon.core.main.TestCaseExecutor.accessMainPhase(TestCaseExecutor.java:283)
	at com.kms.katalon.core.main.TestCaseExecutor.execute(TestCaseExecutor.java:222)
	at com.kms.katalon.core.main.TestSuiteExecutor.accessTestCaseMainPhase(TestSuiteExecutor.java:129)
	at com.kms.katalon.core.main.TestSuiteExecutor.accessTestSuiteMainPhase(TestSuiteExecutor.java:112)
	at com.kms.katalon.core.main.TestSuiteExecutor.execute(TestSuiteExecutor.java:81)
	at com.kms.katalon.core.main.TestCaseMain.startTestSuite(TestCaseMain.java:149)
	at com.kms.katalon.core.main.TestCaseMain$startTestSuite$0.call(Unknown Source)
	at TempTestSuite1544730502005.run(TempTestSuite1544730502005.groovy:36)]]></system-err>
   </testsuite>
</testsuites>
