<?xml version="1.0" encoding="UTF-8"?>
<testsuites name="Smoke Test(US)" time="160" tests="4" failures="1" errors="0">
   <testsuite name="Smoke Test(US)" tests="4" failures="1" errors="0" time="160" timestamp="2018-11-14 11:42:23" hostname="alonzomack - 10.130.25.110" id="Test Suites/Smoke Test(US)">
      <properties>
         <property name="deviceName" value=""/>
         <property name="devicePlatform" value=""/>
         <property name="logFolder" value="/Users/alonzomack/Katalon Studio/Regression/Reports/Smoke Test(US)/20181114_114221"/>
         <property name="logFiles" value="/Users/alonzomack/Katalon Studio/Regression/Reports/Smoke Test(US)/20181114_114221/execution0.log"/>
         <property name="attachments" value="/Users/alonzomack/Katalon Studio/Regression/Reports/Smoke Test(US)/20181114_114221/1542217503247.png"/>
         <property name="hostName" value="alonzomack - 10.130.25.110"/>
         <property name="os" value="Mac OS X 64bit"/>
         <property name="katalonVersion" value="5.8.4.14"/>
         <property name="browser" value="Chrome 70.0.3538.102"/>
         <property name="hostAddress" value="10.130.25.110"/>
         <property name="sessionId" value="046035654aa7e967e5bf335bda4c1405"/>
         <property name="seleniumVersion" value="3.7.1"/>
         <property name="proxyInformation" value="ProxyInformation{proxyOption=NO_PROXY, proxyServerType=HTTP, password=, proxyServerAddress=, proxyServerPort=0}"/>
         <property name="platform" value="Mac OS X"/>
      </properties>
      <testcase name="Test Cases/SuperAdminConsole/Accounts/Create Account(SuperAdminConsole)" classname="Test Cases/SuperAdminConsole/Accounts/Create Account(SuperAdminConsole)" status="PASSED">
         <system-out><![CDATA[2018-11-14 11:42:24 - [TEST_CASE][PASSED] - Test Cases/SuperAdminConsole/Accounts/Create Account(SuperAdminConsole): Test Cases/SuperAdminConsole/Accounts/Create Account(SuperAdminConsole)

2018-11-14 11:42:24 - [TEST_STEP][PASSED] - openBrowser: Browser is opened with url: ''

2018-11-14 11:42:26 - [MESSAGE][PASSED] - Browser is opened with url: ''

2018-11-14 11:42:26 - [TEST_STEP][PASSED] - navigateToUrl: Navigate to 'https://epulsedev2.com' successfully

2018-11-14 11:42:28 - [MESSAGE][PASSED] - Navigate to 'https://epulsedev2.com' successfully

2018-11-14 11:42:28 - [TEST_STEP][PASSED] - setText: Text 'alonzo.mack@knowink.com' is set on object 'Object Repository/Login/Email Address'

2018-11-14 11:42:28 - [MESSAGE][PASSED] - Text 'alonzo.mack@knowink.com' is set on object 'Object Repository/Login/Email Address'

2018-11-14 11:42:28 - [TEST_STEP][PASSED] - setEncryptedText: Text ****** has been set on object 'Object Repository/Login/Password'

2018-11-14 11:42:29 - [MESSAGE][PASSED] - Text ****** has been set on object 'Object Repository/Login/Password'

2018-11-14 11:42:29 - [TEST_STEP][PASSED] - click: Object: 'Object Repository/Login/Sign In' is clicked on

2018-11-14 11:42:30 - [MESSAGE][PASSED] - Object: 'Object Repository/Login/Sign In' is clicked on

2018-11-14 11:42:30 - [TEST_STEP][PASSED] - delay: Delayed 1 second(s)

2018-11-14 11:42:31 - [MESSAGE][PASSED] - Delayed 1 second(s)

2018-11-14 11:42:31 - [TEST_STEP][PASSED] - click: Object: 'Object Repository/SuperAdminConsole/Account Creation/a_Add Account' is clicked on

2018-11-14 11:42:31 - [MESSAGE][PASSED] - Object: 'Object Repository/SuperAdminConsole/Account Creation/a_Add Account' is clicked on

2018-11-14 11:42:31 - [TEST_STEP][PASSED] - delay: Delayed 1 second(s)

2018-11-14 11:42:32 - [MESSAGE][PASSED] - Delayed 1 second(s)

2018-11-14 11:42:32 - [TEST_STEP][PASSED] - setText: Text 'am-Automation-test' is set on object 'Object Repository/SuperAdminConsole/Account Creation/Account Information/Display Title'

2018-11-14 11:42:33 - [MESSAGE][PASSED] - Text 'am-Automation-test' is set on object 'Object Repository/SuperAdminConsole/Account Creation/Account Information/Display Title'

2018-11-14 11:42:33 - [TEST_STEP][PASSED] - delay: Delayed 1 second(s)

2018-11-14 11:42:34 - [MESSAGE][PASSED] - Delayed 1 second(s)

2018-11-14 11:42:34 - [TEST_STEP][PASSED] - setText: Text 'am-Automation-test' is set on object 'Object Repository/SuperAdminConsole/Account Creation/Account Information/County'

2018-11-14 11:42:34 - [MESSAGE][PASSED] - Text 'am-Automation-test' is set on object 'Object Repository/SuperAdminConsole/Account Creation/Account Information/County'

2018-11-14 11:42:34 - [TEST_STEP][PASSED] - delay: Delayed 1 second(s)

2018-11-14 11:42:35 - [MESSAGE][PASSED] - Delayed 1 second(s)

2018-11-14 11:42:35 - [TEST_STEP][PASSED] - selectOptionByValue: All options with value 'MO' are selected in object 'Object Repository/SuperAdminConsole/Account Creation/Account Information/StateProvince'  using regular expression

2018-11-14 11:42:36 - [MESSAGE][PASSED] - All options with value 'MO' are selected in object 'Object Repository/SuperAdminConsole/Account Creation/Account Information/StateProvince'  using regular expression

2018-11-14 11:42:36 - [TEST_STEP][PASSED] - delay: Delayed 1 second(s)

2018-11-14 11:42:37 - [MESSAGE][PASSED] - Delayed 1 second(s)

2018-11-14 11:42:37 - [TEST_STEP][PASSED] - selectOptionByValue: All options with value '1' are selected in object 'Object Repository/SuperAdminConsole/Account Creation/Account Information/Pad Type'  using regular expression

2018-11-14 11:42:37 - [MESSAGE][PASSED] - All options with value '1' are selected in object 'Object Repository/SuperAdminConsole/Account Creation/Account Information/Pad Type'  using regular expression

2018-11-14 11:42:37 - [TEST_STEP][PASSED] - delay: Delayed 1 second(s)

2018-11-14 11:42:38 - [MESSAGE][PASSED] - Delayed 1 second(s)

2018-11-14 11:42:38 - [TEST_STEP][NOT_RUN] - selectOptionByValue: NOT_RUN: selectOptionByValue

2018-11-14 11:42:38 - [MESSAGE][NOT_RUN] - NOT_RUN: selectOptionByValue

2018-11-14 11:42:38 - [TEST_STEP][PASSED] - delay: Delayed 1 second(s)

2018-11-14 11:42:39 - [MESSAGE][PASSED] - Delayed 1 second(s)

2018-11-14 11:42:39 - [TEST_STEP][PASSED] - selectOptionByValue: All options with value 'mcvr' are selected in object 'Object Repository/SuperAdminConsole/Account Creation/Parsers and Exporters/Select_Voter File'  using regular expression

2018-11-14 11:42:39 - [MESSAGE][PASSED] - All options with value 'mcvr' are selected in object 'Object Repository/SuperAdminConsole/Account Creation/Parsers and Exporters/Select_Voter File'  using regular expression

2018-11-14 11:42:39 - [TEST_STEP][PASSED] - delay: Delayed 1 second(s)

2018-11-14 11:42:40 - [MESSAGE][PASSED] - Delayed 1 second(s)

2018-11-14 11:42:40 - [TEST_STEP][PASSED] - selectOptionByValue: All options with value 'mcvr' are selected in object 'Object Repository/SuperAdminConsole/Account Creation/Parsers and Exporters/Select_Supplemental file'  using regular expression

2018-11-14 11:42:41 - [MESSAGE][PASSED] - All options with value 'mcvr' are selected in object 'Object Repository/SuperAdminConsole/Account Creation/Parsers and Exporters/Select_Supplemental file'  using regular expression

2018-11-14 11:42:41 - [TEST_STEP][PASSED] - delay: Delayed 1 second(s)

2018-11-14 11:42:42 - [MESSAGE][PASSED] - Delayed 1 second(s)

2018-11-14 11:42:42 - [TEST_STEP][PASSED] - selectOptionByValue: All options with value 'epulse' are selected in object 'Object Repository/SuperAdminConsole/Account Creation/Parsers and Exporters/Polling Places'  using regular expression

2018-11-14 11:42:42 - [MESSAGE][PASSED] - All options with value 'epulse' are selected in object 'Object Repository/SuperAdminConsole/Account Creation/Parsers and Exporters/Polling Places'  using regular expression

2018-11-14 11:42:42 - [TEST_STEP][PASSED] - delay: Delayed 1 second(s)

2018-11-14 11:42:43 - [MESSAGE][PASSED] - Delayed 1 second(s)

2018-11-14 11:42:43 - [TEST_STEP][PASSED] - selectOptionByValue: All options with value 'mcvr' are selected in object 'Object Repository/SuperAdminConsole/Account Creation/Parsers and Exporters/Street Rules'  using regular expression

2018-11-14 11:42:43 - [MESSAGE][PASSED] - All options with value 'mcvr' are selected in object 'Object Repository/SuperAdminConsole/Account Creation/Parsers and Exporters/Street Rules'  using regular expression

2018-11-14 11:42:43 - [TEST_STEP][PASSED] - delay: Delayed 1 second(s)

2018-11-14 11:42:44 - [MESSAGE][PASSED] - Delayed 1 second(s)

2018-11-14 11:42:44 - [TEST_STEP][PASSED] - selectOptionByValue: All options with value 'mcvr' are selected in object 'Object Repository/SuperAdminConsole/Account Creation/Parsers and Exporters/Voter History Exporter'  using regular expression

2018-11-14 11:42:44 - [MESSAGE][PASSED] - All options with value 'mcvr' are selected in object 'Object Repository/SuperAdminConsole/Account Creation/Parsers and Exporters/Voter History Exporter'  using regular expression

2018-11-14 11:42:44 - [TEST_STEP][PASSED] - delay: Delayed 1 second(s)

2018-11-14 11:42:45 - [MESSAGE][PASSED] - Delayed 1 second(s)

2018-11-14 11:42:45 - [TEST_STEP][PASSED] - selectOptionByValue: All options with value 'epulse' are selected in object 'Object Repository/SuperAdminConsole/Account Creation/Parsers and Exporters/Signature Parser'  using regular expression

2018-11-14 11:42:45 - [MESSAGE][PASSED] - All options with value 'epulse' are selected in object 'Object Repository/SuperAdminConsole/Account Creation/Parsers and Exporters/Signature Parser'  using regular expression

2018-11-14 11:42:45 - [TEST_STEP][PASSED] - delay: Delayed 1 second(s)

2018-11-14 11:42:46 - [MESSAGE][PASSED] - Delayed 1 second(s)

2018-11-14 11:42:46 - [TEST_STEP][PASSED] - click: Object: 'Object Repository/SuperAdminConsole/Account Creation/Parsers and Exporters/Submit' is clicked on

2018-11-14 11:42:48 - [MESSAGE][PASSED] - Object: 'Object Repository/SuperAdminConsole/Account Creation/Parsers and Exporters/Submit' is clicked on

2018-11-14 11:42:48 - [TEST_STEP][PASSED] - delay: Delayed 1 second(s)

2018-11-14 11:42:49 - [MESSAGE][PASSED] - Delayed 1 second(s)

2018-11-14 11:42:49 - [TEST_STEP][PASSED] - closeBrowser: Browser is closed

2018-11-14 11:42:49 - [MESSAGE][PASSED] - Browser is closed]]></system-out>
         <system-err><![CDATA[]]></system-err>
      </testcase>
      <testcase name="Test Cases/Admin Console/Election Setup/Election Creation" classname="Test Cases/Admin Console/Election Setup/Election Creation" status="PASSED">
         <system-out><![CDATA[2018-11-14 11:42:49 - [TEST_CASE][PASSED] - Test Cases/Admin Console/Election Setup/Election Creation: Test Cases/Admin Console/Election Setup/Election Creation

2018-11-14 11:42:49 - [TEST_STEP][PASSED] - openBrowser: Browser is opened with url: ''

2018-11-14 11:42:50 - [MESSAGE][PASSED] - Browser is opened with url: ''

2018-11-14 11:42:50 - [TEST_STEP][PASSED] - navigateToUrl: Navigate to 'https://epulsedev2.com' successfully

2018-11-14 11:42:53 - [MESSAGE][PASSED] - Navigate to 'https://epulsedev2.com' successfully

2018-11-14 11:42:53 - [TEST_STEP][PASSED] - setText: Text 'alonzo.mack@knowink.com' is set on object 'Object Repository/Login/Email Address'

2018-11-14 11:42:53 - [MESSAGE][PASSED] - Text 'alonzo.mack@knowink.com' is set on object 'Object Repository/Login/Email Address'

2018-11-14 11:42:53 - [TEST_STEP][PASSED] - setEncryptedText: Text ****** has been set on object 'Object Repository/Login/Password'

2018-11-14 11:42:53 - [MESSAGE][PASSED] - Text ****** has been set on object 'Object Repository/Login/Password'

2018-11-14 11:42:53 - [TEST_STEP][PASSED] - click: Object: 'Object Repository/Login/Sign In' is clicked on

2018-11-14 11:42:54 - [MESSAGE][PASSED] - Object: 'Object Repository/Login/Sign In' is clicked on

2018-11-14 11:42:54 - [TEST_STEP][PASSED] - delay: Delayed 1 second(s)

2018-11-14 11:42:56 - [MESSAGE][PASSED] - Delayed 1 second(s)

2018-11-14 11:42:56 - [TEST_STEP][PASSED] - navigateToUrl: Navigate to 'https://am-automation-test.epulsedev2.com/elections/new' successfully

2018-11-14 11:42:57 - [MESSAGE][PASSED] - Navigate to 'https://am-automation-test.epulsedev2.com/elections/new' successfully

2018-11-14 11:42:57 - [TEST_STEP][PASSED] - setText: Text '/Users/alonzomack/Downloads/Imports/Missouri/voters_200_mcvr.txt' is set on object 'Object Repository/Common ePulse Objects/Choose File'

2018-11-14 11:42:57 - [MESSAGE][PASSED] - Text '/Users/alonzomack/Downloads/Imports/Missouri/voters_200_mcvr.txt' is set on object 'Object Repository/Common ePulse Objects/Choose File'

2018-11-14 11:42:57 - [TEST_STEP][PASSED] - click: Object: 'Object Repository/Common ePulse Objects/Continue Button' is clicked on

2018-11-14 11:42:57 - [MESSAGE][PASSED] - Object: 'Object Repository/Common ePulse Objects/Continue Button' is clicked on

2018-11-14 11:42:57 - [TEST_STEP][PASSED] - delay: Delayed 10 second(s)

2018-11-14 11:43:07 - [MESSAGE][PASSED] - Delayed 10 second(s)

2018-11-14 11:43:07 - [TEST_STEP][PASSED] - setText: Text 'Election Creation' is set on object 'Object Repository/Admin Console ePulse Menu/Election Setup/Election Creation/Election Name'

2018-11-14 11:43:07 - [MESSAGE][PASSED] - Text 'Election Creation' is set on object 'Object Repository/Admin Console ePulse Menu/Election Setup/Election Creation/Election Name'

2018-11-14 11:43:07 - [TEST_STEP][PASSED] - setText: Text '123' is set on object 'Object Repository/Admin Console ePulse Menu/Election Setup/Election Creation/Election Code'

2018-11-14 11:43:07 - [MESSAGE][PASSED] - Text '123' is set on object 'Object Repository/Admin Console ePulse Menu/Election Setup/Election Creation/Election Code'

2018-11-14 11:43:07 - [TEST_STEP][PASSED] - selectOptionByValue: All options with value 'general' are selected in object 'Object Repository/Admin Console ePulse Menu/Election Setup/Election Creation/Select Election Type'  using regular expression

2018-11-14 11:43:07 - [MESSAGE][PASSED] - All options with value 'general' are selected in object 'Object Repository/Admin Console ePulse Menu/Election Setup/Election Creation/Select Election Type'  using regular expression

2018-11-14 11:43:07 - [TEST_STEP][PASSED] - setText: Text '07/21/2021' is set on object 'Object Repository/Admin Console ePulse Menu/Election Setup/Election Creation/DATE'

2018-11-14 11:43:07 - [MESSAGE][PASSED] - Text '07/21/2021' is set on object 'Object Repository/Admin Console ePulse Menu/Election Setup/Election Creation/DATE'

2018-11-14 11:43:07 - [TEST_STEP][PASSED] - delay: Delayed 10 second(s)

2018-11-14 11:43:17 - [MESSAGE][PASSED] - Delayed 10 second(s)

2018-11-14 11:43:17 - [TEST_STEP][PASSED] - click: Object: 'Object Repository/Admin Console ePulse Menu/Election Setup/Election Creation/Next' is clicked on

2018-11-14 11:43:19 - [MESSAGE][PASSED] - Object: 'Object Repository/Admin Console ePulse Menu/Election Setup/Election Creation/Next' is clicked on

2018-11-14 11:43:19 - [TEST_STEP][PASSED] - delay: Delayed 10 second(s)

2018-11-14 11:43:29 - [MESSAGE][PASSED] - Delayed 10 second(s)

2018-11-14 11:43:29 - [TEST_STEP][PASSED] - click: Object: 'Object Repository/Admin Console ePulse Menu/Election Setup/Election Creation/Step3 Done' is clicked on

2018-11-14 11:43:30 - [MESSAGE][PASSED] - Object: 'Object Repository/Admin Console ePulse Menu/Election Setup/Election Creation/Step3 Done' is clicked on

2018-11-14 11:43:30 - [TEST_STEP][PASSED] - delay: Delayed 10 second(s)

2018-11-14 11:43:40 - [MESSAGE][PASSED] - Delayed 10 second(s)

2018-11-14 11:43:40 - [TEST_STEP][PASSED] - click: Object: 'Object Repository/Admin Console ePulse Menu/Election Setup/Election Creation/Step4 Done' is clicked on

2018-11-14 11:43:42 - [MESSAGE][PASSED] - Object: 'Object Repository/Admin Console ePulse Menu/Election Setup/Election Creation/Step4 Done' is clicked on

2018-11-14 11:43:42 - [TEST_STEP][PASSED] - delay: Delayed 10 second(s)

2018-11-14 11:43:52 - [MESSAGE][PASSED] - Delayed 10 second(s)

2018-11-14 11:43:52 - [TEST_STEP][PASSED] - click: Object: 'Object Repository/Admin Console ePulse Menu/Election Setup/Election Creation/Step5 Confirm' is clicked on

2018-11-14 11:43:52 - [MESSAGE][PASSED] - Object: 'Object Repository/Admin Console ePulse Menu/Election Setup/Election Creation/Step5 Confirm' is clicked on

2018-11-14 11:43:52 - [TEST_STEP][PASSED] - delay: Delayed 20 second(s)

2018-11-14 11:44:12 - [MESSAGE][PASSED] - Delayed 20 second(s)

2018-11-14 11:44:12 - [TEST_STEP][PASSED] - verifyTextPresent: Text 'Election Creation' is present on page  using regular expression

2018-11-14 11:44:12 - [MESSAGE][PASSED] - Text 'Election Creation' is present on page  using regular expression

2018-11-14 11:44:12 - [TEST_STEP][PASSED] - verifyTextPresent: Text 'Election Seed Files' is present on page  using regular expression

2018-11-14 11:44:12 - [MESSAGE][PASSED] - Text 'Election Seed Files' is present on page  using regular expression

2018-11-14 11:44:12 - [TEST_STEP][PASSED] - delay: Delayed 1 second(s)

2018-11-14 11:44:13 - [MESSAGE][PASSED] - Delayed 1 second(s)

2018-11-14 11:44:13 - [TEST_STEP][PASSED] - navigateToUrl: Navigate to 'https://am-automation-test.epulsedev2.com/voters#sort=last_name&direction=asc&display=list&page=1' successfully

2018-11-14 11:44:14 - [MESSAGE][PASSED] - Navigate to 'https://am-automation-test.epulsedev2.com/voters#sort=last_name&direction=asc&display=list&page=1' successfully

2018-11-14 11:44:14 - [TEST_STEP][PASSED] - delay: Delayed 1 second(s)

2018-11-14 11:44:15 - [MESSAGE][PASSED] - Delayed 1 second(s)

2018-11-14 11:44:15 - [TEST_STEP][PASSED] - delay: Delayed 1 second(s)

2018-11-14 11:44:16 - [MESSAGE][PASSED] - Delayed 1 second(s)

2018-11-14 11:44:16 - [TEST_STEP][PASSED] - verifyTextPresent: Text 'TWEEDIE MARIE AARON' is present on page  using regular expression

2018-11-14 11:44:16 - [MESSAGE][PASSED] - Text 'TWEEDIE MARIE AARON' is present on page  using regular expression

2018-11-14 11:44:16 - [TEST_STEP][PASSED] - closeBrowser: Browser is closed

2018-11-14 11:44:16 - [MESSAGE][PASSED] - Browser is closed]]></system-out>
         <system-err><![CDATA[]]></system-err>
      </testcase>
      <testcase name="Test Cases/Admin Console/Poll Pads/Poll Pad - Configuration/Poll Pad Configuration - Add" classname="Test Cases/Admin Console/Poll Pads/Poll Pad - Configuration/Poll Pad Configuration - Add" status="PASSED">
         <system-out><![CDATA[2018-11-14 11:44:16 - [TEST_CASE][PASSED] - Test Cases/Admin Console/Poll Pads/Poll Pad - Configuration/Poll Pad Configuration - Add: Test Cases/Admin Console/Poll Pads/Poll Pad - Configuration/Poll Pad Configuration - Add

2018-11-14 11:44:16 - [TEST_STEP][PASSED] - openBrowser: Browser is opened with url: ''

2018-11-14 11:44:18 - [MESSAGE][PASSED] - Browser is opened with url: ''

2018-11-14 11:44:18 - [TEST_STEP][PASSED] - navigateToUrl: Navigate to 'https://epulsedev2.com' successfully

2018-11-14 11:44:19 - [MESSAGE][PASSED] - Navigate to 'https://epulsedev2.com' successfully

2018-11-14 11:44:19 - [TEST_STEP][PASSED] - setText: Text 'alonzo.mack@knowink.com' is set on object 'Object Repository/Login/Email Address'

2018-11-14 11:44:20 - [MESSAGE][PASSED] - Text 'alonzo.mack@knowink.com' is set on object 'Object Repository/Login/Email Address'

2018-11-14 11:44:20 - [TEST_STEP][PASSED] - setEncryptedText: Text ****** has been set on object 'Object Repository/Login/Password'

2018-11-14 11:44:20 - [MESSAGE][PASSED] - Text ****** has been set on object 'Object Repository/Login/Password'

2018-11-14 11:44:20 - [TEST_STEP][PASSED] - click: Object: 'Object Repository/Login/Sign In' is clicked on

2018-11-14 11:44:21 - [MESSAGE][PASSED] - Object: 'Object Repository/Login/Sign In' is clicked on

2018-11-14 11:44:21 - [TEST_STEP][PASSED] - delay: Delayed 1 second(s)

2018-11-14 11:44:22 - [MESSAGE][PASSED] - Delayed 1 second(s)

2018-11-14 11:44:22 - [TEST_STEP][PASSED] - navigateToUrl: Navigate to 'https://am-automation-test.epulsedev2.com/poll_pad_configs#sort=name&direction=asc&display=list' successfully

2018-11-14 11:44:23 - [MESSAGE][PASSED] - Navigate to 'https://am-automation-test.epulsedev2.com/poll_pad_configs#sort=name&direction=asc&display=list' successfully

2018-11-14 11:44:23 - [TEST_STEP][PASSED] - delay: Delayed 1 second(s)

2018-11-14 11:44:24 - [MESSAGE][PASSED] - Delayed 1 second(s)

2018-11-14 11:44:24 - [TEST_STEP][PASSED] - click: Object: 'Object Repository/Admin Console ePulse Menu/Poll Pads/Poll Pad Config - Add/Add Configuration' is clicked on

2018-11-14 11:44:26 - [MESSAGE][PASSED] - Object: 'Object Repository/Admin Console ePulse Menu/Poll Pads/Poll Pad Config - Add/Add Configuration' is clicked on

2018-11-14 11:44:26 - [TEST_STEP][PASSED] - delay: Delayed 1 second(s)

2018-11-14 11:44:27 - [MESSAGE][PASSED] - Delayed 1 second(s)

2018-11-14 11:44:27 - [TEST_STEP][PASSED] - setText: Text 'Automation Created Config' is set on object 'Object Repository/Admin Console ePulse Menu/Poll Pads/Poll Pad Config - Add/PollPad Config Name'

2018-11-14 11:44:27 - [MESSAGE][PASSED] - Text 'Automation Created Config' is set on object 'Object Repository/Admin Console ePulse Menu/Poll Pads/Poll Pad Config - Add/PollPad Config Name'

2018-11-14 11:44:27 - [TEST_STEP][PASSED] - delay: Delayed 1 second(s)

2018-11-14 11:44:28 - [MESSAGE][PASSED] - Delayed 1 second(s)

2018-11-14 11:44:28 - [TEST_STEP][PASSED] - click: Object: 'Object Repository/Admin Console ePulse Menu/Poll Pads/Poll Pad Config - Add/Submit Config' is clicked on

2018-11-14 11:44:30 - [MESSAGE][PASSED] - Object: 'Object Repository/Admin Console ePulse Menu/Poll Pads/Poll Pad Config - Add/Submit Config' is clicked on

2018-11-14 11:44:30 - [TEST_STEP][PASSED] - delay: Delayed 1 second(s)

2018-11-14 11:44:31 - [MESSAGE][PASSED] - Delayed 1 second(s)

2018-11-14 11:44:31 - [TEST_STEP][PASSED] - closeBrowser: Browser is closed

2018-11-14 11:44:31 - [MESSAGE][PASSED] - Browser is closed]]></system-out>
         <system-err><![CDATA[]]></system-err>
      </testcase>
      <testcase name="Test Cases/Admin Console/Poll Pads/Poll Pad - Configuration/Poll Pad Configuration - Import" classname="Test Cases/Admin Console/Poll Pads/Poll Pad - Configuration/Poll Pad Configuration - Import" status="PASSED">
         <system-out><![CDATA[2018-11-14 11:44:31 - [TEST_CASE][PASSED] - Test Cases/Admin Console/Poll Pads/Poll Pad - Configuration/Poll Pad Configuration - Import: Test Cases/Admin Console/Poll Pads/Poll Pad - Configuration/Poll Pad Configuration - Import

2018-11-14 11:44:31 - [TEST_STEP][PASSED] - openBrowser: Browser is opened with url: ''

2018-11-14 11:44:32 - [MESSAGE][PASSED] - Browser is opened with url: ''

2018-11-14 11:44:32 - [TEST_STEP][PASSED] - navigateToUrl: Navigate to 'https://epulsedev2.com' successfully

2018-11-14 11:44:35 - [MESSAGE][PASSED] - Navigate to 'https://epulsedev2.com' successfully

2018-11-14 11:44:35 - [TEST_STEP][PASSED] - setText: Text 'alonzo.mack@knowink.com' is set on object 'Object Repository/Login/Email Address'

2018-11-14 11:44:35 - [MESSAGE][PASSED] - Text 'alonzo.mack@knowink.com' is set on object 'Object Repository/Login/Email Address'

2018-11-14 11:44:35 - [TEST_STEP][PASSED] - setEncryptedText: Text ****** has been set on object 'Object Repository/Login/Password'

2018-11-14 11:44:35 - [MESSAGE][PASSED] - Text ****** has been set on object 'Object Repository/Login/Password'

2018-11-14 11:44:35 - [TEST_STEP][PASSED] - click: Object: 'Object Repository/Login/Sign In' is clicked on

2018-11-14 11:44:37 - [MESSAGE][PASSED] - Object: 'Object Repository/Login/Sign In' is clicked on

2018-11-14 11:44:37 - [TEST_STEP][PASSED] - delay: Delayed 1 second(s)

2018-11-14 11:44:38 - [MESSAGE][PASSED] - Delayed 1 second(s)

2018-11-14 11:44:38 - [TEST_STEP][PASSED] - navigateToUrl: Navigate to 'https://am-automation-test.epulsedev2.com/imports/poll_pad_config' successfully

2018-11-14 11:44:39 - [MESSAGE][PASSED] - Navigate to 'https://am-automation-test.epulsedev2.com/imports/poll_pad_config' successfully

2018-11-14 11:44:39 - [TEST_STEP][PASSED] - delay: Delayed 1 second(s)

2018-11-14 11:44:40 - [MESSAGE][PASSED] - Delayed 1 second(s)

2018-11-14 11:44:40 - [TEST_STEP][PASSED] - setText: Text '/Users/alonzomack/Downloads/Automation uploads/poll_pad_config.csv' is set on object 'Object Repository/Common ePulse Objects/Choose File'

2018-11-14 11:44:40 - [MESSAGE][PASSED] - Text '/Users/alonzomack/Downloads/Automation uploads/poll_pad_config.csv' is set on object 'Object Repository/Common ePulse Objects/Choose File'

2018-11-14 11:44:40 - [TEST_STEP][PASSED] - setText: Text 'Test Config' is set on object 'Object Repository/Admin Console ePulse Menu/Poll Pads/Poll Pads - Configuration Import/Config Name'

2018-11-14 11:44:41 - [MESSAGE][PASSED] - Text 'Test Config' is set on object 'Object Repository/Admin Console ePulse Menu/Poll Pads/Poll Pads - Configuration Import/Config Name'

2018-11-14 11:44:41 - [TEST_STEP][PASSED] - click: Object: 'Object Repository/Common ePulse Objects/Continue Button' is clicked on

2018-11-14 11:44:41 - [MESSAGE][PASSED] - Object: 'Object Repository/Common ePulse Objects/Continue Button' is clicked on

2018-11-14 11:44:41 - [TEST_STEP][PASSED] - delay: Delayed 1 second(s)

2018-11-14 11:44:42 - [MESSAGE][PASSED] - Delayed 1 second(s)

2018-11-14 11:44:42 - [TEST_STEP][PASSED] - click: Object: 'Object Repository/Common ePulse Objects/button_Done(working)' is clicked on

2018-11-14 11:44:50 - [MESSAGE][PASSED] - Object: 'Object Repository/Common ePulse Objects/button_Done(working)' is clicked on

2018-11-14 11:44:50 - [TEST_STEP][PASSED] - closeBrowser: Browser is closed

2018-11-14 11:44:50 - [MESSAGE][PASSED] - Browser is closed]]></system-out>
         <system-err><![CDATA[]]></system-err>
      </testcase>
      <testcase name="Test Cases/Admin Console/Account Settings/Poll Pad Setup/Poll Pad Setup - Demo DB" classname="Test Cases/Admin Console/Account Settings/Poll Pad Setup/Poll Pad Setup - Demo DB" status="FAILED">
         <failure type="FAILED" message="(Stack trace: com.kms.katalon.core.exception.StepFailedException: Unable to verify text 'Demo DB   processing...' is present  using regular expression (Root cause: Text 'Demo DB   processing...' is not present on page  using regular expression)
	at com.kms.katalon.core.keyword.internal.KeywordMain.stepFailed(KeywordMain.groovy:36)
	at com.kms.katalon.core.webui.keyword.internal.WebUIKeywordMain.stepFailed(WebUIKeywordMain.groovy:65)
	at com.kms.katalon.core.webui.keyword.internal.WebUIKeywordMain.runKeyword(WebUIKeywordMain.groovy:27)
	at com.kms.katalon.core.webui.keyword.builtin.VerifyTextPresentKeyword.verifyTextPresent(VerifyTextPresentKeyword.groovy:83)
	at com.kms.katalon.core.webui.keyword.builtin.VerifyTextPresentKeyword.execute(VerifyTextPresentKeyword.groovy:68)
	at com.kms.katalon.core.keyword.internal.KeywordExecutor.executeKeywordForPlatform(KeywordExecutor.groovy:53)
	at com.kms.katalon.core.webui.keyword.WebUiBuiltInKeywords.verifyTextPresent(WebUiBuiltInKeywords.groovy:1693)
	at com.kms.katalon.core.webui.keyword.WebUiBuiltInKeywords$verifyTextPresent$7.call(Unknown Source)
	at org.codehaus.groovy.runtime.callsite.CallSiteArray.defaultCall(CallSiteArray.java:48)
	at org.codehaus.groovy.runtime.callsite.AbstractCallSite.call(AbstractCallSite.java:113)
	at org.codehaus.groovy.runtime.callsite.AbstractCallSite.call(AbstractCallSite.java:133)
	at Script1541178134981.run(Script1541178134981.groovy:51)
	at com.kms.katalon.core.main.ScriptEngine.run(ScriptEngine.java:183)
	at com.kms.katalon.core.main.ScriptEngine.runScriptAsRawText(ScriptEngine.java:108)
	at com.kms.katalon.core.main.TestCaseExecutor.runScript(TestCaseExecutor.java:294)
	at com.kms.katalon.core.main.TestCaseExecutor.doExecute(TestCaseExecutor.java:285)
	at com.kms.katalon.core.main.TestCaseExecutor.processExecutionPhase(TestCaseExecutor.java:264)
	at com.kms.katalon.core.main.TestCaseExecutor.accessMainPhase(TestCaseExecutor.java:256)
	at com.kms.katalon.core.main.TestCaseExecutor.execute(TestCaseExecutor.java:200)
	at com.kms.katalon.core.main.TestSuiteExecutor.accessTestCaseMainPhase(TestSuiteExecutor.java:129)
	at com.kms.katalon.core.main.TestSuiteExecutor.accessTestSuiteMainPhase(TestSuiteExecutor.java:112)
	at com.kms.katalon.core.main.TestSuiteExecutor.execute(TestSuiteExecutor.java:81)
	at com.kms.katalon.core.main.TestCaseMain.startTestSuite(TestCaseMain.java:142)
	at com.kms.katalon.core.main.TestCaseMain$startTestSuite$0.call(Unknown Source)
	at org.codehaus.groovy.runtime.callsite.CallSiteArray.defaultCall(CallSiteArray.java:48)
	at org.codehaus.groovy.runtime.callsite.AbstractCallSite.call(AbstractCallSite.java:113)
	at org.codehaus.groovy.runtime.callsite.AbstractCallSite.call(AbstractCallSite.java:141)
	at TempTestSuite1542217342124.run(TempTestSuite1542217342124.groovy:36)
	at groovy.lang.GroovyShell.runScriptOrMainOrTestOrRunnable(GroovyShell.java:263)
	at groovy.lang.GroovyShell.run(GroovyShell.java:518)
	at groovy.lang.GroovyShell.run(GroovyShell.java:507)
	at groovy.ui.GroovyMain.processOnce(GroovyMain.java:653)
	at groovy.ui.GroovyMain.run(GroovyMain.java:384)
	at groovy.ui.GroovyMain.process(GroovyMain.java:370)
	at groovy.ui.GroovyMain.processArgs(GroovyMain.java:129)
	at groovy.ui.GroovyMain.main(GroovyMain.java:109)
	at sun.reflect.NativeMethodAccessorImpl.invoke0(Native Method)
	at sun.reflect.NativeMethodAccessorImpl.invoke(NativeMethodAccessorImpl.java:62)
	at sun.reflect.DelegatingMethodAccessorImpl.invoke(DelegatingMethodAccessorImpl.java:43)
	at java.lang.reflect.Method.invoke(Method.java:498)
	at org.codehaus.groovy.tools.GroovyStarter.rootLoader(GroovyStarter.java:109)
	at org.codehaus.groovy.tools.GroovyStarter.main(GroovyStarter.java:131)
)"/>
         <system-out><![CDATA[2018-11-14 11:44:50 - [TEST_CASE][FAILED] - Test Cases/Admin Console/Account Settings/Poll Pad Setup/Poll Pad Setup - Demo DB: Test Cases/Admin Console/Account Settings/Poll Pad Setup/Poll Pad Setup - Demo DB FAILED because (of) (Stack trace: com.kms.katalon.core.exception.StepFailedException: Unable to verify text 'Demo DB   processing...' is present  using regular expression (Root cause: Text 'Demo DB   processing...' is not present on page  using regular expression)
	at com.kms.katalon.core.keyword.internal.KeywordMain.stepFailed(KeywordMain.groovy:36)
	at com.kms.katalon.core.webui.keyword.internal.WebUIKeywordMain.stepFailed(WebUIKeywordMain.groovy:65)
	at com.kms.katalon.core.webui.keyword.internal.WebUIKeywordMain.runKeyword(WebUIKeywordMain.groovy:27)
	at com.kms.katalon.core.webui.keyword.builtin.VerifyTextPresentKeyword.verifyTextPresent(VerifyTextPresentKeyword.groovy:83)
	at com.kms.katalon.core.webui.keyword.builtin.VerifyTextPresentKeyword.execute(VerifyTextPresentKeyword.groovy:68)
	at com.kms.katalon.core.keyword.internal.KeywordExecutor.executeKeywordForPlatform(KeywordExecutor.groovy:53)
	at com.kms.katalon.core.webui.keyword.WebUiBuiltInKeywords.verifyTextPresent(WebUiBuiltInKeywords.groovy:1693)
	at com.kms.katalon.core.webui.keyword.WebUiBuiltInKeywords$verifyTextPresent$7.call(Unknown Source)
	at org.codehaus.groovy.runtime.callsite.CallSiteArray.defaultCall(CallSiteArray.java:48)
	at org.codehaus.groovy.runtime.callsite.AbstractCallSite.call(AbstractCallSite.java:113)
	at org.codehaus.groovy.runtime.callsite.AbstractCallSite.call(AbstractCallSite.java:133)
	at Script1541178134981.run(Script1541178134981.groovy:51)
	at com.kms.katalon.core.main.ScriptEngine.run(ScriptEngine.java:183)
	at com.kms.katalon.core.main.ScriptEngine.runScriptAsRawText(ScriptEngine.java:108)
	at com.kms.katalon.core.main.TestCaseExecutor.runScript(TestCaseExecutor.java:294)
	at com.kms.katalon.core.main.TestCaseExecutor.doExecute(TestCaseExecutor.java:285)
	at com.kms.katalon.core.main.TestCaseExecutor.processExecutionPhase(TestCaseExecutor.java:264)
	at com.kms.katalon.core.main.TestCaseExecutor.accessMainPhase(TestCaseExecutor.java:256)
	at com.kms.katalon.core.main.TestCaseExecutor.execute(TestCaseExecutor.java:200)
	at com.kms.katalon.core.main.TestSuiteExecutor.accessTestCaseMainPhase(TestSuiteExecutor.java:129)
	at com.kms.katalon.core.main.TestSuiteExecutor.accessTestSuiteMainPhase(TestSuiteExecutor.java:112)
	at com.kms.katalon.core.main.TestSuiteExecutor.execute(TestSuiteExecutor.java:81)
	at com.kms.katalon.core.main.TestCaseMain.startTestSuite(TestCaseMain.java:142)
	at com.kms.katalon.core.main.TestCaseMain$startTestSuite$0.call(Unknown Source)
	at org.codehaus.groovy.runtime.callsite.CallSiteArray.defaultCall(CallSiteArray.java:48)
	at org.codehaus.groovy.runtime.callsite.AbstractCallSite.call(AbstractCallSite.java:113)
	at org.codehaus.groovy.runtime.callsite.AbstractCallSite.call(AbstractCallSite.java:141)
	at TempTestSuite1542217342124.run(TempTestSuite1542217342124.groovy:36)
	at groovy.lang.GroovyShell.runScriptOrMainOrTestOrRunnable(GroovyShell.java:263)
	at groovy.lang.GroovyShell.run(GroovyShell.java:518)
	at groovy.lang.GroovyShell.run(GroovyShell.java:507)
	at groovy.ui.GroovyMain.processOnce(GroovyMain.java:653)
	at groovy.ui.GroovyMain.run(GroovyMain.java:384)
	at groovy.ui.GroovyMain.process(GroovyMain.java:370)
	at groovy.ui.GroovyMain.processArgs(GroovyMain.java:129)
	at groovy.ui.GroovyMain.main(GroovyMain.java:109)
	at sun.reflect.NativeMethodAccessorImpl.invoke0(Native Method)
	at sun.reflect.NativeMethodAccessorImpl.invoke(NativeMethodAccessorImpl.java:62)
	at sun.reflect.DelegatingMethodAccessorImpl.invoke(DelegatingMethodAccessorImpl.java:43)
	at java.lang.reflect.Method.invoke(Method.java:498)
	at org.codehaus.groovy.tools.GroovyStarter.rootLoader(GroovyStarter.java:109)
	at org.codehaus.groovy.tools.GroovyStarter.main(GroovyStarter.java:131)
)

2018-11-14 11:44:50 - [TEST_STEP][PASSED] - openBrowser: Browser is opened with url: ''

2018-11-14 11:44:51 - [MESSAGE][PASSED] - Browser is opened with url: ''

2018-11-14 11:44:51 - [TEST_STEP][PASSED] - navigateToUrl: Navigate to 'https://epulsedev2.com' successfully

2018-11-14 11:44:54 - [MESSAGE][PASSED] - Navigate to 'https://epulsedev2.com' successfully

2018-11-14 11:44:54 - [TEST_STEP][PASSED] - setText: Text 'alonzo.mack@knowink.com' is set on object 'Object Repository/Login/Email Address'

2018-11-14 11:44:54 - [MESSAGE][PASSED] - Text 'alonzo.mack@knowink.com' is set on object 'Object Repository/Login/Email Address'

2018-11-14 11:44:54 - [TEST_STEP][PASSED] - setEncryptedText: Text ****** has been set on object 'Object Repository/Login/Password'

2018-11-14 11:44:54 - [MESSAGE][PASSED] - Text ****** has been set on object 'Object Repository/Login/Password'

2018-11-14 11:44:54 - [TEST_STEP][PASSED] - click: Object: 'Object Repository/Login/Sign In' is clicked on

2018-11-14 11:44:55 - [MESSAGE][PASSED] - Object: 'Object Repository/Login/Sign In' is clicked on

2018-11-14 11:44:55 - [TEST_STEP][PASSED] - delay: Delayed 1 second(s)

2018-11-14 11:44:56 - [MESSAGE][PASSED] - Delayed 1 second(s)

2018-11-14 11:44:56 - [TEST_STEP][PASSED] - navigateToUrl: Navigate to 'https://am-automation-test.epulsedev2.com/account_settings/poll_pad' successfully

2018-11-14 11:44:58 - [MESSAGE][PASSED] - Navigate to 'https://am-automation-test.epulsedev2.com/account_settings/poll_pad' successfully

2018-11-14 11:44:58 - [TEST_STEP][PASSED] - click: Object: 'Object Repository/Admin Console ePulse Menu/Account Settings/Poll Pad Setup/Demo Db' is clicked on

2018-11-14 11:44:58 - [MESSAGE][PASSED] - Object: 'Object Repository/Admin Console ePulse Menu/Account Settings/Poll Pad Setup/Demo Db' is clicked on

2018-11-14 11:44:58 - [TEST_STEP][PASSED] - delay: Delayed 1 second(s)

2018-11-14 11:44:59 - [MESSAGE][PASSED] - Delayed 1 second(s)

2018-11-14 11:44:59 - [TEST_STEP][PASSED] - setText: Text 'Demo DB' is set on object 'Object Repository/Admin Console ePulse Menu/Account Settings/Poll Pad Setup/DEMO DB/Demo DB Name'

2018-11-14 11:44:59 - [MESSAGE][PASSED] - Text 'Demo DB' is set on object 'Object Repository/Admin Console ePulse Menu/Account Settings/Poll Pad Setup/DEMO DB/Demo DB Name'

2018-11-14 11:44:59 - [TEST_STEP][PASSED] - delay: Delayed 1 second(s)

2018-11-14 11:45:00 - [MESSAGE][PASSED] - Delayed 1 second(s)

2018-11-14 11:45:00 - [TEST_STEP][NOT_RUN] - selectOptionByValue: NOT_RUN: selectOptionByValue

2018-11-14 11:45:00 - [MESSAGE][NOT_RUN] - NOT_RUN: selectOptionByValue

2018-11-14 11:45:00 - [TEST_STEP][NOT_RUN] - selectOptionByIndex: NOT_RUN: selectOptionByIndex

2018-11-14 11:45:00 - [MESSAGE][NOT_RUN] - NOT_RUN: selectOptionByIndex

2018-11-14 11:45:00 - [TEST_STEP][PASSED] - click: Object: 'Object Repository/Admin Console ePulse Menu/Account Settings/Poll Pad Setup/DEMO DB/Create Demo DB button' is clicked on

2018-11-14 11:45:03 - [MESSAGE][PASSED] - Object: 'Object Repository/Admin Console ePulse Menu/Account Settings/Poll Pad Setup/DEMO DB/Create Demo DB button' is clicked on

2018-11-14 11:45:03 - [TEST_STEP][FAILED] - verifyTextPresent: Unable to verify text 'Demo DB   processing...' is present  using regular expression (Root cause: Text 'Demo DB   processing...' is not present on page  using regular expression)

2018-11-14 11:45:03 - [MESSAGE][FAILED] - Text 'Demo DB   processing...' is not present on page  using regular expression

2018-11-14 11:45:03 - [MESSAGE][FAILED] - Unable to verify text 'Demo DB   processing...' is present  using regular expression (Root cause: Text 'Demo DB   processing...' is not present on page  using regular expression)
[[ATTACHMENT|/Users/alonzomack/Katalon Studio/Regression/Reports/Smoke Test(US)/20181114_114221/1542217503247.png]]]]></system-out>
         <system-err><![CDATA[2018-11-14 11:44:50 - [TEST_CASE][FAILED] - Test Cases/Admin Console/Account Settings/Poll Pad Setup/Poll Pad Setup - Demo DB: Test Cases/Admin Console/Account Settings/Poll Pad Setup/Poll Pad Setup - Demo DB FAILED because (of) (Stack trace: com.kms.katalon.core.exception.StepFailedException: Unable to verify text 'Demo DB   processing...' is present  using regular expression (Root cause: Text 'Demo DB   processing...' is not present on page  using regular expression)
	at com.kms.katalon.core.keyword.internal.KeywordMain.stepFailed(KeywordMain.groovy:36)
	at com.kms.katalon.core.webui.keyword.internal.WebUIKeywordMain.stepFailed(WebUIKeywordMain.groovy:65)
	at com.kms.katalon.core.webui.keyword.internal.WebUIKeywordMain.runKeyword(WebUIKeywordMain.groovy:27)
	at com.kms.katalon.core.webui.keyword.builtin.VerifyTextPresentKeyword.verifyTextPresent(VerifyTextPresentKeyword.groovy:83)
	at com.kms.katalon.core.webui.keyword.builtin.VerifyTextPresentKeyword.execute(VerifyTextPresentKeyword.groovy:68)
	at com.kms.katalon.core.keyword.internal.KeywordExecutor.executeKeywordForPlatform(KeywordExecutor.groovy:53)
	at com.kms.katalon.core.webui.keyword.WebUiBuiltInKeywords.verifyTextPresent(WebUiBuiltInKeywords.groovy:1693)
	at com.kms.katalon.core.webui.keyword.WebUiBuiltInKeywords$verifyTextPresent$7.call(Unknown Source)
	at org.codehaus.groovy.runtime.callsite.CallSiteArray.defaultCall(CallSiteArray.java:48)
	at org.codehaus.groovy.runtime.callsite.AbstractCallSite.call(AbstractCallSite.java:113)
	at org.codehaus.groovy.runtime.callsite.AbstractCallSite.call(AbstractCallSite.java:133)
	at Script1541178134981.run(Script1541178134981.groovy:51)
	at com.kms.katalon.core.main.ScriptEngine.run(ScriptEngine.java:183)
	at com.kms.katalon.core.main.ScriptEngine.runScriptAsRawText(ScriptEngine.java:108)
	at com.kms.katalon.core.main.TestCaseExecutor.runScript(TestCaseExecutor.java:294)
	at com.kms.katalon.core.main.TestCaseExecutor.doExecute(TestCaseExecutor.java:285)
	at com.kms.katalon.core.main.TestCaseExecutor.processExecutionPhase(TestCaseExecutor.java:264)
	at com.kms.katalon.core.main.TestCaseExecutor.accessMainPhase(TestCaseExecutor.java:256)
	at com.kms.katalon.core.main.TestCaseExecutor.execute(TestCaseExecutor.java:200)
	at com.kms.katalon.core.main.TestSuiteExecutor.accessTestCaseMainPhase(TestSuiteExecutor.java:129)
	at com.kms.katalon.core.main.TestSuiteExecutor.accessTestSuiteMainPhase(TestSuiteExecutor.java:112)
	at com.kms.katalon.core.main.TestSuiteExecutor.execute(TestSuiteExecutor.java:81)
	at com.kms.katalon.core.main.TestCaseMain.startTestSuite(TestCaseMain.java:142)
	at com.kms.katalon.core.main.TestCaseMain$startTestSuite$0.call(Unknown Source)
	at org.codehaus.groovy.runtime.callsite.CallSiteArray.defaultCall(CallSiteArray.java:48)
	at org.codehaus.groovy.runtime.callsite.AbstractCallSite.call(AbstractCallSite.java:113)
	at org.codehaus.groovy.runtime.callsite.AbstractCallSite.call(AbstractCallSite.java:141)
	at TempTestSuite1542217342124.run(TempTestSuite1542217342124.groovy:36)
	at groovy.lang.GroovyShell.runScriptOrMainOrTestOrRunnable(GroovyShell.java:263)
	at groovy.lang.GroovyShell.run(GroovyShell.java:518)
	at groovy.lang.GroovyShell.run(GroovyShell.java:507)
	at groovy.ui.GroovyMain.processOnce(GroovyMain.java:653)
	at groovy.ui.GroovyMain.run(GroovyMain.java:384)
	at groovy.ui.GroovyMain.process(GroovyMain.java:370)
	at groovy.ui.GroovyMain.processArgs(GroovyMain.java:129)
	at groovy.ui.GroovyMain.main(GroovyMain.java:109)
	at sun.reflect.NativeMethodAccessorImpl.invoke0(Native Method)
	at sun.reflect.NativeMethodAccessorImpl.invoke(NativeMethodAccessorImpl.java:62)
	at sun.reflect.DelegatingMethodAccessorImpl.invoke(DelegatingMethodAccessorImpl.java:43)
	at java.lang.reflect.Method.invoke(Method.java:498)
	at org.codehaus.groovy.tools.GroovyStarter.rootLoader(GroovyStarter.java:109)
	at org.codehaus.groovy.tools.GroovyStarter.main(GroovyStarter.java:131)
)]]></system-err>
      </testcase>
      <system-out><![CDATA[2018-11-14 11:42:23 - [TEST_SUITE][FAILED] - Smoke Test(US): Test Cases/Admin Console/Account Settings/Poll Pad Setup/Poll Pad Setup - Demo DB FAILED because (of) (Stack trace: com.kms.katalon.core.exception.StepFailedException: Unable to verify text 'Demo DB   processing...' is present  using regular expression (Root cause: Text 'Demo DB   processing...' is not present on page  using regular expression)
	at com.kms.katalon.core.keyword.internal.KeywordMain.stepFailed(KeywordMain.groovy:36)
	at com.kms.katalon.core.webui.keyword.internal.WebUIKeywordMain.stepFailed(WebUIKeywordMain.groovy:65)
	at com.kms.katalon.core.webui.keyword.internal.WebUIKeywordMain.runKeyword(WebUIKeywordMain.groovy:27)
	at com.kms.katalon.core.webui.keyword.builtin.VerifyTextPresentKeyword.verifyTextPresent(VerifyTextPresentKeyword.groovy:83)
	at com.kms.katalon.core.webui.keyword.builtin.VerifyTextPresentKeyword.execute(VerifyTextPresentKeyword.groovy:68)
	at com.kms.katalon.core.keyword.internal.KeywordExecutor.executeKeywordForPlatform(KeywordExecutor.groovy:53)
	at com.kms.katalon.core.webui.keyword.WebUiBuiltInKeywords.verifyTextPresent(WebUiBuiltInKeywords.groovy:1693)
	at com.kms.katalon.core.webui.keyword.WebUiBuiltInKeywords$verifyTextPresent$7.call(Unknown Source)
	at org.codehaus.groovy.runtime.callsite.CallSiteArray.defaultCall(CallSiteArray.java:48)
	at org.codehaus.groovy.runtime.callsite.AbstractCallSite.call(AbstractCallSite.java:113)
	at org.codehaus.groovy.runtime.callsite.AbstractCallSite.call(AbstractCallSite.java:133)
	at Script1541178134981.run(Script1541178134981.groovy:51)
	at com.kms.katalon.core.main.ScriptEngine.run(ScriptEngine.java:183)
	at com.kms.katalon.core.main.ScriptEngine.runScriptAsRawText(ScriptEngine.java:108)
	at com.kms.katalon.core.main.TestCaseExecutor.runScript(TestCaseExecutor.java:294)
	at com.kms.katalon.core.main.TestCaseExecutor.doExecute(TestCaseExecutor.java:285)
	at com.kms.katalon.core.main.TestCaseExecutor.processExecutionPhase(TestCaseExecutor.java:264)
	at com.kms.katalon.core.main.TestCaseExecutor.accessMainPhase(TestCaseExecutor.java:256)
	at com.kms.katalon.core.main.TestCaseExecutor.execute(TestCaseExecutor.java:200)
	at com.kms.katalon.core.main.TestSuiteExecutor.accessTestCaseMainPhase(TestSuiteExecutor.java:129)
	at com.kms.katalon.core.main.TestSuiteExecutor.accessTestSuiteMainPhase(TestSuiteExecutor.java:112)
	at com.kms.katalon.core.main.TestSuiteExecutor.execute(TestSuiteExecutor.java:81)
	at com.kms.katalon.core.main.TestCaseMain.startTestSuite(TestCaseMain.java:142)
	at com.kms.katalon.core.main.TestCaseMain$startTestSuite$0.call(Unknown Source)
	at org.codehaus.groovy.runtime.callsite.CallSiteArray.defaultCall(CallSiteArray.java:48)
	at org.codehaus.groovy.runtime.callsite.AbstractCallSite.call(AbstractCallSite.java:113)
	at org.codehaus.groovy.runtime.callsite.AbstractCallSite.call(AbstractCallSite.java:141)
	at TempTestSuite1542217342124.run(TempTestSuite1542217342124.groovy:36)
	at groovy.lang.GroovyShell.runScriptOrMainOrTestOrRunnable(GroovyShell.java:263)
	at groovy.lang.GroovyShell.run(GroovyShell.java:518)
	at groovy.lang.GroovyShell.run(GroovyShell.java:507)
	at groovy.ui.GroovyMain.processOnce(GroovyMain.java:653)
	at groovy.ui.GroovyMain.run(GroovyMain.java:384)
	at groovy.ui.GroovyMain.process(GroovyMain.java:370)
	at groovy.ui.GroovyMain.processArgs(GroovyMain.java:129)
	at groovy.ui.GroovyMain.main(GroovyMain.java:109)
	at sun.reflect.NativeMethodAccessorImpl.invoke0(Native Method)
	at sun.reflect.NativeMethodAccessorImpl.invoke(NativeMethodAccessorImpl.java:62)
	at sun.reflect.DelegatingMethodAccessorImpl.invoke(DelegatingMethodAccessorImpl.java:43)
	at java.lang.reflect.Method.invoke(Method.java:498)
	at org.codehaus.groovy.tools.GroovyStarter.rootLoader(GroovyStarter.java:109)
	at org.codehaus.groovy.tools.GroovyStarter.main(GroovyStarter.java:131)
)]]></system-out>
      <system-err><![CDATA[2018-11-14 11:42:23 - [TEST_SUITE][FAILED] - Smoke Test(US): Test Cases/Admin Console/Account Settings/Poll Pad Setup/Poll Pad Setup - Demo DB FAILED because (of) (Stack trace: com.kms.katalon.core.exception.StepFailedException: Unable to verify text 'Demo DB   processing...' is present  using regular expression (Root cause: Text 'Demo DB   processing...' is not present on page  using regular expression)
	at com.kms.katalon.core.keyword.internal.KeywordMain.stepFailed(KeywordMain.groovy:36)
	at com.kms.katalon.core.webui.keyword.internal.WebUIKeywordMain.stepFailed(WebUIKeywordMain.groovy:65)
	at com.kms.katalon.core.webui.keyword.internal.WebUIKeywordMain.runKeyword(WebUIKeywordMain.groovy:27)
	at com.kms.katalon.core.webui.keyword.builtin.VerifyTextPresentKeyword.verifyTextPresent(VerifyTextPresentKeyword.groovy:83)
	at com.kms.katalon.core.webui.keyword.builtin.VerifyTextPresentKeyword.execute(VerifyTextPresentKeyword.groovy:68)
	at com.kms.katalon.core.keyword.internal.KeywordExecutor.executeKeywordForPlatform(KeywordExecutor.groovy:53)
	at com.kms.katalon.core.webui.keyword.WebUiBuiltInKeywords.verifyTextPresent(WebUiBuiltInKeywords.groovy:1693)
	at com.kms.katalon.core.webui.keyword.WebUiBuiltInKeywords$verifyTextPresent$7.call(Unknown Source)
	at org.codehaus.groovy.runtime.callsite.CallSiteArray.defaultCall(CallSiteArray.java:48)
	at org.codehaus.groovy.runtime.callsite.AbstractCallSite.call(AbstractCallSite.java:113)
	at org.codehaus.groovy.runtime.callsite.AbstractCallSite.call(AbstractCallSite.java:133)
	at Script1541178134981.run(Script1541178134981.groovy:51)
	at com.kms.katalon.core.main.ScriptEngine.run(ScriptEngine.java:183)
	at com.kms.katalon.core.main.ScriptEngine.runScriptAsRawText(ScriptEngine.java:108)
	at com.kms.katalon.core.main.TestCaseExecutor.runScript(TestCaseExecutor.java:294)
	at com.kms.katalon.core.main.TestCaseExecutor.doExecute(TestCaseExecutor.java:285)
	at com.kms.katalon.core.main.TestCaseExecutor.processExecutionPhase(TestCaseExecutor.java:264)
	at com.kms.katalon.core.main.TestCaseExecutor.accessMainPhase(TestCaseExecutor.java:256)
	at com.kms.katalon.core.main.TestCaseExecutor.execute(TestCaseExecutor.java:200)
	at com.kms.katalon.core.main.TestSuiteExecutor.accessTestCaseMainPhase(TestSuiteExecutor.java:129)
	at com.kms.katalon.core.main.TestSuiteExecutor.accessTestSuiteMainPhase(TestSuiteExecutor.java:112)
	at com.kms.katalon.core.main.TestSuiteExecutor.execute(TestSuiteExecutor.java:81)
	at com.kms.katalon.core.main.TestCaseMain.startTestSuite(TestCaseMain.java:142)
	at com.kms.katalon.core.main.TestCaseMain$startTestSuite$0.call(Unknown Source)
	at org.codehaus.groovy.runtime.callsite.CallSiteArray.defaultCall(CallSiteArray.java:48)
	at org.codehaus.groovy.runtime.callsite.AbstractCallSite.call(AbstractCallSite.java:113)
	at org.codehaus.groovy.runtime.callsite.AbstractCallSite.call(AbstractCallSite.java:141)
	at TempTestSuite1542217342124.run(TempTestSuite1542217342124.groovy:36)
	at groovy.lang.GroovyShell.runScriptOrMainOrTestOrRunnable(GroovyShell.java:263)
	at groovy.lang.GroovyShell.run(GroovyShell.java:518)
	at groovy.lang.GroovyShell.run(GroovyShell.java:507)
	at groovy.ui.GroovyMain.processOnce(GroovyMain.java:653)
	at groovy.ui.GroovyMain.run(GroovyMain.java:384)
	at groovy.ui.GroovyMain.process(GroovyMain.java:370)
	at groovy.ui.GroovyMain.processArgs(GroovyMain.java:129)
	at groovy.ui.GroovyMain.main(GroovyMain.java:109)
	at sun.reflect.NativeMethodAccessorImpl.invoke0(Native Method)
	at sun.reflect.NativeMethodAccessorImpl.invoke(NativeMethodAccessorImpl.java:62)
	at sun.reflect.DelegatingMethodAccessorImpl.invoke(DelegatingMethodAccessorImpl.java:43)
	at java.lang.reflect.Method.invoke(Method.java:498)
	at org.codehaus.groovy.tools.GroovyStarter.rootLoader(GroovyStarter.java:109)
	at org.codehaus.groovy.tools.GroovyStarter.main(GroovyStarter.java:131)
)]]></system-err>
   </testsuite>
</testsuites>
