<?xml version="1.0" encoding="UTF-8"?>
<testsuites name="Smoke Test(US)" time="320" tests="14" failures="1" errors="0">
   <testsuite name="Smoke Test(US)" tests="14" failures="1" errors="0" time="320" timestamp="2018-11-14 11:28:37" hostname="alonzomack - 10.130.25.110" id="Test Suites/Smoke Test(US)">
      <properties>
         <property name="deviceName" value=""/>
         <property name="devicePlatform" value=""/>
         <property name="logFolder" value="/Users/alonzomack/Katalon Studio/Regression/Reports/Smoke Test(US)/20181114_112836"/>
         <property name="logFiles" value="/Users/alonzomack/Katalon Studio/Regression/Reports/Smoke Test(US)/20181114_112836/execution0.log"/>
         <property name="attachments" value="/Users/alonzomack/Katalon Studio/Regression/Reports/Smoke Test(US)/20181114_112836/1542216785579.png"/>
         <property name="hostName" value="alonzomack - 10.130.25.110"/>
         <property name="os" value="Mac OS X 64bit"/>
         <property name="katalonVersion" value="5.8.4.14"/>
         <property name="browser" value="Chrome 70.0.3538.102"/>
         <property name="hostAddress" value="10.130.25.110"/>
         <property name="sessionId" value="4da3e826e7992f27f9f83b65bc18d465"/>
         <property name="seleniumVersion" value="3.7.1"/>
         <property name="proxyInformation" value="ProxyInformation{proxyOption=NO_PROXY, proxyServerType=HTTP, password=, proxyServerAddress=, proxyServerPort=0}"/>
         <property name="platform" value="Mac OS X"/>
      </properties>
      <testcase name="Test Cases/SuperAdminConsole/Accounts/Create Account(SuperAdminConsole)" classname="Test Cases/SuperAdminConsole/Accounts/Create Account(SuperAdminConsole)" status="PASSED">
         <system-out><![CDATA[2018-11-14 11:28:38 - [TEST_CASE][PASSED] - Test Cases/SuperAdminConsole/Accounts/Create Account(SuperAdminConsole): Test Cases/SuperAdminConsole/Accounts/Create Account(SuperAdminConsole)

2018-11-14 11:28:38 - [TEST_STEP][PASSED] - openBrowser: Browser is opened with url: ''

2018-11-14 11:28:41 - [MESSAGE][PASSED] - Browser is opened with url: ''

2018-11-14 11:28:41 - [TEST_STEP][PASSED] - navigateToUrl: Navigate to 'https://epulsedev2.com' successfully

2018-11-14 11:28:42 - [MESSAGE][PASSED] - Navigate to 'https://epulsedev2.com' successfully

2018-11-14 11:28:42 - [TEST_STEP][PASSED] - setText: Text 'alonzo.mack@knowink.com' is set on object 'Object Repository/Login/Email Address'

2018-11-14 11:28:42 - [MESSAGE][PASSED] - Text 'alonzo.mack@knowink.com' is set on object 'Object Repository/Login/Email Address'

2018-11-14 11:28:42 - [TEST_STEP][PASSED] - setEncryptedText: Text ****** has been set on object 'Object Repository/Login/Password'

2018-11-14 11:28:43 - [MESSAGE][PASSED] - Text ****** has been set on object 'Object Repository/Login/Password'

2018-11-14 11:28:43 - [TEST_STEP][PASSED] - click: Object: 'Object Repository/Login/Sign In' is clicked on

2018-11-14 11:28:44 - [MESSAGE][PASSED] - Object: 'Object Repository/Login/Sign In' is clicked on

2018-11-14 11:28:44 - [TEST_STEP][PASSED] - delay: Delayed 1 second(s)

2018-11-14 11:28:45 - [MESSAGE][PASSED] - Delayed 1 second(s)

2018-11-14 11:28:45 - [TEST_STEP][PASSED] - click: Object: 'Object Repository/SuperAdminConsole/Account Creation/a_Add Account' is clicked on

2018-11-14 11:28:46 - [MESSAGE][PASSED] - Object: 'Object Repository/SuperAdminConsole/Account Creation/a_Add Account' is clicked on

2018-11-14 11:28:46 - [TEST_STEP][PASSED] - delay: Delayed 1 second(s)

2018-11-14 11:28:47 - [MESSAGE][PASSED] - Delayed 1 second(s)

2018-11-14 11:28:47 - [TEST_STEP][PASSED] - setText: Text 'am-Automation-test' is set on object 'Object Repository/SuperAdminConsole/Account Creation/Account Information/Display Title'

2018-11-14 11:28:47 - [MESSAGE][PASSED] - Text 'am-Automation-test' is set on object 'Object Repository/SuperAdminConsole/Account Creation/Account Information/Display Title'

2018-11-14 11:28:47 - [TEST_STEP][PASSED] - delay: Delayed 1 second(s)

2018-11-14 11:28:48 - [MESSAGE][PASSED] - Delayed 1 second(s)

2018-11-14 11:28:48 - [TEST_STEP][PASSED] - setText: Text 'am-Automation-test' is set on object 'Object Repository/SuperAdminConsole/Account Creation/Account Information/County'

2018-11-14 11:28:48 - [MESSAGE][PASSED] - Text 'am-Automation-test' is set on object 'Object Repository/SuperAdminConsole/Account Creation/Account Information/County'

2018-11-14 11:28:48 - [TEST_STEP][PASSED] - delay: Delayed 1 second(s)

2018-11-14 11:28:49 - [MESSAGE][PASSED] - Delayed 1 second(s)

2018-11-14 11:28:49 - [TEST_STEP][PASSED] - selectOptionByValue: All options with value 'MO' are selected in object 'Object Repository/SuperAdminConsole/Account Creation/Account Information/StateProvince'  using regular expression

2018-11-14 11:28:50 - [MESSAGE][PASSED] - All options with value 'MO' are selected in object 'Object Repository/SuperAdminConsole/Account Creation/Account Information/StateProvince'  using regular expression

2018-11-14 11:28:50 - [TEST_STEP][PASSED] - delay: Delayed 1 second(s)

2018-11-14 11:28:51 - [MESSAGE][PASSED] - Delayed 1 second(s)

2018-11-14 11:28:51 - [TEST_STEP][PASSED] - selectOptionByValue: All options with value '1' are selected in object 'Object Repository/SuperAdminConsole/Account Creation/Account Information/Pad Type'  using regular expression

2018-11-14 11:28:51 - [MESSAGE][PASSED] - All options with value '1' are selected in object 'Object Repository/SuperAdminConsole/Account Creation/Account Information/Pad Type'  using regular expression

2018-11-14 11:28:51 - [TEST_STEP][PASSED] - delay: Delayed 1 second(s)

2018-11-14 11:28:52 - [MESSAGE][PASSED] - Delayed 1 second(s)

2018-11-14 11:28:52 - [TEST_STEP][NOT_RUN] - selectOptionByValue: NOT_RUN: selectOptionByValue

2018-11-14 11:28:52 - [MESSAGE][NOT_RUN] - NOT_RUN: selectOptionByValue

2018-11-14 11:28:52 - [TEST_STEP][PASSED] - delay: Delayed 1 second(s)

2018-11-14 11:28:53 - [MESSAGE][PASSED] - Delayed 1 second(s)

2018-11-14 11:28:53 - [TEST_STEP][PASSED] - selectOptionByValue: All options with value 'mcvr' are selected in object 'Object Repository/SuperAdminConsole/Account Creation/Parsers and Exporters/Select_Voter File'  using regular expression

2018-11-14 11:28:54 - [MESSAGE][PASSED] - All options with value 'mcvr' are selected in object 'Object Repository/SuperAdminConsole/Account Creation/Parsers and Exporters/Select_Voter File'  using regular expression

2018-11-14 11:28:54 - [TEST_STEP][PASSED] - delay: Delayed 1 second(s)

2018-11-14 11:28:55 - [MESSAGE][PASSED] - Delayed 1 second(s)

2018-11-14 11:28:55 - [TEST_STEP][PASSED] - selectOptionByValue: All options with value 'mcvr' are selected in object 'Object Repository/SuperAdminConsole/Account Creation/Parsers and Exporters/Select_Supplemental file'  using regular expression

2018-11-14 11:28:55 - [MESSAGE][PASSED] - All options with value 'mcvr' are selected in object 'Object Repository/SuperAdminConsole/Account Creation/Parsers and Exporters/Select_Supplemental file'  using regular expression

2018-11-14 11:28:55 - [TEST_STEP][PASSED] - delay: Delayed 1 second(s)

2018-11-14 11:28:56 - [MESSAGE][PASSED] - Delayed 1 second(s)

2018-11-14 11:28:56 - [TEST_STEP][PASSED] - selectOptionByValue: All options with value 'epulse' are selected in object 'Object Repository/SuperAdminConsole/Account Creation/Parsers and Exporters/Polling Places'  using regular expression

2018-11-14 11:28:56 - [MESSAGE][PASSED] - All options with value 'epulse' are selected in object 'Object Repository/SuperAdminConsole/Account Creation/Parsers and Exporters/Polling Places'  using regular expression

2018-11-14 11:28:56 - [TEST_STEP][PASSED] - delay: Delayed 1 second(s)

2018-11-14 11:28:57 - [MESSAGE][PASSED] - Delayed 1 second(s)

2018-11-14 11:28:57 - [TEST_STEP][PASSED] - selectOptionByValue: All options with value 'mcvr' are selected in object 'Object Repository/SuperAdminConsole/Account Creation/Parsers and Exporters/Street Rules'  using regular expression

2018-11-14 11:28:58 - [MESSAGE][PASSED] - All options with value 'mcvr' are selected in object 'Object Repository/SuperAdminConsole/Account Creation/Parsers and Exporters/Street Rules'  using regular expression

2018-11-14 11:28:58 - [TEST_STEP][PASSED] - delay: Delayed 1 second(s)

2018-11-14 11:28:59 - [MESSAGE][PASSED] - Delayed 1 second(s)

2018-11-14 11:28:59 - [TEST_STEP][PASSED] - selectOptionByValue: All options with value 'mcvr' are selected in object 'Object Repository/SuperAdminConsole/Account Creation/Parsers and Exporters/Voter History Exporter'  using regular expression

2018-11-14 11:28:59 - [MESSAGE][PASSED] - All options with value 'mcvr' are selected in object 'Object Repository/SuperAdminConsole/Account Creation/Parsers and Exporters/Voter History Exporter'  using regular expression

2018-11-14 11:28:59 - [TEST_STEP][PASSED] - delay: Delayed 1 second(s)

2018-11-14 11:29:00 - [MESSAGE][PASSED] - Delayed 1 second(s)

2018-11-14 11:29:00 - [TEST_STEP][PASSED] - selectOptionByValue: All options with value 'epulse' are selected in object 'Object Repository/SuperAdminConsole/Account Creation/Parsers and Exporters/Signature Parser'  using regular expression

2018-11-14 11:29:00 - [MESSAGE][PASSED] - All options with value 'epulse' are selected in object 'Object Repository/SuperAdminConsole/Account Creation/Parsers and Exporters/Signature Parser'  using regular expression

2018-11-14 11:29:00 - [TEST_STEP][PASSED] - delay: Delayed 1 second(s)

2018-11-14 11:29:01 - [MESSAGE][PASSED] - Delayed 1 second(s)

2018-11-14 11:29:01 - [TEST_STEP][PASSED] - click: Object: 'Object Repository/SuperAdminConsole/Account Creation/Parsers and Exporters/Submit' is clicked on

2018-11-14 11:29:02 - [MESSAGE][PASSED] - Object: 'Object Repository/SuperAdminConsole/Account Creation/Parsers and Exporters/Submit' is clicked on

2018-11-14 11:29:02 - [TEST_STEP][PASSED] - delay: Delayed 1 second(s)

2018-11-14 11:29:03 - [MESSAGE][PASSED] - Delayed 1 second(s)

2018-11-14 11:29:03 - [TEST_STEP][PASSED] - closeBrowser: Browser is closed

2018-11-14 11:29:04 - [MESSAGE][PASSED] - Browser is closed]]></system-out>
         <system-err><![CDATA[]]></system-err>
      </testcase>
      <testcase name="Test Cases/Admin Console/Election Setup/Election Creation" classname="Test Cases/Admin Console/Election Setup/Election Creation" status="PASSED">
         <system-out><![CDATA[2018-11-14 11:29:04 - [TEST_CASE][PASSED] - Test Cases/Admin Console/Election Setup/Election Creation: Test Cases/Admin Console/Election Setup/Election Creation

2018-11-14 11:29:04 - [TEST_STEP][PASSED] - openBrowser: Browser is opened with url: ''

2018-11-14 11:29:05 - [MESSAGE][PASSED] - Browser is opened with url: ''

2018-11-14 11:29:05 - [TEST_STEP][PASSED] - navigateToUrl: Navigate to 'https://epulsedev2.com' successfully

2018-11-14 11:29:06 - [MESSAGE][PASSED] - Navigate to 'https://epulsedev2.com' successfully

2018-11-14 11:29:06 - [TEST_STEP][PASSED] - setText: Text 'alonzo.mack@knowink.com' is set on object 'Object Repository/Login/Email Address'

2018-11-14 11:29:06 - [MESSAGE][PASSED] - Text 'alonzo.mack@knowink.com' is set on object 'Object Repository/Login/Email Address'

2018-11-14 11:29:06 - [TEST_STEP][PASSED] - setEncryptedText: Text ****** has been set on object 'Object Repository/Login/Password'

2018-11-14 11:29:07 - [MESSAGE][PASSED] - Text ****** has been set on object 'Object Repository/Login/Password'

2018-11-14 11:29:07 - [TEST_STEP][PASSED] - click: Object: 'Object Repository/Login/Sign In' is clicked on

2018-11-14 11:29:07 - [MESSAGE][PASSED] - Object: 'Object Repository/Login/Sign In' is clicked on

2018-11-14 11:29:07 - [TEST_STEP][PASSED] - delay: Delayed 1 second(s)

2018-11-14 11:29:08 - [MESSAGE][PASSED] - Delayed 1 second(s)

2018-11-14 11:29:08 - [TEST_STEP][PASSED] - navigateToUrl: Navigate to 'https://am-automation-test.epulsedev2.com/elections/new' successfully

2018-11-14 11:29:09 - [MESSAGE][PASSED] - Navigate to 'https://am-automation-test.epulsedev2.com/elections/new' successfully

2018-11-14 11:29:09 - [TEST_STEP][PASSED] - setText: Text '/Users/alonzomack/Downloads/Imports/Missouri/voters_200_mcvr.txt' is set on object 'Object Repository/Common ePulse Objects/Choose File'

2018-11-14 11:29:10 - [MESSAGE][PASSED] - Text '/Users/alonzomack/Downloads/Imports/Missouri/voters_200_mcvr.txt' is set on object 'Object Repository/Common ePulse Objects/Choose File'

2018-11-14 11:29:10 - [TEST_STEP][PASSED] - click: Object: 'Object Repository/Common ePulse Objects/Continue Button' is clicked on

2018-11-14 11:29:10 - [MESSAGE][PASSED] - Object: 'Object Repository/Common ePulse Objects/Continue Button' is clicked on

2018-11-14 11:29:10 - [TEST_STEP][PASSED] - delay: Delayed 10 second(s)

2018-11-14 11:29:20 - [MESSAGE][PASSED] - Delayed 10 second(s)

2018-11-14 11:29:20 - [TEST_STEP][PASSED] - setText: Text 'Election Creation' is set on object 'Object Repository/Admin Console ePulse Menu/Election Setup/Election Creation/Election Name'

2018-11-14 11:29:20 - [MESSAGE][PASSED] - Text 'Election Creation' is set on object 'Object Repository/Admin Console ePulse Menu/Election Setup/Election Creation/Election Name'

2018-11-14 11:29:20 - [TEST_STEP][PASSED] - setText: Text '123' is set on object 'Object Repository/Admin Console ePulse Menu/Election Setup/Election Creation/Election Code'

2018-11-14 11:29:20 - [MESSAGE][PASSED] - Text '123' is set on object 'Object Repository/Admin Console ePulse Menu/Election Setup/Election Creation/Election Code'

2018-11-14 11:29:20 - [TEST_STEP][PASSED] - selectOptionByValue: All options with value 'general' are selected in object 'Object Repository/Admin Console ePulse Menu/Election Setup/Election Creation/Select Election Type'  using regular expression

2018-11-14 11:29:20 - [MESSAGE][PASSED] - All options with value 'general' are selected in object 'Object Repository/Admin Console ePulse Menu/Election Setup/Election Creation/Select Election Type'  using regular expression

2018-11-14 11:29:20 - [TEST_STEP][PASSED] - setText: Text '07/21/2021' is set on object 'Object Repository/Admin Console ePulse Menu/Election Setup/Election Creation/DATE'

2018-11-14 11:29:20 - [MESSAGE][PASSED] - Text '07/21/2021' is set on object 'Object Repository/Admin Console ePulse Menu/Election Setup/Election Creation/DATE'

2018-11-14 11:29:20 - [TEST_STEP][PASSED] - delay: Delayed 10 second(s)

2018-11-14 11:29:30 - [MESSAGE][PASSED] - Delayed 10 second(s)

2018-11-14 11:29:30 - [TEST_STEP][PASSED] - click: Object: 'Object Repository/Admin Console ePulse Menu/Election Setup/Election Creation/Next' is clicked on

2018-11-14 11:29:31 - [MESSAGE][PASSED] - Object: 'Object Repository/Admin Console ePulse Menu/Election Setup/Election Creation/Next' is clicked on

2018-11-14 11:29:31 - [TEST_STEP][PASSED] - delay: Delayed 10 second(s)

2018-11-14 11:29:41 - [MESSAGE][PASSED] - Delayed 10 second(s)

2018-11-14 11:29:41 - [TEST_STEP][PASSED] - click: Object: 'Object Repository/Admin Console ePulse Menu/Election Setup/Election Creation/Step3 Done' is clicked on

2018-11-14 11:29:42 - [MESSAGE][PASSED] - Object: 'Object Repository/Admin Console ePulse Menu/Election Setup/Election Creation/Step3 Done' is clicked on

2018-11-14 11:29:42 - [TEST_STEP][PASSED] - delay: Delayed 10 second(s)

2018-11-14 11:29:52 - [MESSAGE][PASSED] - Delayed 10 second(s)

2018-11-14 11:29:52 - [TEST_STEP][PASSED] - click: Object: 'Object Repository/Admin Console ePulse Menu/Election Setup/Election Creation/Step4 Done' is clicked on

2018-11-14 11:29:53 - [MESSAGE][PASSED] - Object: 'Object Repository/Admin Console ePulse Menu/Election Setup/Election Creation/Step4 Done' is clicked on

2018-11-14 11:29:53 - [TEST_STEP][PASSED] - delay: Delayed 10 second(s)

2018-11-14 11:30:03 - [MESSAGE][PASSED] - Delayed 10 second(s)

2018-11-14 11:30:03 - [TEST_STEP][PASSED] - click: Object: 'Object Repository/Admin Console ePulse Menu/Election Setup/Election Creation/Step5 Confirm' is clicked on

2018-11-14 11:30:03 - [MESSAGE][PASSED] - Object: 'Object Repository/Admin Console ePulse Menu/Election Setup/Election Creation/Step5 Confirm' is clicked on

2018-11-14 11:30:03 - [TEST_STEP][PASSED] - delay: Delayed 20 second(s)

2018-11-14 11:30:23 - [MESSAGE][PASSED] - Delayed 20 second(s)

2018-11-14 11:30:23 - [TEST_STEP][PASSED] - verifyTextPresent: Text 'Election Creation' is present on page  using regular expression

2018-11-14 11:30:23 - [MESSAGE][PASSED] - Text 'Election Creation' is present on page  using regular expression

2018-11-14 11:30:23 - [TEST_STEP][PASSED] - verifyTextPresent: Text 'Election Seed Files' is present on page  using regular expression

2018-11-14 11:30:23 - [MESSAGE][PASSED] - Text 'Election Seed Files' is present on page  using regular expression

2018-11-14 11:30:23 - [TEST_STEP][PASSED] - delay: Delayed 1 second(s)

2018-11-14 11:30:24 - [MESSAGE][PASSED] - Delayed 1 second(s)

2018-11-14 11:30:24 - [TEST_STEP][PASSED] - navigateToUrl: Navigate to 'https://am-automation-test.epulsedev2.com/voters#sort=last_name&direction=asc&display=list&page=1' successfully

2018-11-14 11:30:25 - [MESSAGE][PASSED] - Navigate to 'https://am-automation-test.epulsedev2.com/voters#sort=last_name&direction=asc&display=list&page=1' successfully

2018-11-14 11:30:25 - [TEST_STEP][PASSED] - delay: Delayed 1 second(s)

2018-11-14 11:30:26 - [MESSAGE][PASSED] - Delayed 1 second(s)

2018-11-14 11:30:26 - [TEST_STEP][PASSED] - delay: Delayed 1 second(s)

2018-11-14 11:30:27 - [MESSAGE][PASSED] - Delayed 1 second(s)

2018-11-14 11:30:27 - [TEST_STEP][PASSED] - verifyTextPresent: Text 'TWEEDIE MARIE AARON' is present on page  using regular expression

2018-11-14 11:30:27 - [MESSAGE][PASSED] - Text 'TWEEDIE MARIE AARON' is present on page  using regular expression

2018-11-14 11:30:27 - [TEST_STEP][PASSED] - closeBrowser: Browser is closed

2018-11-14 11:30:27 - [MESSAGE][PASSED] - Browser is closed]]></system-out>
         <system-err><![CDATA[]]></system-err>
      </testcase>
      <testcase name="Test Cases/Admin Console/Election Setup/Election Creation - Upload Supplemental" classname="Test Cases/Admin Console/Election Setup/Election Creation - Upload Supplemental" status="PASSED">
         <system-out><![CDATA[2018-11-14 11:30:27 - [TEST_CASE][PASSED] - Test Cases/Admin Console/Election Setup/Election Creation - Upload Supplemental: Test Cases/Admin Console/Election Setup/Election Creation - Upload Supplemental

2018-11-14 11:30:28 - [TEST_STEP][PASSED] - openBrowser: Browser is opened with url: ''

2018-11-14 11:30:29 - [MESSAGE][PASSED] - Browser is opened with url: ''

2018-11-14 11:30:29 - [TEST_STEP][PASSED] - navigateToUrl: Navigate to 'https://epulsedev2.com' successfully

2018-11-14 11:30:30 - [MESSAGE][PASSED] - Navigate to 'https://epulsedev2.com' successfully

2018-11-14 11:30:30 - [TEST_STEP][PASSED] - setText: Text 'alonzo.mack@knowink.com' is set on object 'Object Repository/Login/Email Address'

2018-11-14 11:30:30 - [MESSAGE][PASSED] - Text 'alonzo.mack@knowink.com' is set on object 'Object Repository/Login/Email Address'

2018-11-14 11:30:30 - [TEST_STEP][PASSED] - setEncryptedText: Text ****** has been set on object 'Object Repository/Login/Password'

2018-11-14 11:30:31 - [MESSAGE][PASSED] - Text ****** has been set on object 'Object Repository/Login/Password'

2018-11-14 11:30:31 - [TEST_STEP][PASSED] - click: Object: 'Object Repository/Login/Sign In' is clicked on

2018-11-14 11:30:32 - [MESSAGE][PASSED] - Object: 'Object Repository/Login/Sign In' is clicked on

2018-11-14 11:30:32 - [TEST_STEP][PASSED] - delay: Delayed 1 second(s)

2018-11-14 11:30:33 - [MESSAGE][PASSED] - Delayed 1 second(s)

2018-11-14 11:30:33 - [TEST_STEP][PASSED] - navigateToUrl: Navigate to 'https://am-automation-test.epulsedev2.com/elections/' successfully

2018-11-14 11:30:34 - [MESSAGE][PASSED] - Navigate to 'https://am-automation-test.epulsedev2.com/elections/' successfully

2018-11-14 11:30:34 - [TEST_STEP][PASSED] - click: Object: 'Object Repository/Admin Console ePulse Menu/Election Setup/Election Creation/Supplemental File Upload/Election (Election Creation)' is clicked on

2018-11-14 11:30:35 - [MESSAGE][PASSED] - Object: 'Object Repository/Admin Console ePulse Menu/Election Setup/Election Creation/Supplemental File Upload/Election (Election Creation)' is clicked on

2018-11-14 11:30:35 - [TEST_STEP][PASSED] - click: Object: 'Object Repository/Admin Console ePulse Menu/Election Setup/Election Creation/Supplemental File Upload/Import Supplemental Voters' is clicked on

2018-11-14 11:30:36 - [MESSAGE][PASSED] - Object: 'Object Repository/Admin Console ePulse Menu/Election Setup/Election Creation/Supplemental File Upload/Import Supplemental Voters' is clicked on

2018-11-14 11:30:36 - [TEST_STEP][PASSED] - setText: Text '/Users/alonzomack/Downloads/Automation uploads/voters_201_mcvr.txt' is set on object 'Object Repository/Common ePulse Objects/Choose File'

2018-11-14 11:30:36 - [MESSAGE][PASSED] - Text '/Users/alonzomack/Downloads/Automation uploads/voters_201_mcvr.txt' is set on object 'Object Repository/Common ePulse Objects/Choose File'

2018-11-14 11:30:36 - [TEST_STEP][PASSED] - delay: Delayed 1 second(s)

2018-11-14 11:30:37 - [MESSAGE][PASSED] - Delayed 1 second(s)

2018-11-14 11:30:37 - [TEST_STEP][PASSED] - click: Object: 'Object Repository/Common ePulse Objects/Continue Button' is clicked on

2018-11-14 11:30:37 - [MESSAGE][PASSED] - Object: 'Object Repository/Common ePulse Objects/Continue Button' is clicked on

2018-11-14 11:30:37 - [TEST_STEP][PASSED] - delay: Delayed 1 second(s)

2018-11-14 11:30:38 - [MESSAGE][PASSED] - Delayed 1 second(s)

2018-11-14 11:30:38 - [TEST_STEP][PASSED] - click: Object: 'Object Repository/Admin Console ePulse Menu/Election Setup/Election Creation/Supplemental File Upload/Done' is clicked on

2018-11-14 11:30:46 - [MESSAGE][PASSED] - Object: 'Object Repository/Admin Console ePulse Menu/Election Setup/Election Creation/Supplemental File Upload/Done' is clicked on

2018-11-14 11:30:46 - [TEST_STEP][PASSED] - verifyTextPresent: Text 'Election Creation' is present on page  using regular expression

2018-11-14 11:30:46 - [MESSAGE][PASSED] - Text 'Election Creation' is present on page  using regular expression

2018-11-14 11:30:46 - [TEST_STEP][PASSED] - verifyTextPresent: Text 'Election Seed Files' is present on page  using regular expression

2018-11-14 11:30:46 - [MESSAGE][PASSED] - Text 'Election Seed Files' is present on page  using regular expression

2018-11-14 11:30:46 - [TEST_STEP][PASSED] - delay: Delayed 1 second(s)

2018-11-14 11:30:47 - [MESSAGE][PASSED] - Delayed 1 second(s)

2018-11-14 11:30:47 - [TEST_STEP][PASSED] - navigateToUrl: Navigate to 'https://am-automation-test.epulsedev2.com/voters#sort=last_name&direction=asc&display=list&page=1' successfully

2018-11-14 11:30:48 - [MESSAGE][PASSED] - Navigate to 'https://am-automation-test.epulsedev2.com/voters#sort=last_name&direction=asc&display=list&page=1' successfully

2018-11-14 11:30:48 - [TEST_STEP][PASSED] - delay: Delayed 1 second(s)

2018-11-14 11:30:49 - [MESSAGE][PASSED] - Delayed 1 second(s)

2018-11-14 11:30:49 - [TEST_STEP][PASSED] - delay: Delayed 1 second(s)

2018-11-14 11:30:50 - [MESSAGE][PASSED] - Delayed 1 second(s)

2018-11-14 11:30:50 - [TEST_STEP][PASSED] - verifyTextPresent: Text 'ABRON A AAARON' is present on page  using regular expression

2018-11-14 11:30:50 - [MESSAGE][PASSED] - Text 'ABRON A AAARON' is present on page  using regular expression

2018-11-14 11:30:50 - [TEST_STEP][PASSED] - closeBrowser: Browser is closed

2018-11-14 11:30:50 - [MESSAGE][PASSED] - Browser is closed]]></system-out>
         <system-err><![CDATA[]]></system-err>
      </testcase>
      <testcase name="Test Cases/Admin Console/Account Settings/Add_Edit Voter/Add_Edit Voter - Import" classname="Test Cases/Admin Console/Account Settings/Add_Edit Voter/Add_Edit Voter - Import" status="PASSED">
         <system-out><![CDATA[2018-11-14 11:30:50 - [TEST_CASE][PASSED] - Test Cases/Admin Console/Account Settings/Add_Edit Voter/Add_Edit Voter - Import: Test Cases/Admin Console/Account Settings/Add_Edit Voter/Add_Edit Voter - Import

2018-11-14 11:30:50 - [TEST_STEP][PASSED] - openBrowser: Browser is opened with url: ''

2018-11-14 11:30:52 - [MESSAGE][PASSED] - Browser is opened with url: ''

2018-11-14 11:30:52 - [TEST_STEP][PASSED] - navigateToUrl: Navigate to 'https://epulsedev2.com' successfully

2018-11-14 11:30:53 - [MESSAGE][PASSED] - Navigate to 'https://epulsedev2.com' successfully

2018-11-14 11:30:53 - [TEST_STEP][PASSED] - setText: Text 'alonzo.mack@knowink.com' is set on object 'Object Repository/Login/Email Address'

2018-11-14 11:30:53 - [MESSAGE][PASSED] - Text 'alonzo.mack@knowink.com' is set on object 'Object Repository/Login/Email Address'

2018-11-14 11:30:53 - [TEST_STEP][PASSED] - setEncryptedText: Text ****** has been set on object 'Object Repository/Login/Password'

2018-11-14 11:30:53 - [MESSAGE][PASSED] - Text ****** has been set on object 'Object Repository/Login/Password'

2018-11-14 11:30:53 - [TEST_STEP][PASSED] - click: Object: 'Object Repository/Login/Sign In' is clicked on

2018-11-14 11:30:54 - [MESSAGE][PASSED] - Object: 'Object Repository/Login/Sign In' is clicked on

2018-11-14 11:30:54 - [TEST_STEP][PASSED] - delay: Delayed 1 second(s)

2018-11-14 11:30:55 - [MESSAGE][PASSED] - Delayed 1 second(s)

2018-11-14 11:30:55 - [TEST_STEP][PASSED] - navigateToUrl: Navigate to 'https://am-automation-test.epulsedev2.com/imports/add_voter' successfully

2018-11-14 11:30:56 - [MESSAGE][PASSED] - Navigate to 'https://am-automation-test.epulsedev2.com/imports/add_voter' successfully

2018-11-14 11:30:56 - [TEST_STEP][PASSED] - delay: Delayed 1 second(s)

2018-11-14 11:30:57 - [MESSAGE][PASSED] - Delayed 1 second(s)

2018-11-14 11:30:57 - [TEST_STEP][PASSED] - setText: Text '/Users/alonzomack/Downloads/Automation uploads/add_voter.txt' is set on object 'Object Repository/Admin Console ePulse Menu/Account Settings/Prompts/Import Prompts Buttons/Choose File'

2018-11-14 11:30:57 - [MESSAGE][PASSED] - Text '/Users/alonzomack/Downloads/Automation uploads/add_voter.txt' is set on object 'Object Repository/Admin Console ePulse Menu/Account Settings/Prompts/Import Prompts Buttons/Choose File'

2018-11-14 11:30:57 - [TEST_STEP][PASSED] - click: Object: 'Object Repository/Admin Console ePulse Menu/Account Settings/Prompts/Import Prompts Buttons/Continue Button' is clicked on

2018-11-14 11:30:57 - [MESSAGE][PASSED] - Object: 'Object Repository/Admin Console ePulse Menu/Account Settings/Prompts/Import Prompts Buttons/Continue Button' is clicked on

2018-11-14 11:30:57 - [TEST_STEP][PASSED] - delay: Delayed 2 second(s)

2018-11-14 11:30:59 - [MESSAGE][PASSED] - Delayed 2 second(s)

2018-11-14 11:30:59 - [TEST_STEP][PASSED] - click: Object: 'Object Repository/Admin Console ePulse Menu/Account Settings/Prompts/Import Prompts Buttons/button_Done(working)' is clicked on

2018-11-14 11:31:06 - [MESSAGE][PASSED] - Object: 'Object Repository/Admin Console ePulse Menu/Account Settings/Prompts/Import Prompts Buttons/button_Done(working)' is clicked on

2018-11-14 11:31:06 - [TEST_STEP][PASSED] - delay: Delayed 1 second(s)

2018-11-14 11:31:07 - [MESSAGE][PASSED] - Delayed 1 second(s)

2018-11-14 11:31:07 - [TEST_STEP][PASSED] - closeBrowser: Browser is closed

2018-11-14 11:31:07 - [MESSAGE][PASSED] - Browser is closed]]></system-out>
         <system-err><![CDATA[]]></system-err>
      </testcase>
      <testcase name="Test Cases/Admin Console/Account Settings/ID Methods/ID Methods - Add" classname="Test Cases/Admin Console/Account Settings/ID Methods/ID Methods - Add" status="PASSED">
         <system-out><![CDATA[2018-11-14 11:31:07 - [TEST_CASE][PASSED] - Test Cases/Admin Console/Account Settings/ID Methods/ID Methods - Add: Test Cases/Admin Console/Account Settings/ID Methods/ID Methods - Add

2018-11-14 11:31:07 - [TEST_STEP][PASSED] - openBrowser: Browser is opened with url: ''

2018-11-14 11:31:08 - [MESSAGE][PASSED] - Browser is opened with url: ''

2018-11-14 11:31:08 - [TEST_STEP][PASSED] - navigateToUrl: Navigate to 'https://epulsedev2.com' successfully

2018-11-14 11:31:10 - [MESSAGE][PASSED] - Navigate to 'https://epulsedev2.com' successfully

2018-11-14 11:31:10 - [TEST_STEP][PASSED] - setText: Text 'alonzo.mack@knowink.com' is set on object 'Object Repository/Login/Email Address'

2018-11-14 11:31:11 - [MESSAGE][PASSED] - Text 'alonzo.mack@knowink.com' is set on object 'Object Repository/Login/Email Address'

2018-11-14 11:31:11 - [TEST_STEP][PASSED] - setEncryptedText: Text ****** has been set on object 'Object Repository/Login/Password'

2018-11-14 11:31:11 - [MESSAGE][PASSED] - Text ****** has been set on object 'Object Repository/Login/Password'

2018-11-14 11:31:11 - [TEST_STEP][PASSED] - click: Object: 'Object Repository/Login/Sign In' is clicked on

2018-11-14 11:31:12 - [MESSAGE][PASSED] - Object: 'Object Repository/Login/Sign In' is clicked on

2018-11-14 11:31:12 - [TEST_STEP][PASSED] - delay: Delayed 1 second(s)

2018-11-14 11:31:13 - [MESSAGE][PASSED] - Delayed 1 second(s)

2018-11-14 11:31:13 - [TEST_STEP][PASSED] - navigateToUrl: Navigate to 'https://am-automation-test.epulsedev2.com/voter_id_methods' successfully

2018-11-14 11:31:15 - [MESSAGE][PASSED] - Navigate to 'https://am-automation-test.epulsedev2.com/voter_id_methods' successfully

2018-11-14 11:31:15 - [TEST_STEP][PASSED] - delay: Delayed 1 second(s)

2018-11-14 11:31:16 - [MESSAGE][PASSED] - Delayed 1 second(s)

2018-11-14 11:31:16 - [TEST_STEP][PASSED] - click: Object: 'Object Repository/Admin Console ePulse Menu/Account Settings/ID Methods/ID Methods Page/Add ID Method Button' is clicked on

2018-11-14 11:31:16 - [MESSAGE][PASSED] - Object: 'Object Repository/Admin Console ePulse Menu/Account Settings/ID Methods/ID Methods Page/Add ID Method Button' is clicked on

2018-11-14 11:31:16 - [TEST_STEP][PASSED] - setText: Text 'Drivers License' is set on object 'Object Repository/Admin Console ePulse Menu/Account Settings/ID Methods/New ID Method Modal/Name'

2018-11-14 11:31:16 - [MESSAGE][PASSED] - Text 'Drivers License' is set on object 'Object Repository/Admin Console ePulse Menu/Account Settings/ID Methods/New ID Method Modal/Name'

2018-11-14 11:31:16 - [TEST_STEP][PASSED] - setText: Text 'State Drivers License' is set on object 'Object Repository/Admin Console ePulse Menu/Account Settings/ID Methods/New ID Method Modal/Heading'

2018-11-14 11:31:16 - [MESSAGE][PASSED] - Text 'State Drivers License' is set on object 'Object Repository/Admin Console ePulse Menu/Account Settings/ID Methods/New ID Method Modal/Heading'

2018-11-14 11:31:16 - [TEST_STEP][PASSED] - selectOptionByValue: All options with value '1' are selected in object 'Object Repository/Admin Console ePulse Menu/Account Settings/ID Methods/New ID Method Modal/Select Color'  using regular expression

2018-11-14 11:31:16 - [MESSAGE][PASSED] - All options with value '1' are selected in object 'Object Repository/Admin Console ePulse Menu/Account Settings/ID Methods/New ID Method Modal/Select Color'  using regular expression

2018-11-14 11:31:16 - [TEST_STEP][PASSED] - setText: Text 'State Drivers License' is set on object 'Object Repository/Admin Console ePulse Menu/Account Settings/ID Methods/New ID Method Modal/Instructions'

2018-11-14 11:31:16 - [MESSAGE][PASSED] - Text 'State Drivers License' is set on object 'Object Repository/Admin Console ePulse Menu/Account Settings/ID Methods/New ID Method Modal/Instructions'

2018-11-14 11:31:16 - [TEST_STEP][PASSED] - setText: Text '1' is set on object 'Object Repository/Admin Console ePulse Menu/Account Settings/ID Methods/New ID Method Modal/Order'

2018-11-14 11:31:16 - [MESSAGE][PASSED] - Text '1' is set on object 'Object Repository/Admin Console ePulse Menu/Account Settings/ID Methods/New ID Method Modal/Order'

2018-11-14 11:31:16 - [TEST_STEP][PASSED] - click: Object: 'Object Repository/Admin Console ePulse Menu/Account Settings/ID Methods/New ID Method Modal/Show Does Name Match_slider' is clicked on

2018-11-14 11:31:16 - [MESSAGE][PASSED] - Object: 'Object Repository/Admin Console ePulse Menu/Account Settings/ID Methods/New ID Method Modal/Show Does Name Match_slider' is clicked on

2018-11-14 11:31:16 - [TEST_STEP][PASSED] - click: Object: 'Object Repository/Admin Console ePulse Menu/Account Settings/ID Methods/New ID Method Modal/Show Does Address Match_slider' is clicked on

2018-11-14 11:31:17 - [MESSAGE][PASSED] - Object: 'Object Repository/Admin Console ePulse Menu/Account Settings/ID Methods/New ID Method Modal/Show Does Address Match_slider' is clicked on

2018-11-14 11:31:17 - [TEST_STEP][PASSED] - click: Object: 'Object Repository/Admin Console ePulse Menu/Account Settings/ID Methods/New ID Method Modal/Show is ID Expired_slider' is clicked on

2018-11-14 11:31:17 - [MESSAGE][PASSED] - Object: 'Object Repository/Admin Console ePulse Menu/Account Settings/ID Methods/New ID Method Modal/Show is ID Expired_slider' is clicked on

2018-11-14 11:31:17 - [TEST_STEP][PASSED] - setText: Text 'No Drivers License?' is set on object 'Object Repository/Admin Console ePulse Menu/Account Settings/ID Methods/New ID Method Modal/Page_Epulse  am-Automation-test/Incorrect Heading'

2018-11-14 11:31:17 - [MESSAGE][PASSED] - Text 'No Drivers License?' is set on object 'Object Repository/Admin Console ePulse Menu/Account Settings/ID Methods/New ID Method Modal/Page_Epulse  am-Automation-test/Incorrect Heading'

2018-11-14 11:31:17 - [TEST_STEP][PASSED] - setText: Text 'Vote Provisional' is set on object 'Object Repository/Admin Console ePulse Menu/Account Settings/ID Methods/New ID Method Modal/Page_Epulse  am-Automation-test/Incorrect Instructions'

2018-11-14 11:31:17 - [MESSAGE][PASSED] - Text 'Vote Provisional' is set on object 'Object Repository/Admin Console ePulse Menu/Account Settings/ID Methods/New ID Method Modal/Page_Epulse  am-Automation-test/Incorrect Instructions'

2018-11-14 11:31:17 - [TEST_STEP][PASSED] - click: Object: 'Object Repository/Admin Console ePulse Menu/Account Settings/ID Methods/New ID Method Modal/Submit' is clicked on

2018-11-14 11:31:17 - [MESSAGE][PASSED] - Object: 'Object Repository/Admin Console ePulse Menu/Account Settings/ID Methods/New ID Method Modal/Submit' is clicked on]]></system-out>
         <system-err><![CDATA[]]></system-err>
      </testcase>
      <testcase name="Test Cases/Admin Console/Account Settings/ID Methods/ID Methods - Import" classname="Test Cases/Admin Console/Account Settings/ID Methods/ID Methods - Import" status="PASSED">
         <system-out><![CDATA[2018-11-14 11:31:17 - [TEST_CASE][PASSED] - Test Cases/Admin Console/Account Settings/ID Methods/ID Methods - Import: Test Cases/Admin Console/Account Settings/ID Methods/ID Methods - Import

2018-11-14 11:31:17 - [TEST_STEP][PASSED] - openBrowser: Browser is opened with url: ''

2018-11-14 11:31:17 - [MESSAGE][WARNING] - A browser is already opened. Closing browser and opening a new one

2018-11-14 11:31:19 - [MESSAGE][PASSED] - Browser is opened with url: ''

2018-11-14 11:31:19 - [TEST_STEP][PASSED] - navigateToUrl: Navigate to 'https://epulsedev2.com' successfully

2018-11-14 11:31:20 - [MESSAGE][PASSED] - Navigate to 'https://epulsedev2.com' successfully

2018-11-14 11:31:20 - [TEST_STEP][PASSED] - setText: Text 'alonzo.mack@knowink.com' is set on object 'Object Repository/Login/Email Address'

2018-11-14 11:31:21 - [MESSAGE][PASSED] - Text 'alonzo.mack@knowink.com' is set on object 'Object Repository/Login/Email Address'

2018-11-14 11:31:21 - [TEST_STEP][PASSED] - setEncryptedText: Text ****** has been set on object 'Object Repository/Login/Password'

2018-11-14 11:31:21 - [MESSAGE][PASSED] - Text ****** has been set on object 'Object Repository/Login/Password'

2018-11-14 11:31:21 - [TEST_STEP][PASSED] - click: Object: 'Object Repository/Login/Sign In' is clicked on

2018-11-14 11:31:22 - [MESSAGE][PASSED] - Object: 'Object Repository/Login/Sign In' is clicked on

2018-11-14 11:31:22 - [TEST_STEP][PASSED] - delay: Delayed 1 second(s)

2018-11-14 11:31:23 - [MESSAGE][PASSED] - Delayed 1 second(s)

2018-11-14 11:31:23 - [TEST_STEP][PASSED] - navigateToUrl: Navigate to 'https://am-automation-test.epulsedev2.com/voter_id_methods' successfully

2018-11-14 11:31:24 - [MESSAGE][PASSED] - Navigate to 'https://am-automation-test.epulsedev2.com/voter_id_methods' successfully

2018-11-14 11:31:24 - [TEST_STEP][PASSED] - click: Object: 'Object Repository/Admin Console ePulse Menu/Account Settings/ID Methods/ID Methods Page/Import' is clicked on

2018-11-14 11:31:25 - [MESSAGE][PASSED] - Object: 'Object Repository/Admin Console ePulse Menu/Account Settings/ID Methods/ID Methods Page/Import' is clicked on

2018-11-14 11:31:25 - [TEST_STEP][PASSED] - setText: Text '/Users/alonzomack/Downloads/Automation uploads/voter_id_methods.txt' is set on object 'Object Repository/Admin Console ePulse Menu/Account Settings/Prompts/Import Prompts Buttons/Choose File'

2018-11-14 11:31:25 - [MESSAGE][PASSED] - Text '/Users/alonzomack/Downloads/Automation uploads/voter_id_methods.txt' is set on object 'Object Repository/Admin Console ePulse Menu/Account Settings/Prompts/Import Prompts Buttons/Choose File'

2018-11-14 11:31:25 - [TEST_STEP][PASSED] - click: Object: 'Object Repository/Admin Console ePulse Menu/Account Settings/Prompts/Import Prompts Buttons/Continue Button' is clicked on

2018-11-14 11:31:25 - [MESSAGE][PASSED] - Object: 'Object Repository/Admin Console ePulse Menu/Account Settings/Prompts/Import Prompts Buttons/Continue Button' is clicked on

2018-11-14 11:31:25 - [TEST_STEP][PASSED] - delay: Delayed 1 second(s)

2018-11-14 11:31:26 - [MESSAGE][PASSED] - Delayed 1 second(s)

2018-11-14 11:31:26 - [TEST_STEP][PASSED] - click: Object: 'Object Repository/Admin Console ePulse Menu/Account Settings/Prompts/Import Prompts Buttons/button_Done(working)' is clicked on

2018-11-14 11:31:32 - [MESSAGE][PASSED] - Object: 'Object Repository/Admin Console ePulse Menu/Account Settings/Prompts/Import Prompts Buttons/button_Done(working)' is clicked on]]></system-out>
         <system-err><![CDATA[]]></system-err>
      </testcase>
      <testcase name="Test Cases/Admin Console/Account Settings/ID Methods/ID Methods - Delete" classname="Test Cases/Admin Console/Account Settings/ID Methods/ID Methods - Delete" status="PASSED">
         <system-out><![CDATA[2018-11-14 11:31:32 - [TEST_CASE][PASSED] - Test Cases/Admin Console/Account Settings/ID Methods/ID Methods - Delete: Test Cases/Admin Console/Account Settings/ID Methods/ID Methods - Delete

2018-11-14 11:31:32 - [TEST_STEP][PASSED] - openBrowser: Browser is opened with url: ''

2018-11-14 11:31:32 - [MESSAGE][WARNING] - A browser is already opened. Closing browser and opening a new one

2018-11-14 11:31:33 - [MESSAGE][PASSED] - Browser is opened with url: ''

2018-11-14 11:31:33 - [TEST_STEP][PASSED] - navigateToUrl: Navigate to 'https://epulsedev2.com' successfully

2018-11-14 11:31:34 - [MESSAGE][PASSED] - Navigate to 'https://epulsedev2.com' successfully

2018-11-14 11:31:34 - [TEST_STEP][PASSED] - setText: Text 'alonzo.mack@knowink.com' is set on object 'Object Repository/Login/Email Address'

2018-11-14 11:31:35 - [MESSAGE][PASSED] - Text 'alonzo.mack@knowink.com' is set on object 'Object Repository/Login/Email Address'

2018-11-14 11:31:35 - [TEST_STEP][PASSED] - setEncryptedText: Text ****** has been set on object 'Object Repository/Login/Password'

2018-11-14 11:31:35 - [MESSAGE][PASSED] - Text ****** has been set on object 'Object Repository/Login/Password'

2018-11-14 11:31:35 - [TEST_STEP][PASSED] - click: Object: 'Object Repository/Login/Sign In' is clicked on

2018-11-14 11:31:36 - [MESSAGE][PASSED] - Object: 'Object Repository/Login/Sign In' is clicked on

2018-11-14 11:31:36 - [TEST_STEP][PASSED] - delay: Delayed 1 second(s)

2018-11-14 11:31:37 - [MESSAGE][PASSED] - Delayed 1 second(s)

2018-11-14 11:31:37 - [TEST_STEP][PASSED] - navigateToUrl: Navigate to 'https://am-automation-test.epulsedev2.com/voter_id_methods' successfully

2018-11-14 11:31:38 - [MESSAGE][PASSED] - Navigate to 'https://am-automation-test.epulsedev2.com/voter_id_methods' successfully

2018-11-14 11:31:38 - [TEST_STEP][PASSED] - delay: Delayed 1 second(s)

2018-11-14 11:31:39 - [MESSAGE][PASSED] - Delayed 1 second(s)

2018-11-14 11:31:39 - [TEST_STEP][PASSED] - click: Object: 'Object Repository/Admin Console ePulse Menu/Account Settings/ID Methods/ID Methods Page/Page_Epulse  am-Automation-test/Delete Selected ID Method' is clicked on

2018-11-14 11:31:39 - [MESSAGE][PASSED] - Object: 'Object Repository/Admin Console ePulse Menu/Account Settings/ID Methods/ID Methods Page/Page_Epulse  am-Automation-test/Delete Selected ID Method' is clicked on

2018-11-14 11:31:39 - [TEST_STEP][PASSED] - delay: Delayed 3 second(s)

2018-11-14 11:31:42 - [MESSAGE][PASSED] - Delayed 3 second(s)

2018-11-14 11:31:42 - [TEST_STEP][PASSED] - acceptAlert: Alert accepted

2018-11-14 11:31:42 - [MESSAGE][PASSED] - Alert accepted

2018-11-14 11:31:42 - [TEST_STEP][PASSED] - closeBrowser: Browser is closed

2018-11-14 11:31:42 - [MESSAGE][PASSED] - Browser is closed]]></system-out>
         <system-err><![CDATA[]]></system-err>
      </testcase>
      <testcase name="Test Cases/Admin Console/Account Settings/Languages/Languages - Import" classname="Test Cases/Admin Console/Account Settings/Languages/Languages - Import" status="PASSED">
         <system-out><![CDATA[2018-11-14 11:31:42 - [TEST_CASE][PASSED] - Test Cases/Admin Console/Account Settings/Languages/Languages - Import: Test Cases/Admin Console/Account Settings/Languages/Languages - Import

2018-11-14 11:31:42 - [TEST_STEP][PASSED] - openBrowser: Browser is opened with url: ''

2018-11-14 11:31:43 - [MESSAGE][PASSED] - Browser is opened with url: ''

2018-11-14 11:31:43 - [TEST_STEP][PASSED] - navigateToUrl: Navigate to 'https://epulsedev2.com' successfully

2018-11-14 11:31:45 - [MESSAGE][PASSED] - Navigate to 'https://epulsedev2.com' successfully

2018-11-14 11:31:45 - [TEST_STEP][PASSED] - setText: Text 'alonzo.mack@knowink.com' is set on object 'Object Repository/Login/Email Address'

2018-11-14 11:31:45 - [MESSAGE][PASSED] - Text 'alonzo.mack@knowink.com' is set on object 'Object Repository/Login/Email Address'

2018-11-14 11:31:45 - [TEST_STEP][PASSED] - setEncryptedText: Text ****** has been set on object 'Object Repository/Login/Password'

2018-11-14 11:31:45 - [MESSAGE][PASSED] - Text ****** has been set on object 'Object Repository/Login/Password'

2018-11-14 11:31:45 - [TEST_STEP][PASSED] - click: Object: 'Object Repository/Login/Sign In' is clicked on

2018-11-14 11:31:46 - [MESSAGE][PASSED] - Object: 'Object Repository/Login/Sign In' is clicked on

2018-11-14 11:31:46 - [TEST_STEP][PASSED] - delay: Delayed 1 second(s)

2018-11-14 11:31:47 - [MESSAGE][PASSED] - Delayed 1 second(s)

2018-11-14 11:31:47 - [TEST_STEP][PASSED] - navigateToUrl: Navigate to 'https://am-automation-test.epulsedev2.com/imports/languages' successfully

2018-11-14 11:31:48 - [MESSAGE][PASSED] - Navigate to 'https://am-automation-test.epulsedev2.com/imports/languages' successfully

2018-11-14 11:31:48 - [TEST_STEP][PASSED] - delay: Delayed 1 second(s)

2018-11-14 11:31:49 - [MESSAGE][PASSED] - Delayed 1 second(s)

2018-11-14 11:31:49 - [TEST_STEP][PASSED] - setText: Text '/Users/alonzomack/Downloads/Automation uploads/languages.csv' is set on object 'Object Repository/Admin Console ePulse Menu/Account Settings/Prompts/Import Prompts Buttons/Choose File'

2018-11-14 11:31:49 - [MESSAGE][PASSED] - Text '/Users/alonzomack/Downloads/Automation uploads/languages.csv' is set on object 'Object Repository/Admin Console ePulse Menu/Account Settings/Prompts/Import Prompts Buttons/Choose File'

2018-11-14 11:31:49 - [TEST_STEP][PASSED] - click: Object: 'Object Repository/Admin Console ePulse Menu/Account Settings/Prompts/Import Prompts Buttons/Continue Button' is clicked on

2018-11-14 11:31:49 - [MESSAGE][PASSED] - Object: 'Object Repository/Admin Console ePulse Menu/Account Settings/Prompts/Import Prompts Buttons/Continue Button' is clicked on

2018-11-14 11:31:49 - [TEST_STEP][PASSED] - delay: Delayed 1 second(s)

2018-11-14 11:31:50 - [MESSAGE][PASSED] - Delayed 1 second(s)

2018-11-14 11:31:50 - [TEST_STEP][PASSED] - click: Object: 'Object Repository/Admin Console ePulse Menu/Account Settings/Prompts/Import Prompts Buttons/button_Done(working)' is clicked on

2018-11-14 11:31:57 - [MESSAGE][PASSED] - Object: 'Object Repository/Admin Console ePulse Menu/Account Settings/Prompts/Import Prompts Buttons/button_Done(working)' is clicked on

2018-11-14 11:31:57 - [TEST_STEP][PASSED] - delay: Delayed 1 second(s)

2018-11-14 11:31:58 - [MESSAGE][PASSED] - Delayed 1 second(s)

2018-11-14 11:31:58 - [TEST_STEP][PASSED] - closeBrowser: Browser is closed

2018-11-14 11:31:58 - [MESSAGE][PASSED] - Browser is closed]]></system-out>
         <system-err><![CDATA[]]></system-err>
      </testcase>
      <testcase name="Test Cases/Admin Console/Account Settings/Oaths/Oaths - Add" classname="Test Cases/Admin Console/Account Settings/Oaths/Oaths - Add" status="PASSED">
         <system-out><![CDATA[2018-11-14 11:31:58 - [TEST_CASE][PASSED] - Test Cases/Admin Console/Account Settings/Oaths/Oaths - Add: Test Cases/Admin Console/Account Settings/Oaths/Oaths - Add

2018-11-14 11:31:58 - [TEST_STEP][PASSED] - openBrowser: Browser is opened with url: ''

2018-11-14 11:31:59 - [MESSAGE][PASSED] - Browser is opened with url: ''

2018-11-14 11:31:59 - [TEST_STEP][PASSED] - navigateToUrl: Navigate to 'https://epulsedev2.com' successfully

2018-11-14 11:32:01 - [MESSAGE][PASSED] - Navigate to 'https://epulsedev2.com' successfully

2018-11-14 11:32:01 - [TEST_STEP][PASSED] - setText: Text 'alonzo.mack@knowink.com' is set on object 'Object Repository/Login/Email Address'

2018-11-14 11:32:02 - [MESSAGE][PASSED] - Text 'alonzo.mack@knowink.com' is set on object 'Object Repository/Login/Email Address'

2018-11-14 11:32:02 - [TEST_STEP][PASSED] - setEncryptedText: Text ****** has been set on object 'Object Repository/Login/Password'

2018-11-14 11:32:02 - [MESSAGE][PASSED] - Text ****** has been set on object 'Object Repository/Login/Password'

2018-11-14 11:32:02 - [TEST_STEP][PASSED] - click: Object: 'Object Repository/Login/Sign In' is clicked on

2018-11-14 11:32:03 - [MESSAGE][PASSED] - Object: 'Object Repository/Login/Sign In' is clicked on

2018-11-14 11:32:03 - [TEST_STEP][PASSED] - delay: Delayed 1 second(s)

2018-11-14 11:32:04 - [MESSAGE][PASSED] - Delayed 1 second(s)

2018-11-14 11:32:04 - [TEST_STEP][PASSED] - navigateToUrl: Navigate to 'https://am-automation-test.epulsedev2.com/account_oaths' successfully

2018-11-14 11:32:05 - [MESSAGE][PASSED] - Navigate to 'https://am-automation-test.epulsedev2.com/account_oaths' successfully

2018-11-14 11:32:05 - [TEST_STEP][PASSED] - delay: Delayed 1 second(s)

2018-11-14 11:32:06 - [MESSAGE][PASSED] - Delayed 1 second(s)

2018-11-14 11:32:06 - [TEST_STEP][PASSED] - click: Object: 'Object Repository/Admin Console ePulse Menu/Account Settings/Oaths/New Oath' is clicked on

2018-11-14 11:32:06 - [MESSAGE][PASSED] - Object: 'Object Repository/Admin Console ePulse Menu/Account Settings/Oaths/New Oath' is clicked on

2018-11-14 11:32:06 - [TEST_STEP][PASSED] - setText: Text 'ID Method' is set on object 'Object Repository/Admin Console ePulse Menu/Account Settings/Oaths/Add_Edit Oath/Oath Name'

2018-11-14 11:32:06 - [MESSAGE][PASSED] - Text 'ID Method' is set on object 'Object Repository/Admin Console ePulse Menu/Account Settings/Oaths/Add_Edit Oath/Oath Name'

2018-11-14 11:32:06 - [TEST_STEP][PASSED] - setText: Text 'Oath Instructions' is set on object 'Object Repository/Admin Console ePulse Menu/Account Settings/Oaths/Add_Edit Oath/Oath Instructions'

2018-11-14 11:32:06 - [MESSAGE][PASSED] - Text 'Oath Instructions' is set on object 'Object Repository/Admin Console ePulse Menu/Account Settings/Oaths/Add_Edit Oath/Oath Instructions'

2018-11-14 11:32:06 - [TEST_STEP][PASSED] - setText: Text 'Customize the oath displayed to voters' is set on object 'Object Repository/Admin Console ePulse Menu/Account Settings/Oaths/Add_Edit Oath/Customized Oath Text Area'

2018-11-14 11:32:07 - [MESSAGE][PASSED] - Text 'Customize the oath displayed to voters' is set on object 'Object Repository/Admin Console ePulse Menu/Account Settings/Oaths/Add_Edit Oath/Customized Oath Text Area'

2018-11-14 11:32:07 - [TEST_STEP][PASSED] - click: Object: 'Object Repository/Admin Console ePulse Menu/Account Settings/Oaths/Add_Edit Oath/Oath Type Dropdown' is clicked on

2018-11-14 11:32:07 - [MESSAGE][PASSED] - Object: 'Object Repository/Admin Console ePulse Menu/Account Settings/Oaths/Add_Edit Oath/Oath Type Dropdown' is clicked on

2018-11-14 11:32:07 - [TEST_STEP][PASSED] - click: Object: 'Object Repository/Admin Console ePulse Menu/Account Settings/Oaths/Add_Edit Oath/Id Method' is clicked on

2018-11-14 11:32:07 - [MESSAGE][PASSED] - Object: 'Object Repository/Admin Console ePulse Menu/Account Settings/Oaths/Add_Edit Oath/Id Method' is clicked on

2018-11-14 11:32:07 - [TEST_STEP][PASSED] - click: Object: 'Object Repository/Admin Console ePulse Menu/Account Settings/Oaths/Add_Edit Oath/Submit' is clicked on

2018-11-14 11:32:07 - [MESSAGE][PASSED] - Object: 'Object Repository/Admin Console ePulse Menu/Account Settings/Oaths/Add_Edit Oath/Submit' is clicked on

2018-11-14 11:32:07 - [TEST_STEP][PASSED] - delay: Delayed 1 second(s)

2018-11-14 11:32:08 - [MESSAGE][PASSED] - Delayed 1 second(s)

2018-11-14 11:32:08 - [TEST_STEP][PASSED] - click: Object: 'Object Repository/Admin Console ePulse Menu/Account Settings/Oaths/New Oath' is clicked on

2018-11-14 11:32:08 - [MESSAGE][PASSED] - Object: 'Object Repository/Admin Console ePulse Menu/Account Settings/Oaths/New Oath' is clicked on

2018-11-14 11:32:08 - [TEST_STEP][PASSED] - setText: Text 'Voter Check In Signing Page' is set on object 'Object Repository/Admin Console ePulse Menu/Account Settings/Oaths/Add_Edit Oath/Oath Name'

2018-11-14 11:32:08 - [MESSAGE][PASSED] - Text 'Voter Check In Signing Page' is set on object 'Object Repository/Admin Console ePulse Menu/Account Settings/Oaths/Add_Edit Oath/Oath Name'

2018-11-14 11:32:08 - [TEST_STEP][PASSED] - setText: Text 'Oath Instructions' is set on object 'Object Repository/Admin Console ePulse Menu/Account Settings/Oaths/Add_Edit Oath/Oath Instructions'

2018-11-14 11:32:08 - [MESSAGE][PASSED] - Text 'Oath Instructions' is set on object 'Object Repository/Admin Console ePulse Menu/Account Settings/Oaths/Add_Edit Oath/Oath Instructions'

2018-11-14 11:32:08 - [TEST_STEP][PASSED] - setText: Text 'Customize the oath displayed to voters' is set on object 'Object Repository/Admin Console ePulse Menu/Account Settings/Oaths/Add_Edit Oath/Customized Oath Text Area'

2018-11-14 11:32:09 - [MESSAGE][PASSED] - Text 'Customize the oath displayed to voters' is set on object 'Object Repository/Admin Console ePulse Menu/Account Settings/Oaths/Add_Edit Oath/Customized Oath Text Area'

2018-11-14 11:32:09 - [TEST_STEP][PASSED] - click: Object: 'Object Repository/Admin Console ePulse Menu/Account Settings/Oaths/Add_Edit Oath/Oath Type Dropdown' is clicked on

2018-11-14 11:32:09 - [MESSAGE][PASSED] - Object: 'Object Repository/Admin Console ePulse Menu/Account Settings/Oaths/Add_Edit Oath/Oath Type Dropdown' is clicked on

2018-11-14 11:32:09 - [TEST_STEP][PASSED] - click: Object: 'Object Repository/Admin Console ePulse Menu/Account Settings/Oaths/Add_Edit Oath/Voter Check In Signing Pa' is clicked on

2018-11-14 11:32:09 - [MESSAGE][PASSED] - Object: 'Object Repository/Admin Console ePulse Menu/Account Settings/Oaths/Add_Edit Oath/Voter Check In Signing Pa' is clicked on

2018-11-14 11:32:09 - [TEST_STEP][PASSED] - click: Object: 'Object Repository/Admin Console ePulse Menu/Account Settings/Oaths/Add_Edit Oath/Submit' is clicked on

2018-11-14 11:32:09 - [MESSAGE][PASSED] - Object: 'Object Repository/Admin Console ePulse Menu/Account Settings/Oaths/Add_Edit Oath/Submit' is clicked on

2018-11-14 11:32:09 - [TEST_STEP][PASSED] - delay: Delayed 1 second(s)

2018-11-14 11:32:10 - [MESSAGE][PASSED] - Delayed 1 second(s)

2018-11-14 11:32:10 - [TEST_STEP][PASSED] - click: Object: 'Object Repository/Admin Console ePulse Menu/Account Settings/Oaths/New Oath' is clicked on

2018-11-14 11:32:10 - [MESSAGE][PASSED] - Object: 'Object Repository/Admin Console ePulse Menu/Account Settings/Oaths/New Oath' is clicked on

2018-11-14 11:32:10 - [TEST_STEP][PASSED] - setText: Text 'Allow Voter to Vote' is set on object 'Object Repository/Admin Console ePulse Menu/Account Settings/Oaths/Add_Edit Oath/Oath Name'

2018-11-14 11:32:10 - [MESSAGE][PASSED] - Text 'Allow Voter to Vote' is set on object 'Object Repository/Admin Console ePulse Menu/Account Settings/Oaths/Add_Edit Oath/Oath Name'

2018-11-14 11:32:10 - [TEST_STEP][PASSED] - setText: Text 'Oath Instructions' is set on object 'Object Repository/Admin Console ePulse Menu/Account Settings/Oaths/Add_Edit Oath/Oath Instructions'

2018-11-14 11:32:10 - [MESSAGE][PASSED] - Text 'Oath Instructions' is set on object 'Object Repository/Admin Console ePulse Menu/Account Settings/Oaths/Add_Edit Oath/Oath Instructions'

2018-11-14 11:32:10 - [TEST_STEP][PASSED] - setText: Text 'Customize the oath displayed to voters' is set on object 'Object Repository/Admin Console ePulse Menu/Account Settings/Oaths/Add_Edit Oath/Customized Oath Text Area'

2018-11-14 11:32:10 - [MESSAGE][PASSED] - Text 'Customize the oath displayed to voters' is set on object 'Object Repository/Admin Console ePulse Menu/Account Settings/Oaths/Add_Edit Oath/Customized Oath Text Area'

2018-11-14 11:32:10 - [TEST_STEP][PASSED] - click: Object: 'Object Repository/Admin Console ePulse Menu/Account Settings/Oaths/Add_Edit Oath/Oath Type Dropdown' is clicked on

2018-11-14 11:32:10 - [MESSAGE][PASSED] - Object: 'Object Repository/Admin Console ePulse Menu/Account Settings/Oaths/Add_Edit Oath/Oath Type Dropdown' is clicked on

2018-11-14 11:32:10 - [TEST_STEP][PASSED] - click: Object: 'Object Repository/Admin Console ePulse Menu/Account Settings/Oaths/Add_Edit Oath/Allow Voter To Vote' is clicked on

2018-11-14 11:32:11 - [MESSAGE][PASSED] - Object: 'Object Repository/Admin Console ePulse Menu/Account Settings/Oaths/Add_Edit Oath/Allow Voter To Vote' is clicked on

2018-11-14 11:32:11 - [TEST_STEP][PASSED] - click: Object: 'Object Repository/Admin Console ePulse Menu/Account Settings/Oaths/Add_Edit Oath/Submit' is clicked on

2018-11-14 11:32:11 - [MESSAGE][PASSED] - Object: 'Object Repository/Admin Console ePulse Menu/Account Settings/Oaths/Add_Edit Oath/Submit' is clicked on

2018-11-14 11:32:11 - [TEST_STEP][PASSED] - delay: Delayed 1 second(s)

2018-11-14 11:32:12 - [MESSAGE][PASSED] - Delayed 1 second(s)

2018-11-14 11:32:12 - [TEST_STEP][PASSED] - click: Object: 'Object Repository/Admin Console ePulse Menu/Account Settings/Oaths/New Oath' is clicked on

2018-11-14 11:32:12 - [MESSAGE][PASSED] - Object: 'Object Repository/Admin Console ePulse Menu/Account Settings/Oaths/New Oath' is clicked on

2018-11-14 11:32:12 - [TEST_STEP][PASSED] - setText: Text 'Voter Check In Signing Page(Provisional' is set on object 'Object Repository/Admin Console ePulse Menu/Account Settings/Oaths/Add_Edit Oath/Oath Name'

2018-11-14 11:32:12 - [MESSAGE][PASSED] - Text 'Voter Check In Signing Page(Provisional' is set on object 'Object Repository/Admin Console ePulse Menu/Account Settings/Oaths/Add_Edit Oath/Oath Name'

2018-11-14 11:32:12 - [TEST_STEP][PASSED] - setText: Text 'Oath Instructions' is set on object 'Object Repository/Admin Console ePulse Menu/Account Settings/Oaths/Add_Edit Oath/Oath Instructions'

2018-11-14 11:32:12 - [MESSAGE][PASSED] - Text 'Oath Instructions' is set on object 'Object Repository/Admin Console ePulse Menu/Account Settings/Oaths/Add_Edit Oath/Oath Instructions'

2018-11-14 11:32:12 - [TEST_STEP][PASSED] - setText: Text 'Customize the oath displayed to voters' is set on object 'Object Repository/Admin Console ePulse Menu/Account Settings/Oaths/Add_Edit Oath/Customized Oath Text Area'

2018-11-14 11:32:12 - [MESSAGE][PASSED] - Text 'Customize the oath displayed to voters' is set on object 'Object Repository/Admin Console ePulse Menu/Account Settings/Oaths/Add_Edit Oath/Customized Oath Text Area'

2018-11-14 11:32:12 - [TEST_STEP][PASSED] - click: Object: 'Object Repository/Admin Console ePulse Menu/Account Settings/Oaths/Add_Edit Oath/Oath Type Dropdown' is clicked on

2018-11-14 11:32:12 - [MESSAGE][PASSED] - Object: 'Object Repository/Admin Console ePulse Menu/Account Settings/Oaths/Add_Edit Oath/Oath Type Dropdown' is clicked on

2018-11-14 11:32:12 - [TEST_STEP][PASSED] - click: Object: 'Object Repository/Admin Console ePulse Menu/Account Settings/Oaths/Add_Edit Oath/Voter Check In Signing Pa' is clicked on

2018-11-14 11:32:12 - [MESSAGE][PASSED] - Object: 'Object Repository/Admin Console ePulse Menu/Account Settings/Oaths/Add_Edit Oath/Voter Check In Signing Pa' is clicked on

2018-11-14 11:32:12 - [TEST_STEP][PASSED] - click: Object: 'Object Repository/Admin Console ePulse Menu/Account Settings/Oaths/Add_Edit Oath/Submit' is clicked on

2018-11-14 11:32:12 - [MESSAGE][PASSED] - Object: 'Object Repository/Admin Console ePulse Menu/Account Settings/Oaths/Add_Edit Oath/Submit' is clicked on

2018-11-14 11:32:12 - [TEST_STEP][PASSED] - delay: Delayed 1 second(s)

2018-11-14 11:32:13 - [MESSAGE][PASSED] - Delayed 1 second(s)

2018-11-14 11:32:13 - [TEST_STEP][PASSED] - click: Object: 'Object Repository/Admin Console ePulse Menu/Account Settings/Oaths/New Oath' is clicked on

2018-11-14 11:32:13 - [MESSAGE][PASSED] - Object: 'Object Repository/Admin Console ePulse Menu/Account Settings/Oaths/New Oath' is clicked on

2018-11-14 11:32:13 - [TEST_STEP][PASSED] - setText: Text 'Similar Name Affidavit' is set on object 'Object Repository/Admin Console ePulse Menu/Account Settings/Oaths/Add_Edit Oath/Oath Name'

2018-11-14 11:32:14 - [MESSAGE][PASSED] - Text 'Similar Name Affidavit' is set on object 'Object Repository/Admin Console ePulse Menu/Account Settings/Oaths/Add_Edit Oath/Oath Name'

2018-11-14 11:32:14 - [TEST_STEP][PASSED] - setText: Text 'Oath Instructions' is set on object 'Object Repository/Admin Console ePulse Menu/Account Settings/Oaths/Add_Edit Oath/Oath Instructions'

2018-11-14 11:32:14 - [MESSAGE][PASSED] - Text 'Oath Instructions' is set on object 'Object Repository/Admin Console ePulse Menu/Account Settings/Oaths/Add_Edit Oath/Oath Instructions'

2018-11-14 11:32:14 - [TEST_STEP][PASSED] - setText: Text 'Customize the oath displayed to voters' is set on object 'Object Repository/Admin Console ePulse Menu/Account Settings/Oaths/Add_Edit Oath/Customized Oath Text Area'

2018-11-14 11:32:14 - [MESSAGE][PASSED] - Text 'Customize the oath displayed to voters' is set on object 'Object Repository/Admin Console ePulse Menu/Account Settings/Oaths/Add_Edit Oath/Customized Oath Text Area'

2018-11-14 11:32:14 - [TEST_STEP][PASSED] - click: Object: 'Object Repository/Admin Console ePulse Menu/Account Settings/Oaths/Add_Edit Oath/Oath Type Dropdown' is clicked on

2018-11-14 11:32:14 - [MESSAGE][PASSED] - Object: 'Object Repository/Admin Console ePulse Menu/Account Settings/Oaths/Add_Edit Oath/Oath Type Dropdown' is clicked on

2018-11-14 11:32:14 - [TEST_STEP][PASSED] - click: Object: 'Object Repository/Admin Console ePulse Menu/Account Settings/Oaths/Add_Edit Oath/Similar Name Affidavit' is clicked on

2018-11-14 11:32:14 - [MESSAGE][PASSED] - Object: 'Object Repository/Admin Console ePulse Menu/Account Settings/Oaths/Add_Edit Oath/Similar Name Affidavit' is clicked on

2018-11-14 11:32:14 - [TEST_STEP][PASSED] - click: Object: 'Object Repository/Admin Console ePulse Menu/Account Settings/Oaths/Add_Edit Oath/Submit' is clicked on

2018-11-14 11:32:14 - [MESSAGE][PASSED] - Object: 'Object Repository/Admin Console ePulse Menu/Account Settings/Oaths/Add_Edit Oath/Submit' is clicked on

2018-11-14 11:32:14 - [TEST_STEP][PASSED] - delay: Delayed 1 second(s)

2018-11-14 11:32:15 - [MESSAGE][PASSED] - Delayed 1 second(s)

2018-11-14 11:32:15 - [TEST_STEP][PASSED] - click: Object: 'Object Repository/Admin Console ePulse Menu/Account Settings/Oaths/New Oath' is clicked on

2018-11-14 11:32:15 - [MESSAGE][PASSED] - Object: 'Object Repository/Admin Console ePulse Menu/Account Settings/Oaths/New Oath' is clicked on

2018-11-14 11:32:15 - [TEST_STEP][PASSED] - setText: Text 'Reasonable Impediment Declaration' is set on object 'Object Repository/Admin Console ePulse Menu/Account Settings/Oaths/Add_Edit Oath/Oath Name'

2018-11-14 11:32:15 - [MESSAGE][PASSED] - Text 'Reasonable Impediment Declaration' is set on object 'Object Repository/Admin Console ePulse Menu/Account Settings/Oaths/Add_Edit Oath/Oath Name'

2018-11-14 11:32:15 - [TEST_STEP][PASSED] - setText: Text 'Oath Instructions' is set on object 'Object Repository/Admin Console ePulse Menu/Account Settings/Oaths/Add_Edit Oath/Oath Instructions'

2018-11-14 11:32:16 - [MESSAGE][PASSED] - Text 'Oath Instructions' is set on object 'Object Repository/Admin Console ePulse Menu/Account Settings/Oaths/Add_Edit Oath/Oath Instructions'

2018-11-14 11:32:16 - [TEST_STEP][PASSED] - setText: Text 'Customize the oath displayed to voters' is set on object 'Object Repository/Admin Console ePulse Menu/Account Settings/Oaths/Add_Edit Oath/Customized Oath Text Area'

2018-11-14 11:32:16 - [MESSAGE][PASSED] - Text 'Customize the oath displayed to voters' is set on object 'Object Repository/Admin Console ePulse Menu/Account Settings/Oaths/Add_Edit Oath/Customized Oath Text Area'

2018-11-14 11:32:16 - [TEST_STEP][PASSED] - click: Object: 'Object Repository/Admin Console ePulse Menu/Account Settings/Oaths/Add_Edit Oath/Oath Type Dropdown' is clicked on

2018-11-14 11:32:16 - [MESSAGE][PASSED] - Object: 'Object Repository/Admin Console ePulse Menu/Account Settings/Oaths/Add_Edit Oath/Oath Type Dropdown' is clicked on

2018-11-14 11:32:16 - [TEST_STEP][PASSED] - click: Object: 'Object Repository/Admin Console ePulse Menu/Account Settings/Oaths/Add_Edit Oath/Reasonable Impediment Decla' is clicked on

2018-11-14 11:32:16 - [MESSAGE][PASSED] - Object: 'Object Repository/Admin Console ePulse Menu/Account Settings/Oaths/Add_Edit Oath/Reasonable Impediment Decla' is clicked on

2018-11-14 11:32:16 - [TEST_STEP][PASSED] - click: Object: 'Object Repository/Admin Console ePulse Menu/Account Settings/Oaths/Add_Edit Oath/Submit' is clicked on

2018-11-14 11:32:16 - [MESSAGE][PASSED] - Object: 'Object Repository/Admin Console ePulse Menu/Account Settings/Oaths/Add_Edit Oath/Submit' is clicked on]]></system-out>
         <system-err><![CDATA[]]></system-err>
      </testcase>
      <testcase name="Test Cases/Admin Console/Account Settings/Oaths/Oaths - Import" classname="Test Cases/Admin Console/Account Settings/Oaths/Oaths - Import" status="PASSED">
         <system-out><![CDATA[2018-11-14 11:32:16 - [TEST_CASE][PASSED] - Test Cases/Admin Console/Account Settings/Oaths/Oaths - Import: Test Cases/Admin Console/Account Settings/Oaths/Oaths - Import

2018-11-14 11:32:16 - [TEST_STEP][PASSED] - openBrowser: Browser is opened with url: ''

2018-11-14 11:32:16 - [MESSAGE][WARNING] - A browser is already opened. Closing browser and opening a new one

2018-11-14 11:32:17 - [MESSAGE][PASSED] - Browser is opened with url: ''

2018-11-14 11:32:17 - [TEST_STEP][PASSED] - navigateToUrl: Navigate to 'https://epulsedev2.com' successfully

2018-11-14 11:32:19 - [MESSAGE][PASSED] - Navigate to 'https://epulsedev2.com' successfully

2018-11-14 11:32:19 - [TEST_STEP][PASSED] - setText: Text 'alonzo.mack@knowink.com' is set on object 'Object Repository/Login/Email Address'

2018-11-14 11:32:19 - [MESSAGE][PASSED] - Text 'alonzo.mack@knowink.com' is set on object 'Object Repository/Login/Email Address'

2018-11-14 11:32:19 - [TEST_STEP][PASSED] - setEncryptedText: Text ****** has been set on object 'Object Repository/Login/Password'

2018-11-14 11:32:19 - [MESSAGE][PASSED] - Text ****** has been set on object 'Object Repository/Login/Password'

2018-11-14 11:32:19 - [TEST_STEP][PASSED] - click: Object: 'Object Repository/Login/Sign In' is clicked on

2018-11-14 11:32:20 - [MESSAGE][PASSED] - Object: 'Object Repository/Login/Sign In' is clicked on

2018-11-14 11:32:20 - [TEST_STEP][PASSED] - delay: Delayed 1 second(s)

2018-11-14 11:32:21 - [MESSAGE][PASSED] - Delayed 1 second(s)

2018-11-14 11:32:21 - [TEST_STEP][PASSED] - navigateToUrl: Navigate to 'https://am-automation-test.epulsedev2.com/imports/account_oath' successfully

2018-11-14 11:32:23 - [MESSAGE][PASSED] - Navigate to 'https://am-automation-test.epulsedev2.com/imports/account_oath' successfully

2018-11-14 11:32:23 - [TEST_STEP][PASSED] - delay: Delayed 1 second(s)

2018-11-14 11:32:24 - [MESSAGE][PASSED] - Delayed 1 second(s)

2018-11-14 11:32:24 - [TEST_STEP][PASSED] - setText: Text '/Users/alonzomack/Downloads/oaths.csv' is set on object 'Object Repository/Common ePulse Objects/Choose File'

2018-11-14 11:32:24 - [MESSAGE][PASSED] - Text '/Users/alonzomack/Downloads/oaths.csv' is set on object 'Object Repository/Common ePulse Objects/Choose File'

2018-11-14 11:32:24 - [TEST_STEP][PASSED] - delay: Delayed 1 second(s)

2018-11-14 11:32:25 - [MESSAGE][PASSED] - Delayed 1 second(s)

2018-11-14 11:32:25 - [TEST_STEP][NOT_RUN] - click: NOT_RUN: click

2018-11-14 11:32:25 - [MESSAGE][NOT_RUN] - NOT_RUN: click

2018-11-14 11:32:25 - [TEST_STEP][PASSED] - delay: Delayed 1 second(s)

2018-11-14 11:32:26 - [MESSAGE][PASSED] - Delayed 1 second(s)

2018-11-14 11:32:26 - [TEST_STEP][PASSED] - click: Object: 'Object Repository/Common ePulse Objects/Continue Button' is clicked on

2018-11-14 11:32:26 - [MESSAGE][PASSED] - Object: 'Object Repository/Common ePulse Objects/Continue Button' is clicked on

2018-11-14 11:32:26 - [TEST_STEP][PASSED] - delay: Delayed 1 second(s)

2018-11-14 11:32:27 - [MESSAGE][PASSED] - Delayed 1 second(s)

2018-11-14 11:32:27 - [TEST_STEP][PASSED] - click: Object: 'Object Repository/Common ePulse Objects/button_Done(working)' is clicked on

2018-11-14 11:32:29 - [MESSAGE][PASSED] - Object: 'Object Repository/Common ePulse Objects/button_Done(working)' is clicked on

2018-11-14 11:32:29 - [TEST_STEP][PASSED] - delay: Delayed 1 second(s)

2018-11-14 11:32:30 - [MESSAGE][PASSED] - Delayed 1 second(s)

2018-11-14 11:32:30 - [TEST_STEP][PASSED] - navigateToUrl: Navigate to 'https://am-automation-test.epulsedev2.com/account_oaths' successfully

2018-11-14 11:32:31 - [MESSAGE][PASSED] - Navigate to 'https://am-automation-test.epulsedev2.com/account_oaths' successfully

2018-11-14 11:32:31 - [TEST_STEP][PASSED] - delay: Delayed 1 second(s)

2018-11-14 11:32:32 - [MESSAGE][PASSED] - Delayed 1 second(s)

2018-11-14 11:32:32 - [TEST_STEP][PASSED] - closeBrowser: Browser is closed

2018-11-14 11:32:32 - [MESSAGE][PASSED] - Browser is closed]]></system-out>
         <system-err><![CDATA[]]></system-err>
      </testcase>
      <testcase name="Test Cases/Admin Console/Account Settings/Prompts/Prompts - Add" classname="Test Cases/Admin Console/Account Settings/Prompts/Prompts - Add" status="PASSED">
         <system-out><![CDATA[2018-11-14 11:32:32 - [TEST_CASE][PASSED] - Test Cases/Admin Console/Account Settings/Prompts/Prompts - Add: Test Cases/Admin Console/Account Settings/Prompts/Prompts - Add

2018-11-14 11:32:32 - [TEST_STEP][PASSED] - openBrowser: Browser is opened with url: ''

2018-11-14 11:32:33 - [MESSAGE][PASSED] - Browser is opened with url: ''

2018-11-14 11:32:33 - [TEST_STEP][PASSED] - navigateToUrl: Navigate to 'https://epulsedev2.com' successfully

2018-11-14 11:32:35 - [MESSAGE][PASSED] - Navigate to 'https://epulsedev2.com' successfully

2018-11-14 11:32:35 - [TEST_STEP][PASSED] - setText: Text 'alonzo.mack@knowink.com' is set on object 'Object Repository/Login/Email Address'

2018-11-14 11:32:35 - [MESSAGE][PASSED] - Text 'alonzo.mack@knowink.com' is set on object 'Object Repository/Login/Email Address'

2018-11-14 11:32:35 - [TEST_STEP][PASSED] - setEncryptedText: Text ****** has been set on object 'Object Repository/Login/Password'

2018-11-14 11:32:35 - [MESSAGE][PASSED] - Text ****** has been set on object 'Object Repository/Login/Password'

2018-11-14 11:32:35 - [TEST_STEP][PASSED] - click: Object: 'Object Repository/Login/Sign In' is clicked on

2018-11-14 11:32:36 - [MESSAGE][PASSED] - Object: 'Object Repository/Login/Sign In' is clicked on

2018-11-14 11:32:36 - [TEST_STEP][PASSED] - delay: Delayed 1 second(s)

2018-11-14 11:32:37 - [MESSAGE][PASSED] - Delayed 1 second(s)

2018-11-14 11:32:37 - [TEST_STEP][PASSED] - navigateToUrl: Navigate to 'https://am-Automation-test.epulsedev2.com/prompts' successfully

2018-11-14 11:32:38 - [MESSAGE][PASSED] - Navigate to 'https://am-Automation-test.epulsedev2.com/prompts' successfully

2018-11-14 11:32:38 - [TEST_STEP][PASSED] - delay: Delayed 1 second(s)

2018-11-14 11:32:39 - [MESSAGE][PASSED] - Delayed 1 second(s)

2018-11-14 11:32:39 - [TEST_STEP][PASSED] - click: Object: 'Object Repository/Admin Console ePulse Menu/Account Settings/Prompts/Create_New_Prompt_Button' is clicked on

2018-11-14 11:32:40 - [MESSAGE][PASSED] - Object: 'Object Repository/Admin Console ePulse Menu/Account Settings/Prompts/Create_New_Prompt_Button' is clicked on

2018-11-14 11:32:40 - [TEST_STEP][PASSED] - setText: Text 'Test Prompt' is set on object 'Object Repository/Admin Console ePulse Menu/Account Settings/Prompts/Add_Edit Prompt Modal/Name'

2018-11-14 11:32:40 - [MESSAGE][PASSED] - Text 'Test Prompt' is set on object 'Object Repository/Admin Console ePulse Menu/Account Settings/Prompts/Add_Edit Prompt Modal/Name'

2018-11-14 11:32:40 - [TEST_STEP][PASSED] - setText: Text 'Prompt' is set on object 'Object Repository/Admin Console ePulse Menu/Account Settings/Prompts/Add_Edit Prompt Modal/Heading'

2018-11-14 11:32:40 - [MESSAGE][PASSED] - Text 'Prompt' is set on object 'Object Repository/Admin Console ePulse Menu/Account Settings/Prompts/Add_Edit Prompt Modal/Heading'

2018-11-14 11:32:40 - [TEST_STEP][PASSED] - selectOptionByValue: All options with value '0' are selected in object 'Object Repository/Admin Console ePulse Menu/Account Settings/Prompts/Add_Edit Prompt Modal/Select Color'  using regular expression

2018-11-14 11:32:40 - [MESSAGE][PASSED] - All options with value '0' are selected in object 'Object Repository/Admin Console ePulse Menu/Account Settings/Prompts/Add_Edit Prompt Modal/Select Color'  using regular expression

2018-11-14 11:32:40 - [TEST_STEP][PASSED] - setText: Text '1' is set on object 'Object Repository/Admin Console ePulse Menu/Account Settings/Prompts/Add_Edit Prompt Modal/Order'

2018-11-14 11:32:40 - [MESSAGE][PASSED] - Text '1' is set on object 'Object Repository/Admin Console ePulse Menu/Account Settings/Prompts/Add_Edit Prompt Modal/Order'

2018-11-14 11:32:40 - [TEST_STEP][PASSED] - setText: Text 'Prompt' is set on object 'Object Repository/Admin Console ePulse Menu/Account Settings/Prompts/Add_Edit Prompt Modal/Field Label'

2018-11-14 11:32:40 - [MESSAGE][PASSED] - Text 'Prompt' is set on object 'Object Repository/Admin Console ePulse Menu/Account Settings/Prompts/Add_Edit Prompt Modal/Field Label'

2018-11-14 11:32:40 - [TEST_STEP][PASSED] - setText: Text 'Prompt' is set on object 'Object Repository/Admin Console ePulse Menu/Account Settings/Prompts/Add_Edit Prompt Modal/Field Name'

2018-11-14 11:32:40 - [MESSAGE][PASSED] - Text 'Prompt' is set on object 'Object Repository/Admin Console ePulse Menu/Account Settings/Prompts/Add_Edit Prompt Modal/Field Name'

2018-11-14 11:32:40 - [TEST_STEP][PASSED] - click: Object: 'Object Repository/Admin Console ePulse Menu/Account Settings/Prompts/Add_Edit Prompt Modal/Show Voter Info_slider' is clicked on

2018-11-14 11:32:40 - [MESSAGE][PASSED] - Object: 'Object Repository/Admin Console ePulse Menu/Account Settings/Prompts/Add_Edit Prompt Modal/Show Voter Info_slider' is clicked on

2018-11-14 11:32:40 - [TEST_STEP][PASSED] - click: Object: 'Object Repository/Admin Console ePulse Menu/Account Settings/Prompts/Add_Edit Prompt Modal/Show DOB Field_slider' is clicked on

2018-11-14 11:32:40 - [MESSAGE][PASSED] - Object: 'Object Repository/Admin Console ePulse Menu/Account Settings/Prompts/Add_Edit Prompt Modal/Show DOB Field_slider' is clicked on

2018-11-14 11:32:40 - [TEST_STEP][PASSED] - setText: Text 'Test Prompt' is set on object 'Object Repository/Admin Console ePulse Menu/Account Settings/Prompts/Add_Edit Prompt Modal/Instructions textarea '

2018-11-14 11:32:41 - [MESSAGE][PASSED] - Text 'Test Prompt' is set on object 'Object Repository/Admin Console ePulse Menu/Account Settings/Prompts/Add_Edit Prompt Modal/Instructions textarea '

2018-11-14 11:32:41 - [TEST_STEP][PASSED] - click: Object: 'Object Repository/Admin Console ePulse Menu/Account Settings/Prompts/Add_Edit Prompt Modal/Submit' is clicked on

2018-11-14 11:32:41 - [MESSAGE][PASSED] - Object: 'Object Repository/Admin Console ePulse Menu/Account Settings/Prompts/Add_Edit Prompt Modal/Submit' is clicked on

2018-11-14 11:32:41 - [TEST_STEP][PASSED] - delay: Delayed 2 second(s)

2018-11-14 11:32:43 - [MESSAGE][PASSED] - Delayed 2 second(s)

2018-11-14 11:32:43 - [TEST_STEP][PASSED] - closeBrowser: Browser is closed

2018-11-14 11:32:43 - [MESSAGE][PASSED] - Browser is closed]]></system-out>
         <system-err><![CDATA[]]></system-err>
      </testcase>
      <testcase name="Test Cases/Admin Console/Account Settings/Prompts/Prompts - Import" classname="Test Cases/Admin Console/Account Settings/Prompts/Prompts - Import" status="PASSED">
         <system-out><![CDATA[2018-11-14 11:32:43 - [TEST_CASE][PASSED] - Test Cases/Admin Console/Account Settings/Prompts/Prompts - Import: Test Cases/Admin Console/Account Settings/Prompts/Prompts - Import

2018-11-14 11:32:43 - [TEST_STEP][PASSED] - openBrowser: Browser is opened with url: ''

2018-11-14 11:32:44 - [MESSAGE][PASSED] - Browser is opened with url: ''

2018-11-14 11:32:44 - [TEST_STEP][PASSED] - navigateToUrl: Navigate to 'https://epulsedev2.com' successfully

2018-11-14 11:32:45 - [MESSAGE][PASSED] - Navigate to 'https://epulsedev2.com' successfully

2018-11-14 11:32:45 - [TEST_STEP][PASSED] - setText: Text 'alonzo.mack@knowink.com' is set on object 'Object Repository/Login/Email Address'

2018-11-14 11:32:46 - [MESSAGE][PASSED] - Text 'alonzo.mack@knowink.com' is set on object 'Object Repository/Login/Email Address'

2018-11-14 11:32:46 - [TEST_STEP][PASSED] - setEncryptedText: Text ****** has been set on object 'Object Repository/Login/Password'

2018-11-14 11:32:46 - [MESSAGE][PASSED] - Text ****** has been set on object 'Object Repository/Login/Password'

2018-11-14 11:32:46 - [TEST_STEP][PASSED] - click: Object: 'Object Repository/Login/Sign In' is clicked on

2018-11-14 11:32:47 - [MESSAGE][PASSED] - Object: 'Object Repository/Login/Sign In' is clicked on

2018-11-14 11:32:47 - [TEST_STEP][PASSED] - delay: Delayed 1 second(s)

2018-11-14 11:32:48 - [MESSAGE][PASSED] - Delayed 1 second(s)

2018-11-14 11:32:48 - [TEST_STEP][PASSED] - navigateToUrl: Navigate to 'https://am-Automation-test.epulsedev2.com/imports/prompts' successfully

2018-11-14 11:32:49 - [MESSAGE][PASSED] - Navigate to 'https://am-Automation-test.epulsedev2.com/imports/prompts' successfully

2018-11-14 11:32:49 - [TEST_STEP][PASSED] - setText: Text '/Users/alonzomack/Downloads/prompts-3.txt' is set on object 'Object Repository/Admin Console ePulse Menu/Account Settings/Prompts/Import Prompts Buttons/Choose File'

2018-11-14 11:32:49 - [MESSAGE][PASSED] - Text '/Users/alonzomack/Downloads/prompts-3.txt' is set on object 'Object Repository/Admin Console ePulse Menu/Account Settings/Prompts/Import Prompts Buttons/Choose File'

2018-11-14 11:32:49 - [TEST_STEP][PASSED] - click: Object: 'Object Repository/Admin Console ePulse Menu/Account Settings/Prompts/Import Prompts Buttons/Continue Button' is clicked on

2018-11-14 11:32:49 - [MESSAGE][PASSED] - Object: 'Object Repository/Admin Console ePulse Menu/Account Settings/Prompts/Import Prompts Buttons/Continue Button' is clicked on

2018-11-14 11:32:49 - [TEST_STEP][PASSED] - delay: Delayed 1 second(s)

2018-11-14 11:32:50 - [MESSAGE][PASSED] - Delayed 1 second(s)

2018-11-14 11:32:50 - [TEST_STEP][PASSED] - click: Object: 'Object Repository/Admin Console ePulse Menu/Account Settings/Prompts/Import Prompts Buttons/button_Done(working)' is clicked on

2018-11-14 11:32:55 - [MESSAGE][PASSED] - Object: 'Object Repository/Admin Console ePulse Menu/Account Settings/Prompts/Import Prompts Buttons/button_Done(working)' is clicked on]]></system-out>
         <system-err><![CDATA[]]></system-err>
      </testcase>
      <testcase name="Test Cases/Admin Console/Account Settings/Poll Pad Setup/Poll Pad Setup - Demo DB" classname="Test Cases/Admin Console/Account Settings/Poll Pad Setup/Poll Pad Setup - Demo DB" status="FAILED">
         <failure type="FAILED" message="(Stack trace: com.kms.katalon.core.exception.StepFailedException: Unable to verify text 'Demo DB   processing...' is present  using regular expression (Root cause: Text 'Demo DB   processing...' is not present on page  using regular expression)
	at com.kms.katalon.core.keyword.internal.KeywordMain.stepFailed(KeywordMain.groovy:36)
	at com.kms.katalon.core.webui.keyword.internal.WebUIKeywordMain.stepFailed(WebUIKeywordMain.groovy:65)
	at com.kms.katalon.core.webui.keyword.internal.WebUIKeywordMain.runKeyword(WebUIKeywordMain.groovy:27)
	at com.kms.katalon.core.webui.keyword.builtin.VerifyTextPresentKeyword.verifyTextPresent(VerifyTextPresentKeyword.groovy:83)
	at com.kms.katalon.core.webui.keyword.builtin.VerifyTextPresentKeyword.execute(VerifyTextPresentKeyword.groovy:68)
	at com.kms.katalon.core.keyword.internal.KeywordExecutor.executeKeywordForPlatform(KeywordExecutor.groovy:53)
	at com.kms.katalon.core.webui.keyword.WebUiBuiltInKeywords.verifyTextPresent(WebUiBuiltInKeywords.groovy:1693)
	at com.kms.katalon.core.webui.keyword.WebUiBuiltInKeywords$verifyTextPresent$7.call(Unknown Source)
	at org.codehaus.groovy.runtime.callsite.CallSiteArray.defaultCall(CallSiteArray.java:48)
	at org.codehaus.groovy.runtime.callsite.AbstractCallSite.call(AbstractCallSite.java:113)
	at org.codehaus.groovy.runtime.callsite.AbstractCallSite.call(AbstractCallSite.java:133)
	at Script1541178134981.run(Script1541178134981.groovy:51)
	at com.kms.katalon.core.main.ScriptEngine.run(ScriptEngine.java:183)
	at com.kms.katalon.core.main.ScriptEngine.runScriptAsRawText(ScriptEngine.java:108)
	at com.kms.katalon.core.main.TestCaseExecutor.runScript(TestCaseExecutor.java:294)
	at com.kms.katalon.core.main.TestCaseExecutor.doExecute(TestCaseExecutor.java:285)
	at com.kms.katalon.core.main.TestCaseExecutor.processExecutionPhase(TestCaseExecutor.java:264)
	at com.kms.katalon.core.main.TestCaseExecutor.accessMainPhase(TestCaseExecutor.java:256)
	at com.kms.katalon.core.main.TestCaseExecutor.execute(TestCaseExecutor.java:200)
	at com.kms.katalon.core.main.TestSuiteExecutor.accessTestCaseMainPhase(TestSuiteExecutor.java:129)
	at com.kms.katalon.core.main.TestSuiteExecutor.accessTestSuiteMainPhase(TestSuiteExecutor.java:112)
	at com.kms.katalon.core.main.TestSuiteExecutor.execute(TestSuiteExecutor.java:81)
	at com.kms.katalon.core.main.TestCaseMain.startTestSuite(TestCaseMain.java:142)
	at com.kms.katalon.core.main.TestCaseMain$startTestSuite$0.call(Unknown Source)
	at org.codehaus.groovy.runtime.callsite.CallSiteArray.defaultCall(CallSiteArray.java:48)
	at org.codehaus.groovy.runtime.callsite.AbstractCallSite.call(AbstractCallSite.java:113)
	at org.codehaus.groovy.runtime.callsite.AbstractCallSite.call(AbstractCallSite.java:141)
	at TempTestSuite1542216516374.run(TempTestSuite1542216516374.groovy:36)
	at groovy.lang.GroovyShell.runScriptOrMainOrTestOrRunnable(GroovyShell.java:263)
	at groovy.lang.GroovyShell.run(GroovyShell.java:518)
	at groovy.lang.GroovyShell.run(GroovyShell.java:507)
	at groovy.ui.GroovyMain.processOnce(GroovyMain.java:653)
	at groovy.ui.GroovyMain.run(GroovyMain.java:384)
	at groovy.ui.GroovyMain.process(GroovyMain.java:370)
	at groovy.ui.GroovyMain.processArgs(GroovyMain.java:129)
	at groovy.ui.GroovyMain.main(GroovyMain.java:109)
	at sun.reflect.NativeMethodAccessorImpl.invoke0(Native Method)
	at sun.reflect.NativeMethodAccessorImpl.invoke(NativeMethodAccessorImpl.java:62)
	at sun.reflect.DelegatingMethodAccessorImpl.invoke(DelegatingMethodAccessorImpl.java:43)
	at java.lang.reflect.Method.invoke(Method.java:498)
	at org.codehaus.groovy.tools.GroovyStarter.rootLoader(GroovyStarter.java:109)
	at org.codehaus.groovy.tools.GroovyStarter.main(GroovyStarter.java:131)
)"/>
         <system-out><![CDATA[2018-11-14 11:32:55 - [TEST_CASE][FAILED] - Test Cases/Admin Console/Account Settings/Poll Pad Setup/Poll Pad Setup - Demo DB: Test Cases/Admin Console/Account Settings/Poll Pad Setup/Poll Pad Setup - Demo DB FAILED because (of) (Stack trace: com.kms.katalon.core.exception.StepFailedException: Unable to verify text 'Demo DB   processing...' is present  using regular expression (Root cause: Text 'Demo DB   processing...' is not present on page  using regular expression)
	at com.kms.katalon.core.keyword.internal.KeywordMain.stepFailed(KeywordMain.groovy:36)
	at com.kms.katalon.core.webui.keyword.internal.WebUIKeywordMain.stepFailed(WebUIKeywordMain.groovy:65)
	at com.kms.katalon.core.webui.keyword.internal.WebUIKeywordMain.runKeyword(WebUIKeywordMain.groovy:27)
	at com.kms.katalon.core.webui.keyword.builtin.VerifyTextPresentKeyword.verifyTextPresent(VerifyTextPresentKeyword.groovy:83)
	at com.kms.katalon.core.webui.keyword.builtin.VerifyTextPresentKeyword.execute(VerifyTextPresentKeyword.groovy:68)
	at com.kms.katalon.core.keyword.internal.KeywordExecutor.executeKeywordForPlatform(KeywordExecutor.groovy:53)
	at com.kms.katalon.core.webui.keyword.WebUiBuiltInKeywords.verifyTextPresent(WebUiBuiltInKeywords.groovy:1693)
	at com.kms.katalon.core.webui.keyword.WebUiBuiltInKeywords$verifyTextPresent$7.call(Unknown Source)
	at org.codehaus.groovy.runtime.callsite.CallSiteArray.defaultCall(CallSiteArray.java:48)
	at org.codehaus.groovy.runtime.callsite.AbstractCallSite.call(AbstractCallSite.java:113)
	at org.codehaus.groovy.runtime.callsite.AbstractCallSite.call(AbstractCallSite.java:133)
	at Script1541178134981.run(Script1541178134981.groovy:51)
	at com.kms.katalon.core.main.ScriptEngine.run(ScriptEngine.java:183)
	at com.kms.katalon.core.main.ScriptEngine.runScriptAsRawText(ScriptEngine.java:108)
	at com.kms.katalon.core.main.TestCaseExecutor.runScript(TestCaseExecutor.java:294)
	at com.kms.katalon.core.main.TestCaseExecutor.doExecute(TestCaseExecutor.java:285)
	at com.kms.katalon.core.main.TestCaseExecutor.processExecutionPhase(TestCaseExecutor.java:264)
	at com.kms.katalon.core.main.TestCaseExecutor.accessMainPhase(TestCaseExecutor.java:256)
	at com.kms.katalon.core.main.TestCaseExecutor.execute(TestCaseExecutor.java:200)
	at com.kms.katalon.core.main.TestSuiteExecutor.accessTestCaseMainPhase(TestSuiteExecutor.java:129)
	at com.kms.katalon.core.main.TestSuiteExecutor.accessTestSuiteMainPhase(TestSuiteExecutor.java:112)
	at com.kms.katalon.core.main.TestSuiteExecutor.execute(TestSuiteExecutor.java:81)
	at com.kms.katalon.core.main.TestCaseMain.startTestSuite(TestCaseMain.java:142)
	at com.kms.katalon.core.main.TestCaseMain$startTestSuite$0.call(Unknown Source)
	at org.codehaus.groovy.runtime.callsite.CallSiteArray.defaultCall(CallSiteArray.java:48)
	at org.codehaus.groovy.runtime.callsite.AbstractCallSite.call(AbstractCallSite.java:113)
	at org.codehaus.groovy.runtime.callsite.AbstractCallSite.call(AbstractCallSite.java:141)
	at TempTestSuite1542216516374.run(TempTestSuite1542216516374.groovy:36)
	at groovy.lang.GroovyShell.runScriptOrMainOrTestOrRunnable(GroovyShell.java:263)
	at groovy.lang.GroovyShell.run(GroovyShell.java:518)
	at groovy.lang.GroovyShell.run(GroovyShell.java:507)
	at groovy.ui.GroovyMain.processOnce(GroovyMain.java:653)
	at groovy.ui.GroovyMain.run(GroovyMain.java:384)
	at groovy.ui.GroovyMain.process(GroovyMain.java:370)
	at groovy.ui.GroovyMain.processArgs(GroovyMain.java:129)
	at groovy.ui.GroovyMain.main(GroovyMain.java:109)
	at sun.reflect.NativeMethodAccessorImpl.invoke0(Native Method)
	at sun.reflect.NativeMethodAccessorImpl.invoke(NativeMethodAccessorImpl.java:62)
	at sun.reflect.DelegatingMethodAccessorImpl.invoke(DelegatingMethodAccessorImpl.java:43)
	at java.lang.reflect.Method.invoke(Method.java:498)
	at org.codehaus.groovy.tools.GroovyStarter.rootLoader(GroovyStarter.java:109)
	at org.codehaus.groovy.tools.GroovyStarter.main(GroovyStarter.java:131)
)

2018-11-14 11:32:55 - [TEST_STEP][PASSED] - openBrowser: Browser is opened with url: ''

2018-11-14 11:32:55 - [MESSAGE][WARNING] - A browser is already opened. Closing browser and opening a new one

2018-11-14 11:32:57 - [MESSAGE][PASSED] - Browser is opened with url: ''

2018-11-14 11:32:57 - [TEST_STEP][PASSED] - navigateToUrl: Navigate to 'https://epulsedev2.com' successfully

2018-11-14 11:32:58 - [MESSAGE][PASSED] - Navigate to 'https://epulsedev2.com' successfully

2018-11-14 11:32:58 - [TEST_STEP][PASSED] - setText: Text 'alonzo.mack@knowink.com' is set on object 'Object Repository/Login/Email Address'

2018-11-14 11:32:58 - [MESSAGE][PASSED] - Text 'alonzo.mack@knowink.com' is set on object 'Object Repository/Login/Email Address'

2018-11-14 11:32:58 - [TEST_STEP][PASSED] - setEncryptedText: Text ****** has been set on object 'Object Repository/Login/Password'

2018-11-14 11:32:58 - [MESSAGE][PASSED] - Text ****** has been set on object 'Object Repository/Login/Password'

2018-11-14 11:32:58 - [TEST_STEP][PASSED] - click: Object: 'Object Repository/Login/Sign In' is clicked on

2018-11-14 11:32:59 - [MESSAGE][PASSED] - Object: 'Object Repository/Login/Sign In' is clicked on

2018-11-14 11:32:59 - [TEST_STEP][PASSED] - delay: Delayed 1 second(s)

2018-11-14 11:33:00 - [MESSAGE][PASSED] - Delayed 1 second(s)

2018-11-14 11:33:00 - [TEST_STEP][PASSED] - navigateToUrl: Navigate to 'https://am-automation-test.epulsedev2.com/account_settings/poll_pad' successfully

2018-11-14 11:33:02 - [MESSAGE][PASSED] - Navigate to 'https://am-automation-test.epulsedev2.com/account_settings/poll_pad' successfully

2018-11-14 11:33:02 - [TEST_STEP][PASSED] - click: Object: 'Object Repository/Admin Console ePulse Menu/Account Settings/Poll Pad Setup/Demo Db' is clicked on

2018-11-14 11:33:02 - [MESSAGE][PASSED] - Object: 'Object Repository/Admin Console ePulse Menu/Account Settings/Poll Pad Setup/Demo Db' is clicked on

2018-11-14 11:33:02 - [TEST_STEP][PASSED] - delay: Delayed 1 second(s)

2018-11-14 11:33:03 - [MESSAGE][PASSED] - Delayed 1 second(s)

2018-11-14 11:33:03 - [TEST_STEP][PASSED] - setText: Text 'Demo DB' is set on object 'Object Repository/Admin Console ePulse Menu/Account Settings/Poll Pad Setup/DEMO DB/Demo DB Name'

2018-11-14 11:33:03 - [MESSAGE][PASSED] - Text 'Demo DB' is set on object 'Object Repository/Admin Console ePulse Menu/Account Settings/Poll Pad Setup/DEMO DB/Demo DB Name'

2018-11-14 11:33:03 - [TEST_STEP][PASSED] - delay: Delayed 1 second(s)

2018-11-14 11:33:04 - [MESSAGE][PASSED] - Delayed 1 second(s)

2018-11-14 11:33:04 - [TEST_STEP][NOT_RUN] - selectOptionByValue: NOT_RUN: selectOptionByValue

2018-11-14 11:33:04 - [MESSAGE][NOT_RUN] - NOT_RUN: selectOptionByValue

2018-11-14 11:33:04 - [TEST_STEP][NOT_RUN] - selectOptionByIndex: NOT_RUN: selectOptionByIndex

2018-11-14 11:33:04 - [MESSAGE][NOT_RUN] - NOT_RUN: selectOptionByIndex

2018-11-14 11:33:04 - [TEST_STEP][PASSED] - click: Object: 'Object Repository/Admin Console ePulse Menu/Account Settings/Poll Pad Setup/DEMO DB/Create Demo DB button' is clicked on

2018-11-14 11:33:05 - [MESSAGE][PASSED] - Object: 'Object Repository/Admin Console ePulse Menu/Account Settings/Poll Pad Setup/DEMO DB/Create Demo DB button' is clicked on

2018-11-14 11:33:05 - [TEST_STEP][FAILED] - verifyTextPresent: Unable to verify text 'Demo DB   processing...' is present  using regular expression (Root cause: Text 'Demo DB   processing...' is not present on page  using regular expression)

2018-11-14 11:33:05 - [MESSAGE][FAILED] - Text 'Demo DB   processing...' is not present on page  using regular expression

2018-11-14 11:33:05 - [MESSAGE][FAILED] - Unable to verify text 'Demo DB   processing...' is present  using regular expression (Root cause: Text 'Demo DB   processing...' is not present on page  using regular expression)
[[ATTACHMENT|/Users/alonzomack/Katalon Studio/Regression/Reports/Smoke Test(US)/20181114_112836/1542216785579.png]]]]></system-out>
         <system-err><![CDATA[2018-11-14 11:32:55 - [TEST_CASE][FAILED] - Test Cases/Admin Console/Account Settings/Poll Pad Setup/Poll Pad Setup - Demo DB: Test Cases/Admin Console/Account Settings/Poll Pad Setup/Poll Pad Setup - Demo DB FAILED because (of) (Stack trace: com.kms.katalon.core.exception.StepFailedException: Unable to verify text 'Demo DB   processing...' is present  using regular expression (Root cause: Text 'Demo DB   processing...' is not present on page  using regular expression)
	at com.kms.katalon.core.keyword.internal.KeywordMain.stepFailed(KeywordMain.groovy:36)
	at com.kms.katalon.core.webui.keyword.internal.WebUIKeywordMain.stepFailed(WebUIKeywordMain.groovy:65)
	at com.kms.katalon.core.webui.keyword.internal.WebUIKeywordMain.runKeyword(WebUIKeywordMain.groovy:27)
	at com.kms.katalon.core.webui.keyword.builtin.VerifyTextPresentKeyword.verifyTextPresent(VerifyTextPresentKeyword.groovy:83)
	at com.kms.katalon.core.webui.keyword.builtin.VerifyTextPresentKeyword.execute(VerifyTextPresentKeyword.groovy:68)
	at com.kms.katalon.core.keyword.internal.KeywordExecutor.executeKeywordForPlatform(KeywordExecutor.groovy:53)
	at com.kms.katalon.core.webui.keyword.WebUiBuiltInKeywords.verifyTextPresent(WebUiBuiltInKeywords.groovy:1693)
	at com.kms.katalon.core.webui.keyword.WebUiBuiltInKeywords$verifyTextPresent$7.call(Unknown Source)
	at org.codehaus.groovy.runtime.callsite.CallSiteArray.defaultCall(CallSiteArray.java:48)
	at org.codehaus.groovy.runtime.callsite.AbstractCallSite.call(AbstractCallSite.java:113)
	at org.codehaus.groovy.runtime.callsite.AbstractCallSite.call(AbstractCallSite.java:133)
	at Script1541178134981.run(Script1541178134981.groovy:51)
	at com.kms.katalon.core.main.ScriptEngine.run(ScriptEngine.java:183)
	at com.kms.katalon.core.main.ScriptEngine.runScriptAsRawText(ScriptEngine.java:108)
	at com.kms.katalon.core.main.TestCaseExecutor.runScript(TestCaseExecutor.java:294)
	at com.kms.katalon.core.main.TestCaseExecutor.doExecute(TestCaseExecutor.java:285)
	at com.kms.katalon.core.main.TestCaseExecutor.processExecutionPhase(TestCaseExecutor.java:264)
	at com.kms.katalon.core.main.TestCaseExecutor.accessMainPhase(TestCaseExecutor.java:256)
	at com.kms.katalon.core.main.TestCaseExecutor.execute(TestCaseExecutor.java:200)
	at com.kms.katalon.core.main.TestSuiteExecutor.accessTestCaseMainPhase(TestSuiteExecutor.java:129)
	at com.kms.katalon.core.main.TestSuiteExecutor.accessTestSuiteMainPhase(TestSuiteExecutor.java:112)
	at com.kms.katalon.core.main.TestSuiteExecutor.execute(TestSuiteExecutor.java:81)
	at com.kms.katalon.core.main.TestCaseMain.startTestSuite(TestCaseMain.java:142)
	at com.kms.katalon.core.main.TestCaseMain$startTestSuite$0.call(Unknown Source)
	at org.codehaus.groovy.runtime.callsite.CallSiteArray.defaultCall(CallSiteArray.java:48)
	at org.codehaus.groovy.runtime.callsite.AbstractCallSite.call(AbstractCallSite.java:113)
	at org.codehaus.groovy.runtime.callsite.AbstractCallSite.call(AbstractCallSite.java:141)
	at TempTestSuite1542216516374.run(TempTestSuite1542216516374.groovy:36)
	at groovy.lang.GroovyShell.runScriptOrMainOrTestOrRunnable(GroovyShell.java:263)
	at groovy.lang.GroovyShell.run(GroovyShell.java:518)
	at groovy.lang.GroovyShell.run(GroovyShell.java:507)
	at groovy.ui.GroovyMain.processOnce(GroovyMain.java:653)
	at groovy.ui.GroovyMain.run(GroovyMain.java:384)
	at groovy.ui.GroovyMain.process(GroovyMain.java:370)
	at groovy.ui.GroovyMain.processArgs(GroovyMain.java:129)
	at groovy.ui.GroovyMain.main(GroovyMain.java:109)
	at sun.reflect.NativeMethodAccessorImpl.invoke0(Native Method)
	at sun.reflect.NativeMethodAccessorImpl.invoke(NativeMethodAccessorImpl.java:62)
	at sun.reflect.DelegatingMethodAccessorImpl.invoke(DelegatingMethodAccessorImpl.java:43)
	at java.lang.reflect.Method.invoke(Method.java:498)
	at org.codehaus.groovy.tools.GroovyStarter.rootLoader(GroovyStarter.java:109)
	at org.codehaus.groovy.tools.GroovyStarter.main(GroovyStarter.java:131)
)]]></system-err>
      </testcase>
      <testcase name="Test Cases/Admin Console/Account Settings/Poll Pad Setup/Poll Pad Setup - ISYNC" classname="Test Cases/Admin Console/Account Settings/Poll Pad Setup/Poll Pad Setup - ISYNC" status="PASSED">
         <system-out><![CDATA[2018-11-14 11:33:05 - [TEST_CASE][PASSED] - Test Cases/Admin Console/Account Settings/Poll Pad Setup/Poll Pad Setup - ISYNC: Test Cases/Admin Console/Account Settings/Poll Pad Setup/Poll Pad Setup - ISYNC

2018-11-14 11:33:06 - [TEST_STEP][PASSED] - openBrowser: Browser is opened with url: ''

2018-11-14 11:33:06 - [MESSAGE][WARNING] - A browser is already opened. Closing browser and opening a new one

2018-11-14 11:33:07 - [MESSAGE][PASSED] - Browser is opened with url: ''

2018-11-14 11:33:07 - [TEST_STEP][PASSED] - navigateToUrl: Navigate to 'https://epulsedev2.com' successfully

2018-11-14 11:33:08 - [MESSAGE][PASSED] - Navigate to 'https://epulsedev2.com' successfully

2018-11-14 11:33:08 - [TEST_STEP][PASSED] - setText: Text 'alonzo.mack@knowink.com' is set on object 'Object Repository/Login/Email Address'

2018-11-14 11:33:08 - [MESSAGE][PASSED] - Text 'alonzo.mack@knowink.com' is set on object 'Object Repository/Login/Email Address'

2018-11-14 11:33:08 - [TEST_STEP][PASSED] - setEncryptedText: Text ****** has been set on object 'Object Repository/Login/Password'

2018-11-14 11:33:08 - [MESSAGE][PASSED] - Text ****** has been set on object 'Object Repository/Login/Password'

2018-11-14 11:33:08 - [TEST_STEP][PASSED] - click: Object: 'Object Repository/Login/Sign In' is clicked on

2018-11-14 11:33:10 - [MESSAGE][PASSED] - Object: 'Object Repository/Login/Sign In' is clicked on

2018-11-14 11:33:10 - [TEST_STEP][PASSED] - delay: Delayed 1 second(s)

2018-11-14 11:33:11 - [MESSAGE][PASSED] - Delayed 1 second(s)

2018-11-14 11:33:11 - [TEST_STEP][PASSED] - navigateToUrl: Navigate to 'https://am-automation-test.epulsedev2.com/account_settings/poll_pad' successfully

2018-11-14 11:33:12 - [MESSAGE][PASSED] - Navigate to 'https://am-automation-test.epulsedev2.com/account_settings/poll_pad' successfully

2018-11-14 11:33:12 - [TEST_STEP][PASSED] - click: Object: 'Object Repository/Admin Console ePulse Menu/Account Settings/Poll Pad Setup/Isync' is clicked on

2018-11-14 11:33:12 - [MESSAGE][PASSED] - Object: 'Object Repository/Admin Console ePulse Menu/Account Settings/Poll Pad Setup/Isync' is clicked on

2018-11-14 11:33:12 - [TEST_STEP][PASSED] - click: Object: 'Object Repository/Admin Console ePulse Menu/Account Settings/Poll Pad Setup/ISYNC/Generate New button' is clicked on

2018-11-14 11:33:12 - [MESSAGE][PASSED] - Object: 'Object Repository/Admin Console ePulse Menu/Account Settings/Poll Pad Setup/ISYNC/Generate New button' is clicked on

2018-11-14 11:33:12 - [TEST_STEP][PASSED] - delay: Delayed 10 second(s)

2018-11-14 11:33:22 - [MESSAGE][PASSED] - Delayed 10 second(s)

2018-11-14 11:33:22 - [TEST_STEP][PASSED] - click: Object: 'Object Repository/Admin Console ePulse Menu/Account Settings/Poll Pad Setup/ISYNC/DOWNLOAD' is clicked on

2018-11-14 11:33:41 - [MESSAGE][PASSED] - Object: 'Object Repository/Admin Console ePulse Menu/Account Settings/Poll Pad Setup/ISYNC/DOWNLOAD' is clicked on

2018-11-14 11:33:41 - [TEST_STEP][PASSED] - delay: Delayed 2 second(s)

2018-11-14 11:33:43 - [MESSAGE][PASSED] - Delayed 2 second(s)

2018-11-14 11:33:43 - [TEST_STEP][PASSED] - click: Object: 'Object Repository/Admin Console ePulse Menu/Account Settings/Poll Pad Setup/ISYNC/Delete Selected Download' is clicked on

2018-11-14 11:33:47 - [MESSAGE][PASSED] - Object: 'Object Repository/Admin Console ePulse Menu/Account Settings/Poll Pad Setup/ISYNC/Delete Selected Download' is clicked on

2018-11-14 11:33:47 - [TEST_STEP][PASSED] - acceptAlert: Alert accepted

2018-11-14 11:33:47 - [MESSAGE][PASSED] - Alert accepted

2018-11-14 11:33:47 - [TEST_STEP][PASSED] - delay: Delayed 1 second(s)

2018-11-14 11:33:48 - [MESSAGE][PASSED] - Delayed 1 second(s)

2018-11-14 11:33:48 - [TEST_STEP][PASSED] - closeBrowser: Browser is closed

2018-11-14 11:33:48 - [MESSAGE][PASSED] - Browser is closed]]></system-out>
         <system-err><![CDATA[]]></system-err>
      </testcase>
      <testcase name="Test Cases/SuperAdminConsole/Accounts/Account(SuperAdminConsole) - Delete" classname="Test Cases/SuperAdminConsole/Accounts/Account(SuperAdminConsole) - Delete" status="PASSED">
         <system-out><![CDATA[2018-11-14 11:33:48 - [TEST_CASE][PASSED] - Test Cases/SuperAdminConsole/Accounts/Account(SuperAdminConsole) - Delete: Test Cases/SuperAdminConsole/Accounts/Account(SuperAdminConsole) - Delete

2018-11-14 11:33:48 - [TEST_STEP][PASSED] - openBrowser: Browser is opened with url: ''

2018-11-14 11:33:49 - [MESSAGE][PASSED] - Browser is opened with url: ''

2018-11-14 11:33:49 - [TEST_STEP][PASSED] - navigateToUrl: Navigate to 'https://epulsedev2.com' successfully

2018-11-14 11:33:51 - [MESSAGE][PASSED] - Navigate to 'https://epulsedev2.com' successfully

2018-11-14 11:33:51 - [TEST_STEP][PASSED] - setText: Text 'alonzo.mack@knowink.com' is set on object 'Object Repository/Login/Email Address'

2018-11-14 11:33:51 - [MESSAGE][PASSED] - Text 'alonzo.mack@knowink.com' is set on object 'Object Repository/Login/Email Address'

2018-11-14 11:33:51 - [TEST_STEP][PASSED] - setEncryptedText: Text ****** has been set on object 'Object Repository/Login/Password'

2018-11-14 11:33:51 - [MESSAGE][PASSED] - Text ****** has been set on object 'Object Repository/Login/Password'

2018-11-14 11:33:51 - [TEST_STEP][PASSED] - click: Object: 'Object Repository/Login/Sign In' is clicked on

2018-11-14 11:33:52 - [MESSAGE][PASSED] - Object: 'Object Repository/Login/Sign In' is clicked on

2018-11-14 11:33:52 - [TEST_STEP][PASSED] - delay: Delayed 1 second(s)

2018-11-14 11:33:53 - [MESSAGE][PASSED] - Delayed 1 second(s)

2018-11-14 11:33:53 - [TEST_STEP][PASSED] - click: Object: 'Object Repository/Login/am-Automation-test' is clicked on

2018-11-14 11:33:54 - [MESSAGE][PASSED] - Object: 'Object Repository/Login/am-Automation-test' is clicked on

2018-11-14 11:33:54 - [TEST_STEP][PASSED] - delay: Delayed 1 second(s)

2018-11-14 11:33:55 - [MESSAGE][PASSED] - Delayed 1 second(s)

2018-11-14 11:33:55 - [TEST_STEP][PASSED] - mouseOver: Object: 'Object Repository/Common ePulse Objects/Actions(Gear icon)' is hovered

2018-11-14 11:33:55 - [MESSAGE][PASSED] - Object: 'Object Repository/Common ePulse Objects/Actions(Gear icon)' is hovered

2018-11-14 11:33:55 - [TEST_STEP][PASSED] - delay: Delayed 3 second(s)

2018-11-14 11:33:58 - [MESSAGE][PASSED] - Delayed 3 second(s)

2018-11-14 11:33:58 - [TEST_STEP][PASSED] - click: Object: 'Object Repository/SuperAdminConsole/Edit Accounts - Actions/Delete' is clicked on

2018-11-14 11:33:58 - [MESSAGE][PASSED] - Object: 'Object Repository/SuperAdminConsole/Edit Accounts - Actions/Delete' is clicked on

2018-11-14 11:33:58 - [TEST_STEP][PASSED] - acceptAlert: Alert accepted

2018-11-14 11:33:58 - [MESSAGE][PASSED] - Alert accepted

2018-11-14 11:33:58 - [TEST_STEP][PASSED] - closeBrowser: Browser is closed

2018-11-14 11:33:58 - [MESSAGE][PASSED] - Browser is closed]]></system-out>
         <system-err><![CDATA[]]></system-err>
      </testcase>
      <system-out><![CDATA[2018-11-14 11:28:37 - [TEST_SUITE][FAILED] - Smoke Test(US): Test Cases/Admin Console/Account Settings/Poll Pad Setup/Poll Pad Setup - Demo DB FAILED because (of) (Stack trace: com.kms.katalon.core.exception.StepFailedException: Unable to verify text 'Demo DB   processing...' is present  using regular expression (Root cause: Text 'Demo DB   processing...' is not present on page  using regular expression)
	at com.kms.katalon.core.keyword.internal.KeywordMain.stepFailed(KeywordMain.groovy:36)
	at com.kms.katalon.core.webui.keyword.internal.WebUIKeywordMain.stepFailed(WebUIKeywordMain.groovy:65)
	at com.kms.katalon.core.webui.keyword.internal.WebUIKeywordMain.runKeyword(WebUIKeywordMain.groovy:27)
	at com.kms.katalon.core.webui.keyword.builtin.VerifyTextPresentKeyword.verifyTextPresent(VerifyTextPresentKeyword.groovy:83)
	at com.kms.katalon.core.webui.keyword.builtin.VerifyTextPresentKeyword.execute(VerifyTextPresentKeyword.groovy:68)
	at com.kms.katalon.core.keyword.internal.KeywordExecutor.executeKeywordForPlatform(KeywordExecutor.groovy:53)
	at com.kms.katalon.core.webui.keyword.WebUiBuiltInKeywords.verifyTextPresent(WebUiBuiltInKeywords.groovy:1693)
	at com.kms.katalon.core.webui.keyword.WebUiBuiltInKeywords$verifyTextPresent$7.call(Unknown Source)
	at org.codehaus.groovy.runtime.callsite.CallSiteArray.defaultCall(CallSiteArray.java:48)
	at org.codehaus.groovy.runtime.callsite.AbstractCallSite.call(AbstractCallSite.java:113)
	at org.codehaus.groovy.runtime.callsite.AbstractCallSite.call(AbstractCallSite.java:133)
	at Script1541178134981.run(Script1541178134981.groovy:51)
	at com.kms.katalon.core.main.ScriptEngine.run(ScriptEngine.java:183)
	at com.kms.katalon.core.main.ScriptEngine.runScriptAsRawText(ScriptEngine.java:108)
	at com.kms.katalon.core.main.TestCaseExecutor.runScript(TestCaseExecutor.java:294)
	at com.kms.katalon.core.main.TestCaseExecutor.doExecute(TestCaseExecutor.java:285)
	at com.kms.katalon.core.main.TestCaseExecutor.processExecutionPhase(TestCaseExecutor.java:264)
	at com.kms.katalon.core.main.TestCaseExecutor.accessMainPhase(TestCaseExecutor.java:256)
	at com.kms.katalon.core.main.TestCaseExecutor.execute(TestCaseExecutor.java:200)
	at com.kms.katalon.core.main.TestSuiteExecutor.accessTestCaseMainPhase(TestSuiteExecutor.java:129)
	at com.kms.katalon.core.main.TestSuiteExecutor.accessTestSuiteMainPhase(TestSuiteExecutor.java:112)
	at com.kms.katalon.core.main.TestSuiteExecutor.execute(TestSuiteExecutor.java:81)
	at com.kms.katalon.core.main.TestCaseMain.startTestSuite(TestCaseMain.java:142)
	at com.kms.katalon.core.main.TestCaseMain$startTestSuite$0.call(Unknown Source)
	at org.codehaus.groovy.runtime.callsite.CallSiteArray.defaultCall(CallSiteArray.java:48)
	at org.codehaus.groovy.runtime.callsite.AbstractCallSite.call(AbstractCallSite.java:113)
	at org.codehaus.groovy.runtime.callsite.AbstractCallSite.call(AbstractCallSite.java:141)
	at TempTestSuite1542216516374.run(TempTestSuite1542216516374.groovy:36)
	at groovy.lang.GroovyShell.runScriptOrMainOrTestOrRunnable(GroovyShell.java:263)
	at groovy.lang.GroovyShell.run(GroovyShell.java:518)
	at groovy.lang.GroovyShell.run(GroovyShell.java:507)
	at groovy.ui.GroovyMain.processOnce(GroovyMain.java:653)
	at groovy.ui.GroovyMain.run(GroovyMain.java:384)
	at groovy.ui.GroovyMain.process(GroovyMain.java:370)
	at groovy.ui.GroovyMain.processArgs(GroovyMain.java:129)
	at groovy.ui.GroovyMain.main(GroovyMain.java:109)
	at sun.reflect.NativeMethodAccessorImpl.invoke0(Native Method)
	at sun.reflect.NativeMethodAccessorImpl.invoke(NativeMethodAccessorImpl.java:62)
	at sun.reflect.DelegatingMethodAccessorImpl.invoke(DelegatingMethodAccessorImpl.java:43)
	at java.lang.reflect.Method.invoke(Method.java:498)
	at org.codehaus.groovy.tools.GroovyStarter.rootLoader(GroovyStarter.java:109)
	at org.codehaus.groovy.tools.GroovyStarter.main(GroovyStarter.java:131)
)]]></system-out>
      <system-err><![CDATA[2018-11-14 11:28:37 - [TEST_SUITE][FAILED] - Smoke Test(US): Test Cases/Admin Console/Account Settings/Poll Pad Setup/Poll Pad Setup - Demo DB FAILED because (of) (Stack trace: com.kms.katalon.core.exception.StepFailedException: Unable to verify text 'Demo DB   processing...' is present  using regular expression (Root cause: Text 'Demo DB   processing...' is not present on page  using regular expression)
	at com.kms.katalon.core.keyword.internal.KeywordMain.stepFailed(KeywordMain.groovy:36)
	at com.kms.katalon.core.webui.keyword.internal.WebUIKeywordMain.stepFailed(WebUIKeywordMain.groovy:65)
	at com.kms.katalon.core.webui.keyword.internal.WebUIKeywordMain.runKeyword(WebUIKeywordMain.groovy:27)
	at com.kms.katalon.core.webui.keyword.builtin.VerifyTextPresentKeyword.verifyTextPresent(VerifyTextPresentKeyword.groovy:83)
	at com.kms.katalon.core.webui.keyword.builtin.VerifyTextPresentKeyword.execute(VerifyTextPresentKeyword.groovy:68)
	at com.kms.katalon.core.keyword.internal.KeywordExecutor.executeKeywordForPlatform(KeywordExecutor.groovy:53)
	at com.kms.katalon.core.webui.keyword.WebUiBuiltInKeywords.verifyTextPresent(WebUiBuiltInKeywords.groovy:1693)
	at com.kms.katalon.core.webui.keyword.WebUiBuiltInKeywords$verifyTextPresent$7.call(Unknown Source)
	at org.codehaus.groovy.runtime.callsite.CallSiteArray.defaultCall(CallSiteArray.java:48)
	at org.codehaus.groovy.runtime.callsite.AbstractCallSite.call(AbstractCallSite.java:113)
	at org.codehaus.groovy.runtime.callsite.AbstractCallSite.call(AbstractCallSite.java:133)
	at Script1541178134981.run(Script1541178134981.groovy:51)
	at com.kms.katalon.core.main.ScriptEngine.run(ScriptEngine.java:183)
	at com.kms.katalon.core.main.ScriptEngine.runScriptAsRawText(ScriptEngine.java:108)
	at com.kms.katalon.core.main.TestCaseExecutor.runScript(TestCaseExecutor.java:294)
	at com.kms.katalon.core.main.TestCaseExecutor.doExecute(TestCaseExecutor.java:285)
	at com.kms.katalon.core.main.TestCaseExecutor.processExecutionPhase(TestCaseExecutor.java:264)
	at com.kms.katalon.core.main.TestCaseExecutor.accessMainPhase(TestCaseExecutor.java:256)
	at com.kms.katalon.core.main.TestCaseExecutor.execute(TestCaseExecutor.java:200)
	at com.kms.katalon.core.main.TestSuiteExecutor.accessTestCaseMainPhase(TestSuiteExecutor.java:129)
	at com.kms.katalon.core.main.TestSuiteExecutor.accessTestSuiteMainPhase(TestSuiteExecutor.java:112)
	at com.kms.katalon.core.main.TestSuiteExecutor.execute(TestSuiteExecutor.java:81)
	at com.kms.katalon.core.main.TestCaseMain.startTestSuite(TestCaseMain.java:142)
	at com.kms.katalon.core.main.TestCaseMain$startTestSuite$0.call(Unknown Source)
	at org.codehaus.groovy.runtime.callsite.CallSiteArray.defaultCall(CallSiteArray.java:48)
	at org.codehaus.groovy.runtime.callsite.AbstractCallSite.call(AbstractCallSite.java:113)
	at org.codehaus.groovy.runtime.callsite.AbstractCallSite.call(AbstractCallSite.java:141)
	at TempTestSuite1542216516374.run(TempTestSuite1542216516374.groovy:36)
	at groovy.lang.GroovyShell.runScriptOrMainOrTestOrRunnable(GroovyShell.java:263)
	at groovy.lang.GroovyShell.run(GroovyShell.java:518)
	at groovy.lang.GroovyShell.run(GroovyShell.java:507)
	at groovy.ui.GroovyMain.processOnce(GroovyMain.java:653)
	at groovy.ui.GroovyMain.run(GroovyMain.java:384)
	at groovy.ui.GroovyMain.process(GroovyMain.java:370)
	at groovy.ui.GroovyMain.processArgs(GroovyMain.java:129)
	at groovy.ui.GroovyMain.main(GroovyMain.java:109)
	at sun.reflect.NativeMethodAccessorImpl.invoke0(Native Method)
	at sun.reflect.NativeMethodAccessorImpl.invoke(NativeMethodAccessorImpl.java:62)
	at sun.reflect.DelegatingMethodAccessorImpl.invoke(DelegatingMethodAccessorImpl.java:43)
	at java.lang.reflect.Method.invoke(Method.java:498)
	at org.codehaus.groovy.tools.GroovyStarter.rootLoader(GroovyStarter.java:109)
	at org.codehaus.groovy.tools.GroovyStarter.main(GroovyStarter.java:131)
)]]></system-err>
   </testsuite>
</testsuites>
