<?xml version="1.0" encoding="UTF-8"?>
<testsuites name="Smoke Test(US)" time="505" tests="17" failures="2" errors="0">
   <testsuite name="Smoke Test(US)" tests="17" failures="2" errors="0" time="505" timestamp="2018-11-14 12:33:45" hostname="alonzomack - 10.130.25.110" id="Test Suites/Smoke Test(US)">
      <properties>
         <property name="deviceName" value=""/>
         <property name="devicePlatform" value=""/>
         <property name="logFolder" value="/Users/alonzomack/Katalon Studio/Regression/Reports/Smoke Test(US)/20181114_123344"/>
         <property name="logFiles" value="/Users/alonzomack/Katalon Studio/Regression/Reports/Smoke Test(US)/20181114_123344/execution0.log"/>
         <property name="attachments" value="/Users/alonzomack/Katalon Studio/Regression/Reports/Smoke Test(US)/20181114_123344/1542220597680.png, /Users/alonzomack/Katalon Studio/Regression/Reports/Smoke Test(US)/20181114_123344/1542220598112.png, /Users/alonzomack/Katalon Studio/Regression/Reports/Smoke Test(US)/20181114_123344/1542220644705.png"/>
         <property name="hostName" value="alonzomack - 10.130.25.110"/>
         <property name="os" value="Mac OS X 64bit"/>
         <property name="katalonVersion" value="5.8.4.14"/>
         <property name="browser" value="Chrome 70.0.3538.102"/>
         <property name="hostAddress" value="10.130.25.110"/>
         <property name="sessionId" value="14d3ab2b2e10964f554c54f7edd06ba8"/>
         <property name="seleniumVersion" value="3.7.1"/>
         <property name="proxyInformation" value="ProxyInformation{proxyOption=NO_PROXY, proxyServerType=HTTP, password=, proxyServerAddress=, proxyServerPort=0}"/>
         <property name="platform" value="Mac OS X"/>
      </properties>
      <testcase name="Test Cases/SuperAdminConsole/Accounts/Account(SuperAdminConsole) - Delete" classname="Test Cases/SuperAdminConsole/Accounts/Account(SuperAdminConsole) - Delete" status="PASSED">
         <system-out><![CDATA[2018-11-14 12:33:46 - [TEST_CASE][PASSED] - Test Cases/SuperAdminConsole/Accounts/Account(SuperAdminConsole) - Delete: Test Cases/SuperAdminConsole/Accounts/Account(SuperAdminConsole) - Delete

2018-11-14 12:33:46 - [TEST_STEP][PASSED] - openBrowser: Browser is opened with url: ''

2018-11-14 12:33:49 - [MESSAGE][PASSED] - Browser is opened with url: ''

2018-11-14 12:33:49 - [TEST_STEP][PASSED] - navigateToUrl: Navigate to 'https://epulsedev2.com' successfully

2018-11-14 12:33:50 - [MESSAGE][PASSED] - Navigate to 'https://epulsedev2.com' successfully

2018-11-14 12:33:50 - [TEST_STEP][PASSED] - setText: Text 'alonzo.mack@knowink.com' is set on object 'Object Repository/Login/Email Address'

2018-11-14 12:33:51 - [MESSAGE][PASSED] - Text 'alonzo.mack@knowink.com' is set on object 'Object Repository/Login/Email Address'

2018-11-14 12:33:51 - [TEST_STEP][PASSED] - setEncryptedText: Text ****** has been set on object 'Object Repository/Login/Password'

2018-11-14 12:33:51 - [MESSAGE][PASSED] - Text ****** has been set on object 'Object Repository/Login/Password'

2018-11-14 12:33:51 - [TEST_STEP][PASSED] - click: Object: 'Object Repository/Login/Sign In' is clicked on

2018-11-14 12:33:52 - [MESSAGE][PASSED] - Object: 'Object Repository/Login/Sign In' is clicked on

2018-11-14 12:33:52 - [TEST_STEP][PASSED] - delay: Delayed 1 second(s)

2018-11-14 12:33:53 - [MESSAGE][PASSED] - Delayed 1 second(s)

2018-11-14 12:33:53 - [TEST_STEP][PASSED] - click: Object: 'Object Repository/Login/am-Automation-test' is clicked on

2018-11-14 12:33:54 - [MESSAGE][PASSED] - Object: 'Object Repository/Login/am-Automation-test' is clicked on

2018-11-14 12:33:54 - [TEST_STEP][PASSED] - delay: Delayed 1 second(s)

2018-11-14 12:33:55 - [MESSAGE][PASSED] - Delayed 1 second(s)

2018-11-14 12:33:55 - [TEST_STEP][PASSED] - mouseOver: Object: 'Object Repository/Common ePulse Objects/Actions(Gear icon)' is hovered

2018-11-14 12:33:55 - [MESSAGE][PASSED] - Object: 'Object Repository/Common ePulse Objects/Actions(Gear icon)' is hovered

2018-11-14 12:33:55 - [TEST_STEP][PASSED] - delay: Delayed 3 second(s)

2018-11-14 12:33:58 - [MESSAGE][PASSED] - Delayed 3 second(s)

2018-11-14 12:33:58 - [TEST_STEP][PASSED] - click: Object: 'Object Repository/SuperAdminConsole/Edit Accounts - Actions/Delete' is clicked on

2018-11-14 12:33:58 - [MESSAGE][PASSED] - Object: 'Object Repository/SuperAdminConsole/Edit Accounts - Actions/Delete' is clicked on

2018-11-14 12:33:58 - [TEST_STEP][PASSED] - acceptAlert: Alert accepted

2018-11-14 12:33:58 - [MESSAGE][PASSED] - Alert accepted

2018-11-14 12:33:58 - [TEST_STEP][PASSED] - closeBrowser: Browser is closed

2018-11-14 12:33:59 - [MESSAGE][PASSED] - Browser is closed]]></system-out>
         <system-err><![CDATA[]]></system-err>
      </testcase>
      <testcase name="Test Cases/SuperAdminConsole/Accounts/Create Account(SuperAdminConsole)" classname="Test Cases/SuperAdminConsole/Accounts/Create Account(SuperAdminConsole)" status="PASSED">
         <system-out><![CDATA[2018-11-14 12:33:59 - [TEST_CASE][PASSED] - Test Cases/SuperAdminConsole/Accounts/Create Account(SuperAdminConsole): Test Cases/SuperAdminConsole/Accounts/Create Account(SuperAdminConsole)

2018-11-14 12:33:59 - [TEST_STEP][PASSED] - openBrowser: Browser is opened with url: ''

2018-11-14 12:34:00 - [MESSAGE][PASSED] - Browser is opened with url: ''

2018-11-14 12:34:00 - [TEST_STEP][PASSED] - navigateToUrl: Navigate to 'https://epulsedev2.com' successfully

2018-11-14 12:34:02 - [MESSAGE][PASSED] - Navigate to 'https://epulsedev2.com' successfully

2018-11-14 12:34:02 - [TEST_STEP][PASSED] - setText: Text 'alonzo.mack@knowink.com' is set on object 'Object Repository/Login/Email Address'

2018-11-14 12:34:02 - [MESSAGE][PASSED] - Text 'alonzo.mack@knowink.com' is set on object 'Object Repository/Login/Email Address'

2018-11-14 12:34:02 - [TEST_STEP][PASSED] - setEncryptedText: Text ****** has been set on object 'Object Repository/Login/Password'

2018-11-14 12:34:02 - [MESSAGE][PASSED] - Text ****** has been set on object 'Object Repository/Login/Password'

2018-11-14 12:34:02 - [TEST_STEP][PASSED] - click: Object: 'Object Repository/Login/Sign In' is clicked on

2018-11-14 12:34:03 - [MESSAGE][PASSED] - Object: 'Object Repository/Login/Sign In' is clicked on

2018-11-14 12:34:03 - [TEST_STEP][PASSED] - delay: Delayed 1 second(s)

2018-11-14 12:34:04 - [MESSAGE][PASSED] - Delayed 1 second(s)

2018-11-14 12:34:04 - [TEST_STEP][PASSED] - click: Object: 'Object Repository/SuperAdminConsole/Account Creation/a_Add Account' is clicked on

2018-11-14 12:34:05 - [MESSAGE][PASSED] - Object: 'Object Repository/SuperAdminConsole/Account Creation/a_Add Account' is clicked on

2018-11-14 12:34:05 - [TEST_STEP][PASSED] - delay: Delayed 1 second(s)

2018-11-14 12:34:06 - [MESSAGE][PASSED] - Delayed 1 second(s)

2018-11-14 12:34:06 - [TEST_STEP][PASSED] - setText: Text 'am-Automation-test' is set on object 'Object Repository/SuperAdminConsole/Account Creation/Account Information/Display Title'

2018-11-14 12:34:06 - [MESSAGE][PASSED] - Text 'am-Automation-test' is set on object 'Object Repository/SuperAdminConsole/Account Creation/Account Information/Display Title'

2018-11-14 12:34:06 - [TEST_STEP][PASSED] - delay: Delayed 1 second(s)

2018-11-14 12:34:07 - [MESSAGE][PASSED] - Delayed 1 second(s)

2018-11-14 12:34:07 - [TEST_STEP][PASSED] - setText: Text 'am-Automation-test' is set on object 'Object Repository/SuperAdminConsole/Account Creation/Account Information/County'

2018-11-14 12:34:07 - [MESSAGE][PASSED] - Text 'am-Automation-test' is set on object 'Object Repository/SuperAdminConsole/Account Creation/Account Information/County'

2018-11-14 12:34:07 - [TEST_STEP][PASSED] - delay: Delayed 1 second(s)

2018-11-14 12:34:08 - [MESSAGE][PASSED] - Delayed 1 second(s)

2018-11-14 12:34:08 - [TEST_STEP][PASSED] - selectOptionByValue: All options with value 'MO' are selected in object 'Object Repository/SuperAdminConsole/Account Creation/Account Information/StateProvince'  using regular expression

2018-11-14 12:34:09 - [MESSAGE][PASSED] - All options with value 'MO' are selected in object 'Object Repository/SuperAdminConsole/Account Creation/Account Information/StateProvince'  using regular expression

2018-11-14 12:34:09 - [TEST_STEP][PASSED] - delay: Delayed 1 second(s)

2018-11-14 12:34:10 - [MESSAGE][PASSED] - Delayed 1 second(s)

2018-11-14 12:34:10 - [TEST_STEP][PASSED] - selectOptionByValue: All options with value '1' are selected in object 'Object Repository/SuperAdminConsole/Account Creation/Account Information/Pad Type'  using regular expression

2018-11-14 12:34:10 - [MESSAGE][PASSED] - All options with value '1' are selected in object 'Object Repository/SuperAdminConsole/Account Creation/Account Information/Pad Type'  using regular expression

2018-11-14 12:34:10 - [TEST_STEP][PASSED] - delay: Delayed 1 second(s)

2018-11-14 12:34:11 - [MESSAGE][PASSED] - Delayed 1 second(s)

2018-11-14 12:34:11 - [TEST_STEP][NOT_RUN] - selectOptionByValue: NOT_RUN: selectOptionByValue

2018-11-14 12:34:11 - [MESSAGE][NOT_RUN] - NOT_RUN: selectOptionByValue

2018-11-14 12:34:11 - [TEST_STEP][PASSED] - delay: Delayed 1 second(s)

2018-11-14 12:34:12 - [MESSAGE][PASSED] - Delayed 1 second(s)

2018-11-14 12:34:12 - [TEST_STEP][PASSED] - selectOptionByValue: All options with value 'mcvr' are selected in object 'Object Repository/SuperAdminConsole/Account Creation/Parsers and Exporters/Select_Voter File'  using regular expression

2018-11-14 12:34:13 - [MESSAGE][PASSED] - All options with value 'mcvr' are selected in object 'Object Repository/SuperAdminConsole/Account Creation/Parsers and Exporters/Select_Voter File'  using regular expression

2018-11-14 12:34:13 - [TEST_STEP][PASSED] - delay: Delayed 1 second(s)

2018-11-14 12:34:14 - [MESSAGE][PASSED] - Delayed 1 second(s)

2018-11-14 12:34:14 - [TEST_STEP][PASSED] - selectOptionByValue: All options with value 'mcvr' are selected in object 'Object Repository/SuperAdminConsole/Account Creation/Parsers and Exporters/Select_Supplemental file'  using regular expression

2018-11-14 12:34:14 - [MESSAGE][PASSED] - All options with value 'mcvr' are selected in object 'Object Repository/SuperAdminConsole/Account Creation/Parsers and Exporters/Select_Supplemental file'  using regular expression

2018-11-14 12:34:14 - [TEST_STEP][PASSED] - delay: Delayed 1 second(s)

2018-11-14 12:34:15 - [MESSAGE][PASSED] - Delayed 1 second(s)

2018-11-14 12:34:15 - [TEST_STEP][PASSED] - selectOptionByValue: All options with value 'epulse' are selected in object 'Object Repository/SuperAdminConsole/Account Creation/Parsers and Exporters/Polling Places'  using regular expression

2018-11-14 12:34:15 - [MESSAGE][PASSED] - All options with value 'epulse' are selected in object 'Object Repository/SuperAdminConsole/Account Creation/Parsers and Exporters/Polling Places'  using regular expression

2018-11-14 12:34:15 - [TEST_STEP][PASSED] - delay: Delayed 1 second(s)

2018-11-14 12:34:16 - [MESSAGE][PASSED] - Delayed 1 second(s)

2018-11-14 12:34:16 - [TEST_STEP][PASSED] - selectOptionByValue: All options with value 'mcvr' are selected in object 'Object Repository/SuperAdminConsole/Account Creation/Parsers and Exporters/Street Rules'  using regular expression

2018-11-14 12:34:17 - [MESSAGE][PASSED] - All options with value 'mcvr' are selected in object 'Object Repository/SuperAdminConsole/Account Creation/Parsers and Exporters/Street Rules'  using regular expression

2018-11-14 12:34:17 - [TEST_STEP][PASSED] - delay: Delayed 1 second(s)

2018-11-14 12:34:18 - [MESSAGE][PASSED] - Delayed 1 second(s)

2018-11-14 12:34:18 - [TEST_STEP][PASSED] - selectOptionByValue: All options with value 'mcvr' are selected in object 'Object Repository/SuperAdminConsole/Account Creation/Parsers and Exporters/Voter History Exporter'  using regular expression

2018-11-14 12:34:18 - [MESSAGE][PASSED] - All options with value 'mcvr' are selected in object 'Object Repository/SuperAdminConsole/Account Creation/Parsers and Exporters/Voter History Exporter'  using regular expression

2018-11-14 12:34:18 - [TEST_STEP][PASSED] - delay: Delayed 1 second(s)

2018-11-14 12:34:19 - [MESSAGE][PASSED] - Delayed 1 second(s)

2018-11-14 12:34:19 - [TEST_STEP][PASSED] - selectOptionByValue: All options with value 'epulse' are selected in object 'Object Repository/SuperAdminConsole/Account Creation/Parsers and Exporters/Signature Parser'  using regular expression

2018-11-14 12:34:19 - [MESSAGE][PASSED] - All options with value 'epulse' are selected in object 'Object Repository/SuperAdminConsole/Account Creation/Parsers and Exporters/Signature Parser'  using regular expression

2018-11-14 12:34:19 - [TEST_STEP][PASSED] - delay: Delayed 1 second(s)

2018-11-14 12:34:20 - [MESSAGE][PASSED] - Delayed 1 second(s)

2018-11-14 12:34:20 - [TEST_STEP][PASSED] - click: Object: 'Object Repository/SuperAdminConsole/Account Creation/Parsers and Exporters/Submit' is clicked on

2018-11-14 12:34:21 - [MESSAGE][PASSED] - Object: 'Object Repository/SuperAdminConsole/Account Creation/Parsers and Exporters/Submit' is clicked on

2018-11-14 12:34:21 - [TEST_STEP][PASSED] - delay: Delayed 1 second(s)

2018-11-14 12:34:22 - [MESSAGE][PASSED] - Delayed 1 second(s)

2018-11-14 12:34:22 - [TEST_STEP][PASSED] - closeBrowser: Browser is closed

2018-11-14 12:34:22 - [MESSAGE][PASSED] - Browser is closed]]></system-out>
         <system-err><![CDATA[]]></system-err>
      </testcase>
      <testcase name="Test Cases/Admin Console/Election Setup/Election Creation" classname="Test Cases/Admin Console/Election Setup/Election Creation" status="PASSED">
         <system-out><![CDATA[2018-11-14 12:34:22 - [TEST_CASE][PASSED] - Test Cases/Admin Console/Election Setup/Election Creation: Test Cases/Admin Console/Election Setup/Election Creation

2018-11-14 12:34:23 - [TEST_STEP][PASSED] - openBrowser: Browser is opened with url: ''

2018-11-14 12:34:24 - [MESSAGE][PASSED] - Browser is opened with url: ''

2018-11-14 12:34:24 - [TEST_STEP][PASSED] - navigateToUrl: Navigate to 'https://epulsedev2.com' successfully

2018-11-14 12:34:25 - [MESSAGE][PASSED] - Navigate to 'https://epulsedev2.com' successfully

2018-11-14 12:34:25 - [TEST_STEP][PASSED] - setText: Text 'alonzo.mack@knowink.com' is set on object 'Object Repository/Login/Email Address'

2018-11-14 12:34:25 - [MESSAGE][PASSED] - Text 'alonzo.mack@knowink.com' is set on object 'Object Repository/Login/Email Address'

2018-11-14 12:34:25 - [TEST_STEP][PASSED] - setEncryptedText: Text ****** has been set on object 'Object Repository/Login/Password'

2018-11-14 12:34:25 - [MESSAGE][PASSED] - Text ****** has been set on object 'Object Repository/Login/Password'

2018-11-14 12:34:25 - [TEST_STEP][PASSED] - click: Object: 'Object Repository/Login/Sign In' is clicked on

2018-11-14 12:34:27 - [MESSAGE][PASSED] - Object: 'Object Repository/Login/Sign In' is clicked on

2018-11-14 12:34:27 - [TEST_STEP][PASSED] - delay: Delayed 1 second(s)

2018-11-14 12:34:28 - [MESSAGE][PASSED] - Delayed 1 second(s)

2018-11-14 12:34:28 - [TEST_STEP][PASSED] - navigateToUrl: Navigate to 'https://am-automation-test.epulsedev2.com/elections/new' successfully

2018-11-14 12:34:29 - [MESSAGE][PASSED] - Navigate to 'https://am-automation-test.epulsedev2.com/elections/new' successfully

2018-11-14 12:34:29 - [TEST_STEP][PASSED] - setText: Text '/Users/alonzomack/Downloads/Imports/Missouri/voters_200_mcvr.txt' is set on object 'Object Repository/Common ePulse Objects/Choose File'

2018-11-14 12:34:29 - [MESSAGE][PASSED] - Text '/Users/alonzomack/Downloads/Imports/Missouri/voters_200_mcvr.txt' is set on object 'Object Repository/Common ePulse Objects/Choose File'

2018-11-14 12:34:29 - [TEST_STEP][PASSED] - click: Object: 'Object Repository/Common ePulse Objects/Continue Button' is clicked on

2018-11-14 12:34:29 - [MESSAGE][PASSED] - Object: 'Object Repository/Common ePulse Objects/Continue Button' is clicked on

2018-11-14 12:34:29 - [TEST_STEP][PASSED] - delay: Delayed 10 second(s)

2018-11-14 12:34:39 - [MESSAGE][PASSED] - Delayed 10 second(s)

2018-11-14 12:34:39 - [TEST_STEP][PASSED] - setText: Text 'Election Creation' is set on object 'Object Repository/Admin Console ePulse Menu/Election Setup/Election Creation/Election Name'

2018-11-14 12:34:39 - [MESSAGE][PASSED] - Text 'Election Creation' is set on object 'Object Repository/Admin Console ePulse Menu/Election Setup/Election Creation/Election Name'

2018-11-14 12:34:39 - [TEST_STEP][PASSED] - setText: Text '123' is set on object 'Object Repository/Admin Console ePulse Menu/Election Setup/Election Creation/Election Code'

2018-11-14 12:34:39 - [MESSAGE][PASSED] - Text '123' is set on object 'Object Repository/Admin Console ePulse Menu/Election Setup/Election Creation/Election Code'

2018-11-14 12:34:39 - [TEST_STEP][PASSED] - selectOptionByValue: All options with value 'general' are selected in object 'Object Repository/Admin Console ePulse Menu/Election Setup/Election Creation/Select Election Type'  using regular expression

2018-11-14 12:34:39 - [MESSAGE][PASSED] - All options with value 'general' are selected in object 'Object Repository/Admin Console ePulse Menu/Election Setup/Election Creation/Select Election Type'  using regular expression

2018-11-14 12:34:39 - [TEST_STEP][PASSED] - setText: Text '07/21/2021' is set on object 'Object Repository/Admin Console ePulse Menu/Election Setup/Election Creation/DATE'

2018-11-14 12:34:40 - [MESSAGE][PASSED] - Text '07/21/2021' is set on object 'Object Repository/Admin Console ePulse Menu/Election Setup/Election Creation/DATE'

2018-11-14 12:34:40 - [TEST_STEP][PASSED] - delay: Delayed 10 second(s)

2018-11-14 12:34:50 - [MESSAGE][PASSED] - Delayed 10 second(s)

2018-11-14 12:34:50 - [TEST_STEP][PASSED] - click: Object: 'Object Repository/Admin Console ePulse Menu/Election Setup/Election Creation/Next' is clicked on

2018-11-14 12:34:51 - [MESSAGE][PASSED] - Object: 'Object Repository/Admin Console ePulse Menu/Election Setup/Election Creation/Next' is clicked on

2018-11-14 12:34:51 - [TEST_STEP][PASSED] - delay: Delayed 10 second(s)

2018-11-14 12:35:01 - [MESSAGE][PASSED] - Delayed 10 second(s)

2018-11-14 12:35:01 - [TEST_STEP][PASSED] - click: Object: 'Object Repository/Admin Console ePulse Menu/Election Setup/Election Creation/Step3 Done' is clicked on

2018-11-14 12:35:02 - [MESSAGE][PASSED] - Object: 'Object Repository/Admin Console ePulse Menu/Election Setup/Election Creation/Step3 Done' is clicked on

2018-11-14 12:35:02 - [TEST_STEP][PASSED] - delay: Delayed 10 second(s)

2018-11-14 12:35:12 - [MESSAGE][PASSED] - Delayed 10 second(s)

2018-11-14 12:35:12 - [TEST_STEP][PASSED] - click: Object: 'Object Repository/Admin Console ePulse Menu/Election Setup/Election Creation/Step4 Done' is clicked on

2018-11-14 12:35:13 - [MESSAGE][PASSED] - Object: 'Object Repository/Admin Console ePulse Menu/Election Setup/Election Creation/Step4 Done' is clicked on

2018-11-14 12:35:13 - [TEST_STEP][PASSED] - delay: Delayed 10 second(s)

2018-11-14 12:35:23 - [MESSAGE][PASSED] - Delayed 10 second(s)

2018-11-14 12:35:23 - [TEST_STEP][PASSED] - click: Object: 'Object Repository/Admin Console ePulse Menu/Election Setup/Election Creation/Step5 Confirm' is clicked on

2018-11-14 12:35:23 - [MESSAGE][PASSED] - Object: 'Object Repository/Admin Console ePulse Menu/Election Setup/Election Creation/Step5 Confirm' is clicked on

2018-11-14 12:35:23 - [TEST_STEP][PASSED] - delay: Delayed 20 second(s)

2018-11-14 12:35:43 - [MESSAGE][PASSED] - Delayed 20 second(s)

2018-11-14 12:35:43 - [TEST_STEP][PASSED] - verifyTextPresent: Text 'Election Creation' is present on page  using regular expression

2018-11-14 12:35:43 - [MESSAGE][PASSED] - Text 'Election Creation' is present on page  using regular expression

2018-11-14 12:35:43 - [TEST_STEP][PASSED] - verifyTextPresent: Text 'Election Seed Files' is present on page  using regular expression

2018-11-14 12:35:43 - [MESSAGE][PASSED] - Text 'Election Seed Files' is present on page  using regular expression

2018-11-14 12:35:43 - [TEST_STEP][PASSED] - delay: Delayed 1 second(s)

2018-11-14 12:35:44 - [MESSAGE][PASSED] - Delayed 1 second(s)

2018-11-14 12:35:44 - [TEST_STEP][PASSED] - navigateToUrl: Navigate to 'https://am-automation-test.epulsedev2.com/voters#sort=last_name&direction=asc&display=list&page=1' successfully

2018-11-14 12:35:45 - [MESSAGE][PASSED] - Navigate to 'https://am-automation-test.epulsedev2.com/voters#sort=last_name&direction=asc&display=list&page=1' successfully

2018-11-14 12:35:45 - [TEST_STEP][PASSED] - delay: Delayed 1 second(s)

2018-11-14 12:35:46 - [MESSAGE][PASSED] - Delayed 1 second(s)

2018-11-14 12:35:46 - [TEST_STEP][PASSED] - delay: Delayed 1 second(s)

2018-11-14 12:35:47 - [MESSAGE][PASSED] - Delayed 1 second(s)

2018-11-14 12:35:47 - [TEST_STEP][PASSED] - verifyTextPresent: Text 'TWEEDIE MARIE AARON' is present on page  using regular expression

2018-11-14 12:35:47 - [MESSAGE][PASSED] - Text 'TWEEDIE MARIE AARON' is present on page  using regular expression

2018-11-14 12:35:47 - [TEST_STEP][PASSED] - closeBrowser: Browser is closed

2018-11-14 12:35:47 - [MESSAGE][PASSED] - Browser is closed]]></system-out>
         <system-err><![CDATA[]]></system-err>
      </testcase>
      <testcase name="Test Cases/Admin Console/Poll Pads/Poll Pad - Configuration/Poll Pad Configuration - Add" classname="Test Cases/Admin Console/Poll Pads/Poll Pad - Configuration/Poll Pad Configuration - Add" status="PASSED">
         <system-out><![CDATA[2018-11-14 12:35:47 - [TEST_CASE][PASSED] - Test Cases/Admin Console/Poll Pads/Poll Pad - Configuration/Poll Pad Configuration - Add: Test Cases/Admin Console/Poll Pads/Poll Pad - Configuration/Poll Pad Configuration - Add

2018-11-14 12:35:47 - [TEST_STEP][PASSED] - openBrowser: Browser is opened with url: ''

2018-11-14 12:35:48 - [MESSAGE][PASSED] - Browser is opened with url: ''

2018-11-14 12:35:48 - [TEST_STEP][PASSED] - navigateToUrl: Navigate to 'https://epulsedev2.com' successfully

2018-11-14 12:35:50 - [MESSAGE][PASSED] - Navigate to 'https://epulsedev2.com' successfully

2018-11-14 12:35:50 - [TEST_STEP][PASSED] - setText: Text 'alonzo.mack@knowink.com' is set on object 'Object Repository/Login/Email Address'

2018-11-14 12:35:50 - [MESSAGE][PASSED] - Text 'alonzo.mack@knowink.com' is set on object 'Object Repository/Login/Email Address'

2018-11-14 12:35:50 - [TEST_STEP][PASSED] - setEncryptedText: Text ****** has been set on object 'Object Repository/Login/Password'

2018-11-14 12:35:50 - [MESSAGE][PASSED] - Text ****** has been set on object 'Object Repository/Login/Password'

2018-11-14 12:35:50 - [TEST_STEP][PASSED] - click: Object: 'Object Repository/Login/Sign In' is clicked on

2018-11-14 12:35:51 - [MESSAGE][PASSED] - Object: 'Object Repository/Login/Sign In' is clicked on

2018-11-14 12:35:51 - [TEST_STEP][PASSED] - delay: Delayed 1 second(s)

2018-11-14 12:35:52 - [MESSAGE][PASSED] - Delayed 1 second(s)

2018-11-14 12:35:52 - [TEST_STEP][PASSED] - navigateToUrl: Navigate to 'https://am-automation-test.epulsedev2.com/poll_pad_configs#sort=name&direction=asc&display=list' successfully

2018-11-14 12:35:53 - [MESSAGE][PASSED] - Navigate to 'https://am-automation-test.epulsedev2.com/poll_pad_configs#sort=name&direction=asc&display=list' successfully

2018-11-14 12:35:53 - [TEST_STEP][PASSED] - delay: Delayed 1 second(s)

2018-11-14 12:35:54 - [MESSAGE][PASSED] - Delayed 1 second(s)

2018-11-14 12:35:54 - [TEST_STEP][PASSED] - click: Object: 'Object Repository/Admin Console ePulse Menu/Poll Pads/Poll Pad Config - Add/Add Configuration' is clicked on

2018-11-14 12:35:55 - [MESSAGE][PASSED] - Object: 'Object Repository/Admin Console ePulse Menu/Poll Pads/Poll Pad Config - Add/Add Configuration' is clicked on

2018-11-14 12:35:55 - [TEST_STEP][PASSED] - delay: Delayed 1 second(s)

2018-11-14 12:35:56 - [MESSAGE][PASSED] - Delayed 1 second(s)

2018-11-14 12:35:56 - [TEST_STEP][PASSED] - setText: Text 'Automation Created Config' is set on object 'Object Repository/Admin Console ePulse Menu/Poll Pads/Poll Pad Config - Add/PollPad Config Name'

2018-11-14 12:35:57 - [MESSAGE][PASSED] - Text 'Automation Created Config' is set on object 'Object Repository/Admin Console ePulse Menu/Poll Pads/Poll Pad Config - Add/PollPad Config Name'

2018-11-14 12:35:57 - [TEST_STEP][PASSED] - delay: Delayed 1 second(s)

2018-11-14 12:35:58 - [MESSAGE][PASSED] - Delayed 1 second(s)

2018-11-14 12:35:58 - [TEST_STEP][PASSED] - click: Object: 'Object Repository/Admin Console ePulse Menu/Poll Pads/Poll Pad Config - Add/Submit Config' is clicked on

2018-11-14 12:36:00 - [MESSAGE][PASSED] - Object: 'Object Repository/Admin Console ePulse Menu/Poll Pads/Poll Pad Config - Add/Submit Config' is clicked on

2018-11-14 12:36:00 - [TEST_STEP][PASSED] - delay: Delayed 1 second(s)

2018-11-14 12:36:01 - [MESSAGE][PASSED] - Delayed 1 second(s)

2018-11-14 12:36:01 - [TEST_STEP][PASSED] - closeBrowser: Browser is closed

2018-11-14 12:36:01 - [MESSAGE][PASSED] - Browser is closed]]></system-out>
         <system-err><![CDATA[]]></system-err>
      </testcase>
      <testcase name="Test Cases/Admin Console/Poll Pads/Poll Pad - Configuration/Poll Pad Configuration - Import" classname="Test Cases/Admin Console/Poll Pads/Poll Pad - Configuration/Poll Pad Configuration - Import" status="PASSED">
         <system-out><![CDATA[2018-11-14 12:36:01 - [TEST_CASE][PASSED] - Test Cases/Admin Console/Poll Pads/Poll Pad - Configuration/Poll Pad Configuration - Import: Test Cases/Admin Console/Poll Pads/Poll Pad - Configuration/Poll Pad Configuration - Import

2018-11-14 12:36:01 - [TEST_STEP][PASSED] - openBrowser: Browser is opened with url: ''

2018-11-14 12:36:02 - [MESSAGE][PASSED] - Browser is opened with url: ''

2018-11-14 12:36:02 - [TEST_STEP][PASSED] - navigateToUrl: Navigate to 'https://epulsedev2.com' successfully

2018-11-14 12:36:03 - [MESSAGE][PASSED] - Navigate to 'https://epulsedev2.com' successfully

2018-11-14 12:36:03 - [TEST_STEP][PASSED] - setText: Text 'alonzo.mack@knowink.com' is set on object 'Object Repository/Login/Email Address'

2018-11-14 12:36:03 - [MESSAGE][PASSED] - Text 'alonzo.mack@knowink.com' is set on object 'Object Repository/Login/Email Address'

2018-11-14 12:36:03 - [TEST_STEP][PASSED] - setEncryptedText: Text ****** has been set on object 'Object Repository/Login/Password'

2018-11-14 12:36:04 - [MESSAGE][PASSED] - Text ****** has been set on object 'Object Repository/Login/Password'

2018-11-14 12:36:04 - [TEST_STEP][PASSED] - click: Object: 'Object Repository/Login/Sign In' is clicked on

2018-11-14 12:36:05 - [MESSAGE][PASSED] - Object: 'Object Repository/Login/Sign In' is clicked on

2018-11-14 12:36:05 - [TEST_STEP][PASSED] - delay: Delayed 1 second(s)

2018-11-14 12:36:06 - [MESSAGE][PASSED] - Delayed 1 second(s)

2018-11-14 12:36:06 - [TEST_STEP][PASSED] - navigateToUrl: Navigate to 'https://am-automation-test.epulsedev2.com/imports/poll_pad_config' successfully

2018-11-14 12:36:07 - [MESSAGE][PASSED] - Navigate to 'https://am-automation-test.epulsedev2.com/imports/poll_pad_config' successfully

2018-11-14 12:36:07 - [TEST_STEP][PASSED] - delay: Delayed 1 second(s)

2018-11-14 12:36:08 - [MESSAGE][PASSED] - Delayed 1 second(s)

2018-11-14 12:36:08 - [TEST_STEP][PASSED] - setText: Text '/Users/alonzomack/Downloads/Automation uploads/poll_pad_config.csv' is set on object 'Object Repository/Common ePulse Objects/Choose File'

2018-11-14 12:36:08 - [MESSAGE][PASSED] - Text '/Users/alonzomack/Downloads/Automation uploads/poll_pad_config.csv' is set on object 'Object Repository/Common ePulse Objects/Choose File'

2018-11-14 12:36:08 - [TEST_STEP][PASSED] - setText: Text 'Test Config' is set on object 'Object Repository/Admin Console ePulse Menu/Poll Pads/Poll Pads - Configuration Import/Config Name'

2018-11-14 12:36:08 - [MESSAGE][PASSED] - Text 'Test Config' is set on object 'Object Repository/Admin Console ePulse Menu/Poll Pads/Poll Pads - Configuration Import/Config Name'

2018-11-14 12:36:08 - [TEST_STEP][PASSED] - click: Object: 'Object Repository/Common ePulse Objects/Continue Button' is clicked on

2018-11-14 12:36:08 - [MESSAGE][PASSED] - Object: 'Object Repository/Common ePulse Objects/Continue Button' is clicked on

2018-11-14 12:36:08 - [TEST_STEP][PASSED] - delay: Delayed 1 second(s)

2018-11-14 12:36:09 - [MESSAGE][PASSED] - Delayed 1 second(s)

2018-11-14 12:36:09 - [TEST_STEP][PASSED] - click: Object: 'Object Repository/Common ePulse Objects/button_Done(working)' is clicked on

2018-11-14 12:36:23 - [MESSAGE][PASSED] - Object: 'Object Repository/Common ePulse Objects/button_Done(working)' is clicked on

2018-11-14 12:36:23 - [TEST_STEP][PASSED] - closeBrowser: Browser is closed

2018-11-14 12:36:23 - [MESSAGE][PASSED] - Browser is closed]]></system-out>
         <system-err><![CDATA[]]></system-err>
      </testcase>
      <testcase name="Test Cases/SuperAdminConsole/Poll Pads/PollPad - Add" classname="Test Cases/SuperAdminConsole/Poll Pads/PollPad - Add" status="FAILED">
         <failure type="FAILED" message="(Stack trace: com.kms.katalon.core.exception.StepFailedException: Verify element text of test object 'Object Repository/SuperAdminConsole/Poll Pads/Test PollPad' FAILED. (Root cause: Actual text '' and expected text 'Test PollPad' of test object 'Object Repository/SuperAdminConsole/Poll Pads/Test PollPad' are NOT matched.)
	at com.kms.katalon.core.keyword.internal.KeywordMain.stepFailed(KeywordMain.groovy:36)
	at com.kms.katalon.core.webui.keyword.internal.WebUIKeywordMain.stepFailed(WebUIKeywordMain.groovy:65)
	at com.kms.katalon.core.webui.keyword.internal.WebUIKeywordMain.runKeyword(WebUIKeywordMain.groovy:27)
	at com.kms.katalon.core.webui.keyword.builtin.VerifyElementTextKeyword.verifyElementText(VerifyElementTextKeyword.groovy:72)
	at com.kms.katalon.core.webui.keyword.builtin.VerifyElementTextKeyword.execute(VerifyElementTextKeyword.groovy:40)
	at com.kms.katalon.core.keyword.internal.KeywordExecutor.executeKeywordForPlatform(KeywordExecutor.groovy:53)
	at com.kms.katalon.core.webui.keyword.WebUiBuiltInKeywords.verifyElementText(WebUiBuiltInKeywords.groovy:3663)
	at com.kms.katalon.core.webui.keyword.WebUiBuiltInKeywords$verifyElementText$11.call(Unknown Source)
	at org.codehaus.groovy.runtime.callsite.CallSiteArray.defaultCall(CallSiteArray.java:48)
	at org.codehaus.groovy.runtime.callsite.AbstractCallSite.call(AbstractCallSite.java:113)
	at org.codehaus.groovy.runtime.callsite.AbstractCallSite.call(AbstractCallSite.java:133)
	at Script1540594161112.run(Script1540594161112.groovy:73)
	at com.kms.katalon.core.main.ScriptEngine.run(ScriptEngine.java:183)
	at com.kms.katalon.core.main.ScriptEngine.runScriptAsRawText(ScriptEngine.java:108)
	at com.kms.katalon.core.main.TestCaseExecutor.runScript(TestCaseExecutor.java:294)
	at com.kms.katalon.core.main.TestCaseExecutor.doExecute(TestCaseExecutor.java:285)
	at com.kms.katalon.core.main.TestCaseExecutor.processExecutionPhase(TestCaseExecutor.java:264)
	at com.kms.katalon.core.main.TestCaseExecutor.accessMainPhase(TestCaseExecutor.java:256)
	at com.kms.katalon.core.main.TestCaseExecutor.execute(TestCaseExecutor.java:200)
	at com.kms.katalon.core.main.TestSuiteExecutor.accessTestCaseMainPhase(TestSuiteExecutor.java:129)
	at com.kms.katalon.core.main.TestSuiteExecutor.accessTestSuiteMainPhase(TestSuiteExecutor.java:112)
	at com.kms.katalon.core.main.TestSuiteExecutor.execute(TestSuiteExecutor.java:81)
	at com.kms.katalon.core.main.TestCaseMain.startTestSuite(TestCaseMain.java:142)
	at com.kms.katalon.core.main.TestCaseMain$startTestSuite$0.call(Unknown Source)
	at org.codehaus.groovy.runtime.callsite.CallSiteArray.defaultCall(CallSiteArray.java:48)
	at org.codehaus.groovy.runtime.callsite.AbstractCallSite.call(AbstractCallSite.java:113)
	at org.codehaus.groovy.runtime.callsite.AbstractCallSite.call(AbstractCallSite.java:141)
	at TempTestSuite1542220424261.run(TempTestSuite1542220424261.groovy:36)
	at groovy.lang.GroovyShell.runScriptOrMainOrTestOrRunnable(GroovyShell.java:263)
	at groovy.lang.GroovyShell.run(GroovyShell.java:518)
	at groovy.lang.GroovyShell.run(GroovyShell.java:507)
	at groovy.ui.GroovyMain.processOnce(GroovyMain.java:653)
	at groovy.ui.GroovyMain.run(GroovyMain.java:384)
	at groovy.ui.GroovyMain.process(GroovyMain.java:370)
	at groovy.ui.GroovyMain.processArgs(GroovyMain.java:129)
	at groovy.ui.GroovyMain.main(GroovyMain.java:109)
	at sun.reflect.NativeMethodAccessorImpl.invoke0(Native Method)
	at sun.reflect.NativeMethodAccessorImpl.invoke(NativeMethodAccessorImpl.java:62)
	at sun.reflect.DelegatingMethodAccessorImpl.invoke(DelegatingMethodAccessorImpl.java:43)
	at java.lang.reflect.Method.invoke(Method.java:498)
	at org.codehaus.groovy.tools.GroovyStarter.rootLoader(GroovyStarter.java:109)
	at org.codehaus.groovy.tools.GroovyStarter.main(GroovyStarter.java:131)
)"/>
         <system-out><![CDATA[2018-11-14 12:36:23 - [TEST_CASE][FAILED] - Test Cases/SuperAdminConsole/Poll Pads/PollPad - Add: Test Cases/SuperAdminConsole/Poll Pads/PollPad - Add FAILED because (of) (Stack trace: com.kms.katalon.core.exception.StepFailedException: Verify element text of test object 'Object Repository/SuperAdminConsole/Poll Pads/Test PollPad' FAILED. (Root cause: Actual text '' and expected text 'Test PollPad' of test object 'Object Repository/SuperAdminConsole/Poll Pads/Test PollPad' are NOT matched.)
	at com.kms.katalon.core.keyword.internal.KeywordMain.stepFailed(KeywordMain.groovy:36)
	at com.kms.katalon.core.webui.keyword.internal.WebUIKeywordMain.stepFailed(WebUIKeywordMain.groovy:65)
	at com.kms.katalon.core.webui.keyword.internal.WebUIKeywordMain.runKeyword(WebUIKeywordMain.groovy:27)
	at com.kms.katalon.core.webui.keyword.builtin.VerifyElementTextKeyword.verifyElementText(VerifyElementTextKeyword.groovy:72)
	at com.kms.katalon.core.webui.keyword.builtin.VerifyElementTextKeyword.execute(VerifyElementTextKeyword.groovy:40)
	at com.kms.katalon.core.keyword.internal.KeywordExecutor.executeKeywordForPlatform(KeywordExecutor.groovy:53)
	at com.kms.katalon.core.webui.keyword.WebUiBuiltInKeywords.verifyElementText(WebUiBuiltInKeywords.groovy:3663)
	at com.kms.katalon.core.webui.keyword.WebUiBuiltInKeywords$verifyElementText$11.call(Unknown Source)
	at org.codehaus.groovy.runtime.callsite.CallSiteArray.defaultCall(CallSiteArray.java:48)
	at org.codehaus.groovy.runtime.callsite.AbstractCallSite.call(AbstractCallSite.java:113)
	at org.codehaus.groovy.runtime.callsite.AbstractCallSite.call(AbstractCallSite.java:133)
	at Script1540594161112.run(Script1540594161112.groovy:73)
	at com.kms.katalon.core.main.ScriptEngine.run(ScriptEngine.java:183)
	at com.kms.katalon.core.main.ScriptEngine.runScriptAsRawText(ScriptEngine.java:108)
	at com.kms.katalon.core.main.TestCaseExecutor.runScript(TestCaseExecutor.java:294)
	at com.kms.katalon.core.main.TestCaseExecutor.doExecute(TestCaseExecutor.java:285)
	at com.kms.katalon.core.main.TestCaseExecutor.processExecutionPhase(TestCaseExecutor.java:264)
	at com.kms.katalon.core.main.TestCaseExecutor.accessMainPhase(TestCaseExecutor.java:256)
	at com.kms.katalon.core.main.TestCaseExecutor.execute(TestCaseExecutor.java:200)
	at com.kms.katalon.core.main.TestSuiteExecutor.accessTestCaseMainPhase(TestSuiteExecutor.java:129)
	at com.kms.katalon.core.main.TestSuiteExecutor.accessTestSuiteMainPhase(TestSuiteExecutor.java:112)
	at com.kms.katalon.core.main.TestSuiteExecutor.execute(TestSuiteExecutor.java:81)
	at com.kms.katalon.core.main.TestCaseMain.startTestSuite(TestCaseMain.java:142)
	at com.kms.katalon.core.main.TestCaseMain$startTestSuite$0.call(Unknown Source)
	at org.codehaus.groovy.runtime.callsite.CallSiteArray.defaultCall(CallSiteArray.java:48)
	at org.codehaus.groovy.runtime.callsite.AbstractCallSite.call(AbstractCallSite.java:113)
	at org.codehaus.groovy.runtime.callsite.AbstractCallSite.call(AbstractCallSite.java:141)
	at TempTestSuite1542220424261.run(TempTestSuite1542220424261.groovy:36)
	at groovy.lang.GroovyShell.runScriptOrMainOrTestOrRunnable(GroovyShell.java:263)
	at groovy.lang.GroovyShell.run(GroovyShell.java:518)
	at groovy.lang.GroovyShell.run(GroovyShell.java:507)
	at groovy.ui.GroovyMain.processOnce(GroovyMain.java:653)
	at groovy.ui.GroovyMain.run(GroovyMain.java:384)
	at groovy.ui.GroovyMain.process(GroovyMain.java:370)
	at groovy.ui.GroovyMain.processArgs(GroovyMain.java:129)
	at groovy.ui.GroovyMain.main(GroovyMain.java:109)
	at sun.reflect.NativeMethodAccessorImpl.invoke0(Native Method)
	at sun.reflect.NativeMethodAccessorImpl.invoke(NativeMethodAccessorImpl.java:62)
	at sun.reflect.DelegatingMethodAccessorImpl.invoke(DelegatingMethodAccessorImpl.java:43)
	at java.lang.reflect.Method.invoke(Method.java:498)
	at org.codehaus.groovy.tools.GroovyStarter.rootLoader(GroovyStarter.java:109)
	at org.codehaus.groovy.tools.GroovyStarter.main(GroovyStarter.java:131)
)

2018-11-14 12:36:23 - [TEST_STEP][PASSED] - openBrowser: Browser is opened with url: ''

2018-11-14 12:36:24 - [MESSAGE][PASSED] - Browser is opened with url: ''

2018-11-14 12:36:24 - [TEST_STEP][PASSED] - navigateToUrl: Navigate to 'https://epulsedev2.com' successfully

2018-11-14 12:36:26 - [MESSAGE][PASSED] - Navigate to 'https://epulsedev2.com' successfully

2018-11-14 12:36:26 - [TEST_STEP][PASSED] - setText: Text 'alonzo.mack@knowink.com' is set on object 'Object Repository/Login/Email Address'

2018-11-14 12:36:26 - [MESSAGE][PASSED] - Text 'alonzo.mack@knowink.com' is set on object 'Object Repository/Login/Email Address'

2018-11-14 12:36:26 - [TEST_STEP][PASSED] - setEncryptedText: Text ****** has been set on object 'Object Repository/Login/Password'

2018-11-14 12:36:26 - [MESSAGE][PASSED] - Text ****** has been set on object 'Object Repository/Login/Password'

2018-11-14 12:36:26 - [TEST_STEP][PASSED] - click: Object: 'Object Repository/Login/Sign In' is clicked on

2018-11-14 12:36:27 - [MESSAGE][PASSED] - Object: 'Object Repository/Login/Sign In' is clicked on

2018-11-14 12:36:27 - [TEST_STEP][PASSED] - delay: Delayed 1 second(s)

2018-11-14 12:36:28 - [MESSAGE][PASSED] - Delayed 1 second(s)

2018-11-14 12:36:28 - [TEST_STEP][PASSED] - click: Object: 'Object Repository/SuperAdminConsole/Poll Pads/POLL PADS link' is clicked on

2018-11-14 12:36:29 - [MESSAGE][PASSED] - Object: 'Object Repository/SuperAdminConsole/Poll Pads/POLL PADS link' is clicked on

2018-11-14 12:36:29 - [TEST_STEP][PASSED] - delay: Delayed 1 second(s)

2018-11-14 12:36:30 - [MESSAGE][PASSED] - Delayed 1 second(s)

2018-11-14 12:36:30 - [TEST_STEP][PASSED] - click: Object: 'Object Repository/SuperAdminConsole/Poll Pads/Add Poll Pad' is clicked on

2018-11-14 12:36:30 - [MESSAGE][PASSED] - Object: 'Object Repository/SuperAdminConsole/Poll Pads/Add Poll Pad' is clicked on

2018-11-14 12:36:30 - [TEST_STEP][PASSED] - delay: Delayed 1 second(s)

2018-11-14 12:36:31 - [MESSAGE][PASSED] - Delayed 1 second(s)

2018-11-14 12:36:31 - [TEST_STEP][PASSED] - setText: Text 'Test PollPad' is set on object 'Object Repository/SuperAdminConsole/Poll Pads/Add Poll Pad Options/Poll_Pad_Name'

2018-11-14 12:36:32 - [MESSAGE][PASSED] - Text 'Test PollPad' is set on object 'Object Repository/SuperAdminConsole/Poll Pads/Add Poll Pad Options/Poll_Pad_Name'

2018-11-14 12:36:32 - [TEST_STEP][PASSED] - delay: Delayed 1 second(s)

2018-11-14 12:36:33 - [MESSAGE][PASSED] - Delayed 1 second(s)

2018-11-14 12:36:33 - [TEST_STEP][PASSED] - click: Object: 'Object Repository/SuperAdminConsole/Poll Pads/Add Poll Pad Options/Account' is clicked on

2018-11-14 12:36:33 - [MESSAGE][PASSED] - Object: 'Object Repository/SuperAdminConsole/Poll Pads/Add Poll Pad Options/Account' is clicked on

2018-11-14 12:36:33 - [TEST_STEP][PASSED] - click: Object: 'Object Repository/SuperAdminConsole/Poll Pads/AM-Mississippi' is clicked on

2018-11-14 12:36:33 - [MESSAGE][PASSED] - Object: 'Object Repository/SuperAdminConsole/Poll Pads/AM-Mississippi' is clicked on

2018-11-14 12:36:33 - [TEST_STEP][PASSED] - delay: Delayed 1 second(s)

2018-11-14 12:36:34 - [MESSAGE][PASSED] - Delayed 1 second(s)

2018-11-14 12:36:34 - [TEST_STEP][PASSED] - click: Object: 'Object Repository/SuperAdminConsole/Poll Pads/Add Poll Pad Options/Polling Places' is clicked on

2018-11-14 12:36:34 - [MESSAGE][PASSED] - Object: 'Object Repository/SuperAdminConsole/Poll Pads/Add Poll Pad Options/Polling Places' is clicked on

2018-11-14 12:36:34 - [TEST_STEP][PASSED] - click: Object: 'Object Repository/SuperAdminConsole/Poll Pads/Add Poll Pad Options/Polling Place(CATO FIRE STATION)' is clicked on

2018-11-14 12:36:34 - [MESSAGE][PASSED] - Object: 'Object Repository/SuperAdminConsole/Poll Pads/Add Poll Pad Options/Polling Place(CATO FIRE STATION)' is clicked on

2018-11-14 12:36:34 - [TEST_STEP][PASSED] - delay: Delayed 1 second(s)

2018-11-14 12:36:35 - [MESSAGE][PASSED] - Delayed 1 second(s)

2018-11-14 12:36:35 - [TEST_STEP][PASSED] - selectOptionByValue: All options with value '871' are selected in object 'Object Repository/SuperAdminConsole/Poll Pads/Add Poll Pad Options/Configuration' 

2018-11-14 12:36:35 - [MESSAGE][PASSED] - All options with value '871' are selected in object 'Object Repository/SuperAdminConsole/Poll Pads/Add Poll Pad Options/Configuration' 

2018-11-14 12:36:35 - [TEST_STEP][PASSED] - delay: Delayed 1 second(s)

2018-11-14 12:36:36 - [MESSAGE][PASSED] - Delayed 1 second(s)

2018-11-14 12:36:36 - [TEST_STEP][PASSED] - click: Object: 'Object Repository/Admin Console ePulse Menu/Account Settings/Prompts/Prompt Criteria Modal/Save' is clicked on

2018-11-14 12:36:36 - [MESSAGE][PASSED] - Object: 'Object Repository/Admin Console ePulse Menu/Account Settings/Prompts/Prompt Criteria Modal/Save' is clicked on

2018-11-14 12:36:36 - [TEST_STEP][PASSED] - delay: Delayed 1 second(s)

2018-11-14 12:36:37 - [MESSAGE][PASSED] - Delayed 1 second(s)

2018-11-14 12:36:37 - [TEST_STEP][FAILED] - verifyElementText: Verify element text of test object 'Object Repository/SuperAdminConsole/Poll Pads/Test PollPad' FAILED. (Root cause: Actual text '' and expected text 'Test PollPad' of test object 'Object Repository/SuperAdminConsole/Poll Pads/Test PollPad' are NOT matched.)

2018-11-14 12:36:38 - [MESSAGE][FAILED] - Actual text '' and expected text 'Test PollPad' of test object 'Object Repository/SuperAdminConsole/Poll Pads/Test PollPad' are NOT matched.
[[ATTACHMENT|/Users/alonzomack/Katalon Studio/Regression/Reports/Smoke Test(US)/20181114_123344/1542220597680.png]]

2018-11-14 12:36:38 - [MESSAGE][FAILED] - Verify element text of test object 'Object Repository/SuperAdminConsole/Poll Pads/Test PollPad' FAILED. (Root cause: Actual text '' and expected text 'Test PollPad' of test object 'Object Repository/SuperAdminConsole/Poll Pads/Test PollPad' are NOT matched.)
[[ATTACHMENT|/Users/alonzomack/Katalon Studio/Regression/Reports/Smoke Test(US)/20181114_123344/1542220598112.png]]]]></system-out>
         <system-err><![CDATA[2018-11-14 12:36:23 - [TEST_CASE][FAILED] - Test Cases/SuperAdminConsole/Poll Pads/PollPad - Add: Test Cases/SuperAdminConsole/Poll Pads/PollPad - Add FAILED because (of) (Stack trace: com.kms.katalon.core.exception.StepFailedException: Verify element text of test object 'Object Repository/SuperAdminConsole/Poll Pads/Test PollPad' FAILED. (Root cause: Actual text '' and expected text 'Test PollPad' of test object 'Object Repository/SuperAdminConsole/Poll Pads/Test PollPad' are NOT matched.)
	at com.kms.katalon.core.keyword.internal.KeywordMain.stepFailed(KeywordMain.groovy:36)
	at com.kms.katalon.core.webui.keyword.internal.WebUIKeywordMain.stepFailed(WebUIKeywordMain.groovy:65)
	at com.kms.katalon.core.webui.keyword.internal.WebUIKeywordMain.runKeyword(WebUIKeywordMain.groovy:27)
	at com.kms.katalon.core.webui.keyword.builtin.VerifyElementTextKeyword.verifyElementText(VerifyElementTextKeyword.groovy:72)
	at com.kms.katalon.core.webui.keyword.builtin.VerifyElementTextKeyword.execute(VerifyElementTextKeyword.groovy:40)
	at com.kms.katalon.core.keyword.internal.KeywordExecutor.executeKeywordForPlatform(KeywordExecutor.groovy:53)
	at com.kms.katalon.core.webui.keyword.WebUiBuiltInKeywords.verifyElementText(WebUiBuiltInKeywords.groovy:3663)
	at com.kms.katalon.core.webui.keyword.WebUiBuiltInKeywords$verifyElementText$11.call(Unknown Source)
	at org.codehaus.groovy.runtime.callsite.CallSiteArray.defaultCall(CallSiteArray.java:48)
	at org.codehaus.groovy.runtime.callsite.AbstractCallSite.call(AbstractCallSite.java:113)
	at org.codehaus.groovy.runtime.callsite.AbstractCallSite.call(AbstractCallSite.java:133)
	at Script1540594161112.run(Script1540594161112.groovy:73)
	at com.kms.katalon.core.main.ScriptEngine.run(ScriptEngine.java:183)
	at com.kms.katalon.core.main.ScriptEngine.runScriptAsRawText(ScriptEngine.java:108)
	at com.kms.katalon.core.main.TestCaseExecutor.runScript(TestCaseExecutor.java:294)
	at com.kms.katalon.core.main.TestCaseExecutor.doExecute(TestCaseExecutor.java:285)
	at com.kms.katalon.core.main.TestCaseExecutor.processExecutionPhase(TestCaseExecutor.java:264)
	at com.kms.katalon.core.main.TestCaseExecutor.accessMainPhase(TestCaseExecutor.java:256)
	at com.kms.katalon.core.main.TestCaseExecutor.execute(TestCaseExecutor.java:200)
	at com.kms.katalon.core.main.TestSuiteExecutor.accessTestCaseMainPhase(TestSuiteExecutor.java:129)
	at com.kms.katalon.core.main.TestSuiteExecutor.accessTestSuiteMainPhase(TestSuiteExecutor.java:112)
	at com.kms.katalon.core.main.TestSuiteExecutor.execute(TestSuiteExecutor.java:81)
	at com.kms.katalon.core.main.TestCaseMain.startTestSuite(TestCaseMain.java:142)
	at com.kms.katalon.core.main.TestCaseMain$startTestSuite$0.call(Unknown Source)
	at org.codehaus.groovy.runtime.callsite.CallSiteArray.defaultCall(CallSiteArray.java:48)
	at org.codehaus.groovy.runtime.callsite.AbstractCallSite.call(AbstractCallSite.java:113)
	at org.codehaus.groovy.runtime.callsite.AbstractCallSite.call(AbstractCallSite.java:141)
	at TempTestSuite1542220424261.run(TempTestSuite1542220424261.groovy:36)
	at groovy.lang.GroovyShell.runScriptOrMainOrTestOrRunnable(GroovyShell.java:263)
	at groovy.lang.GroovyShell.run(GroovyShell.java:518)
	at groovy.lang.GroovyShell.run(GroovyShell.java:507)
	at groovy.ui.GroovyMain.processOnce(GroovyMain.java:653)
	at groovy.ui.GroovyMain.run(GroovyMain.java:384)
	at groovy.ui.GroovyMain.process(GroovyMain.java:370)
	at groovy.ui.GroovyMain.processArgs(GroovyMain.java:129)
	at groovy.ui.GroovyMain.main(GroovyMain.java:109)
	at sun.reflect.NativeMethodAccessorImpl.invoke0(Native Method)
	at sun.reflect.NativeMethodAccessorImpl.invoke(NativeMethodAccessorImpl.java:62)
	at sun.reflect.DelegatingMethodAccessorImpl.invoke(DelegatingMethodAccessorImpl.java:43)
	at java.lang.reflect.Method.invoke(Method.java:498)
	at org.codehaus.groovy.tools.GroovyStarter.rootLoader(GroovyStarter.java:109)
	at org.codehaus.groovy.tools.GroovyStarter.main(GroovyStarter.java:131)
)]]></system-err>
      </testcase>
      <testcase name="Test Cases/SuperAdminConsole/Poll Pads/PollPad_Assign" classname="Test Cases/SuperAdminConsole/Poll Pads/PollPad_Assign" status="PASSED">
         <system-out><![CDATA[2018-11-14 12:36:38 - [TEST_CASE][PASSED] - Test Cases/SuperAdminConsole/Poll Pads/PollPad_Assign: Test Cases/SuperAdminConsole/Poll Pads/PollPad_Assign

2018-11-14 12:36:38 - [TEST_STEP][PASSED] - openBrowser: Browser is opened with url: 'https://epulsedev2.com'

2018-11-14 12:36:38 - [MESSAGE][WARNING] - A browser is already opened. Closing browser and opening a new one

2018-11-14 12:36:41 - [MESSAGE][PASSED] - Browser is opened with url: 'https://epulsedev2.com'

2018-11-14 12:36:41 - [TEST_STEP][PASSED] - openBrowser: Browser is opened with url: ''

2018-11-14 12:36:41 - [MESSAGE][WARNING] - A browser is already opened. Closing browser and opening a new one

2018-11-14 12:36:42 - [MESSAGE][PASSED] - Browser is opened with url: ''

2018-11-14 12:36:42 - [TEST_STEP][PASSED] - navigateToUrl: Navigate to 'https://epulsedev2.com' successfully

2018-11-14 12:36:43 - [MESSAGE][PASSED] - Navigate to 'https://epulsedev2.com' successfully

2018-11-14 12:36:43 - [TEST_STEP][PASSED] - setText: Text 'alonzo.mack@knowink.com' is set on object 'Object Repository/Login/Email Address'

2018-11-14 12:36:44 - [MESSAGE][PASSED] - Text 'alonzo.mack@knowink.com' is set on object 'Object Repository/Login/Email Address'

2018-11-14 12:36:44 - [TEST_STEP][PASSED] - setEncryptedText: Text ****** has been set on object 'Object Repository/Login/Password'

2018-11-14 12:36:44 - [MESSAGE][PASSED] - Text ****** has been set on object 'Object Repository/Login/Password'

2018-11-14 12:36:44 - [TEST_STEP][PASSED] - click: Object: 'Object Repository/Login/Sign In' is clicked on

2018-11-14 12:36:45 - [MESSAGE][PASSED] - Object: 'Object Repository/Login/Sign In' is clicked on

2018-11-14 12:36:45 - [TEST_STEP][PASSED] - delay: Delayed 1 second(s)

2018-11-14 12:36:46 - [MESSAGE][PASSED] - Delayed 1 second(s)

2018-11-14 12:36:46 - [TEST_STEP][PASSED] - click: Object: 'Object Repository/SuperAdminConsole/Poll Pads/POLL PADS link' is clicked on

2018-11-14 12:36:47 - [MESSAGE][PASSED] - Object: 'Object Repository/SuperAdminConsole/Poll Pads/POLL PADS link' is clicked on

2018-11-14 12:36:47 - [TEST_STEP][PASSED] - delay: Delayed 1 second(s)

2018-11-14 12:36:48 - [MESSAGE][PASSED] - Delayed 1 second(s)

2018-11-14 12:36:48 - [TEST_STEP][PASSED] - setText: Text 'Test Pollpad' is set on object 'Object Repository/SuperAdminConsole/Poll Pads/Test PollPad table search'

2018-11-14 12:36:48 - [MESSAGE][PASSED] - Text 'Test Pollpad' is set on object 'Object Repository/SuperAdminConsole/Poll Pads/Test PollPad table search'

2018-11-14 12:36:48 - [TEST_STEP][PASSED] - delay: Delayed 1 second(s)

2018-11-14 12:36:49 - [MESSAGE][PASSED] - Delayed 1 second(s)

2018-11-14 12:36:49 - [TEST_STEP][PASSED] - click: Object: 'Object Repository/SuperAdminConsole/Poll Pads/Add Poll Pad Options/Assign/edit pad-AM-Mississippi' is clicked on

2018-11-14 12:36:49 - [MESSAGE][PASSED] - Object: 'Object Repository/SuperAdminConsole/Poll Pads/Add Poll Pad Options/Assign/edit pad-AM-Mississippi' is clicked on

2018-11-14 12:36:49 - [TEST_STEP][PASSED] - delay: Delayed 1 second(s)

2018-11-14 12:36:50 - [MESSAGE][PASSED] - Delayed 1 second(s)

2018-11-14 12:36:50 - [TEST_STEP][PASSED] - click: Object: 'Object Repository/SuperAdminConsole/Poll Pads/Add Poll Pad Options/Account' is clicked on

2018-11-14 12:36:50 - [MESSAGE][PASSED] - Object: 'Object Repository/SuperAdminConsole/Poll Pads/Add Poll Pad Options/Account' is clicked on

2018-11-14 12:36:50 - [TEST_STEP][PASSED] - delay: Delayed 1 second(s)

2018-11-14 12:36:51 - [MESSAGE][PASSED] - Delayed 1 second(s)

2018-11-14 12:36:51 - [TEST_STEP][PASSED] - click: Object: 'Object Repository/SuperAdminConsole/Poll Pads/Add Poll Pad Options/Assign/Account(am-Automation-test)' is clicked on

2018-11-14 12:36:51 - [MESSAGE][PASSED] - Object: 'Object Repository/SuperAdminConsole/Poll Pads/Add Poll Pad Options/Assign/Account(am-Automation-test)' is clicked on

2018-11-14 12:36:51 - [TEST_STEP][PASSED] - delay: Delayed 1 second(s)

2018-11-14 12:36:52 - [MESSAGE][PASSED] - Delayed 1 second(s)

2018-11-14 12:36:52 - [TEST_STEP][PASSED] - click: Object: 'Object Repository/SuperAdminConsole/Poll Pads/Add Poll Pad Options/Election' is clicked on

2018-11-14 12:36:52 - [MESSAGE][PASSED] - Object: 'Object Repository/SuperAdminConsole/Poll Pads/Add Poll Pad Options/Election' is clicked on

2018-11-14 12:36:52 - [TEST_STEP][PASSED] - click: Object: 'Object Repository/SuperAdminConsole/Poll Pads/Add Poll Pad Options/Assign/Election(Election Creation)' is clicked on

2018-11-14 12:36:52 - [MESSAGE][PASSED] - Object: 'Object Repository/SuperAdminConsole/Poll Pads/Add Poll Pad Options/Assign/Election(Election Creation)' is clicked on

2018-11-14 12:36:52 - [TEST_STEP][PASSED] - delay: Delayed 1 second(s)

2018-11-14 12:36:53 - [MESSAGE][PASSED] - Delayed 1 second(s)

2018-11-14 12:36:53 - [TEST_STEP][PASSED] - click: Object: 'Object Repository/SuperAdminConsole/Poll Pads/Add Poll Pad Options/Polling Places' is clicked on

2018-11-14 12:36:54 - [MESSAGE][PASSED] - Object: 'Object Repository/SuperAdminConsole/Poll Pads/Add Poll Pad Options/Polling Places' is clicked on

2018-11-14 12:36:54 - [TEST_STEP][PASSED] - click: Object: 'Object Repository/SuperAdminConsole/Poll Pads/Add Poll Pad Options/Assign/Polling Place(MATHEWS DICKEY)' is clicked on

2018-11-14 12:36:54 - [MESSAGE][PASSED] - Object: 'Object Repository/SuperAdminConsole/Poll Pads/Add Poll Pad Options/Assign/Polling Place(MATHEWS DICKEY)' is clicked on

2018-11-14 12:36:54 - [TEST_STEP][PASSED] - delay: Delayed 1 second(s)

2018-11-14 12:36:55 - [MESSAGE][PASSED] - Delayed 1 second(s)

2018-11-14 12:36:55 - [TEST_STEP][PASSED] - selectOptionByLabel: All options with label 'Automation Created Config' are selected in object 'Object Repository/SuperAdminConsole/Poll Pads/Add Poll Pad Options/Assign/Select Configuration'  using regular expression

2018-11-14 12:36:55 - [MESSAGE][PASSED] - All options with label 'Automation Created Config' are selected in object 'Object Repository/SuperAdminConsole/Poll Pads/Add Poll Pad Options/Assign/Select Configuration'  using regular expression

2018-11-14 12:36:55 - [TEST_STEP][PASSED] - delay: Delayed 1 second(s)

2018-11-14 12:36:56 - [MESSAGE][PASSED] - Delayed 1 second(s)

2018-11-14 12:36:56 - [TEST_STEP][PASSED] - click: Object: 'Object Repository/Admin Console ePulse Menu/Account Settings/Prompts/Prompt Criteria Modal/Save' is clicked on

2018-11-14 12:36:56 - [MESSAGE][PASSED] - Object: 'Object Repository/Admin Console ePulse Menu/Account Settings/Prompts/Prompt Criteria Modal/Save' is clicked on

2018-11-14 12:36:56 - [TEST_STEP][PASSED] - delay: Delayed 1 second(s)

2018-11-14 12:36:57 - [MESSAGE][PASSED] - Delayed 1 second(s)

2018-11-14 12:36:57 - [TEST_STEP][PASSED] - closeBrowser: Browser is closed

2018-11-14 12:36:57 - [MESSAGE][PASSED] - Browser is closed]]></system-out>
         <system-err><![CDATA[]]></system-err>
      </testcase>
      <testcase name="Test Cases/Admin Console/Election Setup/Election Creation - Upload Supplemental" classname="Test Cases/Admin Console/Election Setup/Election Creation - Upload Supplemental" status="FAILED">
         <failure type="FAILED" message="(Stack trace: com.kms.katalon.core.exception.StepFailedException: Unable to click on object 'Object Repository/Admin Console ePulse Menu/Election Setup/Election Creation/Supplemental File Upload/Done' (Root cause: com.kms.katalon.core.webui.exception.WebElementNotFoundException: Web element with id: 'Object Repository/Admin Console ePulse Menu/Election Setup/Election Creation/Supplemental File Upload/Done' located by 'By.xpath: (.//*[normalize-space(text()) and normalize-space(.)='Done!'])[1]/following::button[1]' not found)
	at com.kms.katalon.core.keyword.internal.KeywordMain.stepFailed(KeywordMain.groovy:36)
	at com.kms.katalon.core.webui.keyword.internal.WebUIKeywordMain.stepFailed(WebUIKeywordMain.groovy:65)
	at com.kms.katalon.core.webui.keyword.internal.WebUIKeywordMain.runKeyword(WebUIKeywordMain.groovy:27)
	at com.kms.katalon.core.webui.keyword.builtin.ClickKeyword.click(ClickKeyword.groovy:86)
	at com.kms.katalon.core.webui.keyword.builtin.ClickKeyword.execute(ClickKeyword.groovy:67)
	at com.kms.katalon.core.keyword.internal.KeywordExecutor.executeKeywordForPlatform(KeywordExecutor.groovy:53)
	at com.kms.katalon.core.webui.keyword.WebUiBuiltInKeywords.click(WebUiBuiltInKeywords.groovy:616)
	at com.kms.katalon.core.webui.keyword.WebUiBuiltInKeywords$click$3.call(Unknown Source)
	at org.codehaus.groovy.runtime.callsite.CallSiteArray.defaultCall(CallSiteArray.java:48)
	at org.codehaus.groovy.runtime.callsite.AbstractCallSite.call(AbstractCallSite.java:113)
	at org.codehaus.groovy.runtime.callsite.AbstractCallSite.call(AbstractCallSite.java:125)
	at Script1541014885083.run(Script1541014885083.groovy:58)
	at com.kms.katalon.core.main.ScriptEngine.run(ScriptEngine.java:183)
	at com.kms.katalon.core.main.ScriptEngine.runScriptAsRawText(ScriptEngine.java:108)
	at com.kms.katalon.core.main.TestCaseExecutor.runScript(TestCaseExecutor.java:294)
	at com.kms.katalon.core.main.TestCaseExecutor.doExecute(TestCaseExecutor.java:285)
	at com.kms.katalon.core.main.TestCaseExecutor.processExecutionPhase(TestCaseExecutor.java:264)
	at com.kms.katalon.core.main.TestCaseExecutor.accessMainPhase(TestCaseExecutor.java:256)
	at com.kms.katalon.core.main.TestCaseExecutor.execute(TestCaseExecutor.java:200)
	at com.kms.katalon.core.main.TestSuiteExecutor.accessTestCaseMainPhase(TestSuiteExecutor.java:129)
	at com.kms.katalon.core.main.TestSuiteExecutor.accessTestSuiteMainPhase(TestSuiteExecutor.java:112)
	at com.kms.katalon.core.main.TestSuiteExecutor.execute(TestSuiteExecutor.java:81)
	at com.kms.katalon.core.main.TestCaseMain.startTestSuite(TestCaseMain.java:142)
	at com.kms.katalon.core.main.TestCaseMain$startTestSuite$0.call(Unknown Source)
	at org.codehaus.groovy.runtime.callsite.CallSiteArray.defaultCall(CallSiteArray.java:48)
	at org.codehaus.groovy.runtime.callsite.AbstractCallSite.call(AbstractCallSite.java:113)
	at org.codehaus.groovy.runtime.callsite.AbstractCallSite.call(AbstractCallSite.java:141)
	at TempTestSuite1542220424261.run(TempTestSuite1542220424261.groovy:36)
	at groovy.lang.GroovyShell.runScriptOrMainOrTestOrRunnable(GroovyShell.java:263)
	at groovy.lang.GroovyShell.run(GroovyShell.java:518)
	at groovy.lang.GroovyShell.run(GroovyShell.java:507)
	at groovy.ui.GroovyMain.processOnce(GroovyMain.java:653)
	at groovy.ui.GroovyMain.run(GroovyMain.java:384)
	at groovy.ui.GroovyMain.process(GroovyMain.java:370)
	at groovy.ui.GroovyMain.processArgs(GroovyMain.java:129)
	at groovy.ui.GroovyMain.main(GroovyMain.java:109)
	at sun.reflect.NativeMethodAccessorImpl.invoke0(Native Method)
	at sun.reflect.NativeMethodAccessorImpl.invoke(NativeMethodAccessorImpl.java:62)
	at sun.reflect.DelegatingMethodAccessorImpl.invoke(DelegatingMethodAccessorImpl.java:43)
	at java.lang.reflect.Method.invoke(Method.java:498)
	at org.codehaus.groovy.tools.GroovyStarter.rootLoader(GroovyStarter.java:109)
	at org.codehaus.groovy.tools.GroovyStarter.main(GroovyStarter.java:131)
)"/>
         <system-out><![CDATA[2018-11-14 12:36:57 - [TEST_CASE][FAILED] - Test Cases/Admin Console/Election Setup/Election Creation - Upload Supplemental: Test Cases/Admin Console/Election Setup/Election Creation - Upload Supplemental FAILED because (of) (Stack trace: com.kms.katalon.core.exception.StepFailedException: Unable to click on object 'Object Repository/Admin Console ePulse Menu/Election Setup/Election Creation/Supplemental File Upload/Done' (Root cause: com.kms.katalon.core.webui.exception.WebElementNotFoundException: Web element with id: 'Object Repository/Admin Console ePulse Menu/Election Setup/Election Creation/Supplemental File Upload/Done' located by 'By.xpath: (.//*[normalize-space(text()) and normalize-space(.)='Done!'])[1]/following::button[1]' not found)
	at com.kms.katalon.core.keyword.internal.KeywordMain.stepFailed(KeywordMain.groovy:36)
	at com.kms.katalon.core.webui.keyword.internal.WebUIKeywordMain.stepFailed(WebUIKeywordMain.groovy:65)
	at com.kms.katalon.core.webui.keyword.internal.WebUIKeywordMain.runKeyword(WebUIKeywordMain.groovy:27)
	at com.kms.katalon.core.webui.keyword.builtin.ClickKeyword.click(ClickKeyword.groovy:86)
	at com.kms.katalon.core.webui.keyword.builtin.ClickKeyword.execute(ClickKeyword.groovy:67)
	at com.kms.katalon.core.keyword.internal.KeywordExecutor.executeKeywordForPlatform(KeywordExecutor.groovy:53)
	at com.kms.katalon.core.webui.keyword.WebUiBuiltInKeywords.click(WebUiBuiltInKeywords.groovy:616)
	at com.kms.katalon.core.webui.keyword.WebUiBuiltInKeywords$click$3.call(Unknown Source)
	at org.codehaus.groovy.runtime.callsite.CallSiteArray.defaultCall(CallSiteArray.java:48)
	at org.codehaus.groovy.runtime.callsite.AbstractCallSite.call(AbstractCallSite.java:113)
	at org.codehaus.groovy.runtime.callsite.AbstractCallSite.call(AbstractCallSite.java:125)
	at Script1541014885083.run(Script1541014885083.groovy:58)
	at com.kms.katalon.core.main.ScriptEngine.run(ScriptEngine.java:183)
	at com.kms.katalon.core.main.ScriptEngine.runScriptAsRawText(ScriptEngine.java:108)
	at com.kms.katalon.core.main.TestCaseExecutor.runScript(TestCaseExecutor.java:294)
	at com.kms.katalon.core.main.TestCaseExecutor.doExecute(TestCaseExecutor.java:285)
	at com.kms.katalon.core.main.TestCaseExecutor.processExecutionPhase(TestCaseExecutor.java:264)
	at com.kms.katalon.core.main.TestCaseExecutor.accessMainPhase(TestCaseExecutor.java:256)
	at com.kms.katalon.core.main.TestCaseExecutor.execute(TestCaseExecutor.java:200)
	at com.kms.katalon.core.main.TestSuiteExecutor.accessTestCaseMainPhase(TestSuiteExecutor.java:129)
	at com.kms.katalon.core.main.TestSuiteExecutor.accessTestSuiteMainPhase(TestSuiteExecutor.java:112)
	at com.kms.katalon.core.main.TestSuiteExecutor.execute(TestSuiteExecutor.java:81)
	at com.kms.katalon.core.main.TestCaseMain.startTestSuite(TestCaseMain.java:142)
	at com.kms.katalon.core.main.TestCaseMain$startTestSuite$0.call(Unknown Source)
	at org.codehaus.groovy.runtime.callsite.CallSiteArray.defaultCall(CallSiteArray.java:48)
	at org.codehaus.groovy.runtime.callsite.AbstractCallSite.call(AbstractCallSite.java:113)
	at org.codehaus.groovy.runtime.callsite.AbstractCallSite.call(AbstractCallSite.java:141)
	at TempTestSuite1542220424261.run(TempTestSuite1542220424261.groovy:36)
	at groovy.lang.GroovyShell.runScriptOrMainOrTestOrRunnable(GroovyShell.java:263)
	at groovy.lang.GroovyShell.run(GroovyShell.java:518)
	at groovy.lang.GroovyShell.run(GroovyShell.java:507)
	at groovy.ui.GroovyMain.processOnce(GroovyMain.java:653)
	at groovy.ui.GroovyMain.run(GroovyMain.java:384)
	at groovy.ui.GroovyMain.process(GroovyMain.java:370)
	at groovy.ui.GroovyMain.processArgs(GroovyMain.java:129)
	at groovy.ui.GroovyMain.main(GroovyMain.java:109)
	at sun.reflect.NativeMethodAccessorImpl.invoke0(Native Method)
	at sun.reflect.NativeMethodAccessorImpl.invoke(NativeMethodAccessorImpl.java:62)
	at sun.reflect.DelegatingMethodAccessorImpl.invoke(DelegatingMethodAccessorImpl.java:43)
	at java.lang.reflect.Method.invoke(Method.java:498)
	at org.codehaus.groovy.tools.GroovyStarter.rootLoader(GroovyStarter.java:109)
	at org.codehaus.groovy.tools.GroovyStarter.main(GroovyStarter.java:131)
)

2018-11-14 12:36:57 - [TEST_STEP][PASSED] - openBrowser: Browser is opened with url: ''

2018-11-14 12:36:58 - [MESSAGE][PASSED] - Browser is opened with url: ''

2018-11-14 12:36:58 - [TEST_STEP][PASSED] - navigateToUrl: Navigate to 'https://epulsedev2.com' successfully

2018-11-14 12:37:00 - [MESSAGE][PASSED] - Navigate to 'https://epulsedev2.com' successfully

2018-11-14 12:37:00 - [TEST_STEP][PASSED] - setText: Text 'alonzo.mack@knowink.com' is set on object 'Object Repository/Login/Email Address'

2018-11-14 12:37:00 - [MESSAGE][PASSED] - Text 'alonzo.mack@knowink.com' is set on object 'Object Repository/Login/Email Address'

2018-11-14 12:37:00 - [TEST_STEP][PASSED] - setEncryptedText: Text ****** has been set on object 'Object Repository/Login/Password'

2018-11-14 12:37:00 - [MESSAGE][PASSED] - Text ****** has been set on object 'Object Repository/Login/Password'

2018-11-14 12:37:00 - [TEST_STEP][PASSED] - click: Object: 'Object Repository/Login/Sign In' is clicked on

2018-11-14 12:37:01 - [MESSAGE][PASSED] - Object: 'Object Repository/Login/Sign In' is clicked on

2018-11-14 12:37:01 - [TEST_STEP][PASSED] - delay: Delayed 1 second(s)

2018-11-14 12:37:02 - [MESSAGE][PASSED] - Delayed 1 second(s)

2018-11-14 12:37:02 - [TEST_STEP][PASSED] - navigateToUrl: Navigate to 'https://am-automation-test.epulsedev2.com/elections/' successfully

2018-11-14 12:37:03 - [MESSAGE][PASSED] - Navigate to 'https://am-automation-test.epulsedev2.com/elections/' successfully

2018-11-14 12:37:03 - [TEST_STEP][PASSED] - click: Object: 'Object Repository/Admin Console ePulse Menu/Election Setup/Election Creation/Supplemental File Upload/Election (Election Creation)' is clicked on

2018-11-14 12:37:05 - [MESSAGE][PASSED] - Object: 'Object Repository/Admin Console ePulse Menu/Election Setup/Election Creation/Supplemental File Upload/Election (Election Creation)' is clicked on

2018-11-14 12:37:05 - [TEST_STEP][PASSED] - click: Object: 'Object Repository/Admin Console ePulse Menu/Election Setup/Election Creation/Supplemental File Upload/Import Supplemental Voters' is clicked on

2018-11-14 12:37:06 - [MESSAGE][PASSED] - Object: 'Object Repository/Admin Console ePulse Menu/Election Setup/Election Creation/Supplemental File Upload/Import Supplemental Voters' is clicked on

2018-11-14 12:37:06 - [TEST_STEP][PASSED] - setText: Text '/Users/alonzomack/Downloads/Automation uploads/voters_201_mcvr.txt' is set on object 'Object Repository/Common ePulse Objects/Choose File'

2018-11-14 12:37:06 - [MESSAGE][PASSED] - Text '/Users/alonzomack/Downloads/Automation uploads/voters_201_mcvr.txt' is set on object 'Object Repository/Common ePulse Objects/Choose File'

2018-11-14 12:37:06 - [TEST_STEP][PASSED] - delay: Delayed 1 second(s)

2018-11-14 12:37:07 - [MESSAGE][PASSED] - Delayed 1 second(s)

2018-11-14 12:37:07 - [TEST_STEP][PASSED] - click: Object: 'Object Repository/Common ePulse Objects/Continue Button' is clicked on

2018-11-14 12:37:07 - [MESSAGE][PASSED] - Object: 'Object Repository/Common ePulse Objects/Continue Button' is clicked on

2018-11-14 12:37:07 - [TEST_STEP][PASSED] - delay: Delayed 1 second(s)

2018-11-14 12:37:08 - [MESSAGE][PASSED] - Delayed 1 second(s)

2018-11-14 12:37:08 - [TEST_STEP][FAILED] - click: Unable to click on object 'Object Repository/Admin Console ePulse Menu/Election Setup/Election Creation/Supplemental File Upload/Done' (Root cause: com.kms.katalon.core.webui.exception.WebElementNotFoundException: Web element with id: 'Object Repository/Admin Console ePulse Menu/Election Setup/Election Creation/Supplemental File Upload/Done' located by 'By.xpath: (.//*[normalize-space(text()) and normalize-space(.)='Done!'])[1]/following::button[1]' not found)

2018-11-14 12:37:25 - [MESSAGE][FAILED] - Unable to click on object 'Object Repository/Admin Console ePulse Menu/Election Setup/Election Creation/Supplemental File Upload/Done' (Root cause: com.kms.katalon.core.webui.exception.WebElementNotFoundException: Web element with id: 'Object Repository/Admin Console ePulse Menu/Election Setup/Election Creation/Supplemental File Upload/Done' located by 'By.xpath: (.//*[normalize-space(text()) and normalize-space(.)='Done!'])[1]/following::button[1]' not found)
[[ATTACHMENT|/Users/alonzomack/Katalon Studio/Regression/Reports/Smoke Test(US)/20181114_123344/1542220644705.png]]]]></system-out>
         <system-err><![CDATA[2018-11-14 12:36:57 - [TEST_CASE][FAILED] - Test Cases/Admin Console/Election Setup/Election Creation - Upload Supplemental: Test Cases/Admin Console/Election Setup/Election Creation - Upload Supplemental FAILED because (of) (Stack trace: com.kms.katalon.core.exception.StepFailedException: Unable to click on object 'Object Repository/Admin Console ePulse Menu/Election Setup/Election Creation/Supplemental File Upload/Done' (Root cause: com.kms.katalon.core.webui.exception.WebElementNotFoundException: Web element with id: 'Object Repository/Admin Console ePulse Menu/Election Setup/Election Creation/Supplemental File Upload/Done' located by 'By.xpath: (.//*[normalize-space(text()) and normalize-space(.)='Done!'])[1]/following::button[1]' not found)
	at com.kms.katalon.core.keyword.internal.KeywordMain.stepFailed(KeywordMain.groovy:36)
	at com.kms.katalon.core.webui.keyword.internal.WebUIKeywordMain.stepFailed(WebUIKeywordMain.groovy:65)
	at com.kms.katalon.core.webui.keyword.internal.WebUIKeywordMain.runKeyword(WebUIKeywordMain.groovy:27)
	at com.kms.katalon.core.webui.keyword.builtin.ClickKeyword.click(ClickKeyword.groovy:86)
	at com.kms.katalon.core.webui.keyword.builtin.ClickKeyword.execute(ClickKeyword.groovy:67)
	at com.kms.katalon.core.keyword.internal.KeywordExecutor.executeKeywordForPlatform(KeywordExecutor.groovy:53)
	at com.kms.katalon.core.webui.keyword.WebUiBuiltInKeywords.click(WebUiBuiltInKeywords.groovy:616)
	at com.kms.katalon.core.webui.keyword.WebUiBuiltInKeywords$click$3.call(Unknown Source)
	at org.codehaus.groovy.runtime.callsite.CallSiteArray.defaultCall(CallSiteArray.java:48)
	at org.codehaus.groovy.runtime.callsite.AbstractCallSite.call(AbstractCallSite.java:113)
	at org.codehaus.groovy.runtime.callsite.AbstractCallSite.call(AbstractCallSite.java:125)
	at Script1541014885083.run(Script1541014885083.groovy:58)
	at com.kms.katalon.core.main.ScriptEngine.run(ScriptEngine.java:183)
	at com.kms.katalon.core.main.ScriptEngine.runScriptAsRawText(ScriptEngine.java:108)
	at com.kms.katalon.core.main.TestCaseExecutor.runScript(TestCaseExecutor.java:294)
	at com.kms.katalon.core.main.TestCaseExecutor.doExecute(TestCaseExecutor.java:285)
	at com.kms.katalon.core.main.TestCaseExecutor.processExecutionPhase(TestCaseExecutor.java:264)
	at com.kms.katalon.core.main.TestCaseExecutor.accessMainPhase(TestCaseExecutor.java:256)
	at com.kms.katalon.core.main.TestCaseExecutor.execute(TestCaseExecutor.java:200)
	at com.kms.katalon.core.main.TestSuiteExecutor.accessTestCaseMainPhase(TestSuiteExecutor.java:129)
	at com.kms.katalon.core.main.TestSuiteExecutor.accessTestSuiteMainPhase(TestSuiteExecutor.java:112)
	at com.kms.katalon.core.main.TestSuiteExecutor.execute(TestSuiteExecutor.java:81)
	at com.kms.katalon.core.main.TestCaseMain.startTestSuite(TestCaseMain.java:142)
	at com.kms.katalon.core.main.TestCaseMain$startTestSuite$0.call(Unknown Source)
	at org.codehaus.groovy.runtime.callsite.CallSiteArray.defaultCall(CallSiteArray.java:48)
	at org.codehaus.groovy.runtime.callsite.AbstractCallSite.call(AbstractCallSite.java:113)
	at org.codehaus.groovy.runtime.callsite.AbstractCallSite.call(AbstractCallSite.java:141)
	at TempTestSuite1542220424261.run(TempTestSuite1542220424261.groovy:36)
	at groovy.lang.GroovyShell.runScriptOrMainOrTestOrRunnable(GroovyShell.java:263)
	at groovy.lang.GroovyShell.run(GroovyShell.java:518)
	at groovy.lang.GroovyShell.run(GroovyShell.java:507)
	at groovy.ui.GroovyMain.processOnce(GroovyMain.java:653)
	at groovy.ui.GroovyMain.run(GroovyMain.java:384)
	at groovy.ui.GroovyMain.process(GroovyMain.java:370)
	at groovy.ui.GroovyMain.processArgs(GroovyMain.java:129)
	at groovy.ui.GroovyMain.main(GroovyMain.java:109)
	at sun.reflect.NativeMethodAccessorImpl.invoke0(Native Method)
	at sun.reflect.NativeMethodAccessorImpl.invoke(NativeMethodAccessorImpl.java:62)
	at sun.reflect.DelegatingMethodAccessorImpl.invoke(DelegatingMethodAccessorImpl.java:43)
	at java.lang.reflect.Method.invoke(Method.java:498)
	at org.codehaus.groovy.tools.GroovyStarter.rootLoader(GroovyStarter.java:109)
	at org.codehaus.groovy.tools.GroovyStarter.main(GroovyStarter.java:131)
)]]></system-err>
      </testcase>
      <testcase name="Test Cases/Admin Console/Account Settings/Add_Edit Voter/Add_Edit Voter - Import" classname="Test Cases/Admin Console/Account Settings/Add_Edit Voter/Add_Edit Voter - Import" status="PASSED">
         <system-out><![CDATA[2018-11-14 12:37:25 - [TEST_CASE][PASSED] - Test Cases/Admin Console/Account Settings/Add_Edit Voter/Add_Edit Voter - Import: Test Cases/Admin Console/Account Settings/Add_Edit Voter/Add_Edit Voter - Import

2018-11-14 12:37:25 - [TEST_STEP][PASSED] - openBrowser: Browser is opened with url: ''

2018-11-14 12:37:25 - [MESSAGE][WARNING] - A browser is already opened. Closing browser and opening a new one

2018-11-14 12:37:26 - [MESSAGE][PASSED] - Browser is opened with url: ''

2018-11-14 12:37:26 - [TEST_STEP][PASSED] - navigateToUrl: Navigate to 'https://epulsedev2.com' successfully

2018-11-14 12:37:28 - [MESSAGE][PASSED] - Navigate to 'https://epulsedev2.com' successfully

2018-11-14 12:37:28 - [TEST_STEP][PASSED] - setText: Text 'alonzo.mack@knowink.com' is set on object 'Object Repository/Login/Email Address'

2018-11-14 12:37:28 - [MESSAGE][PASSED] - Text 'alonzo.mack@knowink.com' is set on object 'Object Repository/Login/Email Address'

2018-11-14 12:37:28 - [TEST_STEP][PASSED] - setEncryptedText: Text ****** has been set on object 'Object Repository/Login/Password'

2018-11-14 12:37:28 - [MESSAGE][PASSED] - Text ****** has been set on object 'Object Repository/Login/Password'

2018-11-14 12:37:28 - [TEST_STEP][PASSED] - click: Object: 'Object Repository/Login/Sign In' is clicked on

2018-11-14 12:37:29 - [MESSAGE][PASSED] - Object: 'Object Repository/Login/Sign In' is clicked on

2018-11-14 12:37:29 - [TEST_STEP][PASSED] - delay: Delayed 1 second(s)

2018-11-14 12:37:30 - [MESSAGE][PASSED] - Delayed 1 second(s)

2018-11-14 12:37:30 - [TEST_STEP][PASSED] - navigateToUrl: Navigate to 'https://am-automation-test.epulsedev2.com/imports/add_voter' successfully

2018-11-14 12:37:31 - [MESSAGE][PASSED] - Navigate to 'https://am-automation-test.epulsedev2.com/imports/add_voter' successfully

2018-11-14 12:37:31 - [TEST_STEP][PASSED] - delay: Delayed 1 second(s)

2018-11-14 12:37:32 - [MESSAGE][PASSED] - Delayed 1 second(s)

2018-11-14 12:37:32 - [TEST_STEP][PASSED] - setText: Text '/Users/alonzomack/Downloads/Automation uploads/add_voter.txt' is set on object 'Object Repository/Admin Console ePulse Menu/Account Settings/Prompts/Import Prompts Buttons/Choose File'

2018-11-14 12:37:32 - [MESSAGE][PASSED] - Text '/Users/alonzomack/Downloads/Automation uploads/add_voter.txt' is set on object 'Object Repository/Admin Console ePulse Menu/Account Settings/Prompts/Import Prompts Buttons/Choose File'

2018-11-14 12:37:32 - [TEST_STEP][PASSED] - click: Object: 'Object Repository/Admin Console ePulse Menu/Account Settings/Prompts/Import Prompts Buttons/Continue Button' is clicked on

2018-11-14 12:37:32 - [MESSAGE][PASSED] - Object: 'Object Repository/Admin Console ePulse Menu/Account Settings/Prompts/Import Prompts Buttons/Continue Button' is clicked on

2018-11-14 12:37:32 - [TEST_STEP][PASSED] - delay: Delayed 2 second(s)

2018-11-14 12:37:34 - [MESSAGE][PASSED] - Delayed 2 second(s)

2018-11-14 12:37:34 - [TEST_STEP][PASSED] - click: Object: 'Object Repository/Admin Console ePulse Menu/Account Settings/Prompts/Import Prompts Buttons/button_Done(working)' is clicked on

2018-11-14 12:37:45 - [MESSAGE][PASSED] - Object: 'Object Repository/Admin Console ePulse Menu/Account Settings/Prompts/Import Prompts Buttons/button_Done(working)' is clicked on

2018-11-14 12:37:45 - [TEST_STEP][PASSED] - delay: Delayed 1 second(s)

2018-11-14 12:37:46 - [MESSAGE][PASSED] - Delayed 1 second(s)

2018-11-14 12:37:46 - [TEST_STEP][PASSED] - closeBrowser: Browser is closed

2018-11-14 12:37:47 - [MESSAGE][PASSED] - Browser is closed]]></system-out>
         <system-err><![CDATA[]]></system-err>
      </testcase>
      <testcase name="Test Cases/Admin Console/Account Settings/ID Methods/ID Methods - Add" classname="Test Cases/Admin Console/Account Settings/ID Methods/ID Methods - Add" status="PASSED">
         <system-out><![CDATA[2018-11-14 12:37:47 - [TEST_CASE][PASSED] - Test Cases/Admin Console/Account Settings/ID Methods/ID Methods - Add: Test Cases/Admin Console/Account Settings/ID Methods/ID Methods - Add

2018-11-14 12:37:47 - [TEST_STEP][PASSED] - openBrowser: Browser is opened with url: ''

2018-11-14 12:37:48 - [MESSAGE][PASSED] - Browser is opened with url: ''

2018-11-14 12:37:48 - [TEST_STEP][PASSED] - navigateToUrl: Navigate to 'https://epulsedev2.com' successfully

2018-11-14 12:37:49 - [MESSAGE][PASSED] - Navigate to 'https://epulsedev2.com' successfully

2018-11-14 12:37:49 - [TEST_STEP][PASSED] - setText: Text 'alonzo.mack@knowink.com' is set on object 'Object Repository/Login/Email Address'

2018-11-14 12:37:50 - [MESSAGE][PASSED] - Text 'alonzo.mack@knowink.com' is set on object 'Object Repository/Login/Email Address'

2018-11-14 12:37:50 - [TEST_STEP][PASSED] - setEncryptedText: Text ****** has been set on object 'Object Repository/Login/Password'

2018-11-14 12:37:50 - [MESSAGE][PASSED] - Text ****** has been set on object 'Object Repository/Login/Password'

2018-11-14 12:37:50 - [TEST_STEP][PASSED] - click: Object: 'Object Repository/Login/Sign In' is clicked on

2018-11-14 12:37:51 - [MESSAGE][PASSED] - Object: 'Object Repository/Login/Sign In' is clicked on

2018-11-14 12:37:51 - [TEST_STEP][PASSED] - delay: Delayed 1 second(s)

2018-11-14 12:37:52 - [MESSAGE][PASSED] - Delayed 1 second(s)

2018-11-14 12:37:52 - [TEST_STEP][PASSED] - navigateToUrl: Navigate to 'https://am-automation-test.epulsedev2.com/voter_id_methods' successfully

2018-11-14 12:37:53 - [MESSAGE][PASSED] - Navigate to 'https://am-automation-test.epulsedev2.com/voter_id_methods' successfully

2018-11-14 12:37:53 - [TEST_STEP][PASSED] - delay: Delayed 1 second(s)

2018-11-14 12:37:54 - [MESSAGE][PASSED] - Delayed 1 second(s)

2018-11-14 12:37:54 - [TEST_STEP][PASSED] - click: Object: 'Object Repository/Admin Console ePulse Menu/Account Settings/ID Methods/ID Methods Page/Add ID Method Button' is clicked on

2018-11-14 12:37:54 - [MESSAGE][PASSED] - Object: 'Object Repository/Admin Console ePulse Menu/Account Settings/ID Methods/ID Methods Page/Add ID Method Button' is clicked on

2018-11-14 12:37:54 - [TEST_STEP][PASSED] - setText: Text 'Drivers License' is set on object 'Object Repository/Admin Console ePulse Menu/Account Settings/ID Methods/New ID Method Modal/Name'

2018-11-14 12:37:54 - [MESSAGE][PASSED] - Text 'Drivers License' is set on object 'Object Repository/Admin Console ePulse Menu/Account Settings/ID Methods/New ID Method Modal/Name'

2018-11-14 12:37:54 - [TEST_STEP][PASSED] - setText: Text 'State Drivers License' is set on object 'Object Repository/Admin Console ePulse Menu/Account Settings/ID Methods/New ID Method Modal/Heading'

2018-11-14 12:37:54 - [MESSAGE][PASSED] - Text 'State Drivers License' is set on object 'Object Repository/Admin Console ePulse Menu/Account Settings/ID Methods/New ID Method Modal/Heading'

2018-11-14 12:37:54 - [TEST_STEP][PASSED] - selectOptionByValue: All options with value '1' are selected in object 'Object Repository/Admin Console ePulse Menu/Account Settings/ID Methods/New ID Method Modal/Select Color'  using regular expression

2018-11-14 12:37:54 - [MESSAGE][PASSED] - All options with value '1' are selected in object 'Object Repository/Admin Console ePulse Menu/Account Settings/ID Methods/New ID Method Modal/Select Color'  using regular expression

2018-11-14 12:37:54 - [TEST_STEP][PASSED] - setText: Text 'State Drivers License' is set on object 'Object Repository/Admin Console ePulse Menu/Account Settings/ID Methods/New ID Method Modal/Instructions'

2018-11-14 12:37:55 - [MESSAGE][PASSED] - Text 'State Drivers License' is set on object 'Object Repository/Admin Console ePulse Menu/Account Settings/ID Methods/New ID Method Modal/Instructions'

2018-11-14 12:37:55 - [TEST_STEP][PASSED] - setText: Text '1' is set on object 'Object Repository/Admin Console ePulse Menu/Account Settings/ID Methods/New ID Method Modal/Order'

2018-11-14 12:37:55 - [MESSAGE][PASSED] - Text '1' is set on object 'Object Repository/Admin Console ePulse Menu/Account Settings/ID Methods/New ID Method Modal/Order'

2018-11-14 12:37:55 - [TEST_STEP][PASSED] - click: Object: 'Object Repository/Admin Console ePulse Menu/Account Settings/ID Methods/New ID Method Modal/Show Does Name Match_slider' is clicked on

2018-11-14 12:37:55 - [MESSAGE][PASSED] - Object: 'Object Repository/Admin Console ePulse Menu/Account Settings/ID Methods/New ID Method Modal/Show Does Name Match_slider' is clicked on

2018-11-14 12:37:55 - [TEST_STEP][PASSED] - click: Object: 'Object Repository/Admin Console ePulse Menu/Account Settings/ID Methods/New ID Method Modal/Show Does Address Match_slider' is clicked on

2018-11-14 12:37:55 - [MESSAGE][PASSED] - Object: 'Object Repository/Admin Console ePulse Menu/Account Settings/ID Methods/New ID Method Modal/Show Does Address Match_slider' is clicked on

2018-11-14 12:37:55 - [TEST_STEP][PASSED] - click: Object: 'Object Repository/Admin Console ePulse Menu/Account Settings/ID Methods/New ID Method Modal/Show is ID Expired_slider' is clicked on

2018-11-14 12:37:55 - [MESSAGE][PASSED] - Object: 'Object Repository/Admin Console ePulse Menu/Account Settings/ID Methods/New ID Method Modal/Show is ID Expired_slider' is clicked on

2018-11-14 12:37:55 - [TEST_STEP][PASSED] - setText: Text 'No Drivers License?' is set on object 'Object Repository/Admin Console ePulse Menu/Account Settings/ID Methods/New ID Method Modal/Page_Epulse  am-Automation-test/Incorrect Heading'

2018-11-14 12:37:55 - [MESSAGE][PASSED] - Text 'No Drivers License?' is set on object 'Object Repository/Admin Console ePulse Menu/Account Settings/ID Methods/New ID Method Modal/Page_Epulse  am-Automation-test/Incorrect Heading'

2018-11-14 12:37:55 - [TEST_STEP][PASSED] - setText: Text 'Vote Provisional' is set on object 'Object Repository/Admin Console ePulse Menu/Account Settings/ID Methods/New ID Method Modal/Page_Epulse  am-Automation-test/Incorrect Instructions'

2018-11-14 12:37:55 - [MESSAGE][PASSED] - Text 'Vote Provisional' is set on object 'Object Repository/Admin Console ePulse Menu/Account Settings/ID Methods/New ID Method Modal/Page_Epulse  am-Automation-test/Incorrect Instructions'

2018-11-14 12:37:55 - [TEST_STEP][PASSED] - click: Object: 'Object Repository/Admin Console ePulse Menu/Account Settings/ID Methods/New ID Method Modal/Submit' is clicked on

2018-11-14 12:37:56 - [MESSAGE][PASSED] - Object: 'Object Repository/Admin Console ePulse Menu/Account Settings/ID Methods/New ID Method Modal/Submit' is clicked on]]></system-out>
         <system-err><![CDATA[]]></system-err>
      </testcase>
      <testcase name="Test Cases/Admin Console/Account Settings/ID Methods/ID Methods - Import" classname="Test Cases/Admin Console/Account Settings/ID Methods/ID Methods - Import" status="PASSED">
         <system-out><![CDATA[2018-11-14 12:37:56 - [TEST_CASE][PASSED] - Test Cases/Admin Console/Account Settings/ID Methods/ID Methods - Import: Test Cases/Admin Console/Account Settings/ID Methods/ID Methods - Import

2018-11-14 12:37:56 - [TEST_STEP][PASSED] - openBrowser: Browser is opened with url: ''

2018-11-14 12:37:56 - [MESSAGE][WARNING] - A browser is already opened. Closing browser and opening a new one

2018-11-14 12:37:57 - [MESSAGE][PASSED] - Browser is opened with url: ''

2018-11-14 12:37:57 - [TEST_STEP][PASSED] - navigateToUrl: Navigate to 'https://epulsedev2.com' successfully

2018-11-14 12:37:59 - [MESSAGE][PASSED] - Navigate to 'https://epulsedev2.com' successfully

2018-11-14 12:37:59 - [TEST_STEP][PASSED] - setText: Text 'alonzo.mack@knowink.com' is set on object 'Object Repository/Login/Email Address'

2018-11-14 12:37:59 - [MESSAGE][PASSED] - Text 'alonzo.mack@knowink.com' is set on object 'Object Repository/Login/Email Address'

2018-11-14 12:37:59 - [TEST_STEP][PASSED] - setEncryptedText: Text ****** has been set on object 'Object Repository/Login/Password'

2018-11-14 12:37:59 - [MESSAGE][PASSED] - Text ****** has been set on object 'Object Repository/Login/Password'

2018-11-14 12:37:59 - [TEST_STEP][PASSED] - click: Object: 'Object Repository/Login/Sign In' is clicked on

2018-11-14 12:38:00 - [MESSAGE][PASSED] - Object: 'Object Repository/Login/Sign In' is clicked on

2018-11-14 12:38:00 - [TEST_STEP][PASSED] - delay: Delayed 1 second(s)

2018-11-14 12:38:01 - [MESSAGE][PASSED] - Delayed 1 second(s)

2018-11-14 12:38:01 - [TEST_STEP][PASSED] - navigateToUrl: Navigate to 'https://am-automation-test.epulsedev2.com/voter_id_methods' successfully

2018-11-14 12:38:02 - [MESSAGE][PASSED] - Navigate to 'https://am-automation-test.epulsedev2.com/voter_id_methods' successfully

2018-11-14 12:38:02 - [TEST_STEP][PASSED] - click: Object: 'Object Repository/Admin Console ePulse Menu/Account Settings/ID Methods/ID Methods Page/Import' is clicked on

2018-11-14 12:38:03 - [MESSAGE][PASSED] - Object: 'Object Repository/Admin Console ePulse Menu/Account Settings/ID Methods/ID Methods Page/Import' is clicked on

2018-11-14 12:38:03 - [TEST_STEP][PASSED] - setText: Text '/Users/alonzomack/Downloads/Automation uploads/voter_id_methods.txt' is set on object 'Object Repository/Admin Console ePulse Menu/Account Settings/Prompts/Import Prompts Buttons/Choose File'

2018-11-14 12:38:03 - [MESSAGE][PASSED] - Text '/Users/alonzomack/Downloads/Automation uploads/voter_id_methods.txt' is set on object 'Object Repository/Admin Console ePulse Menu/Account Settings/Prompts/Import Prompts Buttons/Choose File'

2018-11-14 12:38:03 - [TEST_STEP][PASSED] - click: Object: 'Object Repository/Admin Console ePulse Menu/Account Settings/Prompts/Import Prompts Buttons/Continue Button' is clicked on

2018-11-14 12:38:03 - [MESSAGE][PASSED] - Object: 'Object Repository/Admin Console ePulse Menu/Account Settings/Prompts/Import Prompts Buttons/Continue Button' is clicked on

2018-11-14 12:38:03 - [TEST_STEP][PASSED] - delay: Delayed 1 second(s)

2018-11-14 12:38:04 - [MESSAGE][PASSED] - Delayed 1 second(s)

2018-11-14 12:38:04 - [TEST_STEP][PASSED] - click: Object: 'Object Repository/Admin Console ePulse Menu/Account Settings/Prompts/Import Prompts Buttons/button_Done(working)' is clicked on

2018-11-14 12:38:12 - [MESSAGE][PASSED] - Object: 'Object Repository/Admin Console ePulse Menu/Account Settings/Prompts/Import Prompts Buttons/button_Done(working)' is clicked on]]></system-out>
         <system-err><![CDATA[]]></system-err>
      </testcase>
      <testcase name="Test Cases/Admin Console/Account Settings/ID Methods/ID Methods - Delete" classname="Test Cases/Admin Console/Account Settings/ID Methods/ID Methods - Delete" status="PASSED">
         <system-out><![CDATA[2018-11-14 12:38:12 - [TEST_CASE][PASSED] - Test Cases/Admin Console/Account Settings/ID Methods/ID Methods - Delete: Test Cases/Admin Console/Account Settings/ID Methods/ID Methods - Delete

2018-11-14 12:38:12 - [TEST_STEP][PASSED] - openBrowser: Browser is opened with url: ''

2018-11-14 12:38:12 - [MESSAGE][WARNING] - A browser is already opened. Closing browser and opening a new one

2018-11-14 12:38:13 - [MESSAGE][PASSED] - Browser is opened with url: ''

2018-11-14 12:38:13 - [TEST_STEP][PASSED] - navigateToUrl: Navigate to 'https://epulsedev2.com' successfully

2018-11-14 12:38:14 - [MESSAGE][PASSED] - Navigate to 'https://epulsedev2.com' successfully

2018-11-14 12:38:14 - [TEST_STEP][PASSED] - setText: Text 'alonzo.mack@knowink.com' is set on object 'Object Repository/Login/Email Address'

2018-11-14 12:38:15 - [MESSAGE][PASSED] - Text 'alonzo.mack@knowink.com' is set on object 'Object Repository/Login/Email Address'

2018-11-14 12:38:15 - [TEST_STEP][PASSED] - setEncryptedText: Text ****** has been set on object 'Object Repository/Login/Password'

2018-11-14 12:38:15 - [MESSAGE][PASSED] - Text ****** has been set on object 'Object Repository/Login/Password'

2018-11-14 12:38:15 - [TEST_STEP][PASSED] - click: Object: 'Object Repository/Login/Sign In' is clicked on

2018-11-14 12:38:16 - [MESSAGE][PASSED] - Object: 'Object Repository/Login/Sign In' is clicked on

2018-11-14 12:38:16 - [TEST_STEP][PASSED] - delay: Delayed 1 second(s)

2018-11-14 12:38:17 - [MESSAGE][PASSED] - Delayed 1 second(s)

2018-11-14 12:38:17 - [TEST_STEP][PASSED] - navigateToUrl: Navigate to 'https://am-automation-test.epulsedev2.com/voter_id_methods' successfully

2018-11-14 12:38:18 - [MESSAGE][PASSED] - Navigate to 'https://am-automation-test.epulsedev2.com/voter_id_methods' successfully

2018-11-14 12:38:18 - [TEST_STEP][PASSED] - delay: Delayed 1 second(s)

2018-11-14 12:38:19 - [MESSAGE][PASSED] - Delayed 1 second(s)

2018-11-14 12:38:19 - [TEST_STEP][PASSED] - click: Object: 'Object Repository/Admin Console ePulse Menu/Account Settings/ID Methods/ID Methods Page/Page_Epulse  am-Automation-test/Delete Selected ID Method' is clicked on

2018-11-14 12:38:19 - [MESSAGE][PASSED] - Object: 'Object Repository/Admin Console ePulse Menu/Account Settings/ID Methods/ID Methods Page/Page_Epulse  am-Automation-test/Delete Selected ID Method' is clicked on

2018-11-14 12:38:19 - [TEST_STEP][PASSED] - delay: Delayed 3 second(s)

2018-11-14 12:38:22 - [MESSAGE][PASSED] - Delayed 3 second(s)

2018-11-14 12:38:22 - [TEST_STEP][PASSED] - acceptAlert: Alert accepted

2018-11-14 12:38:22 - [MESSAGE][PASSED] - Alert accepted

2018-11-14 12:38:22 - [TEST_STEP][PASSED] - closeBrowser: Browser is closed

2018-11-14 12:38:22 - [MESSAGE][PASSED] - Browser is closed]]></system-out>
         <system-err><![CDATA[]]></system-err>
      </testcase>
      <testcase name="Test Cases/Admin Console/Account Settings/Languages/Languages - Import" classname="Test Cases/Admin Console/Account Settings/Languages/Languages - Import" status="PASSED">
         <system-out><![CDATA[2018-11-14 12:38:22 - [TEST_CASE][PASSED] - Test Cases/Admin Console/Account Settings/Languages/Languages - Import: Test Cases/Admin Console/Account Settings/Languages/Languages - Import

2018-11-14 12:38:22 - [TEST_STEP][PASSED] - openBrowser: Browser is opened with url: ''

2018-11-14 12:38:23 - [MESSAGE][PASSED] - Browser is opened with url: ''

2018-11-14 12:38:23 - [TEST_STEP][PASSED] - navigateToUrl: Navigate to 'https://epulsedev2.com' successfully

2018-11-14 12:38:25 - [MESSAGE][PASSED] - Navigate to 'https://epulsedev2.com' successfully

2018-11-14 12:38:25 - [TEST_STEP][PASSED] - setText: Text 'alonzo.mack@knowink.com' is set on object 'Object Repository/Login/Email Address'

2018-11-14 12:38:25 - [MESSAGE][PASSED] - Text 'alonzo.mack@knowink.com' is set on object 'Object Repository/Login/Email Address'

2018-11-14 12:38:25 - [TEST_STEP][PASSED] - setEncryptedText: Text ****** has been set on object 'Object Repository/Login/Password'

2018-11-14 12:38:25 - [MESSAGE][PASSED] - Text ****** has been set on object 'Object Repository/Login/Password'

2018-11-14 12:38:25 - [TEST_STEP][PASSED] - click: Object: 'Object Repository/Login/Sign In' is clicked on

2018-11-14 12:38:26 - [MESSAGE][PASSED] - Object: 'Object Repository/Login/Sign In' is clicked on

2018-11-14 12:38:26 - [TEST_STEP][PASSED] - delay: Delayed 1 second(s)

2018-11-14 12:38:27 - [MESSAGE][PASSED] - Delayed 1 second(s)

2018-11-14 12:38:27 - [TEST_STEP][PASSED] - navigateToUrl: Navigate to 'https://am-automation-test.epulsedev2.com/imports/languages' successfully

2018-11-14 12:38:28 - [MESSAGE][PASSED] - Navigate to 'https://am-automation-test.epulsedev2.com/imports/languages' successfully

2018-11-14 12:38:28 - [TEST_STEP][PASSED] - delay: Delayed 1 second(s)

2018-11-14 12:38:29 - [MESSAGE][PASSED] - Delayed 1 second(s)

2018-11-14 12:38:29 - [TEST_STEP][PASSED] - setText: Text '/Users/alonzomack/Downloads/Automation uploads/languages.csv' is set on object 'Object Repository/Admin Console ePulse Menu/Account Settings/Prompts/Import Prompts Buttons/Choose File'

2018-11-14 12:38:29 - [MESSAGE][PASSED] - Text '/Users/alonzomack/Downloads/Automation uploads/languages.csv' is set on object 'Object Repository/Admin Console ePulse Menu/Account Settings/Prompts/Import Prompts Buttons/Choose File'

2018-11-14 12:38:29 - [TEST_STEP][PASSED] - click: Object: 'Object Repository/Admin Console ePulse Menu/Account Settings/Prompts/Import Prompts Buttons/Continue Button' is clicked on

2018-11-14 12:38:29 - [MESSAGE][PASSED] - Object: 'Object Repository/Admin Console ePulse Menu/Account Settings/Prompts/Import Prompts Buttons/Continue Button' is clicked on

2018-11-14 12:38:29 - [TEST_STEP][PASSED] - delay: Delayed 1 second(s)

2018-11-14 12:38:30 - [MESSAGE][PASSED] - Delayed 1 second(s)

2018-11-14 12:38:30 - [TEST_STEP][PASSED] - click: Object: 'Object Repository/Admin Console ePulse Menu/Account Settings/Prompts/Import Prompts Buttons/button_Done(working)' is clicked on

2018-11-14 12:38:38 - [MESSAGE][PASSED] - Object: 'Object Repository/Admin Console ePulse Menu/Account Settings/Prompts/Import Prompts Buttons/button_Done(working)' is clicked on

2018-11-14 12:38:38 - [TEST_STEP][PASSED] - delay: Delayed 1 second(s)

2018-11-14 12:38:39 - [MESSAGE][PASSED] - Delayed 1 second(s)

2018-11-14 12:38:39 - [TEST_STEP][PASSED] - closeBrowser: Browser is closed

2018-11-14 12:38:39 - [MESSAGE][PASSED] - Browser is closed]]></system-out>
         <system-err><![CDATA[]]></system-err>
      </testcase>
      <testcase name="Test Cases/Admin Console/Account Settings/Oaths/Oaths - Add" classname="Test Cases/Admin Console/Account Settings/Oaths/Oaths - Add" status="PASSED">
         <system-out><![CDATA[2018-11-14 12:38:39 - [TEST_CASE][PASSED] - Test Cases/Admin Console/Account Settings/Oaths/Oaths - Add: Test Cases/Admin Console/Account Settings/Oaths/Oaths - Add

2018-11-14 12:38:39 - [TEST_STEP][PASSED] - openBrowser: Browser is opened with url: ''

2018-11-14 12:38:40 - [MESSAGE][PASSED] - Browser is opened with url: ''

2018-11-14 12:38:40 - [TEST_STEP][PASSED] - navigateToUrl: Navigate to 'https://epulsedev2.com' successfully

2018-11-14 12:38:41 - [MESSAGE][PASSED] - Navigate to 'https://epulsedev2.com' successfully

2018-11-14 12:38:41 - [TEST_STEP][PASSED] - setText: Text 'alonzo.mack@knowink.com' is set on object 'Object Repository/Login/Email Address'

2018-11-14 12:38:42 - [MESSAGE][PASSED] - Text 'alonzo.mack@knowink.com' is set on object 'Object Repository/Login/Email Address'

2018-11-14 12:38:42 - [TEST_STEP][PASSED] - setEncryptedText: Text ****** has been set on object 'Object Repository/Login/Password'

2018-11-14 12:38:42 - [MESSAGE][PASSED] - Text ****** has been set on object 'Object Repository/Login/Password'

2018-11-14 12:38:42 - [TEST_STEP][PASSED] - click: Object: 'Object Repository/Login/Sign In' is clicked on

2018-11-14 12:38:43 - [MESSAGE][PASSED] - Object: 'Object Repository/Login/Sign In' is clicked on

2018-11-14 12:38:43 - [TEST_STEP][PASSED] - delay: Delayed 1 second(s)

2018-11-14 12:38:44 - [MESSAGE][PASSED] - Delayed 1 second(s)

2018-11-14 12:38:44 - [TEST_STEP][PASSED] - navigateToUrl: Navigate to 'https://am-automation-test.epulsedev2.com/account_oaths' successfully

2018-11-14 12:38:45 - [MESSAGE][PASSED] - Navigate to 'https://am-automation-test.epulsedev2.com/account_oaths' successfully

2018-11-14 12:38:45 - [TEST_STEP][PASSED] - delay: Delayed 1 second(s)

2018-11-14 12:38:46 - [MESSAGE][PASSED] - Delayed 1 second(s)

2018-11-14 12:38:46 - [TEST_STEP][PASSED] - click: Object: 'Object Repository/Admin Console ePulse Menu/Account Settings/Oaths/New Oath' is clicked on

2018-11-14 12:38:46 - [MESSAGE][PASSED] - Object: 'Object Repository/Admin Console ePulse Menu/Account Settings/Oaths/New Oath' is clicked on

2018-11-14 12:38:46 - [TEST_STEP][PASSED] - setText: Text 'ID Method' is set on object 'Object Repository/Admin Console ePulse Menu/Account Settings/Oaths/Add_Edit Oath/Oath Name'

2018-11-14 12:38:46 - [MESSAGE][PASSED] - Text 'ID Method' is set on object 'Object Repository/Admin Console ePulse Menu/Account Settings/Oaths/Add_Edit Oath/Oath Name'

2018-11-14 12:38:46 - [TEST_STEP][PASSED] - setText: Text 'Oath Instructions' is set on object 'Object Repository/Admin Console ePulse Menu/Account Settings/Oaths/Add_Edit Oath/Oath Instructions'

2018-11-14 12:38:46 - [MESSAGE][PASSED] - Text 'Oath Instructions' is set on object 'Object Repository/Admin Console ePulse Menu/Account Settings/Oaths/Add_Edit Oath/Oath Instructions'

2018-11-14 12:38:46 - [TEST_STEP][PASSED] - setText: Text 'Customize the oath displayed to voters' is set on object 'Object Repository/Admin Console ePulse Menu/Account Settings/Oaths/Add_Edit Oath/Customized Oath Text Area'

2018-11-14 12:38:47 - [MESSAGE][PASSED] - Text 'Customize the oath displayed to voters' is set on object 'Object Repository/Admin Console ePulse Menu/Account Settings/Oaths/Add_Edit Oath/Customized Oath Text Area'

2018-11-14 12:38:47 - [TEST_STEP][PASSED] - click: Object: 'Object Repository/Admin Console ePulse Menu/Account Settings/Oaths/Add_Edit Oath/Oath Type Dropdown' is clicked on

2018-11-14 12:38:47 - [MESSAGE][PASSED] - Object: 'Object Repository/Admin Console ePulse Menu/Account Settings/Oaths/Add_Edit Oath/Oath Type Dropdown' is clicked on

2018-11-14 12:38:47 - [TEST_STEP][PASSED] - click: Object: 'Object Repository/Admin Console ePulse Menu/Account Settings/Oaths/Add_Edit Oath/Id Method' is clicked on

2018-11-14 12:38:47 - [MESSAGE][PASSED] - Object: 'Object Repository/Admin Console ePulse Menu/Account Settings/Oaths/Add_Edit Oath/Id Method' is clicked on

2018-11-14 12:38:47 - [TEST_STEP][PASSED] - click: Object: 'Object Repository/Admin Console ePulse Menu/Account Settings/Oaths/Add_Edit Oath/Submit' is clicked on

2018-11-14 12:38:47 - [MESSAGE][PASSED] - Object: 'Object Repository/Admin Console ePulse Menu/Account Settings/Oaths/Add_Edit Oath/Submit' is clicked on

2018-11-14 12:38:47 - [TEST_STEP][PASSED] - delay: Delayed 1 second(s)

2018-11-14 12:38:48 - [MESSAGE][PASSED] - Delayed 1 second(s)

2018-11-14 12:38:48 - [TEST_STEP][PASSED] - click: Object: 'Object Repository/Admin Console ePulse Menu/Account Settings/Oaths/New Oath' is clicked on

2018-11-14 12:38:48 - [MESSAGE][PASSED] - Object: 'Object Repository/Admin Console ePulse Menu/Account Settings/Oaths/New Oath' is clicked on

2018-11-14 12:38:48 - [TEST_STEP][PASSED] - setText: Text 'Voter Check In Signing Page' is set on object 'Object Repository/Admin Console ePulse Menu/Account Settings/Oaths/Add_Edit Oath/Oath Name'

2018-11-14 12:38:48 - [MESSAGE][PASSED] - Text 'Voter Check In Signing Page' is set on object 'Object Repository/Admin Console ePulse Menu/Account Settings/Oaths/Add_Edit Oath/Oath Name'

2018-11-14 12:38:48 - [TEST_STEP][PASSED] - setText: Text 'Oath Instructions' is set on object 'Object Repository/Admin Console ePulse Menu/Account Settings/Oaths/Add_Edit Oath/Oath Instructions'

2018-11-14 12:38:48 - [MESSAGE][PASSED] - Text 'Oath Instructions' is set on object 'Object Repository/Admin Console ePulse Menu/Account Settings/Oaths/Add_Edit Oath/Oath Instructions'

2018-11-14 12:38:48 - [TEST_STEP][PASSED] - setText: Text 'Customize the oath displayed to voters' is set on object 'Object Repository/Admin Console ePulse Menu/Account Settings/Oaths/Add_Edit Oath/Customized Oath Text Area'

2018-11-14 12:38:49 - [MESSAGE][PASSED] - Text 'Customize the oath displayed to voters' is set on object 'Object Repository/Admin Console ePulse Menu/Account Settings/Oaths/Add_Edit Oath/Customized Oath Text Area'

2018-11-14 12:38:49 - [TEST_STEP][PASSED] - click: Object: 'Object Repository/Admin Console ePulse Menu/Account Settings/Oaths/Add_Edit Oath/Oath Type Dropdown' is clicked on

2018-11-14 12:38:49 - [MESSAGE][PASSED] - Object: 'Object Repository/Admin Console ePulse Menu/Account Settings/Oaths/Add_Edit Oath/Oath Type Dropdown' is clicked on

2018-11-14 12:38:49 - [TEST_STEP][PASSED] - click: Object: 'Object Repository/Admin Console ePulse Menu/Account Settings/Oaths/Add_Edit Oath/Voter Check In Signing Pa' is clicked on

2018-11-14 12:38:49 - [MESSAGE][PASSED] - Object: 'Object Repository/Admin Console ePulse Menu/Account Settings/Oaths/Add_Edit Oath/Voter Check In Signing Pa' is clicked on

2018-11-14 12:38:49 - [TEST_STEP][PASSED] - click: Object: 'Object Repository/Admin Console ePulse Menu/Account Settings/Oaths/Add_Edit Oath/Submit' is clicked on

2018-11-14 12:38:49 - [MESSAGE][PASSED] - Object: 'Object Repository/Admin Console ePulse Menu/Account Settings/Oaths/Add_Edit Oath/Submit' is clicked on

2018-11-14 12:38:49 - [TEST_STEP][PASSED] - delay: Delayed 1 second(s)

2018-11-14 12:38:50 - [MESSAGE][PASSED] - Delayed 1 second(s)

2018-11-14 12:38:50 - [TEST_STEP][PASSED] - click: Object: 'Object Repository/Admin Console ePulse Menu/Account Settings/Oaths/New Oath' is clicked on

2018-11-14 12:38:50 - [MESSAGE][PASSED] - Object: 'Object Repository/Admin Console ePulse Menu/Account Settings/Oaths/New Oath' is clicked on

2018-11-14 12:38:50 - [TEST_STEP][PASSED] - setText: Text 'Allow Voter to Vote' is set on object 'Object Repository/Admin Console ePulse Menu/Account Settings/Oaths/Add_Edit Oath/Oath Name'

2018-11-14 12:38:50 - [MESSAGE][PASSED] - Text 'Allow Voter to Vote' is set on object 'Object Repository/Admin Console ePulse Menu/Account Settings/Oaths/Add_Edit Oath/Oath Name'

2018-11-14 12:38:50 - [TEST_STEP][PASSED] - setText: Text 'Oath Instructions' is set on object 'Object Repository/Admin Console ePulse Menu/Account Settings/Oaths/Add_Edit Oath/Oath Instructions'

2018-11-14 12:38:50 - [MESSAGE][PASSED] - Text 'Oath Instructions' is set on object 'Object Repository/Admin Console ePulse Menu/Account Settings/Oaths/Add_Edit Oath/Oath Instructions'

2018-11-14 12:38:50 - [TEST_STEP][PASSED] - setText: Text 'Customize the oath displayed to voters' is set on object 'Object Repository/Admin Console ePulse Menu/Account Settings/Oaths/Add_Edit Oath/Customized Oath Text Area'

2018-11-14 12:38:50 - [MESSAGE][PASSED] - Text 'Customize the oath displayed to voters' is set on object 'Object Repository/Admin Console ePulse Menu/Account Settings/Oaths/Add_Edit Oath/Customized Oath Text Area'

2018-11-14 12:38:50 - [TEST_STEP][PASSED] - click: Object: 'Object Repository/Admin Console ePulse Menu/Account Settings/Oaths/Add_Edit Oath/Oath Type Dropdown' is clicked on

2018-11-14 12:38:51 - [MESSAGE][PASSED] - Object: 'Object Repository/Admin Console ePulse Menu/Account Settings/Oaths/Add_Edit Oath/Oath Type Dropdown' is clicked on

2018-11-14 12:38:51 - [TEST_STEP][PASSED] - click: Object: 'Object Repository/Admin Console ePulse Menu/Account Settings/Oaths/Add_Edit Oath/Allow Voter To Vote' is clicked on

2018-11-14 12:38:51 - [MESSAGE][PASSED] - Object: 'Object Repository/Admin Console ePulse Menu/Account Settings/Oaths/Add_Edit Oath/Allow Voter To Vote' is clicked on

2018-11-14 12:38:51 - [TEST_STEP][PASSED] - click: Object: 'Object Repository/Admin Console ePulse Menu/Account Settings/Oaths/Add_Edit Oath/Submit' is clicked on

2018-11-14 12:38:51 - [MESSAGE][PASSED] - Object: 'Object Repository/Admin Console ePulse Menu/Account Settings/Oaths/Add_Edit Oath/Submit' is clicked on

2018-11-14 12:38:51 - [TEST_STEP][PASSED] - delay: Delayed 1 second(s)

2018-11-14 12:38:52 - [MESSAGE][PASSED] - Delayed 1 second(s)

2018-11-14 12:38:52 - [TEST_STEP][PASSED] - click: Object: 'Object Repository/Admin Console ePulse Menu/Account Settings/Oaths/New Oath' is clicked on

2018-11-14 12:38:52 - [MESSAGE][PASSED] - Object: 'Object Repository/Admin Console ePulse Menu/Account Settings/Oaths/New Oath' is clicked on

2018-11-14 12:38:52 - [TEST_STEP][PASSED] - setText: Text 'Voter Check In Signing Page(Provisional' is set on object 'Object Repository/Admin Console ePulse Menu/Account Settings/Oaths/Add_Edit Oath/Oath Name'

2018-11-14 12:38:52 - [MESSAGE][PASSED] - Text 'Voter Check In Signing Page(Provisional' is set on object 'Object Repository/Admin Console ePulse Menu/Account Settings/Oaths/Add_Edit Oath/Oath Name'

2018-11-14 12:38:52 - [TEST_STEP][PASSED] - setText: Text 'Oath Instructions' is set on object 'Object Repository/Admin Console ePulse Menu/Account Settings/Oaths/Add_Edit Oath/Oath Instructions'

2018-11-14 12:38:52 - [MESSAGE][PASSED] - Text 'Oath Instructions' is set on object 'Object Repository/Admin Console ePulse Menu/Account Settings/Oaths/Add_Edit Oath/Oath Instructions'

2018-11-14 12:38:52 - [TEST_STEP][PASSED] - setText: Text 'Customize the oath displayed to voters' is set on object 'Object Repository/Admin Console ePulse Menu/Account Settings/Oaths/Add_Edit Oath/Customized Oath Text Area'

2018-11-14 12:38:52 - [MESSAGE][PASSED] - Text 'Customize the oath displayed to voters' is set on object 'Object Repository/Admin Console ePulse Menu/Account Settings/Oaths/Add_Edit Oath/Customized Oath Text Area'

2018-11-14 12:38:52 - [TEST_STEP][PASSED] - click: Object: 'Object Repository/Admin Console ePulse Menu/Account Settings/Oaths/Add_Edit Oath/Oath Type Dropdown' is clicked on

2018-11-14 12:38:52 - [MESSAGE][PASSED] - Object: 'Object Repository/Admin Console ePulse Menu/Account Settings/Oaths/Add_Edit Oath/Oath Type Dropdown' is clicked on

2018-11-14 12:38:52 - [TEST_STEP][PASSED] - click: Object: 'Object Repository/Admin Console ePulse Menu/Account Settings/Oaths/Add_Edit Oath/Voter Check In Signing Pa' is clicked on

2018-11-14 12:38:52 - [MESSAGE][PASSED] - Object: 'Object Repository/Admin Console ePulse Menu/Account Settings/Oaths/Add_Edit Oath/Voter Check In Signing Pa' is clicked on

2018-11-14 12:38:52 - [TEST_STEP][PASSED] - click: Object: 'Object Repository/Admin Console ePulse Menu/Account Settings/Oaths/Add_Edit Oath/Submit' is clicked on

2018-11-14 12:38:53 - [MESSAGE][PASSED] - Object: 'Object Repository/Admin Console ePulse Menu/Account Settings/Oaths/Add_Edit Oath/Submit' is clicked on

2018-11-14 12:38:53 - [TEST_STEP][PASSED] - delay: Delayed 1 second(s)

2018-11-14 12:38:54 - [MESSAGE][PASSED] - Delayed 1 second(s)

2018-11-14 12:38:54 - [TEST_STEP][PASSED] - click: Object: 'Object Repository/Admin Console ePulse Menu/Account Settings/Oaths/New Oath' is clicked on

2018-11-14 12:38:54 - [MESSAGE][PASSED] - Object: 'Object Repository/Admin Console ePulse Menu/Account Settings/Oaths/New Oath' is clicked on

2018-11-14 12:38:54 - [TEST_STEP][PASSED] - setText: Text 'Similar Name Affidavit' is set on object 'Object Repository/Admin Console ePulse Menu/Account Settings/Oaths/Add_Edit Oath/Oath Name'

2018-11-14 12:38:54 - [MESSAGE][PASSED] - Text 'Similar Name Affidavit' is set on object 'Object Repository/Admin Console ePulse Menu/Account Settings/Oaths/Add_Edit Oath/Oath Name'

2018-11-14 12:38:54 - [TEST_STEP][PASSED] - setText: Text 'Oath Instructions' is set on object 'Object Repository/Admin Console ePulse Menu/Account Settings/Oaths/Add_Edit Oath/Oath Instructions'

2018-11-14 12:38:54 - [MESSAGE][PASSED] - Text 'Oath Instructions' is set on object 'Object Repository/Admin Console ePulse Menu/Account Settings/Oaths/Add_Edit Oath/Oath Instructions'

2018-11-14 12:38:54 - [TEST_STEP][PASSED] - setText: Text 'Customize the oath displayed to voters' is set on object 'Object Repository/Admin Console ePulse Menu/Account Settings/Oaths/Add_Edit Oath/Customized Oath Text Area'

2018-11-14 12:38:54 - [MESSAGE][PASSED] - Text 'Customize the oath displayed to voters' is set on object 'Object Repository/Admin Console ePulse Menu/Account Settings/Oaths/Add_Edit Oath/Customized Oath Text Area'

2018-11-14 12:38:54 - [TEST_STEP][PASSED] - click: Object: 'Object Repository/Admin Console ePulse Menu/Account Settings/Oaths/Add_Edit Oath/Oath Type Dropdown' is clicked on

2018-11-14 12:38:54 - [MESSAGE][PASSED] - Object: 'Object Repository/Admin Console ePulse Menu/Account Settings/Oaths/Add_Edit Oath/Oath Type Dropdown' is clicked on

2018-11-14 12:38:54 - [TEST_STEP][PASSED] - click: Object: 'Object Repository/Admin Console ePulse Menu/Account Settings/Oaths/Add_Edit Oath/Similar Name Affidavit' is clicked on

2018-11-14 12:38:54 - [MESSAGE][PASSED] - Object: 'Object Repository/Admin Console ePulse Menu/Account Settings/Oaths/Add_Edit Oath/Similar Name Affidavit' is clicked on

2018-11-14 12:38:54 - [TEST_STEP][PASSED] - click: Object: 'Object Repository/Admin Console ePulse Menu/Account Settings/Oaths/Add_Edit Oath/Submit' is clicked on

2018-11-14 12:38:54 - [MESSAGE][PASSED] - Object: 'Object Repository/Admin Console ePulse Menu/Account Settings/Oaths/Add_Edit Oath/Submit' is clicked on

2018-11-14 12:38:54 - [TEST_STEP][PASSED] - delay: Delayed 1 second(s)

2018-11-14 12:38:55 - [MESSAGE][PASSED] - Delayed 1 second(s)

2018-11-14 12:38:55 - [TEST_STEP][PASSED] - click: Object: 'Object Repository/Admin Console ePulse Menu/Account Settings/Oaths/New Oath' is clicked on

2018-11-14 12:38:55 - [MESSAGE][PASSED] - Object: 'Object Repository/Admin Console ePulse Menu/Account Settings/Oaths/New Oath' is clicked on

2018-11-14 12:38:55 - [TEST_STEP][PASSED] - setText: Text 'Reasonable Impediment Declaration' is set on object 'Object Repository/Admin Console ePulse Menu/Account Settings/Oaths/Add_Edit Oath/Oath Name'

2018-11-14 12:38:56 - [MESSAGE][PASSED] - Text 'Reasonable Impediment Declaration' is set on object 'Object Repository/Admin Console ePulse Menu/Account Settings/Oaths/Add_Edit Oath/Oath Name'

2018-11-14 12:38:56 - [TEST_STEP][PASSED] - setText: Text 'Oath Instructions' is set on object 'Object Repository/Admin Console ePulse Menu/Account Settings/Oaths/Add_Edit Oath/Oath Instructions'

2018-11-14 12:38:56 - [MESSAGE][PASSED] - Text 'Oath Instructions' is set on object 'Object Repository/Admin Console ePulse Menu/Account Settings/Oaths/Add_Edit Oath/Oath Instructions'

2018-11-14 12:38:56 - [TEST_STEP][PASSED] - setText: Text 'Customize the oath displayed to voters' is set on object 'Object Repository/Admin Console ePulse Menu/Account Settings/Oaths/Add_Edit Oath/Customized Oath Text Area'

2018-11-14 12:38:56 - [MESSAGE][PASSED] - Text 'Customize the oath displayed to voters' is set on object 'Object Repository/Admin Console ePulse Menu/Account Settings/Oaths/Add_Edit Oath/Customized Oath Text Area'

2018-11-14 12:38:56 - [TEST_STEP][PASSED] - click: Object: 'Object Repository/Admin Console ePulse Menu/Account Settings/Oaths/Add_Edit Oath/Oath Type Dropdown' is clicked on

2018-11-14 12:38:56 - [MESSAGE][PASSED] - Object: 'Object Repository/Admin Console ePulse Menu/Account Settings/Oaths/Add_Edit Oath/Oath Type Dropdown' is clicked on

2018-11-14 12:38:56 - [TEST_STEP][PASSED] - click: Object: 'Object Repository/Admin Console ePulse Menu/Account Settings/Oaths/Add_Edit Oath/Reasonable Impediment Decla' is clicked on

2018-11-14 12:38:56 - [MESSAGE][PASSED] - Object: 'Object Repository/Admin Console ePulse Menu/Account Settings/Oaths/Add_Edit Oath/Reasonable Impediment Decla' is clicked on

2018-11-14 12:38:56 - [TEST_STEP][PASSED] - click: Object: 'Object Repository/Admin Console ePulse Menu/Account Settings/Oaths/Add_Edit Oath/Submit' is clicked on

2018-11-14 12:38:56 - [MESSAGE][PASSED] - Object: 'Object Repository/Admin Console ePulse Menu/Account Settings/Oaths/Add_Edit Oath/Submit' is clicked on]]></system-out>
         <system-err><![CDATA[]]></system-err>
      </testcase>
      <testcase name="Test Cases/Admin Console/Account Settings/Oaths/Oaths - Import" classname="Test Cases/Admin Console/Account Settings/Oaths/Oaths - Import" status="PASSED">
         <system-out><![CDATA[2018-11-14 12:38:56 - [TEST_CASE][PASSED] - Test Cases/Admin Console/Account Settings/Oaths/Oaths - Import: Test Cases/Admin Console/Account Settings/Oaths/Oaths - Import

2018-11-14 12:38:56 - [TEST_STEP][PASSED] - openBrowser: Browser is opened with url: ''

2018-11-14 12:38:56 - [MESSAGE][WARNING] - A browser is already opened. Closing browser and opening a new one

2018-11-14 12:38:58 - [MESSAGE][PASSED] - Browser is opened with url: ''

2018-11-14 12:38:58 - [TEST_STEP][PASSED] - navigateToUrl: Navigate to 'https://epulsedev2.com' successfully

2018-11-14 12:38:59 - [MESSAGE][PASSED] - Navigate to 'https://epulsedev2.com' successfully

2018-11-14 12:38:59 - [TEST_STEP][PASSED] - setText: Text 'alonzo.mack@knowink.com' is set on object 'Object Repository/Login/Email Address'

2018-11-14 12:38:59 - [MESSAGE][PASSED] - Text 'alonzo.mack@knowink.com' is set on object 'Object Repository/Login/Email Address'

2018-11-14 12:38:59 - [TEST_STEP][PASSED] - setEncryptedText: Text ****** has been set on object 'Object Repository/Login/Password'

2018-11-14 12:38:59 - [MESSAGE][PASSED] - Text ****** has been set on object 'Object Repository/Login/Password'

2018-11-14 12:38:59 - [TEST_STEP][PASSED] - click: Object: 'Object Repository/Login/Sign In' is clicked on

2018-11-14 12:39:00 - [MESSAGE][PASSED] - Object: 'Object Repository/Login/Sign In' is clicked on

2018-11-14 12:39:00 - [TEST_STEP][PASSED] - delay: Delayed 1 second(s)

2018-11-14 12:39:01 - [MESSAGE][PASSED] - Delayed 1 second(s)

2018-11-14 12:39:01 - [TEST_STEP][PASSED] - navigateToUrl: Navigate to 'https://am-automation-test.epulsedev2.com/imports/account_oath' successfully

2018-11-14 12:39:02 - [MESSAGE][PASSED] - Navigate to 'https://am-automation-test.epulsedev2.com/imports/account_oath' successfully

2018-11-14 12:39:02 - [TEST_STEP][PASSED] - delay: Delayed 1 second(s)

2018-11-14 12:39:03 - [MESSAGE][PASSED] - Delayed 1 second(s)

2018-11-14 12:39:03 - [TEST_STEP][PASSED] - setText: Text '/Users/alonzomack/Downloads/oaths.csv' is set on object 'Object Repository/Common ePulse Objects/Choose File'

2018-11-14 12:39:03 - [MESSAGE][PASSED] - Text '/Users/alonzomack/Downloads/oaths.csv' is set on object 'Object Repository/Common ePulse Objects/Choose File'

2018-11-14 12:39:03 - [TEST_STEP][PASSED] - delay: Delayed 1 second(s)

2018-11-14 12:39:04 - [MESSAGE][PASSED] - Delayed 1 second(s)

2018-11-14 12:39:04 - [TEST_STEP][NOT_RUN] - click: NOT_RUN: click

2018-11-14 12:39:04 - [MESSAGE][NOT_RUN] - NOT_RUN: click

2018-11-14 12:39:04 - [TEST_STEP][PASSED] - delay: Delayed 1 second(s)

2018-11-14 12:39:05 - [MESSAGE][PASSED] - Delayed 1 second(s)

2018-11-14 12:39:05 - [TEST_STEP][PASSED] - click: Object: 'Object Repository/Common ePulse Objects/Continue Button' is clicked on

2018-11-14 12:39:06 - [MESSAGE][PASSED] - Object: 'Object Repository/Common ePulse Objects/Continue Button' is clicked on

2018-11-14 12:39:06 - [TEST_STEP][PASSED] - delay: Delayed 1 second(s)

2018-11-14 12:39:07 - [MESSAGE][PASSED] - Delayed 1 second(s)

2018-11-14 12:39:07 - [TEST_STEP][PASSED] - click: Object: 'Object Repository/Common ePulse Objects/button_Done(working)' is clicked on

2018-11-14 12:39:10 - [MESSAGE][PASSED] - Object: 'Object Repository/Common ePulse Objects/button_Done(working)' is clicked on

2018-11-14 12:39:10 - [TEST_STEP][PASSED] - delay: Delayed 1 second(s)

2018-11-14 12:39:11 - [MESSAGE][PASSED] - Delayed 1 second(s)

2018-11-14 12:39:11 - [TEST_STEP][PASSED] - navigateToUrl: Navigate to 'https://am-automation-test.epulsedev2.com/account_oaths' successfully

2018-11-14 12:39:12 - [MESSAGE][PASSED] - Navigate to 'https://am-automation-test.epulsedev2.com/account_oaths' successfully

2018-11-14 12:39:12 - [TEST_STEP][PASSED] - delay: Delayed 1 second(s)

2018-11-14 12:39:13 - [MESSAGE][PASSED] - Delayed 1 second(s)

2018-11-14 12:39:13 - [TEST_STEP][PASSED] - closeBrowser: Browser is closed

2018-11-14 12:39:13 - [MESSAGE][PASSED] - Browser is closed]]></system-out>
         <system-err><![CDATA[]]></system-err>
      </testcase>
      <testcase name="Test Cases/Admin Console/Account Settings/Prompts/Prompts - Add" classname="Test Cases/Admin Console/Account Settings/Prompts/Prompts - Add" status="PASSED">
         <system-out><![CDATA[2018-11-14 12:39:13 - [TEST_CASE][PASSED] - Test Cases/Admin Console/Account Settings/Prompts/Prompts - Add: Test Cases/Admin Console/Account Settings/Prompts/Prompts - Add

2018-11-14 12:39:13 - [TEST_STEP][PASSED] - openBrowser: Browser is opened with url: ''

2018-11-14 12:39:14 - [MESSAGE][PASSED] - Browser is opened with url: ''

2018-11-14 12:39:14 - [TEST_STEP][PASSED] - navigateToUrl: Navigate to 'https://epulsedev2.com' successfully

2018-11-14 12:39:16 - [MESSAGE][PASSED] - Navigate to 'https://epulsedev2.com' successfully

2018-11-14 12:39:16 - [TEST_STEP][PASSED] - setText: Text 'alonzo.mack@knowink.com' is set on object 'Object Repository/Login/Email Address'

2018-11-14 12:39:16 - [MESSAGE][PASSED] - Text 'alonzo.mack@knowink.com' is set on object 'Object Repository/Login/Email Address'

2018-11-14 12:39:16 - [TEST_STEP][PASSED] - setEncryptedText: Text ****** has been set on object 'Object Repository/Login/Password'

2018-11-14 12:39:16 - [MESSAGE][PASSED] - Text ****** has been set on object 'Object Repository/Login/Password'

2018-11-14 12:39:16 - [TEST_STEP][PASSED] - click: Object: 'Object Repository/Login/Sign In' is clicked on

2018-11-14 12:39:17 - [MESSAGE][PASSED] - Object: 'Object Repository/Login/Sign In' is clicked on

2018-11-14 12:39:17 - [TEST_STEP][PASSED] - delay: Delayed 1 second(s)

2018-11-14 12:39:18 - [MESSAGE][PASSED] - Delayed 1 second(s)

2018-11-14 12:39:18 - [TEST_STEP][PASSED] - navigateToUrl: Navigate to 'https://am-Automation-test.epulsedev2.com/prompts' successfully

2018-11-14 12:39:19 - [MESSAGE][PASSED] - Navigate to 'https://am-Automation-test.epulsedev2.com/prompts' successfully

2018-11-14 12:39:19 - [TEST_STEP][PASSED] - delay: Delayed 1 second(s)

2018-11-14 12:39:20 - [MESSAGE][PASSED] - Delayed 1 second(s)

2018-11-14 12:39:20 - [TEST_STEP][PASSED] - click: Object: 'Object Repository/Admin Console ePulse Menu/Account Settings/Prompts/Create_New_Prompt_Button' is clicked on

2018-11-14 12:39:20 - [MESSAGE][PASSED] - Object: 'Object Repository/Admin Console ePulse Menu/Account Settings/Prompts/Create_New_Prompt_Button' is clicked on

2018-11-14 12:39:20 - [TEST_STEP][PASSED] - setText: Text 'Test Prompt' is set on object 'Object Repository/Admin Console ePulse Menu/Account Settings/Prompts/Add_Edit Prompt Modal/Name'

2018-11-14 12:39:20 - [MESSAGE][PASSED] - Text 'Test Prompt' is set on object 'Object Repository/Admin Console ePulse Menu/Account Settings/Prompts/Add_Edit Prompt Modal/Name'

2018-11-14 12:39:20 - [TEST_STEP][PASSED] - setText: Text 'Prompt' is set on object 'Object Repository/Admin Console ePulse Menu/Account Settings/Prompts/Add_Edit Prompt Modal/Heading'

2018-11-14 12:39:21 - [MESSAGE][PASSED] - Text 'Prompt' is set on object 'Object Repository/Admin Console ePulse Menu/Account Settings/Prompts/Add_Edit Prompt Modal/Heading'

2018-11-14 12:39:21 - [TEST_STEP][PASSED] - selectOptionByValue: All options with value '0' are selected in object 'Object Repository/Admin Console ePulse Menu/Account Settings/Prompts/Add_Edit Prompt Modal/Select Color'  using regular expression

2018-11-14 12:39:21 - [MESSAGE][PASSED] - All options with value '0' are selected in object 'Object Repository/Admin Console ePulse Menu/Account Settings/Prompts/Add_Edit Prompt Modal/Select Color'  using regular expression

2018-11-14 12:39:21 - [TEST_STEP][PASSED] - setText: Text '1' is set on object 'Object Repository/Admin Console ePulse Menu/Account Settings/Prompts/Add_Edit Prompt Modal/Order'

2018-11-14 12:39:21 - [MESSAGE][PASSED] - Text '1' is set on object 'Object Repository/Admin Console ePulse Menu/Account Settings/Prompts/Add_Edit Prompt Modal/Order'

2018-11-14 12:39:21 - [TEST_STEP][PASSED] - setText: Text 'Prompt' is set on object 'Object Repository/Admin Console ePulse Menu/Account Settings/Prompts/Add_Edit Prompt Modal/Field Label'

2018-11-14 12:39:21 - [MESSAGE][PASSED] - Text 'Prompt' is set on object 'Object Repository/Admin Console ePulse Menu/Account Settings/Prompts/Add_Edit Prompt Modal/Field Label'

2018-11-14 12:39:21 - [TEST_STEP][PASSED] - setText: Text 'Prompt' is set on object 'Object Repository/Admin Console ePulse Menu/Account Settings/Prompts/Add_Edit Prompt Modal/Field Name'

2018-11-14 12:39:21 - [MESSAGE][PASSED] - Text 'Prompt' is set on object 'Object Repository/Admin Console ePulse Menu/Account Settings/Prompts/Add_Edit Prompt Modal/Field Name'

2018-11-14 12:39:21 - [TEST_STEP][PASSED] - click: Object: 'Object Repository/Admin Console ePulse Menu/Account Settings/Prompts/Add_Edit Prompt Modal/Show Voter Info_slider' is clicked on

2018-11-14 12:39:21 - [MESSAGE][PASSED] - Object: 'Object Repository/Admin Console ePulse Menu/Account Settings/Prompts/Add_Edit Prompt Modal/Show Voter Info_slider' is clicked on

2018-11-14 12:39:21 - [TEST_STEP][PASSED] - click: Object: 'Object Repository/Admin Console ePulse Menu/Account Settings/Prompts/Add_Edit Prompt Modal/Show DOB Field_slider' is clicked on

2018-11-14 12:39:21 - [MESSAGE][PASSED] - Object: 'Object Repository/Admin Console ePulse Menu/Account Settings/Prompts/Add_Edit Prompt Modal/Show DOB Field_slider' is clicked on

2018-11-14 12:39:21 - [TEST_STEP][PASSED] - setText: Text 'Test Prompt' is set on object 'Object Repository/Admin Console ePulse Menu/Account Settings/Prompts/Add_Edit Prompt Modal/Instructions textarea '

2018-11-14 12:39:21 - [MESSAGE][PASSED] - Text 'Test Prompt' is set on object 'Object Repository/Admin Console ePulse Menu/Account Settings/Prompts/Add_Edit Prompt Modal/Instructions textarea '

2018-11-14 12:39:21 - [TEST_STEP][PASSED] - click: Object: 'Object Repository/Admin Console ePulse Menu/Account Settings/Prompts/Add_Edit Prompt Modal/Submit' is clicked on

2018-11-14 12:39:21 - [MESSAGE][PASSED] - Object: 'Object Repository/Admin Console ePulse Menu/Account Settings/Prompts/Add_Edit Prompt Modal/Submit' is clicked on

2018-11-14 12:39:21 - [TEST_STEP][PASSED] - delay: Delayed 2 second(s)

2018-11-14 12:39:23 - [MESSAGE][PASSED] - Delayed 2 second(s)

2018-11-14 12:39:23 - [TEST_STEP][PASSED] - closeBrowser: Browser is closed

2018-11-14 12:39:24 - [MESSAGE][PASSED] - Browser is closed]]></system-out>
         <system-err><![CDATA[]]></system-err>
      </testcase>
      <testcase name="Test Cases/Admin Console/Account Settings/Prompts/Prompts - Import" classname="Test Cases/Admin Console/Account Settings/Prompts/Prompts - Import" status="PASSED">
         <system-out><![CDATA[2018-11-14 12:39:24 - [TEST_CASE][PASSED] - Test Cases/Admin Console/Account Settings/Prompts/Prompts - Import: Test Cases/Admin Console/Account Settings/Prompts/Prompts - Import

2018-11-14 12:39:24 - [TEST_STEP][PASSED] - openBrowser: Browser is opened with url: ''

2018-11-14 12:39:25 - [MESSAGE][PASSED] - Browser is opened with url: ''

2018-11-14 12:39:25 - [TEST_STEP][PASSED] - navigateToUrl: Navigate to 'https://epulsedev2.com' successfully

2018-11-14 12:39:26 - [MESSAGE][PASSED] - Navigate to 'https://epulsedev2.com' successfully

2018-11-14 12:39:26 - [TEST_STEP][PASSED] - setText: Text 'alonzo.mack@knowink.com' is set on object 'Object Repository/Login/Email Address'

2018-11-14 12:39:26 - [MESSAGE][PASSED] - Text 'alonzo.mack@knowink.com' is set on object 'Object Repository/Login/Email Address'

2018-11-14 12:39:26 - [TEST_STEP][PASSED] - setEncryptedText: Text ****** has been set on object 'Object Repository/Login/Password'

2018-11-14 12:39:26 - [MESSAGE][PASSED] - Text ****** has been set on object 'Object Repository/Login/Password'

2018-11-14 12:39:26 - [TEST_STEP][PASSED] - click: Object: 'Object Repository/Login/Sign In' is clicked on

2018-11-14 12:39:27 - [MESSAGE][PASSED] - Object: 'Object Repository/Login/Sign In' is clicked on

2018-11-14 12:39:27 - [TEST_STEP][PASSED] - delay: Delayed 1 second(s)

2018-11-14 12:39:28 - [MESSAGE][PASSED] - Delayed 1 second(s)

2018-11-14 12:39:28 - [TEST_STEP][PASSED] - navigateToUrl: Navigate to 'https://am-Automation-test.epulsedev2.com/imports/prompts' successfully

2018-11-14 12:39:29 - [MESSAGE][PASSED] - Navigate to 'https://am-Automation-test.epulsedev2.com/imports/prompts' successfully

2018-11-14 12:39:29 - [TEST_STEP][PASSED] - setText: Text '/Users/alonzomack/Downloads/prompts-3.txt' is set on object 'Object Repository/Admin Console ePulse Menu/Account Settings/Prompts/Import Prompts Buttons/Choose File'

2018-11-14 12:39:29 - [MESSAGE][PASSED] - Text '/Users/alonzomack/Downloads/prompts-3.txt' is set on object 'Object Repository/Admin Console ePulse Menu/Account Settings/Prompts/Import Prompts Buttons/Choose File'

2018-11-14 12:39:29 - [TEST_STEP][PASSED] - click: Object: 'Object Repository/Admin Console ePulse Menu/Account Settings/Prompts/Import Prompts Buttons/Continue Button' is clicked on

2018-11-14 12:39:30 - [MESSAGE][PASSED] - Object: 'Object Repository/Admin Console ePulse Menu/Account Settings/Prompts/Import Prompts Buttons/Continue Button' is clicked on

2018-11-14 12:39:30 - [TEST_STEP][PASSED] - delay: Delayed 1 second(s)

2018-11-14 12:39:31 - [MESSAGE][PASSED] - Delayed 1 second(s)

2018-11-14 12:39:31 - [TEST_STEP][PASSED] - click: Object: 'Object Repository/Admin Console ePulse Menu/Account Settings/Prompts/Import Prompts Buttons/button_Done(working)' is clicked on

2018-11-14 12:39:36 - [MESSAGE][PASSED] - Object: 'Object Repository/Admin Console ePulse Menu/Account Settings/Prompts/Import Prompts Buttons/button_Done(working)' is clicked on]]></system-out>
         <system-err><![CDATA[]]></system-err>
      </testcase>
      <testcase name="Test Cases/Admin Console/Account Settings/Poll Pad Setup/Poll Pad Setup - Demo DB" classname="Test Cases/Admin Console/Account Settings/Poll Pad Setup/Poll Pad Setup - Demo DB" status="PASSED">
         <system-out><![CDATA[2018-11-14 12:39:36 - [TEST_CASE][PASSED] - Test Cases/Admin Console/Account Settings/Poll Pad Setup/Poll Pad Setup - Demo DB: Test Cases/Admin Console/Account Settings/Poll Pad Setup/Poll Pad Setup - Demo DB

2018-11-14 12:39:36 - [TEST_STEP][PASSED] - openBrowser: Browser is opened with url: ''

2018-11-14 12:39:36 - [MESSAGE][WARNING] - A browser is already opened. Closing browser and opening a new one

2018-11-14 12:39:37 - [MESSAGE][PASSED] - Browser is opened with url: ''

2018-11-14 12:39:37 - [TEST_STEP][PASSED] - navigateToUrl: Navigate to 'https://epulsedev2.com' successfully

2018-11-14 12:39:38 - [MESSAGE][PASSED] - Navigate to 'https://epulsedev2.com' successfully

2018-11-14 12:39:38 - [TEST_STEP][PASSED] - setText: Text 'alonzo.mack@knowink.com' is set on object 'Object Repository/Login/Email Address'

2018-11-14 12:39:39 - [MESSAGE][PASSED] - Text 'alonzo.mack@knowink.com' is set on object 'Object Repository/Login/Email Address'

2018-11-14 12:39:39 - [TEST_STEP][PASSED] - setEncryptedText: Text ****** has been set on object 'Object Repository/Login/Password'

2018-11-14 12:39:39 - [MESSAGE][PASSED] - Text ****** has been set on object 'Object Repository/Login/Password'

2018-11-14 12:39:39 - [TEST_STEP][PASSED] - click: Object: 'Object Repository/Login/Sign In' is clicked on

2018-11-14 12:39:40 - [MESSAGE][PASSED] - Object: 'Object Repository/Login/Sign In' is clicked on

2018-11-14 12:39:40 - [TEST_STEP][PASSED] - delay: Delayed 1 second(s)

2018-11-14 12:39:41 - [MESSAGE][PASSED] - Delayed 1 second(s)

2018-11-14 12:39:41 - [TEST_STEP][PASSED] - navigateToUrl: Navigate to 'https://am-automation-test.epulsedev2.com/account_settings/poll_pad' successfully

2018-11-14 12:39:42 - [MESSAGE][PASSED] - Navigate to 'https://am-automation-test.epulsedev2.com/account_settings/poll_pad' successfully

2018-11-14 12:39:42 - [TEST_STEP][PASSED] - click: Object: 'Object Repository/Admin Console ePulse Menu/Account Settings/Poll Pad Setup/Demo Db' is clicked on

2018-11-14 12:39:42 - [MESSAGE][PASSED] - Object: 'Object Repository/Admin Console ePulse Menu/Account Settings/Poll Pad Setup/Demo Db' is clicked on

2018-11-14 12:39:42 - [TEST_STEP][PASSED] - delay: Delayed 1 second(s)

2018-11-14 12:39:43 - [MESSAGE][PASSED] - Delayed 1 second(s)

2018-11-14 12:39:43 - [TEST_STEP][PASSED] - setText: Text 'Demo DB' is set on object 'Object Repository/Admin Console ePulse Menu/Account Settings/Poll Pad Setup/DEMO DB/Demo DB Name'

2018-11-14 12:39:43 - [MESSAGE][PASSED] - Text 'Demo DB' is set on object 'Object Repository/Admin Console ePulse Menu/Account Settings/Poll Pad Setup/DEMO DB/Demo DB Name'

2018-11-14 12:39:43 - [TEST_STEP][PASSED] - delay: Delayed 1 second(s)

2018-11-14 12:39:44 - [MESSAGE][PASSED] - Delayed 1 second(s)

2018-11-14 12:39:44 - [TEST_STEP][NOT_RUN] - selectOptionByValue: NOT_RUN: selectOptionByValue

2018-11-14 12:39:44 - [MESSAGE][NOT_RUN] - NOT_RUN: selectOptionByValue

2018-11-14 12:39:44 - [TEST_STEP][NOT_RUN] - selectOptionByIndex: NOT_RUN: selectOptionByIndex

2018-11-14 12:39:44 - [MESSAGE][NOT_RUN] - NOT_RUN: selectOptionByIndex

2018-11-14 12:39:44 - [TEST_STEP][PASSED] - click: Object: 'Object Repository/Admin Console ePulse Menu/Account Settings/Poll Pad Setup/DEMO DB/Create Demo DB button' is clicked on

2018-11-14 12:39:46 - [MESSAGE][PASSED] - Object: 'Object Repository/Admin Console ePulse Menu/Account Settings/Poll Pad Setup/DEMO DB/Create Demo DB button' is clicked on

2018-11-14 12:39:46 - [TEST_STEP][PASSED] - verifyTextPresent: Text 'Demo DB   processing...' is present on page  using regular expression

2018-11-14 12:39:46 - [MESSAGE][PASSED] - Text 'Demo DB   processing...' is present on page  using regular expression

2018-11-14 12:39:46 - [TEST_STEP][PASSED] - delay: Delayed 120 second(s)

2018-11-14 12:41:46 - [MESSAGE][PASSED] - Delayed 120 second(s)

2018-11-14 12:41:46 - [TEST_STEP][PASSED] - refresh: Refresh successfully

2018-11-14 12:41:48 - [MESSAGE][PASSED] - Refresh successfully

2018-11-14 12:41:48 - [TEST_STEP][PASSED] - verifyTextPresent: Text 'Demo DB   created on:' is present on page  using regular expression

2018-11-14 12:41:48 - [MESSAGE][PASSED] - Text 'Demo DB   created on:' is present on page  using regular expression

2018-11-14 12:41:48 - [TEST_STEP][PASSED] - delay: Delayed 1 second(s)

2018-11-14 12:41:49 - [MESSAGE][PASSED] - Delayed 1 second(s)

2018-11-14 12:41:49 - [TEST_STEP][PASSED] - closeBrowser: Browser is closed

2018-11-14 12:41:49 - [MESSAGE][PASSED] - Browser is closed]]></system-out>
         <system-err><![CDATA[]]></system-err>
      </testcase>
      <testcase name="Test Cases/Admin Console/Account Settings/Poll Pad Setup/Poll Pad Setup - ISYNC" classname="Test Cases/Admin Console/Account Settings/Poll Pad Setup/Poll Pad Setup - ISYNC" status="PASSED">
         <system-out><![CDATA[2018-11-14 12:41:49 - [TEST_CASE][PASSED] - Test Cases/Admin Console/Account Settings/Poll Pad Setup/Poll Pad Setup - ISYNC: Test Cases/Admin Console/Account Settings/Poll Pad Setup/Poll Pad Setup - ISYNC

2018-11-14 12:41:49 - [TEST_STEP][PASSED] - openBrowser: Browser is opened with url: ''

2018-11-14 12:41:50 - [MESSAGE][PASSED] - Browser is opened with url: ''

2018-11-14 12:41:50 - [TEST_STEP][PASSED] - navigateToUrl: Navigate to 'https://epulsedev2.com' successfully

2018-11-14 12:41:53 - [MESSAGE][PASSED] - Navigate to 'https://epulsedev2.com' successfully

2018-11-14 12:41:53 - [TEST_STEP][PASSED] - setText: Text 'alonzo.mack@knowink.com' is set on object 'Object Repository/Login/Email Address'

2018-11-14 12:41:53 - [MESSAGE][PASSED] - Text 'alonzo.mack@knowink.com' is set on object 'Object Repository/Login/Email Address'

2018-11-14 12:41:53 - [TEST_STEP][PASSED] - setEncryptedText: Text ****** has been set on object 'Object Repository/Login/Password'

2018-11-14 12:41:53 - [MESSAGE][PASSED] - Text ****** has been set on object 'Object Repository/Login/Password'

2018-11-14 12:41:53 - [TEST_STEP][PASSED] - click: Object: 'Object Repository/Login/Sign In' is clicked on

2018-11-14 12:41:54 - [MESSAGE][PASSED] - Object: 'Object Repository/Login/Sign In' is clicked on

2018-11-14 12:41:54 - [TEST_STEP][PASSED] - delay: Delayed 1 second(s)

2018-11-14 12:41:55 - [MESSAGE][PASSED] - Delayed 1 second(s)

2018-11-14 12:41:55 - [TEST_STEP][PASSED] - navigateToUrl: Navigate to 'https://am-automation-test.epulsedev2.com/account_settings/poll_pad' successfully

2018-11-14 12:41:56 - [MESSAGE][PASSED] - Navigate to 'https://am-automation-test.epulsedev2.com/account_settings/poll_pad' successfully

2018-11-14 12:41:56 - [TEST_STEP][PASSED] - click: Object: 'Object Repository/Admin Console ePulse Menu/Account Settings/Poll Pad Setup/Isync' is clicked on

2018-11-14 12:41:56 - [MESSAGE][PASSED] - Object: 'Object Repository/Admin Console ePulse Menu/Account Settings/Poll Pad Setup/Isync' is clicked on

2018-11-14 12:41:56 - [TEST_STEP][PASSED] - click: Object: 'Object Repository/Admin Console ePulse Menu/Account Settings/Poll Pad Setup/ISYNC/Generate New button' is clicked on

2018-11-14 12:41:56 - [MESSAGE][PASSED] - Object: 'Object Repository/Admin Console ePulse Menu/Account Settings/Poll Pad Setup/ISYNC/Generate New button' is clicked on

2018-11-14 12:41:56 - [TEST_STEP][PASSED] - delay: Delayed 10 second(s)

2018-11-14 12:42:06 - [MESSAGE][PASSED] - Delayed 10 second(s)

2018-11-14 12:42:06 - [TEST_STEP][PASSED] - click: Object: 'Object Repository/Admin Console ePulse Menu/Account Settings/Poll Pad Setup/ISYNC/DOWNLOAD' is clicked on

2018-11-14 12:42:07 - [MESSAGE][PASSED] - Object: 'Object Repository/Admin Console ePulse Menu/Account Settings/Poll Pad Setup/ISYNC/DOWNLOAD' is clicked on

2018-11-14 12:42:07 - [TEST_STEP][PASSED] - delay: Delayed 2 second(s)

2018-11-14 12:42:09 - [MESSAGE][PASSED] - Delayed 2 second(s)

2018-11-14 12:42:09 - [TEST_STEP][PASSED] - click: Object: 'Object Repository/Admin Console ePulse Menu/Account Settings/Poll Pad Setup/ISYNC/Delete Selected Download' is clicked on

2018-11-14 12:42:09 - [MESSAGE][PASSED] - Object: 'Object Repository/Admin Console ePulse Menu/Account Settings/Poll Pad Setup/ISYNC/Delete Selected Download' is clicked on

2018-11-14 12:42:09 - [TEST_STEP][PASSED] - acceptAlert: Alert accepted

2018-11-14 12:42:09 - [MESSAGE][PASSED] - Alert accepted

2018-11-14 12:42:09 - [TEST_STEP][PASSED] - delay: Delayed 1 second(s)

2018-11-14 12:42:10 - [MESSAGE][PASSED] - Delayed 1 second(s)

2018-11-14 12:42:10 - [TEST_STEP][PASSED] - closeBrowser: Browser is closed

2018-11-14 12:42:10 - [MESSAGE][PASSED] - Browser is closed]]></system-out>
         <system-err><![CDATA[]]></system-err>
      </testcase>
      <system-out><![CDATA[2018-11-14 12:33:45 - [TEST_SUITE][FAILED] - Smoke Test(US): Test Cases/SuperAdminConsole/Poll Pads/PollPad - Add FAILED because (of) (Stack trace: com.kms.katalon.core.exception.StepFailedException: Verify element text of test object 'Object Repository/SuperAdminConsole/Poll Pads/Test PollPad' FAILED. (Root cause: Actual text '' and expected text 'Test PollPad' of test object 'Object Repository/SuperAdminConsole/Poll Pads/Test PollPad' are NOT matched.)
	at com.kms.katalon.core.keyword.internal.KeywordMain.stepFailed(KeywordMain.groovy:36)
	at com.kms.katalon.core.webui.keyword.internal.WebUIKeywordMain.stepFailed(WebUIKeywordMain.groovy:65)
	at com.kms.katalon.core.webui.keyword.internal.WebUIKeywordMain.runKeyword(WebUIKeywordMain.groovy:27)
	at com.kms.katalon.core.webui.keyword.builtin.VerifyElementTextKeyword.verifyElementText(VerifyElementTextKeyword.groovy:72)
	at com.kms.katalon.core.webui.keyword.builtin.VerifyElementTextKeyword.execute(VerifyElementTextKeyword.groovy:40)
	at com.kms.katalon.core.keyword.internal.KeywordExecutor.executeKeywordForPlatform(KeywordExecutor.groovy:53)
	at com.kms.katalon.core.webui.keyword.WebUiBuiltInKeywords.verifyElementText(WebUiBuiltInKeywords.groovy:3663)
	at com.kms.katalon.core.webui.keyword.WebUiBuiltInKeywords$verifyElementText$11.call(Unknown Source)
	at org.codehaus.groovy.runtime.callsite.CallSiteArray.defaultCall(CallSiteArray.java:48)
	at org.codehaus.groovy.runtime.callsite.AbstractCallSite.call(AbstractCallSite.java:113)
	at org.codehaus.groovy.runtime.callsite.AbstractCallSite.call(AbstractCallSite.java:133)
	at Script1540594161112.run(Script1540594161112.groovy:73)
	at com.kms.katalon.core.main.ScriptEngine.run(ScriptEngine.java:183)
	at com.kms.katalon.core.main.ScriptEngine.runScriptAsRawText(ScriptEngine.java:108)
	at com.kms.katalon.core.main.TestCaseExecutor.runScript(TestCaseExecutor.java:294)
	at com.kms.katalon.core.main.TestCaseExecutor.doExecute(TestCaseExecutor.java:285)
	at com.kms.katalon.core.main.TestCaseExecutor.processExecutionPhase(TestCaseExecutor.java:264)
	at com.kms.katalon.core.main.TestCaseExecutor.accessMainPhase(TestCaseExecutor.java:256)
	at com.kms.katalon.core.main.TestCaseExecutor.execute(TestCaseExecutor.java:200)
	at com.kms.katalon.core.main.TestSuiteExecutor.accessTestCaseMainPhase(TestSuiteExecutor.java:129)
	at com.kms.katalon.core.main.TestSuiteExecutor.accessTestSuiteMainPhase(TestSuiteExecutor.java:112)
	at com.kms.katalon.core.main.TestSuiteExecutor.execute(TestSuiteExecutor.java:81)
	at com.kms.katalon.core.main.TestCaseMain.startTestSuite(TestCaseMain.java:142)
	at com.kms.katalon.core.main.TestCaseMain$startTestSuite$0.call(Unknown Source)
	at org.codehaus.groovy.runtime.callsite.CallSiteArray.defaultCall(CallSiteArray.java:48)
	at org.codehaus.groovy.runtime.callsite.AbstractCallSite.call(AbstractCallSite.java:113)
	at org.codehaus.groovy.runtime.callsite.AbstractCallSite.call(AbstractCallSite.java:141)
	at TempTestSuite1542220424261.run(TempTestSuite1542220424261.groovy:36)
	at groovy.lang.GroovyShell.runScriptOrMainOrTestOrRunnable(GroovyShell.java:263)
	at groovy.lang.GroovyShell.run(GroovyShell.java:518)
	at groovy.lang.GroovyShell.run(GroovyShell.java:507)
	at groovy.ui.GroovyMain.processOnce(GroovyMain.java:653)
	at groovy.ui.GroovyMain.run(GroovyMain.java:384)
	at groovy.ui.GroovyMain.process(GroovyMain.java:370)
	at groovy.ui.GroovyMain.processArgs(GroovyMain.java:129)
	at groovy.ui.GroovyMain.main(GroovyMain.java:109)
	at sun.reflect.NativeMethodAccessorImpl.invoke0(Native Method)
	at sun.reflect.NativeMethodAccessorImpl.invoke(NativeMethodAccessorImpl.java:62)
	at sun.reflect.DelegatingMethodAccessorImpl.invoke(DelegatingMethodAccessorImpl.java:43)
	at java.lang.reflect.Method.invoke(Method.java:498)
	at org.codehaus.groovy.tools.GroovyStarter.rootLoader(GroovyStarter.java:109)
	at org.codehaus.groovy.tools.GroovyStarter.main(GroovyStarter.java:131)
)]]></system-out>
      <system-err><![CDATA[2018-11-14 12:33:45 - [TEST_SUITE][FAILED] - Smoke Test(US): Test Cases/SuperAdminConsole/Poll Pads/PollPad - Add FAILED because (of) (Stack trace: com.kms.katalon.core.exception.StepFailedException: Verify element text of test object 'Object Repository/SuperAdminConsole/Poll Pads/Test PollPad' FAILED. (Root cause: Actual text '' and expected text 'Test PollPad' of test object 'Object Repository/SuperAdminConsole/Poll Pads/Test PollPad' are NOT matched.)
	at com.kms.katalon.core.keyword.internal.KeywordMain.stepFailed(KeywordMain.groovy:36)
	at com.kms.katalon.core.webui.keyword.internal.WebUIKeywordMain.stepFailed(WebUIKeywordMain.groovy:65)
	at com.kms.katalon.core.webui.keyword.internal.WebUIKeywordMain.runKeyword(WebUIKeywordMain.groovy:27)
	at com.kms.katalon.core.webui.keyword.builtin.VerifyElementTextKeyword.verifyElementText(VerifyElementTextKeyword.groovy:72)
	at com.kms.katalon.core.webui.keyword.builtin.VerifyElementTextKeyword.execute(VerifyElementTextKeyword.groovy:40)
	at com.kms.katalon.core.keyword.internal.KeywordExecutor.executeKeywordForPlatform(KeywordExecutor.groovy:53)
	at com.kms.katalon.core.webui.keyword.WebUiBuiltInKeywords.verifyElementText(WebUiBuiltInKeywords.groovy:3663)
	at com.kms.katalon.core.webui.keyword.WebUiBuiltInKeywords$verifyElementText$11.call(Unknown Source)
	at org.codehaus.groovy.runtime.callsite.CallSiteArray.defaultCall(CallSiteArray.java:48)
	at org.codehaus.groovy.runtime.callsite.AbstractCallSite.call(AbstractCallSite.java:113)
	at org.codehaus.groovy.runtime.callsite.AbstractCallSite.call(AbstractCallSite.java:133)
	at Script1540594161112.run(Script1540594161112.groovy:73)
	at com.kms.katalon.core.main.ScriptEngine.run(ScriptEngine.java:183)
	at com.kms.katalon.core.main.ScriptEngine.runScriptAsRawText(ScriptEngine.java:108)
	at com.kms.katalon.core.main.TestCaseExecutor.runScript(TestCaseExecutor.java:294)
	at com.kms.katalon.core.main.TestCaseExecutor.doExecute(TestCaseExecutor.java:285)
	at com.kms.katalon.core.main.TestCaseExecutor.processExecutionPhase(TestCaseExecutor.java:264)
	at com.kms.katalon.core.main.TestCaseExecutor.accessMainPhase(TestCaseExecutor.java:256)
	at com.kms.katalon.core.main.TestCaseExecutor.execute(TestCaseExecutor.java:200)
	at com.kms.katalon.core.main.TestSuiteExecutor.accessTestCaseMainPhase(TestSuiteExecutor.java:129)
	at com.kms.katalon.core.main.TestSuiteExecutor.accessTestSuiteMainPhase(TestSuiteExecutor.java:112)
	at com.kms.katalon.core.main.TestSuiteExecutor.execute(TestSuiteExecutor.java:81)
	at com.kms.katalon.core.main.TestCaseMain.startTestSuite(TestCaseMain.java:142)
	at com.kms.katalon.core.main.TestCaseMain$startTestSuite$0.call(Unknown Source)
	at org.codehaus.groovy.runtime.callsite.CallSiteArray.defaultCall(CallSiteArray.java:48)
	at org.codehaus.groovy.runtime.callsite.AbstractCallSite.call(AbstractCallSite.java:113)
	at org.codehaus.groovy.runtime.callsite.AbstractCallSite.call(AbstractCallSite.java:141)
	at TempTestSuite1542220424261.run(TempTestSuite1542220424261.groovy:36)
	at groovy.lang.GroovyShell.runScriptOrMainOrTestOrRunnable(GroovyShell.java:263)
	at groovy.lang.GroovyShell.run(GroovyShell.java:518)
	at groovy.lang.GroovyShell.run(GroovyShell.java:507)
	at groovy.ui.GroovyMain.processOnce(GroovyMain.java:653)
	at groovy.ui.GroovyMain.run(GroovyMain.java:384)
	at groovy.ui.GroovyMain.process(GroovyMain.java:370)
	at groovy.ui.GroovyMain.processArgs(GroovyMain.java:129)
	at groovy.ui.GroovyMain.main(GroovyMain.java:109)
	at sun.reflect.NativeMethodAccessorImpl.invoke0(Native Method)
	at sun.reflect.NativeMethodAccessorImpl.invoke(NativeMethodAccessorImpl.java:62)
	at sun.reflect.DelegatingMethodAccessorImpl.invoke(DelegatingMethodAccessorImpl.java:43)
	at java.lang.reflect.Method.invoke(Method.java:498)
	at org.codehaus.groovy.tools.GroovyStarter.rootLoader(GroovyStarter.java:109)
	at org.codehaus.groovy.tools.GroovyStarter.main(GroovyStarter.java:131)
)]]></system-err>
   </testsuite>
</testsuites>
